<?xml version="1.0" encoding="UTF-8"?>
<testsuite xmlns:xsi="http://www.w3.org/2001/XMLSchema-instance" xsi:noNamespaceSchemaLocation="https://maven.apache.org/surefire/maven-surefire-plugin/xsd/surefire-test-report-3.0.xsd" version="3.0" name="ru.diasoft.micro.repository.SmsVerificationRepositoryTest" time="221.341" tests="2" errors="0" skipped="0" failures="0">
  <properties>
    <property name="sun.desktop" value="gnome"/>
    <property name="awt.toolkit" value="sun.awt.X11.XToolkit"/>
    <property name="git.tags" value=""/>
    <property name="file.encoding.pkg" value="sun.io"/>
    <property name="java.specification.version" value="1.8"/>
    <property name="sun.cpu.isalist" value=""/>
    <property name="git.build.version" value="1.00.01-SNAPSHOT"/>
    <property name="sun.jnu.encoding" value="UTF-8"/>
    <property name="java.class.path" value="/home/marley/projects/dev/diasoft/diasoft-microservices-spring-basics/apps/app13/demo/service/target/test-classes:/home/marley/projects/dev/diasoft/diasoft-microservices-spring-basics/apps/app13/demo/service/target/classes:/home/marley/.m2/repository/org/springframework/boot/spring-boot-starter/2.5.4/spring-boot-starter-2.5.4.jar:/home/marley/.m2/repository/org/springframework/boot/spring-boot/2.5.4/spring-boot-2.5.4.jar:/home/marley/.m2/repository/org/springframework/spring-context/5.3.9/spring-context-5.3.9.jar:/home/marley/.m2/repository/org/springframework/boot/spring-boot-autoconfigure/2.5.4/spring-boot-autoconfigure-2.5.4.jar:/home/marley/.m2/repository/jakarta/annotation/jakarta.annotation-api/1.3.5/jakarta.annotation-api-1.3.5.jar:/home/marley/.m2/repository/org/springframework/spring-core/5.3.9/spring-core-5.3.9.jar:/home/marley/.m2/repository/org/springframework/spring-jcl/5.3.9/spring-jcl-5.3.9.jar:/home/marley/.m2/repository/org/yaml/snakeyaml/1.28/snakeyaml-1.28.jar:/home/marley/.m2/repository/ru/diasoft/micro/core-starter/2.05.01-22060801/core-starter-2.05.01-22060801.jar:/home/marley/.m2/repository/org/springframework/boot/spring-boot-starter-json/2.5.4/spring-boot-starter-json-2.5.4.jar:/home/marley/.m2/repository/com/fasterxml/jackson/datatype/jackson-datatype-jdk8/2.12.4/jackson-datatype-jdk8-2.12.4.jar:/home/marley/.m2/repository/com/fasterxml/jackson/datatype/jackson-datatype-jsr310/2.12.4/jackson-datatype-jsr310-2.12.4.jar:/home/marley/.m2/repository/com/fasterxml/jackson/module/jackson-module-parameter-names/2.12.4/jackson-module-parameter-names-2.12.4.jar:/home/marley/.m2/repository/org/springframework/cloud/spring-cloud-starter-oauth2/2.2.2.RELEASE/spring-cloud-starter-oauth2-2.2.2.RELEASE.jar:/home/marley/.m2/repository/org/springframework/cloud/spring-cloud-starter-security/2.2.2.RELEASE/spring-cloud-starter-security-2.2.2.RELEASE.jar:/home/marley/.m2/repository/org/springframework/cloud/spring-cloud-security/2.2.2.RELEASE/spring-cloud-security-2.2.2.RELEASE.jar:/home/marley/.m2/repository/org/springframework/boot/spring-boot-starter-security/2.5.4/spring-boot-starter-security-2.5.4.jar:/home/marley/.m2/repository/ru/diasoft/digitalq/dslogging-spring-boot-starter/1.06.05-22060901/dslogging-spring-boot-starter-1.06.05-22060901.jar:/home/marley/.m2/repository/ru/diasoft/digitalq/dslogging/1.06.05-22060901/dslogging-1.06.05-22060901.jar:/home/marley/.m2/repository/ru/diasoft/digitalq/dslogging-log4j2/1.06.05-22060901/dslogging-log4j2-1.06.05-22060901.jar:/home/marley/.m2/repository/ru/diasoft/flextera/dstrace/4.01.04-22010401/dstrace-4.01.04-22010401.jar:/home/marley/.m2/repository/commons-io/commons-io/2.5/commons-io-2.5.jar:/home/marley/.m2/repository/com/lmax/disruptor/3.4.2/disruptor-3.4.2.jar:/home/marley/.m2/repository/biz/paluch/logging/logstash-gelf/1.14.0/logstash-gelf-1.14.0.jar:/home/marley/.m2/repository/org/apache/logging/log4j/log4j-api/2.17.1/log4j-api-2.17.1.jar:/home/marley/.m2/repository/org/apache/logging/log4j/log4j-slf4j-impl/2.17.1/log4j-slf4j-impl-2.17.1.jar:/home/marley/.m2/repository/org/apache/logging/log4j/log4j-jul/2.17.1/log4j-jul-2.17.1.jar:/home/marley/.m2/repository/org/apache/logging/log4j/log4j-spring-cloud-config-client/2.17.1/log4j-spring-cloud-config-client-2.17.1.jar:/home/marley/.m2/repository/org/apache/logging/log4j/log4j-spring-boot/2.17.1/log4j-spring-boot-2.17.1.jar:/home/marley/.m2/repository/org/springframework/cloud/spring-cloud-starter-bootstrap/3.0.3/spring-cloud-starter-bootstrap-3.0.3.jar:/home/marley/.m2/repository/org/springframework/cloud/spring-cloud-config-client/3.0.4/spring-cloud-config-client-3.0.4.jar:/home/marley/.m2/repository/commons-logging/commons-logging/1.2/commons-logging-1.2.jar:/home/marley/.m2/repository/org/apache/logging/log4j/log4j-docker/2.17.1/log4j-docker-2.17.1.jar:/home/marley/.m2/repository/org/apache/commons/commons-lang3/3.12.0/commons-lang3-3.12.0.jar:/home/marley/.m2/repository/ru/diasoft/micro/jpa-starter/2.05.01-22060801/jpa-starter-2.05.01-22060801.jar:/home/marley/.m2/repository/org/springframework/boot/spring-boot-starter-data-jpa/2.5.4/spring-boot-starter-data-jpa-2.5.4.jar:/home/marley/.m2/repository/org/springframework/boot/spring-boot-starter-jdbc/2.5.4/spring-boot-starter-jdbc-2.5.4.jar:/home/marley/.m2/repository/org/springframework/spring-jdbc/5.3.9/spring-jdbc-5.3.9.jar:/home/marley/.m2/repository/jakarta/transaction/jakarta.transaction-api/1.3.3/jakarta.transaction-api-1.3.3.jar:/home/marley/.m2/repository/jakarta/persistence/jakarta.persistence-api/2.2.3/jakarta.persistence-api-2.2.3.jar:/home/marley/.m2/repository/org/hibernate/hibernate-core/5.4.32.Final/hibernate-core-5.4.32.Final.jar:/home/marley/.m2/repository/org/jboss/logging/jboss-logging/3.4.2.Final/jboss-logging-3.4.2.Final.jar:/home/marley/.m2/repository/org/javassist/javassist/3.23.2-GA/javassist-3.23.2-GA.jar:/home/marley/.m2/repository/antlr/antlr/2.7.7/antlr-2.7.7.jar:/home/marley/.m2/repository/org/jboss/jandex/2.2.3.Final/jandex-2.2.3.Final.jar:/home/marley/.m2/repository/org/dom4j/dom4j/2.1.3/dom4j-2.1.3.jar:/home/marley/.m2/repository/org/hibernate/common/hibernate-commons-annotations/5.1.2.Final/hibernate-commons-annotations-5.1.2.Final.jar:/home/marley/.m2/repository/org/springframework/data/spring-data-jpa/2.5.4/spring-data-jpa-2.5.4.jar:/home/marley/.m2/repository/org/springframework/data/spring-data-commons/2.5.4/spring-data-commons-2.5.4.jar:/home/marley/.m2/repository/org/springframework/spring-orm/5.3.9/spring-orm-5.3.9.jar:/home/marley/.m2/repository/ru/diasoft/flextera/dstrace-spring-boot-starter-jpa/4.01.04-22010401/dstrace-spring-boot-starter-jpa-4.01.04-22010401.jar:/home/marley/.m2/repository/ru/diasoft/flextera/dstrace-spring-boot-starter/4.01.04-22010401/dstrace-spring-boot-starter-4.01.04-22010401.jar:/home/marley/.m2/repository/ru/diasoft/flextera/dstrace-brave/4.01.04-22010401/dstrace-brave-4.01.04-22010401.jar:/home/marley/.m2/repository/io/zipkin/brave/brave/5.13.2/brave-5.13.2.jar:/home/marley/.m2/repository/io/zipkin/reporter2/zipkin-reporter-brave/2.16.1/zipkin-reporter-brave-2.16.1.jar:/home/marley/.m2/repository/org/springframework/cloud/spring-cloud-starter-zipkin/2.2.3.RELEASE/spring-cloud-starter-zipkin-2.2.3.RELEASE.jar:/home/marley/.m2/repository/org/springframework/cloud/spring-cloud-starter-sleuth/3.0.3/spring-cloud-starter-sleuth-3.0.3.jar:/home/marley/.m2/repository/org/springframework/cloud/spring-cloud-sleuth-autoconfigure/3.0.3/spring-cloud-sleuth-autoconfigure-3.0.3.jar:/home/marley/.m2/repository/org/aspectj/aspectjrt/1.9.7/aspectjrt-1.9.7.jar:/home/marley/.m2/repository/org/springframework/cloud/spring-cloud-sleuth-brave/3.0.3/spring-cloud-sleuth-brave-3.0.3.jar:/home/marley/.m2/repository/io/zipkin/brave/brave-context-slf4j/5.13.2/brave-context-slf4j-5.13.2.jar:/home/marley/.m2/repository/io/zipkin/brave/brave-instrumentation-messaging/5.13.2/brave-instrumentation-messaging-5.13.2.jar:/home/marley/.m2/repository/io/zipkin/brave/brave-instrumentation-rpc/5.13.2/brave-instrumentation-rpc-5.13.2.jar:/home/marley/.m2/repository/io/zipkin/brave/brave-instrumentation-spring-rabbit/5.13.2/brave-instrumentation-spring-rabbit-5.13.2.jar:/home/marley/.m2/repository/io/zipkin/brave/brave-instrumentation-kafka-clients/5.13.2/brave-instrumentation-kafka-clients-5.13.2.jar:/home/marley/.m2/repository/io/zipkin/brave/brave-instrumentation-kafka-streams/5.13.2/brave-instrumentation-kafka-streams-5.13.2.jar:/home/marley/.m2/repository/io/zipkin/brave/brave-instrumentation-httpclient/5.13.2/brave-instrumentation-httpclient-5.13.2.jar:/home/marley/.m2/repository/io/zipkin/brave/brave-instrumentation-http/5.13.2/brave-instrumentation-http-5.13.2.jar:/home/marley/.m2/repository/io/zipkin/brave/brave-instrumentation-httpasyncclient/5.13.2/brave-instrumentation-httpasyncclient-5.13.2.jar:/home/marley/.m2/repository/io/zipkin/brave/brave-instrumentation-jms/5.13.2/brave-instrumentation-jms-5.13.2.jar:/home/marley/.m2/repository/io/zipkin/brave/brave-instrumentation-mongodb/5.13.2/brave-instrumentation-mongodb-5.13.2.jar:/home/marley/.m2/repository/io/zipkin/aws/brave-propagation-aws/0.21.3/brave-propagation-aws-0.21.3.jar:/home/marley/.m2/repository/io/zipkin/reporter2/zipkin-reporter-metrics-micrometer/2.16.1/zipkin-reporter-metrics-micrometer-2.16.1.jar:/home/marley/.m2/repository/org/springframework/cloud/spring-cloud-sleuth-zipkin/3.0.3/spring-cloud-sleuth-zipkin-3.0.3.jar:/home/marley/.m2/repository/org/springframework/cloud/spring-cloud-sleuth-instrumentation/3.0.3/spring-cloud-sleuth-instrumentation-3.0.3.jar:/home/marley/.m2/repository/org/springframework/cloud/spring-cloud-sleuth-api/3.0.3/spring-cloud-sleuth-api-3.0.3.jar:/home/marley/.m2/repository/io/zipkin/zipkin2/zipkin/2.23.0/zipkin-2.23.0.jar:/home/marley/.m2/repository/io/zipkin/reporter2/zipkin-reporter/2.16.1/zipkin-reporter-2.16.1.jar:/home/marley/.m2/repository/io/zipkin/reporter2/zipkin-sender-kafka/2.16.1/zipkin-sender-kafka-2.16.1.jar:/home/marley/.m2/repository/io/zipkin/reporter2/zipkin-sender-activemq-client/2.16.1/zipkin-sender-activemq-client-2.16.1.jar:/home/marley/.m2/repository/io/zipkin/reporter2/zipkin-sender-amqp-client/2.16.1/zipkin-sender-amqp-client-2.16.1.jar:/home/marley/.m2/repository/net/ttddyy/datasource-proxy/1.7/datasource-proxy-1.7.jar:/home/marley/.m2/repository/com/querydsl/querydsl-apt/4.4.0/querydsl-apt-4.4.0.jar:/home/marley/.m2/repository/com/querydsl/querydsl-jpa/4.4.0/querydsl-jpa-4.4.0.jar:/home/marley/.m2/repository/com/querydsl/querydsl-core/4.4.0/querydsl-core-4.4.0.jar:/home/marley/.m2/repository/com/mysema/commons/mysema-commons-lang/0.2.4/mysema-commons-lang-0.2.4.jar:/home/marley/.m2/repository/com/infradna/tool/bridge-method-annotation/1.13/bridge-method-annotation-1.13.jar:/home/marley/.m2/repository/javax/inject/javax.inject/1/javax.inject-1.jar:/home/marley/.m2/repository/com/querydsl/querydsl-codegen/4.2.2/querydsl-codegen-4.2.2.jar:/home/marley/.m2/repository/com/mysema/codegen/codegen/0.6.8/codegen-0.6.8.jar:/home/marley/.m2/repository/org/eclipse/jdt/core/compiler/ecj/4.3.1/ecj-4.3.1.jar:/home/marley/.m2/repository/org/reflections/reflections/0.9.9/reflections-0.9.9.jar:/home/marley/.m2/repository/com/google/code/findbugs/annotations/2.0.1/annotations-2.0.1.jar:/home/marley/.m2/repository/ru/diasoft/micro/mdp/lib/mdpquerydsl/9.04.06-21060101/mdpquerydsl-9.04.06-21060101.jar:/home/marley/.m2/repository/com/querydsl/querydsl-collections/4.4.0/querydsl-collections-4.4.0.jar:/home/marley/.m2/repository/org/apache/commons/commons-collections4/4.3/commons-collections4-4.3.jar:/home/marley/.m2/repository/com/google/guava/guava/29.0-android/guava-29.0-android.jar:/home/marley/.m2/repository/com/google/guava/failureaccess/1.0.1/failureaccess-1.0.1.jar:/home/marley/.m2/repository/com/google/guava/listenablefuture/9999.0-empty-to-avoid-conflict-with-guava/listenablefuture-9999.0-empty-to-avoid-conflict-with-guava.jar:/home/marley/.m2/repository/org/checkerframework/checker-compat-qual/2.5.5/checker-compat-qual-2.5.5.jar:/home/marley/.m2/repository/com/google/errorprone/error_prone_annotations/2.3.4/error_prone_annotations-2.3.4.jar:/home/marley/.m2/repository/com/google/j2objc/j2objc-annotations/1.3/j2objc-annotations-1.3.jar:/home/marley/.m2/repository/org/postgresql/postgresql/42.3.3/postgresql-42.3.3.jar:/home/marley/.m2/repository/org/checkerframework/checker-qual/3.5.0/checker-qual-3.5.0.jar:/home/marley/.m2/repository/net/sourceforge/jtds/jtds/1.3.1/jtds-1.3.1.jar:/home/marley/.m2/repository/com/oracle/database/jdbc/ojdbc8/21.4.0.0.1/ojdbc8-21.4.0.0.1.jar:/home/marley/.m2/repository/com/oracle/ojdbc/orai18n/19.3.0.0/orai18n-19.3.0.0.jar:/home/marley/.m2/repository/com/oracle/database/nls/orai18n/21.4.0.0.1/orai18n-21.4.0.0.1.jar:/home/marley/.m2/repository/ru/diasoft/micro/stream-kafka-starter/2.05.01-22060801/stream-kafka-starter-2.05.01-22060801.jar:/home/marley/.m2/repository/org/springframework/cloud/spring-cloud-starter-stream-kafka/3.1.3/spring-cloud-starter-stream-kafka-3.1.3.jar:/home/marley/.m2/repository/org/springframework/cloud/spring-cloud-stream-binder-kafka/3.1.3/spring-cloud-stream-binder-kafka-3.1.3.jar:/home/marley/.m2/repository/org/springframework/cloud/spring-cloud-stream-binder-kafka-core/3.1.3/spring-cloud-stream-binder-kafka-core-3.1.3.jar:/home/marley/.m2/repository/org/springframework/integration/spring-integration-kafka/5.5.3/spring-integration-kafka-5.5.3.jar:/home/marley/.m2/repository/org/springframework/cloud/spring-cloud-stream/3.1.3/spring-cloud-stream-3.1.3.jar:/home/marley/.m2/repository/org/springframework/integration/spring-integration-core/5.5.3/spring-integration-core-5.5.3.jar:/home/marley/.m2/repository/org/springframework/integration/spring-integration-jmx/5.5.3/spring-integration-jmx-5.5.3.jar:/home/marley/.m2/repository/org/springframework/cloud/spring-cloud-function-context/3.1.3/spring-cloud-function-context-3.1.3.jar:/home/marley/.m2/repository/net/jodah/typetools/0.6.2/typetools-0.6.2.jar:/home/marley/.m2/repository/org/springframework/cloud/spring-cloud-function-core/3.1.3/spring-cloud-function-core-3.1.3.jar:/home/marley/.m2/repository/ru/diasoft/flextera/dstrace-spring-boot-starter-cloud-stream/4.01.04-22010401/dstrace-spring-boot-starter-cloud-stream-4.01.04-22010401.jar:/home/marley/.m2/repository/ru/diasoft/micro/feign-starter/2.05.01-22060801/feign-starter-2.05.01-22060801.jar:/home/marley/.m2/repository/org/springframework/cloud/spring-cloud-starter-openfeign/3.0.3/spring-cloud-starter-openfeign-3.0.3.jar:/home/marley/.m2/repository/org/springframework/cloud/spring-cloud-openfeign-core/3.0.3/spring-cloud-openfeign-core-3.0.3.jar:/home/marley/.m2/repository/io/github/openfeign/form/feign-form-spring/3.8.0/feign-form-spring-3.8.0.jar:/home/marley/.m2/repository/io/github/openfeign/form/feign-form/3.8.0/feign-form-3.8.0.jar:/home/marley/.m2/repository/commons-fileupload/commons-fileupload/1.4/commons-fileupload-1.4.jar:/home/marley/.m2/repository/org/springframework/cloud/spring-cloud-commons/3.0.3/spring-cloud-commons-3.0.3.jar:/home/marley/.m2/repository/io/github/openfeign/feign-core/10.12/feign-core-10.12.jar:/home/marley/.m2/repository/io/github/openfeign/feign-slf4j/10.12/feign-slf4j-10.12.jar:/home/marley/.m2/repository/ru/diasoft/flextera/dstrace-spring-boot-starter-feign/4.01.04-22010401/dstrace-spring-boot-starter-feign-4.01.04-22010401.jar:/home/marley/.m2/repository/ru/diasoft/micro/mdp/lib/mdpribbon/9.05.01-22061501-spring-254/mdpribbon-9.05.01-22061501-spring-254.jar:/home/marley/.m2/repository/ru/diasoft/micro/mdp/lib/mdpcache/9.05.01-21122301/mdpcache-9.05.01-21122301.jar:/home/marley/.m2/repository/org/springframework/cloud/spring-cloud-loadbalancer/3.0.3/spring-cloud-loadbalancer-3.0.3.jar:/home/marley/.m2/repository/org/springframework/cloud/spring-cloud-context/3.0.3/spring-cloud-context-3.0.3.jar:/home/marley/.m2/repository/org/springframework/boot/spring-boot-starter-validation/2.5.4/spring-boot-starter-validation-2.5.4.jar:/home/marley/.m2/repository/org/apache/tomcat/embed/tomcat-embed-el/9.0.52/tomcat-embed-el-9.0.52.jar:/home/marley/.m2/repository/org/hibernate/validator/hibernate-validator/6.2.0.Final/hibernate-validator-6.2.0.Final.jar:/home/marley/.m2/repository/jakarta/validation/jakarta.validation-api/2.0.2/jakarta.validation-api-2.0.2.jar:/home/marley/.m2/repository/io/projectreactor/reactor-core/3.4.9/reactor-core-3.4.9.jar:/home/marley/.m2/repository/org/reactivestreams/reactive-streams/1.0.3/reactive-streams-1.0.3.jar:/home/marley/.m2/repository/io/projectreactor/addons/reactor-extra/3.4.4/reactor-extra-3.4.4.jar:/home/marley/.m2/repository/org/springframework/cloud/spring-cloud-netflix-eureka-client/3.0.3/spring-cloud-netflix-eureka-client-3.0.3.jar:/home/marley/.m2/repository/com/netflix/eureka/eureka-client/1.10.14/eureka-client-1.10.14.jar:/home/marley/.m2/repository/com/netflix/netflix-commons/netflix-eventbus/0.3.0/netflix-eventbus-0.3.0.jar:/home/marley/.m2/repository/com/netflix/netflix-commons/netflix-infix/0.3.0/netflix-infix-0.3.0.jar:/home/marley/.m2/repository/commons-jxpath/commons-jxpath/1.3/commons-jxpath-1.3.jar:/home/marley/.m2/repository/org/antlr/antlr-runtime/3.4/antlr-runtime-3.4.jar:/home/marley/.m2/repository/org/antlr/stringtemplate/3.2.1/stringtemplate-3.2.1.jar:/home/marley/.m2/repository/org/apache/commons/commons-math/2.2/commons-math-2.2.jar:/home/marley/.m2/repository/com/thoughtworks/xstream/xstream/1.4.18/xstream-1.4.18.jar:/home/marley/.m2/repository/io/github/x-stream/mxparser/1.2.2/mxparser-1.2.2.jar:/home/marley/.m2/repository/xmlpull/xmlpull/1.1.3.1/xmlpull-1.1.3.1.jar:/home/marley/.m2/repository/javax/ws/rs/jsr311-api/1.1.1/jsr311-api-1.1.1.jar:/home/marley/.m2/repository/com/netflix/servo/servo-core/0.12.21/servo-core-0.12.21.jar:/home/marley/.m2/repository/com/sun/jersey/jersey-core/1.19.4/jersey-core-1.19.4.jar:/home/marley/.m2/repository/com/sun/jersey/jersey-client/1.19.4/jersey-client-1.19.4.jar:/home/marley/.m2/repository/com/sun/jersey/contribs/jersey-apache-client4/1.19.1/jersey-apache-client4-1.19.1.jar:/home/marley/.m2/repository/commons-configuration/commons-configuration/1.10/commons-configuration-1.10.jar:/home/marley/.m2/repository/commons-lang/commons-lang/2.6/commons-lang-2.6.jar:/home/marley/.m2/repository/com/google/inject/guice/4.1.0/guice-4.1.0.jar:/home/marley/.m2/repository/aopalliance/aopalliance/1.0/aopalliance-1.0.jar:/home/marley/.m2/repository/com/fasterxml/jackson/core/jackson-core/2.12.4/jackson-core-2.12.4.jar:/home/marley/.m2/repository/org/codehaus/jettison/jettison/1.4.0/jettison-1.4.0.jar:/home/marley/.m2/repository/io/kubernetes/client-java/8.0.2/client-java-8.0.2.jar:/home/marley/.m2/repository/io/kubernetes/client-java-api/8.0.2/client-java-api-8.0.2.jar:/home/marley/.m2/repository/io/sundr/builder-annotations/0.21.0/builder-annotations-0.21.0.jar:/home/marley/.m2/repository/io/sundr/sundr-core/0.21.0/sundr-core-0.21.0.jar:/home/marley/.m2/repository/io/sundr/sundr-codegen/0.21.0/sundr-codegen-0.21.0.jar:/home/marley/.m2/repository/io/sundr/resourcecify-annotations/0.21.0/resourcecify-annotations-0.21.0.jar:/home/marley/.m2/repository/javax/annotation/javax.annotation-api/1.3.2/javax.annotation-api-1.3.2.jar:/home/marley/.m2/repository/io/swagger/swagger-annotations/1.5.22/swagger-annotations-1.5.22.jar:/home/marley/.m2/repository/com/squareup/okhttp3/okhttp/3.14.9/okhttp-3.14.9.jar:/home/marley/.m2/repository/com/squareup/okio/okio/1.17.2/okio-1.17.2.jar:/home/marley/.m2/repository/com/squareup/okhttp3/logging-interceptor/3.14.9/logging-interceptor-3.14.9.jar:/home/marley/.m2/repository/com/google/code/gson/gson/2.8.7/gson-2.8.7.jar:/home/marley/.m2/repository/io/gsonfire/gson-fire/1.8.3/gson-fire-1.8.3.jar:/home/marley/.m2/repository/joda-time/joda-time/2.10.5/joda-time-2.10.5.jar:/home/marley/.m2/repository/org/joda/joda-convert/1.2/joda-convert-1.2.jar:/home/marley/.m2/repository/io/kubernetes/client-java-proto/8.0.2/client-java-proto-8.0.2.jar:/home/marley/.m2/repository/org/apache/commons/commons-compress/1.19/commons-compress-1.19.jar:/home/marley/.m2/repository/org/bouncycastle/bcprov-ext-jdk15on/1.64/bcprov-ext-jdk15on-1.64.jar:/home/marley/.m2/repository/org/bouncycastle/bcpkix-jdk15on/1.60/bcpkix-jdk15on-1.60.jar:/home/marley/.m2/repository/org/bouncycastle/bcprov-jdk15on/1.60/bcprov-jdk15on-1.60.jar:/home/marley/.m2/repository/com/google/protobuf/protobuf-java/3.11.4/protobuf-java-3.11.4.jar:/home/marley/.m2/repository/org/bitbucket/b_c/jose4j/0.7.0/jose4j-0.7.0.jar:/home/marley/.m2/repository/org/apache/logging/log4j/log4j-core/2.17.1/log4j-core-2.17.1.jar:/home/marley/.m2/repository/org/apache/httpcomponents/httpclient/4.5.13/httpclient-4.5.13.jar:/home/marley/.m2/repository/org/apache/httpcomponents/httpcore/4.4.14/httpcore-4.4.14.jar:/home/marley/.m2/repository/org/projectlombok/lombok/1.18.20/lombok-1.18.20.jar:/home/marley/.m2/repository/ru/diasoft/digitalq/libs/dqapiexception/1.03.01-21041301/dqapiexception-1.03.01-21041301.jar:/home/marley/.m2/repository/org/springframework/spring-web/5.3.9/spring-web-5.3.9.jar:/home/marley/.m2/repository/org/springframework/spring-beans/5.3.9/spring-beans-5.3.9.jar:/home/marley/.m2/repository/com/fasterxml/jackson/core/jackson-databind/2.12.4/jackson-databind-2.12.4.jar:/home/marley/.m2/repository/javax/validation/validation-api/2.0.1.Final/validation-api-2.0.1.Final.jar:/home/marley/.m2/repository/ru/diasoft/micro/mdp/lib/qpermissioncontrol/9.08.01-22061701/qpermissioncontrol-9.08.01-22061701.jar:/home/marley/.m2/repository/org/springframework/boot/spring-boot-starter-web/2.5.4/spring-boot-starter-web-2.5.4.jar:/home/marley/.m2/repository/org/springframework/boot/spring-boot-starter-tomcat/2.5.4/spring-boot-starter-tomcat-2.5.4.jar:/home/marley/.m2/repository/org/apache/tomcat/embed/tomcat-embed-core/9.0.52/tomcat-embed-core-9.0.52.jar:/home/marley/.m2/repository/org/apache/tomcat/embed/tomcat-embed-websocket/9.0.52/tomcat-embed-websocket-9.0.52.jar:/home/marley/.m2/repository/org/springframework/spring-webmvc/5.3.9/spring-webmvc-5.3.9.jar:/home/marley/.m2/repository/com/fasterxml/jackson/core/jackson-annotations/2.12.4/jackson-annotations-2.12.4.jar:/home/marley/.m2/repository/com/googlecode/json-simple/json-simple/1.1.1/json-simple-1.1.1.jar:/home/marley/.m2/repository/org/json/json/20190722/json-20190722.jar:/home/marley/.m2/repository/ru/diasoft/micro/mdp/lib/mdpexception/9.10.01-astra-22062201/mdpexception-9.10.01-astra-22062201.jar:/home/marley/.m2/repository/ru/diasoft/micro/mdp/lib/mdpid/9.07.01-22042201/mdpid-9.07.01-22042201.jar:/home/marley/.m2/repository/org/wso2/balana/org.wso2.balana/1.2.12.1/org.wso2.balana-1.2.12.1.jar:/home/marley/.m2/repository/org/wso2/balana/org.wso2.balana.utils/1.2.12.1/org.wso2.balana.utils-1.2.12.1.jar:/home/marley/.m2/repository/org/ops4j/pax/logging/pax-logging-api/1.10.1/pax-logging-api-1.10.1.jar:/home/marley/.m2/repository/xerces/wso2/xercesImpl/2.8.1.wso2v2/xercesImpl-2.8.1.wso2v2.jar:/home/marley/.m2/repository/ru/diasoft/micro/mdp/lib/mdpauditlib/9.05.01-21122301/mdpauditlib-9.05.01-21122301.jar:/home/marley/.m2/repository/org/springframework/boot/spring-boot-starter-aop/2.5.4/spring-boot-starter-aop-2.5.4.jar:/home/marley/.m2/repository/org/springframework/spring-aop/5.3.9/spring-aop-5.3.9.jar:/home/marley/.m2/repository/commons-codec/commons-codec/1.15/commons-codec-1.15.jar:/home/marley/.m2/repository/com/ctc/wstx/stax/stax2-api/3.0.2/stax2-api-3.0.2.jar:/home/marley/.m2/repository/com/ctc/wstx/stax/woodstox-core-asl/4.0.8/woodstox-core-asl-4.0.8.jar:/home/marley/.m2/repository/ru/diasoft/micro/mdp/lib/mdpversionslib/9.05.01-21122301/mdpversionslib-9.05.01-21122301.jar:/home/marley/.m2/repository/org/springframework/boot/spring-boot-devtools/2.5.4/spring-boot-devtools-2.5.4.jar:/home/marley/.m2/repository/ru/diasoft/micro/micrometer-starter/2.05.01-22060801/micrometer-starter-2.05.01-22060801.jar:/home/marley/.m2/repository/io/micrometer/micrometer-core/1.7.3/micrometer-core-1.7.3.jar:/home/marley/.m2/repository/org/hdrhistogram/HdrHistogram/2.1.11/HdrHistogram-2.1.11.jar:/home/marley/.m2/repository/org/latencyutils/LatencyUtils/2.0.3/LatencyUtils-2.0.3.jar:/home/marley/.m2/repository/io/micrometer/micrometer-registry-prometheus/1.7.3/micrometer-registry-prometheus-1.7.3.jar:/home/marley/.m2/repository/io/prometheus/simpleclient_common/0.10.0/simpleclient_common-0.10.0.jar:/home/marley/.m2/repository/io/prometheus/simpleclient/0.10.0/simpleclient-0.10.0.jar:/home/marley/.m2/repository/org/mapstruct/mapstruct/1.3.1.Final/mapstruct-1.3.1.Final.jar:/home/marley/.m2/repository/org/junit/vintage/junit-vintage-engine/5.7.2/junit-vintage-engine-5.7.2.jar:/home/marley/.m2/repository/org/apiguardian/apiguardian-api/1.1.0/apiguardian-api-1.1.0.jar:/home/marley/.m2/repository/org/junit/platform/junit-platform-engine/1.7.2/junit-platform-engine-1.7.2.jar:/home/marley/.m2/repository/org/opentest4j/opentest4j/1.2.0/opentest4j-1.2.0.jar:/home/marley/.m2/repository/org/junit/platform/junit-platform-commons/1.7.2/junit-platform-commons-1.7.2.jar:/home/marley/.m2/repository/junit/junit/4.13.2/junit-4.13.2.jar:/home/marley/.m2/repository/org/springframework/boot/spring-boot-starter-test/2.5.4/spring-boot-starter-test-2.5.4.jar:/home/marley/.m2/repository/org/springframework/boot/spring-boot-test/2.5.4/spring-boot-test-2.5.4.jar:/home/marley/.m2/repository/org/springframework/boot/spring-boot-test-autoconfigure/2.5.4/spring-boot-test-autoconfigure-2.5.4.jar:/home/marley/.m2/repository/com/jayway/jsonpath/json-path/2.5.0/json-path-2.5.0.jar:/home/marley/.m2/repository/net/minidev/json-smart/2.4.7/json-smart-2.4.7.jar:/home/marley/.m2/repository/net/minidev/accessors-smart/2.4.7/accessors-smart-2.4.7.jar:/home/marley/.m2/repository/org/ow2/asm/asm/7.1/asm-7.1.jar:/home/marley/.m2/repository/jakarta/xml/bind/jakarta.xml.bind-api/2.3.3/jakarta.xml.bind-api-2.3.3.jar:/home/marley/.m2/repository/jakarta/activation/jakarta.activation-api/1.2.2/jakarta.activation-api-1.2.2.jar:/home/marley/.m2/repository/org/assertj/assertj-core/3.19.0/assertj-core-3.19.0.jar:/home/marley/.m2/repository/org/hamcrest/hamcrest/2.2/hamcrest-2.2.jar:/home/marley/.m2/repository/org/junit/jupiter/junit-jupiter/5.7.2/junit-jupiter-5.7.2.jar:/home/marley/.m2/repository/org/junit/jupiter/junit-jupiter-api/5.7.2/junit-jupiter-api-5.7.2.jar:/home/marley/.m2/repository/org/junit/jupiter/junit-jupiter-params/5.7.2/junit-jupiter-params-5.7.2.jar:/home/marley/.m2/repository/org/junit/jupiter/junit-jupiter-engine/5.7.2/junit-jupiter-engine-5.7.2.jar:/home/marley/.m2/repository/org/mockito/mockito-core/3.9.0/mockito-core-3.9.0.jar:/home/marley/.m2/repository/net/bytebuddy/byte-buddy/1.10.22/byte-buddy-1.10.22.jar:/home/marley/.m2/repository/net/bytebuddy/byte-buddy-agent/1.10.22/byte-buddy-agent-1.10.22.jar:/home/marley/.m2/repository/org/objenesis/objenesis/3.2/objenesis-3.2.jar:/home/marley/.m2/repository/org/mockito/mockito-junit-jupiter/3.9.0/mockito-junit-jupiter-3.9.0.jar:/home/marley/.m2/repository/org/skyscreamer/jsonassert/1.5.0/jsonassert-1.5.0.jar:/home/marley/.m2/repository/com/vaadin/external/google/android-json/0.0.20131108.vaadin1/android-json-0.0.20131108.vaadin1.jar:/home/marley/.m2/repository/org/springframework/spring-test/5.3.9/spring-test-5.3.9.jar:/home/marley/.m2/repository/org/xmlunit/xmlunit-core/2.8.2/xmlunit-core-2.8.2.jar:/home/marley/.m2/repository/org/springframework/cloud/spring-cloud-starter-netflix-eureka-server/3.0.3/spring-cloud-starter-netflix-eureka-server-3.0.3.jar:/home/marley/.m2/repository/org/springframework/cloud/spring-cloud-starter/3.0.3/spring-cloud-starter-3.0.3.jar:/home/marley/.m2/repository/org/springframework/security/spring-security-rsa/1.0.10.RELEASE/spring-security-rsa-1.0.10.RELEASE.jar:/home/marley/.m2/repository/org/springframework/cloud/spring-cloud-netflix-eureka-server/3.0.3/spring-cloud-netflix-eureka-server-3.0.3.jar:/home/marley/.m2/repository/org/springframework/boot/spring-boot-starter-freemarker/2.5.4/spring-boot-starter-freemarker-2.5.4.jar:/home/marley/.m2/repository/org/freemarker/freemarker/2.3.31/freemarker-2.3.31.jar:/home/marley/.m2/repository/org/springframework/spring-context-support/5.3.9/spring-context-support-5.3.9.jar:/home/marley/.m2/repository/com/sun/jersey/jersey-servlet/1.19.4/jersey-servlet-1.19.4.jar:/home/marley/.m2/repository/com/sun/jersey/jersey-server/1.19.4/jersey-server-1.19.4.jar:/home/marley/.m2/repository/com/netflix/eureka/eureka-core/1.10.14/eureka-core-1.10.14.jar:/home/marley/.m2/repository/com/fasterxml/woodstox/woodstox-core/6.1.1/woodstox-core-6.1.1.jar:/home/marley/.m2/repository/com/fasterxml/jackson/dataformat/jackson-dataformat-xml/2.12.4/jackson-dataformat-xml-2.12.4.jar:/home/marley/.m2/repository/com/fasterxml/jackson/module/jackson-module-jaxb-annotations/2.12.4/jackson-module-jaxb-annotations-2.12.4.jar:/home/marley/.m2/repository/org/codehaus/woodstox/stax2-api/4.2/stax2-api-4.2.jar:/home/marley/.m2/repository/org/springframework/cloud/spring-cloud-starter-loadbalancer/3.0.3/spring-cloud-starter-loadbalancer-3.0.3.jar:/home/marley/.m2/repository/org/springframework/boot/spring-boot-starter-cache/2.5.4/spring-boot-starter-cache-2.5.4.jar:/home/marley/.m2/repository/com/stoyanr/evictor/1.0.0/evictor-1.0.0.jar:/home/marley/.m2/repository/org/glassfish/jaxb/jaxb-runtime/2.3.5/jaxb-runtime-2.3.5.jar:/home/marley/.m2/repository/org/glassfish/jaxb/txw2/2.3.5/txw2-2.3.5.jar:/home/marley/.m2/repository/com/sun/istack/istack-commons-runtime/3.0.12/istack-commons-runtime-3.0.12.jar:/home/marley/.m2/repository/com/sun/activation/jakarta.activation/1.2.2/jakarta.activation-1.2.2.jar:/home/marley/.m2/repository/org/springframework/security/spring-security-test/5.5.2/spring-security-test-5.5.2.jar:/home/marley/.m2/repository/org/springframework/security/spring-security-core/5.5.2/spring-security-core-5.5.2.jar:/home/marley/.m2/repository/org/springframework/security/spring-security-crypto/5.5.2/spring-security-crypto-5.5.2.jar:/home/marley/.m2/repository/org/springframework/spring-expression/5.3.9/spring-expression-5.3.9.jar:/home/marley/.m2/repository/org/springframework/security/spring-security-web/5.5.2/spring-security-web-5.5.2.jar:/home/marley/.m2/repository/org/liquibase/liquibase-core/4.3.5/liquibase-core-4.3.5.jar:/home/marley/.m2/repository/javax/xml/bind/jaxb-api/2.3.1/jaxb-api-2.3.1.jar:/home/marley/.m2/repository/javax/activation/javax.activation-api/1.2.0/javax.activation-api-1.2.0.jar:/home/marley/.m2/repository/com/h2database/h2/1.4.200/h2-1.4.200.jar:/home/marley/.m2/repository/com/tngtech/archunit/archunit/0.13.1/archunit-0.13.1.jar:/home/marley/.m2/repository/org/slf4j/slf4j-api/1.7.25/slf4j-api-1.7.25.jar:/home/marley/.m2/repository/ru/diasoft/micro/archetype-tests/1.01.07-21072801/archetype-tests-1.01.07-21072801.jar:/home/marley/.m2/repository/ru/diasoft/micro/reactive-starter/1.19.01-21032201/reactive-starter-1.19.01-21032201.jar:/home/marley/.m2/repository/org/springframework/boot/spring-boot-starter-webflux/2.5.4/spring-boot-starter-webflux-2.5.4.jar:/home/marley/.m2/repository/org/springframework/boot/spring-boot-starter-reactor-netty/2.5.4/spring-boot-starter-reactor-netty-2.5.4.jar:/home/marley/.m2/repository/io/projectreactor/netty/reactor-netty-http/1.0.10/reactor-netty-http-1.0.10.jar:/home/marley/.m2/repository/io/netty/netty-codec-http/4.1.67.Final/netty-codec-http-4.1.67.Final.jar:/home/marley/.m2/repository/io/netty/netty-common/4.1.67.Final/netty-common-4.1.67.Final.jar:/home/marley/.m2/repository/io/netty/netty-buffer/4.1.67.Final/netty-buffer-4.1.67.Final.jar:/home/marley/.m2/repository/io/netty/netty-transport/4.1.67.Final/netty-transport-4.1.67.Final.jar:/home/marley/.m2/repository/io/netty/netty-codec/4.1.67.Final/netty-codec-4.1.67.Final.jar:/home/marley/.m2/repository/io/netty/netty-handler/4.1.67.Final/netty-handler-4.1.67.Final.jar:/home/marley/.m2/repository/io/netty/netty-codec-http2/4.1.67.Final/netty-codec-http2-4.1.67.Final.jar:/home/marley/.m2/repository/io/netty/netty-resolver-dns/4.1.67.Final/netty-resolver-dns-4.1.67.Final.jar:/home/marley/.m2/repository/io/netty/netty-resolver/4.1.67.Final/netty-resolver-4.1.67.Final.jar:/home/marley/.m2/repository/io/netty/netty-codec-dns/4.1.67.Final/netty-codec-dns-4.1.67.Final.jar:/home/marley/.m2/repository/io/netty/netty-resolver-dns-native-macos/4.1.67.Final/netty-resolver-dns-native-macos-4.1.67.Final-osx-x86_64.jar:/home/marley/.m2/repository/io/netty/netty-transport-native-unix-common/4.1.67.Final/netty-transport-native-unix-common-4.1.67.Final.jar:/home/marley/.m2/repository/io/netty/netty-transport-native-epoll/4.1.67.Final/netty-transport-native-epoll-4.1.67.Final-linux-x86_64.jar:/home/marley/.m2/repository/io/projectreactor/netty/reactor-netty-core/1.0.10/reactor-netty-core-1.0.10.jar:/home/marley/.m2/repository/io/netty/netty-handler-proxy/4.1.67.Final/netty-handler-proxy-4.1.67.Final.jar:/home/marley/.m2/repository/io/netty/netty-codec-socks/4.1.67.Final/netty-codec-socks-4.1.67.Final.jar:/home/marley/.m2/repository/org/springframework/spring-webflux/5.3.9/spring-webflux-5.3.9.jar:/home/marley/.m2/repository/ru/diasoft/micro/rest-starter/2.05.01-22060801/rest-starter-2.05.01-22060801.jar:/home/marley/.m2/repository/ru/diasoft/flextera/dstrace-spring-boot-starter-rest/4.01.04-22010401/dstrace-spring-boot-starter-rest-4.01.04-22010401.jar:/home/marley/.m2/repository/com/zaxxer/HikariCP/4.0.3/HikariCP-4.0.3.jar:/home/marley/.m2/repository/org/springframework/kafka/spring-kafka/2.7.6/spring-kafka-2.7.6.jar:/home/marley/.m2/repository/org/springframework/spring-messaging/5.3.9/spring-messaging-5.3.9.jar:/home/marley/.m2/repository/org/springframework/spring-tx/5.3.9/spring-tx-5.3.9.jar:/home/marley/.m2/repository/org/springframework/retry/spring-retry/1.3.1/spring-retry-1.3.1.jar:/home/marley/.m2/repository/org/apache/kafka/kafka-clients/2.7.1/kafka-clients-2.7.1.jar:/home/marley/.m2/repository/com/github/luben/zstd-jni/1.4.5-6/zstd-jni-1.4.5-6.jar:/home/marley/.m2/repository/org/lz4/lz4-java/1.7.1/lz4-java-1.7.1.jar:/home/marley/.m2/repository/org/xerial/snappy/snappy-java/1.1.7.7/snappy-java-1.1.7.7.jar:/home/marley/.m2/repository/com/google/code/findbugs/jsr305/1.3.9/jsr305-1.3.9.jar:/home/marley/.m2/repository/org/springframework/boot/spring-boot-starter-actuator/2.5.4/spring-boot-starter-actuator-2.5.4.jar:/home/marley/.m2/repository/org/springframework/boot/spring-boot-actuator-autoconfigure/2.5.4/spring-boot-actuator-autoconfigure-2.5.4.jar:/home/marley/.m2/repository/org/springframework/boot/spring-boot-actuator/2.5.4/spring-boot-actuator-2.5.4.jar:/home/marley/.m2/repository/ru/diasoft/micro/mdp/lib/qoauth/9.07.01-22060601-spring254/qoauth-9.07.01-22060601-spring254.jar:/home/marley/.m2/repository/org/springframework/security/oauth/spring-security-oauth2/2.5.1.RELEASE/spring-security-oauth2-2.5.1.RELEASE.jar:/home/marley/.m2/repository/org/springframework/security/spring-security-config/5.5.2/spring-security-config-5.5.2.jar:/home/marley/.m2/repository/org/springframework/security/oauth/boot/spring-security-oauth2-autoconfigure/2.1.2.RELEASE/spring-security-oauth2-autoconfigure-2.1.2.RELEASE.jar:/home/marley/.m2/repository/com/sun/xml/bind/jaxb-core/2.3.0.1/jaxb-core-2.3.0.1.jar:/home/marley/.m2/repository/com/sun/xml/bind/jaxb-impl/2.3.0.1/jaxb-impl-2.3.0.1.jar:/home/marley/.m2/repository/org/springframework/security/spring-security-jwt/1.0.9.RELEASE/spring-security-jwt-1.0.9.RELEASE.jar:/home/marley/.m2/repository/ru/diasoft/micro/swagger-starter/2.05.01-22060801/swagger-starter-2.05.01-22060801.jar:/home/marley/.m2/repository/io/springfox/springfox-boot-starter/3.0.0/springfox-boot-starter-3.0.0.jar:/home/marley/.m2/repository/io/springfox/springfox-oas/3.0.0/springfox-oas-3.0.0.jar:/home/marley/.m2/repository/io/swagger/core/v3/swagger-annotations/2.1.2/swagger-annotations-2.1.2.jar:/home/marley/.m2/repository/io/swagger/core/v3/swagger-models/2.1.2/swagger-models-2.1.2.jar:/home/marley/.m2/repository/io/springfox/springfox-spi/3.0.0/springfox-spi-3.0.0.jar:/home/marley/.m2/repository/io/springfox/springfox-schema/3.0.0/springfox-schema-3.0.0.jar:/home/marley/.m2/repository/io/springfox/springfox-core/3.0.0/springfox-core-3.0.0.jar:/home/marley/.m2/repository/io/springfox/springfox-spring-web/3.0.0/springfox-spring-web-3.0.0.jar:/home/marley/.m2/repository/io/github/classgraph/classgraph/4.8.83/classgraph-4.8.83.jar:/home/marley/.m2/repository/io/springfox/springfox-spring-webmvc/3.0.0/springfox-spring-webmvc-3.0.0.jar:/home/marley/.m2/repository/io/springfox/springfox-spring-webflux/3.0.0/springfox-spring-webflux-3.0.0.jar:/home/marley/.m2/repository/io/springfox/springfox-swagger-common/3.0.0/springfox-swagger-common-3.0.0.jar:/home/marley/.m2/repository/io/springfox/springfox-data-rest/3.0.0/springfox-data-rest-3.0.0.jar:/home/marley/.m2/repository/io/springfox/springfox-bean-validators/3.0.0/springfox-bean-validators-3.0.0.jar:/home/marley/.m2/repository/io/springfox/springfox-swagger2/3.0.0/springfox-swagger2-3.0.0.jar:/home/marley/.m2/repository/io/swagger/swagger-models/1.5.20/swagger-models-1.5.20.jar:/home/marley/.m2/repository/io/springfox/springfox-swagger-ui/3.0.0/springfox-swagger-ui-3.0.0.jar:/home/marley/.m2/repository/com/fasterxml/classmate/1.5.1/classmate-1.5.1.jar:/home/marley/.m2/repository/org/springframework/plugin/spring-plugin-core/2.0.0.RELEASE/spring-plugin-core-2.0.0.RELEASE.jar:/home/marley/.m2/repository/org/springframework/plugin/spring-plugin-metadata/2.0.0.RELEASE/spring-plugin-metadata-2.0.0.RELEASE.jar:/home/marley/.m2/repository/de/codecentric/chaos-monkey-spring-boot/2.2.0/chaos-monkey-spring-boot-2.2.0.jar:/home/marley/.m2/repository/org/springframework/spring-aspects/5.3.9/spring-aspects-5.3.9.jar:/home/marley/.m2/repository/org/springframework/spring-instrument/5.3.9/spring-instrument-5.3.9.jar:/home/marley/.m2/repository/org/aspectj/aspectjweaver/1.9.7/aspectjweaver-1.9.7.jar:/home/marley/.m2/repository/org/springframework/boot/spring-boot-configuration-processor/2.5.4/spring-boot-configuration-processor-2.5.4.jar:"/>
    <property name="git.branch" value="master"/>
    <property name="git.build.host" value="workstation"/>
    <property name="java.vm.vendor" value="Oracle Corporation"/>
    <property name="sun.arch.data.model" value="64"/>
    <property name="git.commit.id" value="588b7271cd92c0775eb26ec0daa55657aa0d079c"/>
    <property name="java.vendor.url" value="http://java.oracle.com/"/>
    <property name="user.timezone" value="Europe/Moscow"/>
    <property name="os.name" value="Linux"/>
    <property name="java.vm.specification.version" value="1.8"/>
    <property name="git.commit.author.time" value="2022-06-30T18:28:09+0300"/>
    <property name="sun.java.launcher" value="SUN_STANDARD"/>
    <property name="git.build.user.name" value="webmak1"/>
    <property name="user.country" value="US"/>
    <property name="sun.boot.library.path" value="/opt/jdk1.8.0_321/jre/lib/amd64"/>
    <property name="sun.java.command" value="/home/marley/projects/dev/diasoft/diasoft-microservices-spring-basics/apps/app13/demo/service/target/surefire/surefirebooter6492169491816743892.jar /home/marley/projects/dev/diasoft/diasoft-microservices-spring-basics/apps/app13/demo/service/target/surefire 2022-07-01T03-20-13_158-jvmRun1 surefire4562208420638724351tmp surefire_01076936099079699269tmp"/>
    <property name="test" value="ru.diasoft.micro.repository.SmsVerificationRepositoryTest"/>
    <property name="surefire.test.class.path" value="/home/marley/projects/dev/diasoft/diasoft-microservices-spring-basics/apps/app13/demo/service/target/test-classes:/home/marley/projects/dev/diasoft/diasoft-microservices-spring-basics/apps/app13/demo/service/target/classes:/home/marley/.m2/repository/org/springframework/boot/spring-boot-starter/2.5.4/spring-boot-starter-2.5.4.jar:/home/marley/.m2/repository/org/springframework/boot/spring-boot/2.5.4/spring-boot-2.5.4.jar:/home/marley/.m2/repository/org/springframework/spring-context/5.3.9/spring-context-5.3.9.jar:/home/marley/.m2/repository/org/springframework/boot/spring-boot-autoconfigure/2.5.4/spring-boot-autoconfigure-2.5.4.jar:/home/marley/.m2/repository/jakarta/annotation/jakarta.annotation-api/1.3.5/jakarta.annotation-api-1.3.5.jar:/home/marley/.m2/repository/org/springframework/spring-core/5.3.9/spring-core-5.3.9.jar:/home/marley/.m2/repository/org/springframework/spring-jcl/5.3.9/spring-jcl-5.3.9.jar:/home/marley/.m2/repository/org/yaml/snakeyaml/1.28/snakeyaml-1.28.jar:/home/marley/.m2/repository/ru/diasoft/micro/core-starter/2.05.01-22060801/core-starter-2.05.01-22060801.jar:/home/marley/.m2/repository/org/springframework/boot/spring-boot-starter-json/2.5.4/spring-boot-starter-json-2.5.4.jar:/home/marley/.m2/repository/com/fasterxml/jackson/datatype/jackson-datatype-jdk8/2.12.4/jackson-datatype-jdk8-2.12.4.jar:/home/marley/.m2/repository/com/fasterxml/jackson/datatype/jackson-datatype-jsr310/2.12.4/jackson-datatype-jsr310-2.12.4.jar:/home/marley/.m2/repository/com/fasterxml/jackson/module/jackson-module-parameter-names/2.12.4/jackson-module-parameter-names-2.12.4.jar:/home/marley/.m2/repository/org/springframework/cloud/spring-cloud-starter-oauth2/2.2.2.RELEASE/spring-cloud-starter-oauth2-2.2.2.RELEASE.jar:/home/marley/.m2/repository/org/springframework/cloud/spring-cloud-starter-security/2.2.2.RELEASE/spring-cloud-starter-security-2.2.2.RELEASE.jar:/home/marley/.m2/repository/org/springframework/cloud/spring-cloud-security/2.2.2.RELEASE/spring-cloud-security-2.2.2.RELEASE.jar:/home/marley/.m2/repository/org/springframework/boot/spring-boot-starter-security/2.5.4/spring-boot-starter-security-2.5.4.jar:/home/marley/.m2/repository/ru/diasoft/digitalq/dslogging-spring-boot-starter/1.06.05-22060901/dslogging-spring-boot-starter-1.06.05-22060901.jar:/home/marley/.m2/repository/ru/diasoft/digitalq/dslogging/1.06.05-22060901/dslogging-1.06.05-22060901.jar:/home/marley/.m2/repository/ru/diasoft/digitalq/dslogging-log4j2/1.06.05-22060901/dslogging-log4j2-1.06.05-22060901.jar:/home/marley/.m2/repository/ru/diasoft/flextera/dstrace/4.01.04-22010401/dstrace-4.01.04-22010401.jar:/home/marley/.m2/repository/commons-io/commons-io/2.5/commons-io-2.5.jar:/home/marley/.m2/repository/com/lmax/disruptor/3.4.2/disruptor-3.4.2.jar:/home/marley/.m2/repository/biz/paluch/logging/logstash-gelf/1.14.0/logstash-gelf-1.14.0.jar:/home/marley/.m2/repository/org/apache/logging/log4j/log4j-api/2.17.1/log4j-api-2.17.1.jar:/home/marley/.m2/repository/org/apache/logging/log4j/log4j-slf4j-impl/2.17.1/log4j-slf4j-impl-2.17.1.jar:/home/marley/.m2/repository/org/apache/logging/log4j/log4j-jul/2.17.1/log4j-jul-2.17.1.jar:/home/marley/.m2/repository/org/apache/logging/log4j/log4j-spring-cloud-config-client/2.17.1/log4j-spring-cloud-config-client-2.17.1.jar:/home/marley/.m2/repository/org/apache/logging/log4j/log4j-spring-boot/2.17.1/log4j-spring-boot-2.17.1.jar:/home/marley/.m2/repository/org/springframework/cloud/spring-cloud-starter-bootstrap/3.0.3/spring-cloud-starter-bootstrap-3.0.3.jar:/home/marley/.m2/repository/org/springframework/cloud/spring-cloud-config-client/3.0.4/spring-cloud-config-client-3.0.4.jar:/home/marley/.m2/repository/commons-logging/commons-logging/1.2/commons-logging-1.2.jar:/home/marley/.m2/repository/org/apache/logging/log4j/log4j-docker/2.17.1/log4j-docker-2.17.1.jar:/home/marley/.m2/repository/org/apache/commons/commons-lang3/3.12.0/commons-lang3-3.12.0.jar:/home/marley/.m2/repository/ru/diasoft/micro/jpa-starter/2.05.01-22060801/jpa-starter-2.05.01-22060801.jar:/home/marley/.m2/repository/org/springframework/boot/spring-boot-starter-data-jpa/2.5.4/spring-boot-starter-data-jpa-2.5.4.jar:/home/marley/.m2/repository/org/springframework/boot/spring-boot-starter-jdbc/2.5.4/spring-boot-starter-jdbc-2.5.4.jar:/home/marley/.m2/repository/org/springframework/spring-jdbc/5.3.9/spring-jdbc-5.3.9.jar:/home/marley/.m2/repository/jakarta/transaction/jakarta.transaction-api/1.3.3/jakarta.transaction-api-1.3.3.jar:/home/marley/.m2/repository/jakarta/persistence/jakarta.persistence-api/2.2.3/jakarta.persistence-api-2.2.3.jar:/home/marley/.m2/repository/org/hibernate/hibernate-core/5.4.32.Final/hibernate-core-5.4.32.Final.jar:/home/marley/.m2/repository/org/jboss/logging/jboss-logging/3.4.2.Final/jboss-logging-3.4.2.Final.jar:/home/marley/.m2/repository/org/javassist/javassist/3.23.2-GA/javassist-3.23.2-GA.jar:/home/marley/.m2/repository/antlr/antlr/2.7.7/antlr-2.7.7.jar:/home/marley/.m2/repository/org/jboss/jandex/2.2.3.Final/jandex-2.2.3.Final.jar:/home/marley/.m2/repository/org/dom4j/dom4j/2.1.3/dom4j-2.1.3.jar:/home/marley/.m2/repository/org/hibernate/common/hibernate-commons-annotations/5.1.2.Final/hibernate-commons-annotations-5.1.2.Final.jar:/home/marley/.m2/repository/org/springframework/data/spring-data-jpa/2.5.4/spring-data-jpa-2.5.4.jar:/home/marley/.m2/repository/org/springframework/data/spring-data-commons/2.5.4/spring-data-commons-2.5.4.jar:/home/marley/.m2/repository/org/springframework/spring-orm/5.3.9/spring-orm-5.3.9.jar:/home/marley/.m2/repository/ru/diasoft/flextera/dstrace-spring-boot-starter-jpa/4.01.04-22010401/dstrace-spring-boot-starter-jpa-4.01.04-22010401.jar:/home/marley/.m2/repository/ru/diasoft/flextera/dstrace-spring-boot-starter/4.01.04-22010401/dstrace-spring-boot-starter-4.01.04-22010401.jar:/home/marley/.m2/repository/ru/diasoft/flextera/dstrace-brave/4.01.04-22010401/dstrace-brave-4.01.04-22010401.jar:/home/marley/.m2/repository/io/zipkin/brave/brave/5.13.2/brave-5.13.2.jar:/home/marley/.m2/repository/io/zipkin/reporter2/zipkin-reporter-brave/2.16.1/zipkin-reporter-brave-2.16.1.jar:/home/marley/.m2/repository/org/springframework/cloud/spring-cloud-starter-zipkin/2.2.3.RELEASE/spring-cloud-starter-zipkin-2.2.3.RELEASE.jar:/home/marley/.m2/repository/org/springframework/cloud/spring-cloud-starter-sleuth/3.0.3/spring-cloud-starter-sleuth-3.0.3.jar:/home/marley/.m2/repository/org/springframework/cloud/spring-cloud-sleuth-autoconfigure/3.0.3/spring-cloud-sleuth-autoconfigure-3.0.3.jar:/home/marley/.m2/repository/org/aspectj/aspectjrt/1.9.7/aspectjrt-1.9.7.jar:/home/marley/.m2/repository/org/springframework/cloud/spring-cloud-sleuth-brave/3.0.3/spring-cloud-sleuth-brave-3.0.3.jar:/home/marley/.m2/repository/io/zipkin/brave/brave-context-slf4j/5.13.2/brave-context-slf4j-5.13.2.jar:/home/marley/.m2/repository/io/zipkin/brave/brave-instrumentation-messaging/5.13.2/brave-instrumentation-messaging-5.13.2.jar:/home/marley/.m2/repository/io/zipkin/brave/brave-instrumentation-rpc/5.13.2/brave-instrumentation-rpc-5.13.2.jar:/home/marley/.m2/repository/io/zipkin/brave/brave-instrumentation-spring-rabbit/5.13.2/brave-instrumentation-spring-rabbit-5.13.2.jar:/home/marley/.m2/repository/io/zipkin/brave/brave-instrumentation-kafka-clients/5.13.2/brave-instrumentation-kafka-clients-5.13.2.jar:/home/marley/.m2/repository/io/zipkin/brave/brave-instrumentation-kafka-streams/5.13.2/brave-instrumentation-kafka-streams-5.13.2.jar:/home/marley/.m2/repository/io/zipkin/brave/brave-instrumentation-httpclient/5.13.2/brave-instrumentation-httpclient-5.13.2.jar:/home/marley/.m2/repository/io/zipkin/brave/brave-instrumentation-http/5.13.2/brave-instrumentation-http-5.13.2.jar:/home/marley/.m2/repository/io/zipkin/brave/brave-instrumentation-httpasyncclient/5.13.2/brave-instrumentation-httpasyncclient-5.13.2.jar:/home/marley/.m2/repository/io/zipkin/brave/brave-instrumentation-jms/5.13.2/brave-instrumentation-jms-5.13.2.jar:/home/marley/.m2/repository/io/zipkin/brave/brave-instrumentation-mongodb/5.13.2/brave-instrumentation-mongodb-5.13.2.jar:/home/marley/.m2/repository/io/zipkin/aws/brave-propagation-aws/0.21.3/brave-propagation-aws-0.21.3.jar:/home/marley/.m2/repository/io/zipkin/reporter2/zipkin-reporter-metrics-micrometer/2.16.1/zipkin-reporter-metrics-micrometer-2.16.1.jar:/home/marley/.m2/repository/org/springframework/cloud/spring-cloud-sleuth-zipkin/3.0.3/spring-cloud-sleuth-zipkin-3.0.3.jar:/home/marley/.m2/repository/org/springframework/cloud/spring-cloud-sleuth-instrumentation/3.0.3/spring-cloud-sleuth-instrumentation-3.0.3.jar:/home/marley/.m2/repository/org/springframework/cloud/spring-cloud-sleuth-api/3.0.3/spring-cloud-sleuth-api-3.0.3.jar:/home/marley/.m2/repository/io/zipkin/zipkin2/zipkin/2.23.0/zipkin-2.23.0.jar:/home/marley/.m2/repository/io/zipkin/reporter2/zipkin-reporter/2.16.1/zipkin-reporter-2.16.1.jar:/home/marley/.m2/repository/io/zipkin/reporter2/zipkin-sender-kafka/2.16.1/zipkin-sender-kafka-2.16.1.jar:/home/marley/.m2/repository/io/zipkin/reporter2/zipkin-sender-activemq-client/2.16.1/zipkin-sender-activemq-client-2.16.1.jar:/home/marley/.m2/repository/io/zipkin/reporter2/zipkin-sender-amqp-client/2.16.1/zipkin-sender-amqp-client-2.16.1.jar:/home/marley/.m2/repository/net/ttddyy/datasource-proxy/1.7/datasource-proxy-1.7.jar:/home/marley/.m2/repository/com/querydsl/querydsl-apt/4.4.0/querydsl-apt-4.4.0.jar:/home/marley/.m2/repository/com/querydsl/querydsl-jpa/4.4.0/querydsl-jpa-4.4.0.jar:/home/marley/.m2/repository/com/querydsl/querydsl-core/4.4.0/querydsl-core-4.4.0.jar:/home/marley/.m2/repository/com/mysema/commons/mysema-commons-lang/0.2.4/mysema-commons-lang-0.2.4.jar:/home/marley/.m2/repository/com/infradna/tool/bridge-method-annotation/1.13/bridge-method-annotation-1.13.jar:/home/marley/.m2/repository/javax/inject/javax.inject/1/javax.inject-1.jar:/home/marley/.m2/repository/com/querydsl/querydsl-codegen/4.2.2/querydsl-codegen-4.2.2.jar:/home/marley/.m2/repository/com/mysema/codegen/codegen/0.6.8/codegen-0.6.8.jar:/home/marley/.m2/repository/org/eclipse/jdt/core/compiler/ecj/4.3.1/ecj-4.3.1.jar:/home/marley/.m2/repository/org/reflections/reflections/0.9.9/reflections-0.9.9.jar:/home/marley/.m2/repository/com/google/code/findbugs/annotations/2.0.1/annotations-2.0.1.jar:/home/marley/.m2/repository/ru/diasoft/micro/mdp/lib/mdpquerydsl/9.04.06-21060101/mdpquerydsl-9.04.06-21060101.jar:/home/marley/.m2/repository/com/querydsl/querydsl-collections/4.4.0/querydsl-collections-4.4.0.jar:/home/marley/.m2/repository/org/apache/commons/commons-collections4/4.3/commons-collections4-4.3.jar:/home/marley/.m2/repository/com/google/guava/guava/29.0-android/guava-29.0-android.jar:/home/marley/.m2/repository/com/google/guava/failureaccess/1.0.1/failureaccess-1.0.1.jar:/home/marley/.m2/repository/com/google/guava/listenablefuture/9999.0-empty-to-avoid-conflict-with-guava/listenablefuture-9999.0-empty-to-avoid-conflict-with-guava.jar:/home/marley/.m2/repository/org/checkerframework/checker-compat-qual/2.5.5/checker-compat-qual-2.5.5.jar:/home/marley/.m2/repository/com/google/errorprone/error_prone_annotations/2.3.4/error_prone_annotations-2.3.4.jar:/home/marley/.m2/repository/com/google/j2objc/j2objc-annotations/1.3/j2objc-annotations-1.3.jar:/home/marley/.m2/repository/org/postgresql/postgresql/42.3.3/postgresql-42.3.3.jar:/home/marley/.m2/repository/org/checkerframework/checker-qual/3.5.0/checker-qual-3.5.0.jar:/home/marley/.m2/repository/net/sourceforge/jtds/jtds/1.3.1/jtds-1.3.1.jar:/home/marley/.m2/repository/com/oracle/database/jdbc/ojdbc8/21.4.0.0.1/ojdbc8-21.4.0.0.1.jar:/home/marley/.m2/repository/com/oracle/ojdbc/orai18n/19.3.0.0/orai18n-19.3.0.0.jar:/home/marley/.m2/repository/com/oracle/database/nls/orai18n/21.4.0.0.1/orai18n-21.4.0.0.1.jar:/home/marley/.m2/repository/ru/diasoft/micro/stream-kafka-starter/2.05.01-22060801/stream-kafka-starter-2.05.01-22060801.jar:/home/marley/.m2/repository/org/springframework/cloud/spring-cloud-starter-stream-kafka/3.1.3/spring-cloud-starter-stream-kafka-3.1.3.jar:/home/marley/.m2/repository/org/springframework/cloud/spring-cloud-stream-binder-kafka/3.1.3/spring-cloud-stream-binder-kafka-3.1.3.jar:/home/marley/.m2/repository/org/springframework/cloud/spring-cloud-stream-binder-kafka-core/3.1.3/spring-cloud-stream-binder-kafka-core-3.1.3.jar:/home/marley/.m2/repository/org/springframework/integration/spring-integration-kafka/5.5.3/spring-integration-kafka-5.5.3.jar:/home/marley/.m2/repository/org/springframework/cloud/spring-cloud-stream/3.1.3/spring-cloud-stream-3.1.3.jar:/home/marley/.m2/repository/org/springframework/integration/spring-integration-core/5.5.3/spring-integration-core-5.5.3.jar:/home/marley/.m2/repository/org/springframework/integration/spring-integration-jmx/5.5.3/spring-integration-jmx-5.5.3.jar:/home/marley/.m2/repository/org/springframework/cloud/spring-cloud-function-context/3.1.3/spring-cloud-function-context-3.1.3.jar:/home/marley/.m2/repository/net/jodah/typetools/0.6.2/typetools-0.6.2.jar:/home/marley/.m2/repository/org/springframework/cloud/spring-cloud-function-core/3.1.3/spring-cloud-function-core-3.1.3.jar:/home/marley/.m2/repository/ru/diasoft/flextera/dstrace-spring-boot-starter-cloud-stream/4.01.04-22010401/dstrace-spring-boot-starter-cloud-stream-4.01.04-22010401.jar:/home/marley/.m2/repository/ru/diasoft/micro/feign-starter/2.05.01-22060801/feign-starter-2.05.01-22060801.jar:/home/marley/.m2/repository/org/springframework/cloud/spring-cloud-starter-openfeign/3.0.3/spring-cloud-starter-openfeign-3.0.3.jar:/home/marley/.m2/repository/org/springframework/cloud/spring-cloud-openfeign-core/3.0.3/spring-cloud-openfeign-core-3.0.3.jar:/home/marley/.m2/repository/io/github/openfeign/form/feign-form-spring/3.8.0/feign-form-spring-3.8.0.jar:/home/marley/.m2/repository/io/github/openfeign/form/feign-form/3.8.0/feign-form-3.8.0.jar:/home/marley/.m2/repository/commons-fileupload/commons-fileupload/1.4/commons-fileupload-1.4.jar:/home/marley/.m2/repository/org/springframework/cloud/spring-cloud-commons/3.0.3/spring-cloud-commons-3.0.3.jar:/home/marley/.m2/repository/io/github/openfeign/feign-core/10.12/feign-core-10.12.jar:/home/marley/.m2/repository/io/github/openfeign/feign-slf4j/10.12/feign-slf4j-10.12.jar:/home/marley/.m2/repository/ru/diasoft/flextera/dstrace-spring-boot-starter-feign/4.01.04-22010401/dstrace-spring-boot-starter-feign-4.01.04-22010401.jar:/home/marley/.m2/repository/ru/diasoft/micro/mdp/lib/mdpribbon/9.05.01-22061501-spring-254/mdpribbon-9.05.01-22061501-spring-254.jar:/home/marley/.m2/repository/ru/diasoft/micro/mdp/lib/mdpcache/9.05.01-21122301/mdpcache-9.05.01-21122301.jar:/home/marley/.m2/repository/org/springframework/cloud/spring-cloud-loadbalancer/3.0.3/spring-cloud-loadbalancer-3.0.3.jar:/home/marley/.m2/repository/org/springframework/cloud/spring-cloud-context/3.0.3/spring-cloud-context-3.0.3.jar:/home/marley/.m2/repository/org/springframework/boot/spring-boot-starter-validation/2.5.4/spring-boot-starter-validation-2.5.4.jar:/home/marley/.m2/repository/org/apache/tomcat/embed/tomcat-embed-el/9.0.52/tomcat-embed-el-9.0.52.jar:/home/marley/.m2/repository/org/hibernate/validator/hibernate-validator/6.2.0.Final/hibernate-validator-6.2.0.Final.jar:/home/marley/.m2/repository/jakarta/validation/jakarta.validation-api/2.0.2/jakarta.validation-api-2.0.2.jar:/home/marley/.m2/repository/io/projectreactor/reactor-core/3.4.9/reactor-core-3.4.9.jar:/home/marley/.m2/repository/org/reactivestreams/reactive-streams/1.0.3/reactive-streams-1.0.3.jar:/home/marley/.m2/repository/io/projectreactor/addons/reactor-extra/3.4.4/reactor-extra-3.4.4.jar:/home/marley/.m2/repository/org/springframework/cloud/spring-cloud-netflix-eureka-client/3.0.3/spring-cloud-netflix-eureka-client-3.0.3.jar:/home/marley/.m2/repository/com/netflix/eureka/eureka-client/1.10.14/eureka-client-1.10.14.jar:/home/marley/.m2/repository/com/netflix/netflix-commons/netflix-eventbus/0.3.0/netflix-eventbus-0.3.0.jar:/home/marley/.m2/repository/com/netflix/netflix-commons/netflix-infix/0.3.0/netflix-infix-0.3.0.jar:/home/marley/.m2/repository/commons-jxpath/commons-jxpath/1.3/commons-jxpath-1.3.jar:/home/marley/.m2/repository/org/antlr/antlr-runtime/3.4/antlr-runtime-3.4.jar:/home/marley/.m2/repository/org/antlr/stringtemplate/3.2.1/stringtemplate-3.2.1.jar:/home/marley/.m2/repository/org/apache/commons/commons-math/2.2/commons-math-2.2.jar:/home/marley/.m2/repository/com/thoughtworks/xstream/xstream/1.4.18/xstream-1.4.18.jar:/home/marley/.m2/repository/io/github/x-stream/mxparser/1.2.2/mxparser-1.2.2.jar:/home/marley/.m2/repository/xmlpull/xmlpull/1.1.3.1/xmlpull-1.1.3.1.jar:/home/marley/.m2/repository/javax/ws/rs/jsr311-api/1.1.1/jsr311-api-1.1.1.jar:/home/marley/.m2/repository/com/netflix/servo/servo-core/0.12.21/servo-core-0.12.21.jar:/home/marley/.m2/repository/com/sun/jersey/jersey-core/1.19.4/jersey-core-1.19.4.jar:/home/marley/.m2/repository/com/sun/jersey/jersey-client/1.19.4/jersey-client-1.19.4.jar:/home/marley/.m2/repository/com/sun/jersey/contribs/jersey-apache-client4/1.19.1/jersey-apache-client4-1.19.1.jar:/home/marley/.m2/repository/commons-configuration/commons-configuration/1.10/commons-configuration-1.10.jar:/home/marley/.m2/repository/commons-lang/commons-lang/2.6/commons-lang-2.6.jar:/home/marley/.m2/repository/com/google/inject/guice/4.1.0/guice-4.1.0.jar:/home/marley/.m2/repository/aopalliance/aopalliance/1.0/aopalliance-1.0.jar:/home/marley/.m2/repository/com/fasterxml/jackson/core/jackson-core/2.12.4/jackson-core-2.12.4.jar:/home/marley/.m2/repository/org/codehaus/jettison/jettison/1.4.0/jettison-1.4.0.jar:/home/marley/.m2/repository/io/kubernetes/client-java/8.0.2/client-java-8.0.2.jar:/home/marley/.m2/repository/io/kubernetes/client-java-api/8.0.2/client-java-api-8.0.2.jar:/home/marley/.m2/repository/io/sundr/builder-annotations/0.21.0/builder-annotations-0.21.0.jar:/home/marley/.m2/repository/io/sundr/sundr-core/0.21.0/sundr-core-0.21.0.jar:/home/marley/.m2/repository/io/sundr/sundr-codegen/0.21.0/sundr-codegen-0.21.0.jar:/home/marley/.m2/repository/io/sundr/resourcecify-annotations/0.21.0/resourcecify-annotations-0.21.0.jar:/home/marley/.m2/repository/javax/annotation/javax.annotation-api/1.3.2/javax.annotation-api-1.3.2.jar:/home/marley/.m2/repository/io/swagger/swagger-annotations/1.5.22/swagger-annotations-1.5.22.jar:/home/marley/.m2/repository/com/squareup/okhttp3/okhttp/3.14.9/okhttp-3.14.9.jar:/home/marley/.m2/repository/com/squareup/okio/okio/1.17.2/okio-1.17.2.jar:/home/marley/.m2/repository/com/squareup/okhttp3/logging-interceptor/3.14.9/logging-interceptor-3.14.9.jar:/home/marley/.m2/repository/com/google/code/gson/gson/2.8.7/gson-2.8.7.jar:/home/marley/.m2/repository/io/gsonfire/gson-fire/1.8.3/gson-fire-1.8.3.jar:/home/marley/.m2/repository/joda-time/joda-time/2.10.5/joda-time-2.10.5.jar:/home/marley/.m2/repository/org/joda/joda-convert/1.2/joda-convert-1.2.jar:/home/marley/.m2/repository/io/kubernetes/client-java-proto/8.0.2/client-java-proto-8.0.2.jar:/home/marley/.m2/repository/org/apache/commons/commons-compress/1.19/commons-compress-1.19.jar:/home/marley/.m2/repository/org/bouncycastle/bcprov-ext-jdk15on/1.64/bcprov-ext-jdk15on-1.64.jar:/home/marley/.m2/repository/org/bouncycastle/bcpkix-jdk15on/1.60/bcpkix-jdk15on-1.60.jar:/home/marley/.m2/repository/org/bouncycastle/bcprov-jdk15on/1.60/bcprov-jdk15on-1.60.jar:/home/marley/.m2/repository/com/google/protobuf/protobuf-java/3.11.4/protobuf-java-3.11.4.jar:/home/marley/.m2/repository/org/bitbucket/b_c/jose4j/0.7.0/jose4j-0.7.0.jar:/home/marley/.m2/repository/org/apache/logging/log4j/log4j-core/2.17.1/log4j-core-2.17.1.jar:/home/marley/.m2/repository/org/apache/httpcomponents/httpclient/4.5.13/httpclient-4.5.13.jar:/home/marley/.m2/repository/org/apache/httpcomponents/httpcore/4.4.14/httpcore-4.4.14.jar:/home/marley/.m2/repository/org/projectlombok/lombok/1.18.20/lombok-1.18.20.jar:/home/marley/.m2/repository/ru/diasoft/digitalq/libs/dqapiexception/1.03.01-21041301/dqapiexception-1.03.01-21041301.jar:/home/marley/.m2/repository/org/springframework/spring-web/5.3.9/spring-web-5.3.9.jar:/home/marley/.m2/repository/org/springframework/spring-beans/5.3.9/spring-beans-5.3.9.jar:/home/marley/.m2/repository/com/fasterxml/jackson/core/jackson-databind/2.12.4/jackson-databind-2.12.4.jar:/home/marley/.m2/repository/javax/validation/validation-api/2.0.1.Final/validation-api-2.0.1.Final.jar:/home/marley/.m2/repository/ru/diasoft/micro/mdp/lib/qpermissioncontrol/9.08.01-22061701/qpermissioncontrol-9.08.01-22061701.jar:/home/marley/.m2/repository/org/springframework/boot/spring-boot-starter-web/2.5.4/spring-boot-starter-web-2.5.4.jar:/home/marley/.m2/repository/org/springframework/boot/spring-boot-starter-tomcat/2.5.4/spring-boot-starter-tomcat-2.5.4.jar:/home/marley/.m2/repository/org/apache/tomcat/embed/tomcat-embed-core/9.0.52/tomcat-embed-core-9.0.52.jar:/home/marley/.m2/repository/org/apache/tomcat/embed/tomcat-embed-websocket/9.0.52/tomcat-embed-websocket-9.0.52.jar:/home/marley/.m2/repository/org/springframework/spring-webmvc/5.3.9/spring-webmvc-5.3.9.jar:/home/marley/.m2/repository/com/fasterxml/jackson/core/jackson-annotations/2.12.4/jackson-annotations-2.12.4.jar:/home/marley/.m2/repository/com/googlecode/json-simple/json-simple/1.1.1/json-simple-1.1.1.jar:/home/marley/.m2/repository/org/json/json/20190722/json-20190722.jar:/home/marley/.m2/repository/ru/diasoft/micro/mdp/lib/mdpexception/9.10.01-astra-22062201/mdpexception-9.10.01-astra-22062201.jar:/home/marley/.m2/repository/ru/diasoft/micro/mdp/lib/mdpid/9.07.01-22042201/mdpid-9.07.01-22042201.jar:/home/marley/.m2/repository/org/wso2/balana/org.wso2.balana/1.2.12.1/org.wso2.balana-1.2.12.1.jar:/home/marley/.m2/repository/org/wso2/balana/org.wso2.balana.utils/1.2.12.1/org.wso2.balana.utils-1.2.12.1.jar:/home/marley/.m2/repository/org/ops4j/pax/logging/pax-logging-api/1.10.1/pax-logging-api-1.10.1.jar:/home/marley/.m2/repository/xerces/wso2/xercesImpl/2.8.1.wso2v2/xercesImpl-2.8.1.wso2v2.jar:/home/marley/.m2/repository/ru/diasoft/micro/mdp/lib/mdpauditlib/9.05.01-21122301/mdpauditlib-9.05.01-21122301.jar:/home/marley/.m2/repository/org/springframework/boot/spring-boot-starter-aop/2.5.4/spring-boot-starter-aop-2.5.4.jar:/home/marley/.m2/repository/org/springframework/spring-aop/5.3.9/spring-aop-5.3.9.jar:/home/marley/.m2/repository/commons-codec/commons-codec/1.15/commons-codec-1.15.jar:/home/marley/.m2/repository/com/ctc/wstx/stax/stax2-api/3.0.2/stax2-api-3.0.2.jar:/home/marley/.m2/repository/com/ctc/wstx/stax/woodstox-core-asl/4.0.8/woodstox-core-asl-4.0.8.jar:/home/marley/.m2/repository/ru/diasoft/micro/mdp/lib/mdpversionslib/9.05.01-21122301/mdpversionslib-9.05.01-21122301.jar:/home/marley/.m2/repository/org/springframework/boot/spring-boot-devtools/2.5.4/spring-boot-devtools-2.5.4.jar:/home/marley/.m2/repository/ru/diasoft/micro/micrometer-starter/2.05.01-22060801/micrometer-starter-2.05.01-22060801.jar:/home/marley/.m2/repository/io/micrometer/micrometer-core/1.7.3/micrometer-core-1.7.3.jar:/home/marley/.m2/repository/org/hdrhistogram/HdrHistogram/2.1.11/HdrHistogram-2.1.11.jar:/home/marley/.m2/repository/org/latencyutils/LatencyUtils/2.0.3/LatencyUtils-2.0.3.jar:/home/marley/.m2/repository/io/micrometer/micrometer-registry-prometheus/1.7.3/micrometer-registry-prometheus-1.7.3.jar:/home/marley/.m2/repository/io/prometheus/simpleclient_common/0.10.0/simpleclient_common-0.10.0.jar:/home/marley/.m2/repository/io/prometheus/simpleclient/0.10.0/simpleclient-0.10.0.jar:/home/marley/.m2/repository/org/mapstruct/mapstruct/1.3.1.Final/mapstruct-1.3.1.Final.jar:/home/marley/.m2/repository/org/junit/vintage/junit-vintage-engine/5.7.2/junit-vintage-engine-5.7.2.jar:/home/marley/.m2/repository/org/apiguardian/apiguardian-api/1.1.0/apiguardian-api-1.1.0.jar:/home/marley/.m2/repository/org/junit/platform/junit-platform-engine/1.7.2/junit-platform-engine-1.7.2.jar:/home/marley/.m2/repository/org/opentest4j/opentest4j/1.2.0/opentest4j-1.2.0.jar:/home/marley/.m2/repository/org/junit/platform/junit-platform-commons/1.7.2/junit-platform-commons-1.7.2.jar:/home/marley/.m2/repository/junit/junit/4.13.2/junit-4.13.2.jar:/home/marley/.m2/repository/org/springframework/boot/spring-boot-starter-test/2.5.4/spring-boot-starter-test-2.5.4.jar:/home/marley/.m2/repository/org/springframework/boot/spring-boot-test/2.5.4/spring-boot-test-2.5.4.jar:/home/marley/.m2/repository/org/springframework/boot/spring-boot-test-autoconfigure/2.5.4/spring-boot-test-autoconfigure-2.5.4.jar:/home/marley/.m2/repository/com/jayway/jsonpath/json-path/2.5.0/json-path-2.5.0.jar:/home/marley/.m2/repository/net/minidev/json-smart/2.4.7/json-smart-2.4.7.jar:/home/marley/.m2/repository/net/minidev/accessors-smart/2.4.7/accessors-smart-2.4.7.jar:/home/marley/.m2/repository/org/ow2/asm/asm/7.1/asm-7.1.jar:/home/marley/.m2/repository/jakarta/xml/bind/jakarta.xml.bind-api/2.3.3/jakarta.xml.bind-api-2.3.3.jar:/home/marley/.m2/repository/jakarta/activation/jakarta.activation-api/1.2.2/jakarta.activation-api-1.2.2.jar:/home/marley/.m2/repository/org/assertj/assertj-core/3.19.0/assertj-core-3.19.0.jar:/home/marley/.m2/repository/org/hamcrest/hamcrest/2.2/hamcrest-2.2.jar:/home/marley/.m2/repository/org/junit/jupiter/junit-jupiter/5.7.2/junit-jupiter-5.7.2.jar:/home/marley/.m2/repository/org/junit/jupiter/junit-jupiter-api/5.7.2/junit-jupiter-api-5.7.2.jar:/home/marley/.m2/repository/org/junit/jupiter/junit-jupiter-params/5.7.2/junit-jupiter-params-5.7.2.jar:/home/marley/.m2/repository/org/junit/jupiter/junit-jupiter-engine/5.7.2/junit-jupiter-engine-5.7.2.jar:/home/marley/.m2/repository/org/mockito/mockito-core/3.9.0/mockito-core-3.9.0.jar:/home/marley/.m2/repository/net/bytebuddy/byte-buddy/1.10.22/byte-buddy-1.10.22.jar:/home/marley/.m2/repository/net/bytebuddy/byte-buddy-agent/1.10.22/byte-buddy-agent-1.10.22.jar:/home/marley/.m2/repository/org/objenesis/objenesis/3.2/objenesis-3.2.jar:/home/marley/.m2/repository/org/mockito/mockito-junit-jupiter/3.9.0/mockito-junit-jupiter-3.9.0.jar:/home/marley/.m2/repository/org/skyscreamer/jsonassert/1.5.0/jsonassert-1.5.0.jar:/home/marley/.m2/repository/com/vaadin/external/google/android-json/0.0.20131108.vaadin1/android-json-0.0.20131108.vaadin1.jar:/home/marley/.m2/repository/org/springframework/spring-test/5.3.9/spring-test-5.3.9.jar:/home/marley/.m2/repository/org/xmlunit/xmlunit-core/2.8.2/xmlunit-core-2.8.2.jar:/home/marley/.m2/repository/org/springframework/cloud/spring-cloud-starter-netflix-eureka-server/3.0.3/spring-cloud-starter-netflix-eureka-server-3.0.3.jar:/home/marley/.m2/repository/org/springframework/cloud/spring-cloud-starter/3.0.3/spring-cloud-starter-3.0.3.jar:/home/marley/.m2/repository/org/springframework/security/spring-security-rsa/1.0.10.RELEASE/spring-security-rsa-1.0.10.RELEASE.jar:/home/marley/.m2/repository/org/springframework/cloud/spring-cloud-netflix-eureka-server/3.0.3/spring-cloud-netflix-eureka-server-3.0.3.jar:/home/marley/.m2/repository/org/springframework/boot/spring-boot-starter-freemarker/2.5.4/spring-boot-starter-freemarker-2.5.4.jar:/home/marley/.m2/repository/org/freemarker/freemarker/2.3.31/freemarker-2.3.31.jar:/home/marley/.m2/repository/org/springframework/spring-context-support/5.3.9/spring-context-support-5.3.9.jar:/home/marley/.m2/repository/com/sun/jersey/jersey-servlet/1.19.4/jersey-servlet-1.19.4.jar:/home/marley/.m2/repository/com/sun/jersey/jersey-server/1.19.4/jersey-server-1.19.4.jar:/home/marley/.m2/repository/com/netflix/eureka/eureka-core/1.10.14/eureka-core-1.10.14.jar:/home/marley/.m2/repository/com/fasterxml/woodstox/woodstox-core/6.1.1/woodstox-core-6.1.1.jar:/home/marley/.m2/repository/com/fasterxml/jackson/dataformat/jackson-dataformat-xml/2.12.4/jackson-dataformat-xml-2.12.4.jar:/home/marley/.m2/repository/com/fasterxml/jackson/module/jackson-module-jaxb-annotations/2.12.4/jackson-module-jaxb-annotations-2.12.4.jar:/home/marley/.m2/repository/org/codehaus/woodstox/stax2-api/4.2/stax2-api-4.2.jar:/home/marley/.m2/repository/org/springframework/cloud/spring-cloud-starter-loadbalancer/3.0.3/spring-cloud-starter-loadbalancer-3.0.3.jar:/home/marley/.m2/repository/org/springframework/boot/spring-boot-starter-cache/2.5.4/spring-boot-starter-cache-2.5.4.jar:/home/marley/.m2/repository/com/stoyanr/evictor/1.0.0/evictor-1.0.0.jar:/home/marley/.m2/repository/org/glassfish/jaxb/jaxb-runtime/2.3.5/jaxb-runtime-2.3.5.jar:/home/marley/.m2/repository/org/glassfish/jaxb/txw2/2.3.5/txw2-2.3.5.jar:/home/marley/.m2/repository/com/sun/istack/istack-commons-runtime/3.0.12/istack-commons-runtime-3.0.12.jar:/home/marley/.m2/repository/com/sun/activation/jakarta.activation/1.2.2/jakarta.activation-1.2.2.jar:/home/marley/.m2/repository/org/springframework/security/spring-security-test/5.5.2/spring-security-test-5.5.2.jar:/home/marley/.m2/repository/org/springframework/security/spring-security-core/5.5.2/spring-security-core-5.5.2.jar:/home/marley/.m2/repository/org/springframework/security/spring-security-crypto/5.5.2/spring-security-crypto-5.5.2.jar:/home/marley/.m2/repository/org/springframework/spring-expression/5.3.9/spring-expression-5.3.9.jar:/home/marley/.m2/repository/org/springframework/security/spring-security-web/5.5.2/spring-security-web-5.5.2.jar:/home/marley/.m2/repository/org/liquibase/liquibase-core/4.3.5/liquibase-core-4.3.5.jar:/home/marley/.m2/repository/javax/xml/bind/jaxb-api/2.3.1/jaxb-api-2.3.1.jar:/home/marley/.m2/repository/javax/activation/javax.activation-api/1.2.0/javax.activation-api-1.2.0.jar:/home/marley/.m2/repository/com/h2database/h2/1.4.200/h2-1.4.200.jar:/home/marley/.m2/repository/com/tngtech/archunit/archunit/0.13.1/archunit-0.13.1.jar:/home/marley/.m2/repository/org/slf4j/slf4j-api/1.7.25/slf4j-api-1.7.25.jar:/home/marley/.m2/repository/ru/diasoft/micro/archetype-tests/1.01.07-21072801/archetype-tests-1.01.07-21072801.jar:/home/marley/.m2/repository/ru/diasoft/micro/reactive-starter/1.19.01-21032201/reactive-starter-1.19.01-21032201.jar:/home/marley/.m2/repository/org/springframework/boot/spring-boot-starter-webflux/2.5.4/spring-boot-starter-webflux-2.5.4.jar:/home/marley/.m2/repository/org/springframework/boot/spring-boot-starter-reactor-netty/2.5.4/spring-boot-starter-reactor-netty-2.5.4.jar:/home/marley/.m2/repository/io/projectreactor/netty/reactor-netty-http/1.0.10/reactor-netty-http-1.0.10.jar:/home/marley/.m2/repository/io/netty/netty-codec-http/4.1.67.Final/netty-codec-http-4.1.67.Final.jar:/home/marley/.m2/repository/io/netty/netty-common/4.1.67.Final/netty-common-4.1.67.Final.jar:/home/marley/.m2/repository/io/netty/netty-buffer/4.1.67.Final/netty-buffer-4.1.67.Final.jar:/home/marley/.m2/repository/io/netty/netty-transport/4.1.67.Final/netty-transport-4.1.67.Final.jar:/home/marley/.m2/repository/io/netty/netty-codec/4.1.67.Final/netty-codec-4.1.67.Final.jar:/home/marley/.m2/repository/io/netty/netty-handler/4.1.67.Final/netty-handler-4.1.67.Final.jar:/home/marley/.m2/repository/io/netty/netty-codec-http2/4.1.67.Final/netty-codec-http2-4.1.67.Final.jar:/home/marley/.m2/repository/io/netty/netty-resolver-dns/4.1.67.Final/netty-resolver-dns-4.1.67.Final.jar:/home/marley/.m2/repository/io/netty/netty-resolver/4.1.67.Final/netty-resolver-4.1.67.Final.jar:/home/marley/.m2/repository/io/netty/netty-codec-dns/4.1.67.Final/netty-codec-dns-4.1.67.Final.jar:/home/marley/.m2/repository/io/netty/netty-resolver-dns-native-macos/4.1.67.Final/netty-resolver-dns-native-macos-4.1.67.Final-osx-x86_64.jar:/home/marley/.m2/repository/io/netty/netty-transport-native-unix-common/4.1.67.Final/netty-transport-native-unix-common-4.1.67.Final.jar:/home/marley/.m2/repository/io/netty/netty-transport-native-epoll/4.1.67.Final/netty-transport-native-epoll-4.1.67.Final-linux-x86_64.jar:/home/marley/.m2/repository/io/projectreactor/netty/reactor-netty-core/1.0.10/reactor-netty-core-1.0.10.jar:/home/marley/.m2/repository/io/netty/netty-handler-proxy/4.1.67.Final/netty-handler-proxy-4.1.67.Final.jar:/home/marley/.m2/repository/io/netty/netty-codec-socks/4.1.67.Final/netty-codec-socks-4.1.67.Final.jar:/home/marley/.m2/repository/org/springframework/spring-webflux/5.3.9/spring-webflux-5.3.9.jar:/home/marley/.m2/repository/ru/diasoft/micro/rest-starter/2.05.01-22060801/rest-starter-2.05.01-22060801.jar:/home/marley/.m2/repository/ru/diasoft/flextera/dstrace-spring-boot-starter-rest/4.01.04-22010401/dstrace-spring-boot-starter-rest-4.01.04-22010401.jar:/home/marley/.m2/repository/com/zaxxer/HikariCP/4.0.3/HikariCP-4.0.3.jar:/home/marley/.m2/repository/org/springframework/kafka/spring-kafka/2.7.6/spring-kafka-2.7.6.jar:/home/marley/.m2/repository/org/springframework/spring-messaging/5.3.9/spring-messaging-5.3.9.jar:/home/marley/.m2/repository/org/springframework/spring-tx/5.3.9/spring-tx-5.3.9.jar:/home/marley/.m2/repository/org/springframework/retry/spring-retry/1.3.1/spring-retry-1.3.1.jar:/home/marley/.m2/repository/org/apache/kafka/kafka-clients/2.7.1/kafka-clients-2.7.1.jar:/home/marley/.m2/repository/com/github/luben/zstd-jni/1.4.5-6/zstd-jni-1.4.5-6.jar:/home/marley/.m2/repository/org/lz4/lz4-java/1.7.1/lz4-java-1.7.1.jar:/home/marley/.m2/repository/org/xerial/snappy/snappy-java/1.1.7.7/snappy-java-1.1.7.7.jar:/home/marley/.m2/repository/com/google/code/findbugs/jsr305/1.3.9/jsr305-1.3.9.jar:/home/marley/.m2/repository/org/springframework/boot/spring-boot-starter-actuator/2.5.4/spring-boot-starter-actuator-2.5.4.jar:/home/marley/.m2/repository/org/springframework/boot/spring-boot-actuator-autoconfigure/2.5.4/spring-boot-actuator-autoconfigure-2.5.4.jar:/home/marley/.m2/repository/org/springframework/boot/spring-boot-actuator/2.5.4/spring-boot-actuator-2.5.4.jar:/home/marley/.m2/repository/ru/diasoft/micro/mdp/lib/qoauth/9.07.01-22060601-spring254/qoauth-9.07.01-22060601-spring254.jar:/home/marley/.m2/repository/org/springframework/security/oauth/spring-security-oauth2/2.5.1.RELEASE/spring-security-oauth2-2.5.1.RELEASE.jar:/home/marley/.m2/repository/org/springframework/security/spring-security-config/5.5.2/spring-security-config-5.5.2.jar:/home/marley/.m2/repository/org/springframework/security/oauth/boot/spring-security-oauth2-autoconfigure/2.1.2.RELEASE/spring-security-oauth2-autoconfigure-2.1.2.RELEASE.jar:/home/marley/.m2/repository/com/sun/xml/bind/jaxb-core/2.3.0.1/jaxb-core-2.3.0.1.jar:/home/marley/.m2/repository/com/sun/xml/bind/jaxb-impl/2.3.0.1/jaxb-impl-2.3.0.1.jar:/home/marley/.m2/repository/org/springframework/security/spring-security-jwt/1.0.9.RELEASE/spring-security-jwt-1.0.9.RELEASE.jar:/home/marley/.m2/repository/ru/diasoft/micro/swagger-starter/2.05.01-22060801/swagger-starter-2.05.01-22060801.jar:/home/marley/.m2/repository/io/springfox/springfox-boot-starter/3.0.0/springfox-boot-starter-3.0.0.jar:/home/marley/.m2/repository/io/springfox/springfox-oas/3.0.0/springfox-oas-3.0.0.jar:/home/marley/.m2/repository/io/swagger/core/v3/swagger-annotations/2.1.2/swagger-annotations-2.1.2.jar:/home/marley/.m2/repository/io/swagger/core/v3/swagger-models/2.1.2/swagger-models-2.1.2.jar:/home/marley/.m2/repository/io/springfox/springfox-spi/3.0.0/springfox-spi-3.0.0.jar:/home/marley/.m2/repository/io/springfox/springfox-schema/3.0.0/springfox-schema-3.0.0.jar:/home/marley/.m2/repository/io/springfox/springfox-core/3.0.0/springfox-core-3.0.0.jar:/home/marley/.m2/repository/io/springfox/springfox-spring-web/3.0.0/springfox-spring-web-3.0.0.jar:/home/marley/.m2/repository/io/github/classgraph/classgraph/4.8.83/classgraph-4.8.83.jar:/home/marley/.m2/repository/io/springfox/springfox-spring-webmvc/3.0.0/springfox-spring-webmvc-3.0.0.jar:/home/marley/.m2/repository/io/springfox/springfox-spring-webflux/3.0.0/springfox-spring-webflux-3.0.0.jar:/home/marley/.m2/repository/io/springfox/springfox-swagger-common/3.0.0/springfox-swagger-common-3.0.0.jar:/home/marley/.m2/repository/io/springfox/springfox-data-rest/3.0.0/springfox-data-rest-3.0.0.jar:/home/marley/.m2/repository/io/springfox/springfox-bean-validators/3.0.0/springfox-bean-validators-3.0.0.jar:/home/marley/.m2/repository/io/springfox/springfox-swagger2/3.0.0/springfox-swagger2-3.0.0.jar:/home/marley/.m2/repository/io/swagger/swagger-models/1.5.20/swagger-models-1.5.20.jar:/home/marley/.m2/repository/io/springfox/springfox-swagger-ui/3.0.0/springfox-swagger-ui-3.0.0.jar:/home/marley/.m2/repository/com/fasterxml/classmate/1.5.1/classmate-1.5.1.jar:/home/marley/.m2/repository/org/springframework/plugin/spring-plugin-core/2.0.0.RELEASE/spring-plugin-core-2.0.0.RELEASE.jar:/home/marley/.m2/repository/org/springframework/plugin/spring-plugin-metadata/2.0.0.RELEASE/spring-plugin-metadata-2.0.0.RELEASE.jar:/home/marley/.m2/repository/de/codecentric/chaos-monkey-spring-boot/2.2.0/chaos-monkey-spring-boot-2.2.0.jar:/home/marley/.m2/repository/org/springframework/spring-aspects/5.3.9/spring-aspects-5.3.9.jar:/home/marley/.m2/repository/org/springframework/spring-instrument/5.3.9/spring-instrument-5.3.9.jar:/home/marley/.m2/repository/org/aspectj/aspectjweaver/1.9.7/aspectjweaver-1.9.7.jar:/home/marley/.m2/repository/org/springframework/boot/spring-boot-configuration-processor/2.5.4/spring-boot-configuration-processor-2.5.4.jar:"/>
    <property name="sun.cpu.endian" value="little"/>
    <property name="user.home" value="/home/marley"/>
    <property name="user.language" value="en"/>
    <property name="git.closest.tag.commit.count" value=""/>
    <property name="java.specification.vendor" value="Oracle Corporation"/>
    <property name="java.home" value="/opt/jdk1.8.0_321/jre"/>
    <property name="git.total.commit.count" value="34"/>
    <property name="file.separator" value="/"/>
    <property name="basedir" value="/home/marley/projects/dev/diasoft/diasoft-microservices-spring-basics/apps/app13/demo/service"/>
    <property name="line.separator" value="&#10;"/>
    <property name="git.commit.committer.time" value="2022-06-30T18:28:09+0300"/>
    <property name="git.build.user.email" value="marley.ruby.on.rails@gmail.com"/>
    <property name="java.vm.specification.vendor" value="Oracle Corporation"/>
    <property name="java.specification.name" value="Java Platform API Specification"/>
    <property name="FILE_LOG_CHARSET" value="UTF-8"/>
    <property name="java.awt.graphicsenv" value="sun.awt.X11GraphicsEnvironment"/>
    <property name="java.awt.headless" value="true"/>
    <property name="git.closest.tag.name" value=""/>
    <property name="git.local.branch.ahead" value="0"/>
    <property name="git.build.time" value="2022-07-01T03:20:18+0300"/>
    <property name="surefire.real.class.path" value="/home/marley/projects/dev/diasoft/diasoft-microservices-spring-basics/apps/app13/demo/service/target/surefire/surefirebooter6492169491816743892.jar:/home/marley/.m2/repository/org/jacoco/org.jacoco.agent/0.8.4/org.jacoco.agent-0.8.4-runtime.jar"/>
    <property name="LOG_LEVEL_PATTERN" value="%5p [demo,%X{traceId:-},%X{spanId:-}]"/>
    <property name="git.commit.message.full" value="App13 Первый заработавший тест"/>
    <property name="sun.boot.class.path" value="/opt/jdk1.8.0_321/jre/lib/resources.jar:/opt/jdk1.8.0_321/jre/lib/rt.jar:/opt/jdk1.8.0_321/jre/lib/sunrsasign.jar:/opt/jdk1.8.0_321/jre/lib/jsse.jar:/opt/jdk1.8.0_321/jre/lib/jce.jar:/opt/jdk1.8.0_321/jre/lib/charsets.jar:/opt/jdk1.8.0_321/jre/lib/jfr.jar:/opt/jdk1.8.0_321/jre/classes"/>
    <property name="sun.management.compiler" value="HotSpot 64-Bit Tiered Compilers"/>
    <property name="java.runtime.version" value="1.8.0_321-b07"/>
    <property name="user.name" value="marley"/>
    <property name="org.springframework.boot.logging.LoggingSystem" value="org.apache.logging.log4j.spring.boot.Log4j2CloudConfigLoggingSystem"/>
    <property name="path.separator" value=":"/>
    <property name="os.version" value="5.13.0-51-generic"/>
    <property name="java.endorsed.dirs" value="/opt/jdk1.8.0_321/jre/lib/endorsed"/>
    <property name="java.runtime.name" value="Java(TM) SE Runtime Environment"/>
    <property name="file.encoding" value="UTF-8"/>
    <property name="git.commit.user.email" value="marley.ruby.on.rails@gmail.com"/>
    <property name="spring.beaninfo.ignore" value="true"/>
    <property name="java.vm.name" value="Java HotSpot(TM) 64-Bit Server VM"/>
    <property name="git.local.branch.behind" value="0"/>
    <property name="git.dirty" value="true"/>
    <property name="localRepository" value="/home/marley/.m2/repository"/>
    <property name="java.security.auth.login.config" value="/tmp/kafka-client-jaas-config-placeholder228513661544536517conf"/>
    <property name="java.vendor.url.bug" value="http://bugreport.sun.com/bugreport/"/>
    <property name="java.io.tmpdir" value="/tmp"/>
    <property name="com.zaxxer.hikari.pool_number" value="1"/>
    <property name="java.version" value="1.8.0_321"/>
    <property name="user.dir" value="/home/marley/projects/dev/diasoft/diasoft-microservices-spring-basics/apps/app13/demo/service"/>
    <property name="os.arch" value="amd64"/>
    <property name="git.commit.user.name" value="webmak1"/>
    <property name="git.commit.id.abbrev" value="588b727"/>
    <property name="PID" value="109942"/>
    <property name="java.vm.specification.name" value="Java Virtual Machine Specification"/>
    <property name="java.awt.printerjob" value="sun.print.PSPrinterJob"/>
    <property name="git.commit.id.describe-short" value="588b727-dirty"/>
    <property name="failIfNoTests" value="false"/>
    <property name="sun.os.patch.level" value="unknown"/>
    <property name="CONSOLE_LOG_CHARSET" value="UTF-8"/>
    <property name="git.commit.id.describe" value="588b727-dirty"/>
    <property name="git.commit.message.short" value="App13 Первый заработавший тест"/>
    <property name="java.library.path" value="/usr/java/packages/lib/amd64:/usr/lib64:/lib64:/lib:/usr/lib"/>
    <property name="java.vendor" value="Oracle Corporation"/>
    <property name="java.vm.info" value="mixed mode"/>
    <property name="java.vm.version" value="25.321-b07"/>
    <property name="sun.io.unicode.encoding" value="UnicodeLittle"/>
    <property name="java.ext.dirs" value="/opt/jdk1.8.0_321/jre/lib/ext:/usr/java/packages/lib/ext"/>
    <property name="java.class.version" value="52.0"/>
    <property name="git.commit.time" value="2022-06-30T18:28:09+0300"/>
    <property name="git.remote.origin.url" value="git@github.com:webmak1/diasoft-microservices-spring-basics.git"/>
  </properties>
  <testcase name="smsVerificationCreateTest" classname="ru.diasoft.micro.repository.SmsVerificationRepositoryTest" time="0.342">
    <system-out><![CDATA[2022-07-01 03:20:27,494 main WARN No Docker URI provided. Docker information is unavailable
2022-07-01 03:20:27,843 Log4j2-TF-1-AsyncLogger[AsyncContext@18b4aac2]-1 WARN No Docker URI provided. Docker information is unavailable
2022-07-01 03:20:27,943 Log4j2-TF-1-AsyncLogger[AsyncContext@18b4aac2]-1 WARN No Docker URI provided. Docker information is unavailable
2022-07-01 03:20:27,958 Log4j2-TF-1-AsyncLogger[AsyncContext@18b4aac2]-1 WARN No Docker URI provided. Docker information is unavailable
2022-07-01T00:20:27.834Z, INFO: DsTracerSpot.getTracerHolder(): accept DsTracerHolder=ru.diasoft.flextera.dstrace.sleuth.DsTracerHolderSleuth, thread: main, logger: r.d.f.d.DsTracerSpot, host: workstation
2022-07-01T00:20:28.055Z, INFO: Neither @ContextConfiguration nor @ContextHierarchy found for test class [ru.diasoft.micro.repository.SmsVerificationRepositoryTest], using SpringBootContextLoader, thread: main, logger: o.s.b.t.c.SpringBootTestContextBootstrapper, host: workstation
2022-07-01T00:20:28.067Z, INFO: Could not detect default resource locations for test class [ru.diasoft.micro.repository.SmsVerificationRepositoryTest]: no resource found for suffixes {-context.xml, Context.groovy}., thread: main, logger: o.s.t.c.s.AbstractContextLoader, host: workstation
2022-07-01T00:20:28.070Z, INFO: Could not detect default configuration classes for test class [ru.diasoft.micro.repository.SmsVerificationRepositoryTest]: SmsVerificationRepositoryTest does not declare any static, non-private, non-final, nested classes annotated with @Configuration., thread: main, logger: o.s.t.c.s.AnnotationConfigContextLoaderUtils, host: workstation
2022-07-01T00:20:28.714Z, INFO: Found @SpringBootConfiguration ru.diasoft.micro.DemoApplication for test class ru.diasoft.micro.repository.SmsVerificationRepositoryTest, thread: main, logger: o.s.b.t.c.SpringBootTestContextBootstrapper, host: workstation
2022-07-01T00:20:28.957Z, INFO: Loaded default TestExecutionListener class names from location [META-INF/spring.factories]: [org.springframework.boot.test.mock.mockito.MockitoTestExecutionListener, org.springframework.boot.test.mock.mockito.ResetMocksTestExecutionListener, org.springframework.boot.test.autoconfigure.restdocs.RestDocsTestExecutionListener, org.springframework.boot.test.autoconfigure.web.client.MockRestServiceServerResetTestExecutionListener, org.springframework.boot.test.autoconfigure.web.servlet.MockMvcPrintOnlyOnFailureTestExecutionListener, org.springframework.boot.test.autoconfigure.web.servlet.WebDriverTestExecutionListener, org.springframework.boot.test.autoconfigure.webservices.client.MockWebServiceServerTestExecutionListener, org.springframework.test.context.web.ServletTestExecutionListener, org.springframework.test.context.support.DirtiesContextBeforeModesTestExecutionListener, org.springframework.test.context.event.ApplicationEventsTestExecutionListener, org.springframework.test.context.support.DependencyInjectionTestExecutionListener, org.springframework.test.context.support.DirtiesContextTestExecutionListener, org.springframework.test.context.transaction.TransactionalTestExecutionListener, org.springframework.test.context.jdbc.SqlScriptsTestExecutionListener, org.springframework.test.context.event.EventPublishingTestExecutionListener, org.springframework.security.test.context.support.WithSecurityContextTestExecutionListener, org.springframework.security.test.context.support.ReactorContextTestExecutionListener], thread: main, logger: o.s.b.t.c.SpringBootTestContextBootstrapper, host: workstation
2022-07-01T00:20:29.014Z, INFO: Using TestExecutionListeners: [org.springframework.test.context.web.ServletTestExecutionListener@7072606, org.springframework.test.context.support.DirtiesContextBeforeModesTestExecutionListener@7266f136, org.springframework.test.context.event.ApplicationEventsTestExecutionListener@2daf2351, org.springframework.boot.test.mock.mockito.MockitoTestExecutionListener@2d170dac, org.springframework.boot.test.autoconfigure.SpringBootDependencyInjectionTestExecutionListener@139e291e, org.springframework.test.context.support.DirtiesContextTestExecutionListener@56b4951a, org.springframework.test.context.transaction.TransactionalTestExecutionListener@2d58136, org.springframework.test.context.jdbc.SqlScriptsTestExecutionListener@173a86ad, org.springframework.test.context.event.EventPublishingTestExecutionListener@758e8b8d, org.springframework.security.test.context.support.WithSecurityContextTestExecutionListener@760dc63, org.springframework.security.test.context.support.ReactorContextTestExecutionListener@29922188, org.springframework.boot.test.mock.mockito.ResetMocksTestExecutionListener@6a5ed5f9, org.springframework.boot.test.autoconfigure.restdocs.RestDocsTestExecutionListener@6b8de9dc, org.springframework.boot.test.autoconfigure.web.client.MockRestServiceServerResetTestExecutionListener@6a8fa30a, org.springframework.boot.test.autoconfigure.web.servlet.MockMvcPrintOnlyOnFailureTestExecutionListener@522941b2, org.springframework.boot.test.autoconfigure.web.servlet.WebDriverTestExecutionListener@4e44b713, org.springframework.boot.test.autoconfigure.webservices.client.MockWebServiceServerTestExecutionListener@4a83740e], thread: main, logger: o.s.b.t.c.SpringBootTestContextBootstrapper, host: workstation
2022-07-01T00:20:29.139Z, INFO: Neither @ContextConfiguration nor @ContextHierarchy found for test class [ru.diasoft.micro.repository.SmsVerificationRepositoryTest], using SpringBootContextLoader, thread: main, logger: o.s.b.t.c.SpringBootTestContextBootstrapper, host: workstation
2022-07-01T00:20:29.140Z, INFO: Could not detect default resource locations for test class [ru.diasoft.micro.repository.SmsVerificationRepositoryTest]: no resource found for suffixes {-context.xml, Context.groovy}., thread: main, logger: o.s.t.c.s.AbstractContextLoader, host: workstation
2022-07-01T00:20:29.140Z, INFO: Could not detect default configuration classes for test class [ru.diasoft.micro.repository.SmsVerificationRepositoryTest]: SmsVerificationRepositoryTest does not declare any static, non-private, non-final, nested classes annotated with @Configuration., thread: main, logger: o.s.t.c.s.AnnotationConfigContextLoaderUtils, host: workstation
2022-07-01T00:20:29.144Z, INFO: Found @SpringBootConfiguration ru.diasoft.micro.DemoApplication for test class ru.diasoft.micro.repository.SmsVerificationRepositoryTest, thread: main, logger: o.s.b.t.c.SpringBootTestContextBootstrapper, host: workstation
2022-07-01T00:20:29.146Z, INFO: Loaded default TestExecutionListener class names from location [META-INF/spring.factories]: [org.springframework.boot.test.mock.mockito.MockitoTestExecutionListener, org.springframework.boot.test.mock.mockito.ResetMocksTestExecutionListener, org.springframework.boot.test.autoconfigure.restdocs.RestDocsTestExecutionListener, org.springframework.boot.test.autoconfigure.web.client.MockRestServiceServerResetTestExecutionListener, org.springframework.boot.test.autoconfigure.web.servlet.MockMvcPrintOnlyOnFailureTestExecutionListener, org.springframework.boot.test.autoconfigure.web.servlet.WebDriverTestExecutionListener, org.springframework.boot.test.autoconfigure.webservices.client.MockWebServiceServerTestExecutionListener, org.springframework.test.context.web.ServletTestExecutionListener, org.springframework.test.context.support.DirtiesContextBeforeModesTestExecutionListener, org.springframework.test.context.event.ApplicationEventsTestExecutionListener, org.springframework.test.context.support.DependencyInjectionTestExecutionListener, org.springframework.test.context.support.DirtiesContextTestExecutionListener, org.springframework.test.context.transaction.TransactionalTestExecutionListener, org.springframework.test.context.jdbc.SqlScriptsTestExecutionListener, org.springframework.test.context.event.EventPublishingTestExecutionListener, org.springframework.security.test.context.support.WithSecurityContextTestExecutionListener, org.springframework.security.test.context.support.ReactorContextTestExecutionListener], thread: main, logger: o.s.b.t.c.SpringBootTestContextBootstrapper, host: workstation
2022-07-01T00:20:29.146Z, INFO: Using TestExecutionListeners: [org.springframework.test.context.web.ServletTestExecutionListener@22726bc7, org.springframework.test.context.support.DirtiesContextBeforeModesTestExecutionListener@294a150c, org.springframework.test.context.event.ApplicationEventsTestExecutionListener@2fef413c, org.springframework.boot.test.mock.mockito.MockitoTestExecutionListener@4a0b1701, org.springframework.boot.test.autoconfigure.SpringBootDependencyInjectionTestExecutionListener@7b9661d4, org.springframework.test.context.support.DirtiesContextTestExecutionListener@20de9df, org.springframework.test.context.transaction.TransactionalTestExecutionListener@57bebe03, org.springframework.test.context.jdbc.SqlScriptsTestExecutionListener@451f08ea, org.springframework.test.context.event.EventPublishingTestExecutionListener@dcf495c, org.springframework.security.test.context.support.WithSecurityContextTestExecutionListener@60610a2b, org.springframework.security.test.context.support.ReactorContextTestExecutionListener@420dee82, org.springframework.boot.test.mock.mockito.ResetMocksTestExecutionListener@7f68e671, org.springframework.boot.test.autoconfigure.restdocs.RestDocsTestExecutionListener@81ac569, org.springframework.boot.test.autoconfigure.web.client.MockRestServiceServerResetTestExecutionListener@6042b613, org.springframework.boot.test.autoconfigure.web.servlet.MockMvcPrintOnlyOnFailureTestExecutionListener@4d162d67, org.springframework.boot.test.autoconfigure.web.servlet.WebDriverTestExecutionListener@757501da, org.springframework.boot.test.autoconfigure.webservices.client.MockWebServiceServerTestExecutionListener@2b1aa390], thread: main, logger: o.s.b.t.c.SpringBootTestContextBootstrapper, host: workstation
yaml = [OriginTrackedMapPropertySource {name='application'}]
serviceName = null
2022-07-01 03:20:30,804 main WARN No Docker URI provided. Docker information is unavailable
2022-07-01 03:20:30,815 main WARN No Docker URI provided. Docker information is unavailable
2022-07-01T00:20:30.946Z, INFO: HV000001: Hibernate Validator 6.2.0.Final, thread: background-preinit, logger: o.h.v.i.u.Version, host: workstation
yaml = [OriginTrackedMapPropertySource {name='application'}]
serviceName = null
2022-07-01 03:20:33,586 main WARN No Docker URI provided. Docker information is unavailable
2022-07-01 03:20:33,601 main WARN No Docker URI provided. Docker information is unavailable
2022-07-01T00:20:33.635Z, DEBUG: exists dstrace property: 'dstrace.enabled'='false', thread: main, logger: r.d.f.d.s.b.m.MapperP2P, host: workstation
2022-07-01T00:20:33.636Z, DEBUG: set property: 'spring.sleuth.enabled'='false', thread: main, logger: r.d.f.d.s.b.m.DsTracePropertyMapper, host: workstation
2022-07-01T00:20:33.636Z, DEBUG: exists dstrace property: 'dstrace.enabled'='false', thread: main, logger: r.d.f.d.s.b.m.MapperP2P, host: workstation
2022-07-01T00:20:33.636Z, DEBUG: set property: 'spring.sleuth.grpc.enabled'='false', thread: main, logger: r.d.f.d.s.b.m.DsTracePropertyMapper, host: workstation
2022-07-01T00:20:33.760Z, DEBUG: add environment property sources: MapPropertySource(
	name = 'dsTracePropertySource',
	source = {
		'spring.sleuth.enabled' = 'false',
		'spring.sleuth.grpc.enabled' = 'false'
	},
	propertyNames = ['spring.sleuth.enabled', 'spring.sleuth.grpc.enabled']
), thread: main, logger: r.d.f.d.s.b.DsTraceApplicationListener, host: workstation

  .   ____          _            __ _ _
 /\\ / ___'_ __ _ _(_)_ __  __ _ \ \ \ \
( ( )\___ | '_ | '_| | '_ \/ _` | \ \ \ \
 \\/  ___)| |_)| | | | | || (_| |  ) ) ) )
  '  |____| .__|_| |_|_| |_\__, | / / / /
 =========|_|==============|___/=/_/_/_/
 :: Spring Boot ::                (v2.5.4)

2022-07-01T00:20:33.778Z, DEBUG: environment: StandardEnvironment(
	activeProfiles = [],
	defaultProfiles = ['default'],
	propertySources = [
		ConfigurationPropertySourcesPropertySource(...),
		MapPropertySource(...),
		PropertiesPropertySource(...),
		OriginAwareSystemEnvironmentPropertySource(...),
		RandomValuePropertySource(...),
		ExtendedDefaultPropertySource(...),
		CachedRandomPropertySource(...),
		MapPropertySource(...),
		OriginTrackedMapPropertySource(...),
		MapPropertySource(...),
		MapPropertySource(...),
		MapPropertySource(...)
	],
	systemProperties = {
		'java.vendor' = 'Oracle Corporation',
		'localRepository' = '/home/marley/.m2/repository',
		'sun.java.launcher' = 'SUN_STANDARD',
		'sun.management.compiler' = 'HotSpot 64-Bit Tiered Compilers',
		'git.commit.id.describe' = '588b727-dirty',
		'os.name' = 'Linux',
		'sun.boot.class.path' = '/opt/jdk1.8.0_321/jre/lib/resources.jar:/opt/jdk1.8.0_321/jre/lib/rt.jar:/opt/jdk1.8.0_321/jre/lib/sunrsasign.jar:/opt/jdk1.8.0_321/jre/lib/jsse.jar:/opt/jdk1.8.0_321/jre/lib/jce.jar:/opt/jdk1.8.0_321/jre/lib/charsets.jar:/opt/jdk1.8.0_321/jre/lib/jfr.jar:/opt/jdk1.8.0_321/jre/classes',
		'LOG_LEVEL_PATTERN' = '%5p [demo,%X{traceId:-},%X{spanId:-}]',
		'sun.desktop' = 'gnome',
		'java.vm.specification.vendor' = 'Oracle Corporation',
		'java.runtime.version' = '1.8.0_321-b07',
		'user.name' = 'marley',
		'user.language' = 'en',
		'sun.boot.library.path' = '/opt/jdk1.8.0_321/jre/lib/amd64',
		'CONSOLE_LOG_CHARSET' = 'UTF-8',
		'PID' = '109942',
		'git.build.user.name' = 'webmak1',
		'java.version' = '1.8.0_321',
		'user.timezone' = 'Europe/Moscow',
		'git.local.branch.behind' = '0',
		'git.remote.origin.url' = 'git@github.com:webmak1/diasoft-microservices-spring-basics.git',
		'sun.arch.data.model' = '64',
		'git.build.version' = '1.00.01-SNAPSHOT',
		'java.endorsed.dirs' = '/opt/jdk1.8.0_321/jre/lib/endorsed',
		'org.springframework.boot.logging.LoggingSystem' = 'org.apache.logging.log4j.spring.boot.Log4j2CloudConfigLoggingSystem',
		'sun.cpu.isalist' = '',
		'sun.jnu.encoding' = 'UTF-8',
		'file.encoding.pkg' = 'sun.io',
		'file.separator' = '/',
		'java.specification.name' = 'Java Platform API Specification',
		'java.class.version' = '52.0',
		'git.commit.message.full' = 'App13 Первый заработавший тест',
		'git.commit.message.short' = 'App13 Первый заработавший тест',
		'user.country' = 'US',
		'java.home' = '/opt/jdk1.8.0_321/jre',
		'git.closest.tag.name' = '',
		'java.vm.info' = 'mixed mode',
		'os.version' = '5.13.0-51-generic',
		'git.build.host' = 'workstation',
		'surefire.real.class.path' = '/home/marley/projects/dev/diasoft/diasoft-microservices-spring-basics/apps/app13/demo/service/target/surefire/surefirebooter6492169491816743892.jar:/home/marley/.m2/repository/org/jacoco/org.jacoco.agent/0.8.4/org.jacoco.agent-0.8.4-runtime.jar',
		'git.tags' = '',
		'path.separator' = ':',
		'git.local.branch.ahead' = '0',
		'java.vm.version' = '25.321-b07',
		'git.commit.user.email' = 'marley.ruby.on.rails@gmail.com',
		'git.closest.tag.commit.count' = '',
		'java.awt.printerjob' = 'sun.print.PSPrinterJob',
		'sun.io.unicode.encoding' = 'UnicodeLittle',
		'awt.toolkit' = 'sun.awt.X11.XToolkit',
		'user.home' = '/home/marley',
		'java.specification.vendor' = 'Oracle Corporation',
		'test' = 'ru.diasoft.micro.repository.SmsVerificationRepositoryTest',
		'git.dirty' = 'true',
		'git.total.commit.count' = '34',
		'java.library.path' = '/usr/java/packages/lib/amd64:/usr/lib64:/lib64:/lib:/usr/lib',
		'java.vendor.url' = 'http://java.oracle.com/',
		'spring.beaninfo.ignore' = 'true',
		'java.vm.vendor' = 'Oracle Corporation',
		'java.runtime.name' = 'Java(TM) SE Runtime Environment',
		'sun.java.command' = '/home/marley/projects/dev/diasoft/diasoft-microservices-spring-basics/apps/app13/demo/service/target/surefire/surefirebooter6492169491816743892.jar /home/marley/projects/dev/diasoft/diasoft-microservices-spring-basics/apps/app13/demo/service/target/surefire 2022-07-01T03-20-13_158-jvmRun1 surefire4562208420638724351tmp surefire_01076936099079699269tmp',
		'java.class.path' = '/home/marley/projects/dev/diasoft/diasoft-microservices-spring-basics/apps/app13/demo/service/target/test-classes:/home/marley/projects/dev/diasoft/diasoft-microservices-spring-basics/apps/app13/demo/service/target/classes:/home/marley/.m2/repository/org/springframework/boot/spring-boot-starter/2.5.4/spring-boot-starter-2.5.4.jar:/home/marley/.m2/repository/org/springframework/boot/spring-boot/2.5.4/spring-boot-2.5.4.jar:/home/marley/.m2/repository/org/springframework/spring-context/5.3.9/spring-context-5.3.9.jar:/home/marley/.m2/repository/org/springframework/boot/spring-boot-autoconfigure/2.5.4/spring-boot-autoconfigure-2.5.4.jar:/home/marley/.m2/repository/jakarta/annotation/jakarta.annotation-api/1.3.5/jakarta.annotation-api-1.3.5.jar:/home/marley/.m2/repository/org/springframework/spring-core/5.3.9/spring-core-5.3.9.jar:/home/marley/.m2/repository/org/springframework/spring-jcl/5.3.9/spring-jcl-5.3.9.jar:/home/marley/.m2/repository/org/yaml/snakeyaml/1.28/snakeyaml-1.28.jar:/home/marley/.m2/repository/ru/diasoft/micro/core-starter/2.05.01-22060801/core-starter-2.05.01-22060801.jar:/home/marley/.m2/repository/org/springframework/boot/spring-boot-starter-json/2.5.4/spring-boot-starter-json-2.5.4.jar:/home/marley/.m2/repository/com/fasterxml/jackson/datatype/jackson-datatype-jdk8/2.12.4/jackson-datatype-jdk8-2.12.4.jar:/home/marley/.m2/repository/com/fasterxml/jackson/datatype/jackson-datatype-jsr310/2.12.4/jackson-datatype-jsr310-2.12.4.jar:/home/marley/.m2/repository/com/fasterxml/jackson/module/jackson-module-parameter-names/2.12.4/jackson-module-parameter-names-2.12.4.jar:/home/marley/.m2/repository/org/springframework/cloud/spring-cloud-starter-oauth2/2.2.2.RELEASE/spring-cloud-starter-oauth2-2.2.2.RELEASE.jar:/home/marley/.m2/repository/org/springframework/cloud/spring-cloud-starter-security/2.2.2.RELEASE/spring-cloud-starter-security-2.2.2.RELEASE.jar:/home/marley/.m2/repository/org/springframework/cloud/spring-cloud-security/2.2.2.RELEASE/spring-cloud-security-2.2.2.RELEASE.jar:/home/marley/.m2/repository/org/springframework/boot/spring-boot-starter-security/2.5.4/spring-boot-starter-security-2.5.4.jar:/home/marley/.m2/repository/ru/diasoft/digitalq/dslogging-spring-boot-starter/1.06.05-22060901/dslogging-spring-boot-starter-1.06.05-22060901.jar:/home/marley/.m2/repository/ru/diasoft/digitalq/dslogging/1.06.05-22060901/dslogging-1.06.05-22060901.jar:/home/marley/.m2/repository/ru/diasoft/digitalq/dslogging-log4j2/1.06.05-22060901/dslogging-log4j2-1.06.05-22060901.jar:/home/marley/.m2/repository/ru/diasoft/flextera/dstrace/4.01.04-22010401/dstrace-4.01.04-22010401.jar:/home/marley/.m2/repository/commons-io/commons-io/2.5/commons-io-2.5.jar:/home/marley/.m2/repository/com/lmax/disruptor/3.4.2/disruptor-3.4.2.jar:/home/marley/.m2/repository/biz/paluch/logging/logstash-gelf/1.14.0/logstash-gelf-1.14.0.jar:/home/marley/.m2/repository/org/apache/logging/log4j/log4j-api/2.17.1/log4j-api-2.17.1.jar:/home/marley/.m2/repository/org/apache/logging/log4j/log4j-slf4j-impl/2.17.1/log4j-slf4j-impl-2.17.1.jar:/home/marley/.m2/repository/org/apache/logging/log4j/log4j-jul/2.17.1/log4j-jul-2.17.1.jar:/home/marley/.m2/repository/org/apache/logging/log4j/log4j-spring-cloud-config-client/2.17.1/log4j-spring-cloud-config-client-2.17.1.jar:/home/marley/.m2/repository/org/apache/logging/log4j/log4j-spring-boot/2.17.1/log4j-spring-boot-2.17.1.jar:/home/marley/.m2/repository/org/springframework/cloud/spring-cloud-starter-bootstrap/3.0.3/spring-cloud-starter-bootstrap-3.0.3.jar:/home/marley/.m2/repository/org/springframework/cloud/spring-cloud-config-client/3.0.4/spring-cloud-config-client-3.0.4.jar:/home/marley/.m2/repository/commons-logging/commons-logging/1.2/commons-logging-1.2.jar:/home/marley/.m2/repository/org/apache/logging/log4j/log4j-docker/2.17.1/log4j-docker-2.17.1.jar:/home/marley/.m2/repository/org/apache/commons/commons-lang3/3.12.0/commons-lang3-3.12.0.jar:/home/marley/.m2/repository/ru/diasoft/micro/jpa-starter/2.05.01-22060801/jpa-starter-2.05.01-22060801.jar:/home/marley/.m2/repository/org/springframework/boot/spring-boot-starter-data-jpa/2.5.4/spring-boot-starter-data-jpa-2.5.4.jar:/home/marley/.m2/repository/org/springframework/boot/spring-boot-starter-jdbc/2.5.4/spring-boot-starter-jdbc-2.5.4.jar:/home/marley/.m2/repository/org/springframework/spring-jdbc/5.3.9/spring-jdbc-5.3.9.jar:/home/marley/.m2/repository/jakarta/transaction/jakarta.transaction-api/1.3.3/jakarta.transaction-api-1.3.3.jar:/home/marley/.m2/repository/jakarta/persistence/jakarta.persistence-api/2.2.3/jakarta.persistence-api-2.2.3.jar:/home/marley/.m2/repository/org/hibernate/hibernate-core/5.4.32.Final/hibernate-core-5.4.32.Final.jar:/home/marley/.m2/repository/org/jboss/logging/jboss-logging/3.4.2.Final/jboss-logging-3.4.2.Final.jar:/home/marley/.m2/repository/org/javassist/javassist/3.23.2-GA/javassist-3.23.2-GA.jar:/home/marley/.m2/repository/antlr/antlr/2.7.7/antlr-2.7.7.jar:/home/marley/.m2/repository/org/jboss/jandex/2.2.3.Final/jandex-2.2.3.Final.jar:/home/marley/.m2/repository/org/dom4j/dom4j/2.1.3/dom4j-2.1.3.jar:/home/marley/.m2/repository/org/hibernate/common/hibernate-commons-annotations/5.1.2.Final/hibernate-commons-annotations-5.1.2.Final.jar:/home/marley/.m2/repository/org/springframework/data/spring-data-jpa/2.5.4/spring-data-jpa-2.5.4.jar:/home/marley/.m2/repository/org/springframework/data/spring-data-commons/2.5.4/spring-data-commons-2.5.4.jar:/home/marley/.m2/repository/org/springframework/spring-orm/5.3.9/spring-orm-5.3.9.jar:/home/marley/.m2/repository/ru/diasoft/flextera/dstrace-spring-boot-starter-jpa/4.01.04-22010401/dstrace-spring-boot-starter-jpa-4.01.04-22010401.jar:/home/marley/.m2/repository/ru/diasoft/flextera/dstrace-spring-boot-starter/4.01.04-22010401/dstrace-spring-boot-starter-4.01.04-22010401.jar:/home/marley/.m2/repository/ru/diasoft/flextera/dstrace-brave/4.01.04-22010401/dstrace-brave-4.01.04-22010401.jar:/home/marley/.m2/repository/io/zipkin/brave/brave/5.13.2/brave-5.13.2.jar:/home/marley/.m2/repository/io/zipkin/reporter2/zipkin-reporter-brave/2.16.1/zipkin-reporter-brave-2.16.1.jar:/home/marley/.m2/repository/org/springframework/cloud/spring-cloud-starter-zipkin/2.2.3.RELEASE/spring-cloud-starter-zipkin-2.2.3.RELEASE.jar:/home/marley/.m2/repository/org/springframework/cloud/spring-cloud-starter-sleuth/3.0.3/spring-cloud-starter-sleuth-3.0.3.jar:/home/marley/.m2/repository/org/springframework/cloud/spring-cloud-sleuth-autoconfigure/3.0.3/spring-cloud-sleuth-autoconfigure-3.0.3.jar:/home/marley/.m2/repository/org/aspectj/aspectjrt/1.9.7/aspectjrt-1.9.7.jar:/home/marley/.m2/repository/org/springframework/cloud/spring-cloud-sleuth-brave/3.0.3/spring-cloud-sleuth-brave-3.0.3.jar:/home/marley/.m2/repository/io/zipkin/brave/brave-context-slf4j/5.13.2/brave-context-slf4j-5.13.2.jar:/home/marley/.m2/repository/io/zipkin/brave/brave-instrumentation-messaging/5.13.2/brave-instrumentation-messaging-5.13.2.jar:/home/marley/.m2/repository/io/zipkin/brave/brave-instrumentation-rpc/5.13.2/brave-instrumentation-rpc-5.13.2.jar:/home/marley/.m2/repository/io/zipkin/brave/brave-instrumentation-spring-rabbit/5.13.2/brave-instrumentation-spring-rabbit-5.13.2.jar:/home/marley/.m2/repository/io/zipkin/brave/brave-instrumentation-kafka-clients/5.13.2/brave-instrumentation-kafka-clients-5.13.2.jar:/home/marley/.m2/repository/io/zipkin/brave/brave-instrumentation-kafka-streams/5.13.2/brave-instrumentation-kafka-streams-5.13.2.jar:/home/marley/.m2/repository/io/zipkin/brave/brave-instrumentation-httpclient/5.13.2/brave-instrumentation-httpclient-5.13.2.jar:/home/marley/.m2/repository/io/zipkin/brave/brave-instrumentation-http/5.13.2/brave-instrumentation-http-5.13.2.jar:/home/marley/.m2/repository/io/zipkin/brave/brave-instrumentation-httpasyncclient/5.13.2/brave-instrumentation-httpasyncclient-5.13.2.jar:/home/marley/.m2/repository/io/zipkin/brave/brave-instrumentation-jms/5.13.2/brave-instrumentation-jms-5.13.2.jar:/home/marley/.m2/repository/io/zipkin/brave/brave-instrumentation-mongodb/5.13.2/brave-instrumentation-mongodb-5.13.2.jar:/home/marley/.m2/repository/io/zipkin/aws/brave-propagation-aws/0.21.3/brave-propagation-aws-0.21.3.jar:/home/marley/.m2/repository/io/zipkin/reporter2/zipkin-reporter-metrics-micrometer/2.16.1/zipkin-reporter-metrics-micrometer-2.16.1.jar:/home/marley/.m2/repository/org/springframework/cloud/spring-cloud-sleuth-zipkin/3.0.3/spring-cloud-sleuth-zipkin-3.0.3.jar:/home/marley/.m2/repository/org/springframework/cloud/spring-cloud-sleuth-instrumentation/3.0.3/spring-cloud-sleuth-instrumentation-3.0.3.jar:/home/marley/.m2/repository/org/springframework/cloud/spring-cloud-sleuth-api/3.0.3/spring-cloud-sleuth-api-3.0.3.jar:/home/marley/.m2/repository/io/zipkin/zipkin2/zipkin/2.23.0/zipkin-2.23.0.jar:/home/marley/.m2/repository/io/zipkin/reporter2/zipkin-reporter/2.16.1/zipkin-reporter-2.16.1.jar:/home/marley/.m2/repository/io/zipkin/reporter2/zipkin-sender-kafka/2.16.1/zipkin-sender-kafka-2.16.1.jar:/home/marley/.m2/repository/io/zipkin/reporter2/zipkin-sender-activemq-client/2.16.1/zipkin-sender-activemq-client-2.16.1.jar:/home/marley/.m2/repository/io/zipkin/reporter2/zipkin-sender-amqp-client/2.16.1/zipkin-sender-amqp-client-2.16.1.jar:/home/marley/.m2/repository/net/ttddyy/datasource-proxy/1.7/datasource-proxy-1.7.jar:/home/marley/.m2/repository/com/querydsl/querydsl-apt/4.4.0/querydsl-apt-4.4.0.jar:/home/marley/.m2/repository/com/querydsl/querydsl-jpa/4.4.0/querydsl-jpa-4.4.0.jar:/home/marley/.m2/repository/com/querydsl/querydsl-core/4.4.0/querydsl-core-4.4.0.jar:/home/marley/.m2/repository/com/mysema/commons/mysema-commons-lang/0.2.4/mysema-commons-lang-0.2.4.jar:/home/marley/.m2/repository/com/infradna/tool/bridge-method-annotation/1.13/bridge-method-annotation-1.13.jar:/home/marley/.m2/repository/javax/inject/javax.inject/1/javax.inject-1.jar:/home/marley/.m2/repository/com/querydsl/querydsl-codegen/4.2.2/querydsl-codegen-4.2.2.jar:/home/marley/.m2/repository/com/mysema/codegen/codegen/0.6.8/codegen-0.6.8.jar:/home/marley/.m2/repository/org/eclipse/jdt/core/compiler/ecj/4.3.1/ecj-4.3.1.jar:/home/marley/.m2/repository/org/reflections/reflections/0.9.9/reflections-0.9.9.jar:/home/marley/.m2/repository/com/google/code/findbugs/annotations/2.0.1/annotations-2.0.1.jar:/home/marley/.m2/repository/ru/diasoft/micro/mdp/lib/mdpquerydsl/9.04.06-21060101/mdpquerydsl-9.04.06-21060101.jar:/home/marley/.m2/repository/com/querydsl/querydsl-collections/4.4.0/querydsl-collections-4.4.0.jar:/home/marley/.m2/repository/org/apache/commons/commons-collections4/4.3/commons-collections4-4.3.jar:/home/marley/.m2/repository/com/google/guava/guava/29.0-android/guava-29.0-android.jar:/home/marley/.m2/repository/com/google/guava/failureaccess/1.0.1/failureaccess-1.0.1.jar:/home/marley/.m2/repository/com/google/guava/listenablefuture/9999.0-empty-to-avoid-conflict-with-guava/listenablefuture-9999.0-empty-to-avoid-conflict-with-guava.jar:/home/marley/.m2/repository/org/checkerframework/checker-compat-qual/2.5.5/checker-compat-qual-2.5.5.jar:/home/marley/.m2/repository/com/google/errorprone/error_prone_annotations/2.3.4/error_prone_annotations-2.3.4.jar:/home/marley/.m2/repository/com/google/j2objc/j2objc-annotations/1.3/j2objc-annotations-1.3.jar:/home/marley/.m2/repository/org/postgresql/postgresql/42.3.3/postgresql-42.3.3.jar:/home/marley/.m2/repository/org/checkerframework/checker-qual/3.5.0/checker-qual-3.5.0.jar:/home/marley/.m2/repository/net/sourceforge/jtds/jtds/1.3.1/jtds-1.3.1.jar:/home/marley/.m2/repository/com/oracle/database/jdbc/ojdbc8/21.4.0.0.1/ojdbc8-21.4.0.0.1.jar:/home/marley/.m2/repository/com/oracle/ojdbc/orai18n/19.3.0.0/orai18n-19.3.0.0.jar:/home/marley/.m2/repository/com/oracle/database/nls/orai18n/21.4.0.0.1/orai18n-21.4.0.0.1.jar:/home/marley/.m2/repository/ru/diasoft/micro/stream-kafka-starter/2.05.01-22060801/stream-kafka-starter-2.05.01-22060801.jar:/home/marley/.m2/repository/org/springframework/cloud/spring-cloud-starter-stream-kafka/3.1.3/spring-cloud-starter-stream-kafka-3.1.3.jar:/home/marley/.m2/repository/org/springframework/cloud/spring-cloud-stream-binder-kafka/3.1.3/spring-cloud-stream-binder-kafka-3.1.3.jar:/home/marley/.m2/repository/org/springframework/cloud/spring-cloud-stream-binder-kafka-core/3.1.3/spring-cloud-stream-binder-kafka-core-3.1.3.jar:/home/marley/.m2/repository/org/springframework/integration/spring-integration-kafka/5.5.3/spring-integration-kafka-5.5.3.jar:/home/marley/.m2/repository/org/springframework/cloud/spring-cloud-stream/3.1.3/spring-cloud-stream-3.1.3.jar:/home/marley/.m2/repository/org/springframework/integration/spring-integration-core/5.5.3/spring-integration-core-5.5.3.jar:/home/marley/.m2/repository/org/springframework/integration/spring-integration-jmx/5.5.3/spring-integration-jmx-5.5.3.jar:/home/marley/.m2/repository/org/springframework/cloud/spring-cloud-function-context/3.1.3/spring-cloud-function-context-3.1.3.jar:/home/marley/.m2/repository/net/jodah/typetools/0.6.2/typetools-0.6.2.jar:/home/marley/.m2/repository/org/springframework/cloud/spring-cloud-function-core/3.1.3/spring-cloud-function-core-3.1.3.jar:/home/marley/.m2/repository/ru/diasoft/flextera/dstrace-spring-boot-starter-cloud-stream/4.01.04-22010401/dstrace-spring-boot-starter-cloud-stream-4.01.04-22010401.jar:/home/marley/.m2/repository/ru/diasoft/micro/feign-starter/2.05.01-22060801/feign-starter-2.05.01-22060801.jar:/home/marley/.m2/repository/org/springframework/cloud/spring-cloud-starter-openfeign/3.0.3/spring-cloud-starter-openfeign-3.0.3.jar:/home/marley/.m2/repository/org/springframework/cloud/spring-cloud-openfeign-core/3.0.3/spring-cloud-openfeign-core-3.0.3.jar:/home/marley/.m2/repository/io/github/openfeign/form/feign-form-spring/3.8.0/feign-form-spring-3.8.0.jar:/home/marley/.m2/repository/io/github/openfeign/form/feign-form/3.8.0/feign-form-3.8.0.jar:/home/marley/.m2/repository/commons-fileupload/commons-fileupload/1.4/commons-fileupload-1.4.jar:/home/marley/.m2/repository/org/springframework/cloud/spring-cloud-commons/3.0.3/spring-cloud-commons-3.0.3.jar:/home/marley/.m2/repository/io/github/openfeign/feign-core/10.12/feign-core-10.12.jar:/home/marley/.m2/repository/io/github/openfeign/feign-slf4j/10.12/feign-slf4j-10.12.jar:/home/marley/.m2/repository/ru/diasoft/flextera/dstrace-spring-boot-starter-feign/4.01.04-22010401/dstrace-spring-boot-starter-feign-4.01.04-22010401.jar:/home/marley/.m2/repository/ru/diasoft/micro/mdp/lib/mdpribbon/9.05.01-22061501-spring-254/mdpribbon-9.05.01-22061501-spring-254.jar:/home/marley/.m2/repository/ru/diasoft/micro/mdp/lib/mdpcache/9.05.01-21122301/mdpcache-9.05.01-21122301.jar:/home/marley/.m2/repository/org/springframework/cloud/spring-cloud-loadbalancer/3.0.3/spring-cloud-loadbalancer-3.0.3.jar:/home/marley/.m2/repository/org/springframework/cloud/spring-cloud-context/3.0.3/spring-cloud-context-3.0.3.jar:/home/marley/.m2/repository/org/springframework/boot/spring-boot-starter-validation/2.5.4/spring-boot-starter-validation-2.5.4.jar:/home/marley/.m2/repository/org/apache/tomcat/embed/tomcat-embed-el/9.0.52/tomcat-embed-el-9.0.52.jar:/home/marley/.m2/repository/org/hibernate/validator/hibernate-validator/6.2.0.Final/hibernate-validator-6.2.0.Final.jar:/home/marley/.m2/repository/jakarta/validation/jakarta.validation-api/2.0.2/jakarta.validation-api-2.0.2.jar:/home/marley/.m2/repository/io/projectreactor/reactor-core/3.4.9/reactor-core-3.4.9.jar:/home/marley/.m2/repository/org/reactivestreams/reactive-streams/1.0.3/reactive-streams-1.0.3.jar:/home/marley/.m2/repository/io/projectreactor/addons/reactor-extra/3.4.4/reactor-extra-3.4.4.jar:/home/marley/.m2/repository/org/springframework/cloud/spring-cloud-netflix-eureka-client/3.0.3/spring-cloud-netflix-eureka-client-3.0.3.jar:/home/marley/.m2/repository/com/netflix/eureka/eureka-client/1.10.14/eureka-client-1.10.14.jar:/home/marley/.m2/repository/com/netflix/netflix-commons/netflix-eventbus/0.3.0/netflix-eventbus-0.3.0.jar:/home/marley/.m2/repository/com/netflix/netflix-commons/netflix-infix/0.3.0/netflix-infix-0.3.0.jar:/home/marley/.m2/repository/commons-jxpath/commons-jxpath/1.3/commons-jxpath-1.3.jar:/home/marley/.m2/repository/org/antlr/antlr-runtime/3.4/antlr-runtime-3.4.jar:/home/marley/.m2/repository/org/antlr/stringtemplate/3.2.1/stringtemplate-3.2.1.jar:/home/marley/.m2/repository/org/apache/commons/commons-math/2.2/commons-math-2.2.jar:/home/marley/.m2/repository/com/thoughtworks/xstream/xstream/1.4.18/xstream-1.4.18.jar:/home/marley/.m2/repository/io/github/x-stream/mxparser/1.2.2/mxparser-1.2.2.jar:/home/marley/.m2/repository/xmlpull/xmlpull/1.1.3.1/xmlpull-1.1.3.1.jar:/home/marley/.m2/repository/javax/ws/rs/jsr311-api/1.1.1/jsr311-api-1.1.1.jar:/home/marley/.m2/repository/com/netflix/servo/servo-core/0.12.21/servo-core-0.12.21.jar:/home/marley/.m2/repository/com/sun/jersey/jersey-core/1.19.4/jersey-core-1.19.4.jar:/home/marley/.m2/repository/com/sun/jersey/jersey-client/1.19.4/jersey-client-1.19.4.jar:/home/marley/.m2/repository/com/sun/jersey/contribs/jersey-apache-client4/1.19.1/jersey-apache-client4-1.19.1.jar:/home/marley/.m2/repository/commons-configuration/commons-configuration/1.10/commons-configuration-1.10.jar:/home/marley/.m2/repository/commons-lang/commons-lang/2.6/commons-lang-2.6.jar:/home/marley/.m2/repository/com/google/inject/guice/4.1.0/guice-4.1.0.jar:/home/marley/.m2/repository/aopalliance/aopalliance/1.0/aopalliance-1.0.jar:/home/marley/.m2/repository/com/fasterxml/jackson/core/jackson-core/2.12.4/jackson-core-2.12.4.jar:/home/marley/.m2/repository/org/codehaus/jettison/jettison/1.4.0/jettison-1.4.0.jar:/home/marley/.m2/repository/io/kubernetes/client-java/8.0.2/client-java-8.0.2.jar:/home/marley/.m2/repository/io/kubernetes/client-java-api/8.0.2/client-java-api-8.0.2.jar:/home/marley/.m2/repository/io/sundr/builder-annotations/0.21.0/builder-annotations-0.21.0.jar:/home/marley/.m2/repository/io/sundr/sundr-core/0.21.0/sundr-core-0.21.0.jar:/home/marley/.m2/repository/io/sundr/sundr-codegen/0.21.0/sundr-codegen-0.21.0.jar:/home/marley/.m2/repository/io/sundr/resourcecify-annotations/0.21.0/resourcecify-annotations-0.21.0.jar:/home/marley/.m2/repository/javax/annotation/javax.annotation-api/1.3.2/javax.annotation-api-1.3.2.jar:/home/marley/.m2/repository/io/swagger/swagger-annotations/1.5.22/swagger-annotations-1.5.22.jar:/home/marley/.m2/repository/com/squareup/okhttp3/okhttp/3.14.9/okhttp-3.14.9.jar:/home/marley/.m2/repository/com/squareup/okio/okio/1.17.2/okio-1.17.2.jar:/home/marley/.m2/repository/com/squareup/okhttp3/logging-interceptor/3.14.9/logging-interceptor-3.14.9.jar:/home/marley/.m2/repository/com/google/code/gson/gson/2.8.7/gson-2.8.7.jar:/home/marley/.m2/repository/io/gsonfire/gson-fire/1.8.3/gson-fire-1.8.3.jar:/home/marley/.m2/repository/joda-time/joda-time/2.10.5/joda-time-2.10.5.jar:/home/marley/.m2/repository/org/joda/joda-convert/1.2/joda-convert-1.2.jar:/home/marley/.m2/repository/io/kubernetes/client-java-proto/8.0.2/client-java-proto-8.0.2.jar:/home/marley/.m2/repository/org/apache/commons/commons-compress/1.19/commons-compress-1.19.jar:/home/marley/.m2/repository/org/bouncycastle/bcprov-ext-jdk15on/1.64/bcprov-ext-jdk15on-1.64.jar:/home/marley/.m2/repository/org/bouncycastle/bcpkix-jdk15on/1.60/bcpkix-jdk15on-1.60.jar:/home/marley/.m2/repository/org/bouncycastle/bcprov-jdk15on/1.60/bcprov-jdk15on-1.60.jar:/home/marley/.m2/repository/com/google/protobuf/protobuf-java/3.11.4/protobuf-java-3.11.4.jar:/home/marley/.m2/repository/org/bitbucket/b_c/jose4j/0.7.0/jose4j-0.7.0.jar:/home/marley/.m2/repository/org/apache/logging/log4j/log4j-core/2.17.1/log4j-core-2.17.1.jar:/home/marley/.m2/repository/org/apache/httpcomponents/httpclient/4.5.13/httpclient-4.5.13.jar:/home/marley/.m2/repository/org/apache/httpcomponents/httpcore/4.4.14/httpcore-4.4.14.jar:/home/marley/.m2/repository/org/projectlombok/lombok/1.18.20/lombok-1.18.20.jar:/home/marley/.m2/repository/ru/diasoft/digitalq/libs/dqapiexception/1.03.01-21041301/dqapiexception-1.03.01-21041301.jar:/home/marley/.m2/repository/org/springframework/spring-web/5.3.9/spring-web-5.3.9.jar:/home/marley/.m2/repository/org/springframework/spring-beans/5.3.9/spring-beans-5.3.9.jar:/home/marley/.m2/repository/com/fasterxml/jackson/core/jackson-databind/2.12.4/jackson-databind-2.12.4.jar:/home/marley/.m2/repository/javax/validation/validation-api/2.0.1.Final/validation-api-2.0.1.Final.jar:/home/marley/.m2/repository/ru/diasoft/micro/mdp/lib/qpermissioncontrol/9.08.01-22061701/qpermissioncontrol-9.08.01-22061701.jar:/home/marley/.m2/repository/org/springframework/boot/spring-boot-starter-web/2.5.4/spring-boot-starter-web-2.5.4.jar:/home/marley/.m2/repository/org/springframework/boot/spring-boot-starter-tomcat/2.5.4/spring-boot-starter-tomcat-2.5.4.jar:/home/marley/.m2/repository/org/apache/tomcat/embed/tomcat-embed-core/9.0.52/tomcat-embed-core-9.0.52.jar:/home/marley/.m2/repository/org/apache/tomcat/embed/tomcat-embed-websocket/9.0.52/tomcat-embed-websocket-9.0.52.jar:/home/marley/.m2/repository/org/springframework/spring-webmvc/5.3.9/spring-webmvc-5.3.9.jar:/home/marley/.m2/repository/com/fasterxml/jackson/core/jackson-annotations/2.12.4/jackson-annotations-2.12.4.jar:/home/marley/.m2/repository/com/googlecode/json-simple/json-simple/1.1.1/json-simple-1.1.1.jar:/home/marley/.m2/repository/org/json/json/20190722/json-20190722.jar:/home/marley/.m2/repository/ru/diasoft/micro/mdp/lib/mdpexception/9.10.01-astra-22062201/mdpexception-9.10.01-astra-22062201.jar:/home/marley/.m2/repository/ru/diasoft/micro/mdp/lib/mdpid/9.07.01-22042201/mdpid-9.07.01-22042201.jar:/home/marley/.m2/repository/org/wso2/balana/org.wso2.balana/1.2.12.1/org.wso2.balana-1.2.12.1.jar:/home/marley/.m2/repository/org/wso2/balana/org.wso2.balana.utils/1.2.12.1/org.wso2.balana.utils-1.2.12.1.jar:/home/marley/.m2/repository/org/ops4j/pax/logging/pax-logging-api/1.10.1/pax-logging-api-1.10.1.jar:/home/marley/.m2/repository/xerces/wso2/xercesImpl/2.8.1.wso2v2/xercesImpl-2.8.1.wso2v2.jar:/home/marley/.m2/repository/ru/diasoft/micro/mdp/lib/mdpauditlib/9.05.01-21122301/mdpauditlib-9.05.01-21122301.jar:/home/marley/.m2/repository/org/springframework/boot/spring-boot-starter-aop/2.5.4/spring-boot-starter-aop-2.5.4.jar:/home/marley/.m2/repository/org/springframework/spring-aop/5.3.9/spring-aop-5.3.9.jar:/home/marley/.m2/repository/commons-codec/commons-codec/1.15/commons-codec-1.15.jar:/home/marley/.m2/repository/com/ctc/wstx/stax/stax2-api/3.0.2/stax2-api-3.0.2.jar:/home/marley/.m2/repository/com/ctc/wstx/stax/woodstox-core-asl/4.0.8/woodstox-core-asl-4.0.8.jar:/home/marley/.m2/repository/ru/diasoft/micro/mdp/lib/mdpversionslib/9.05.01-21122301/mdpversionslib-9.05.01-21122301.jar:/home/marley/.m2/repository/org/springframework/boot/spring-boot-devtools/2.5.4/spring-boot-devtools-2.5.4.jar:/home/marley/.m2/repository/ru/diasoft/micro/micrometer-starter/2.05.01-22060801/micrometer-starter-2.05.01-22060801.jar:/home/marley/.m2/repository/io/micrometer/micrometer-core/1.7.3/micrometer-core-1.7.3.jar:/home/marley/.m2/repository/org/hdrhistogram/HdrHistogram/2.1.11/HdrHistogram-2.1.11.jar:/home/marley/.m2/repository/org/latencyutils/LatencyUtils/2.0.3/LatencyUtils-2.0.3.jar:/home/marley/.m2/repository/io/micrometer/micrometer-registry-prometheus/1.7.3/micrometer-registry-prometheus-1.7.3.jar:/home/marley/.m2/repository/io/prometheus/simpleclient_common/0.10.0/simpleclient_common-0.10.0.jar:/home/marley/.m2/repository/io/prometheus/simpleclient/0.10.0/simpleclient-0.10.0.jar:/home/marley/.m2/repository/org/mapstruct/mapstruct/1.3.1.Final/mapstruct-1.3.1.Final.jar:/home/marley/.m2/repository/org/junit/vintage/junit-vintage-engine/5.7.2/junit-vintage-engine-5.7.2.jar:/home/marley/.m2/repository/org/apiguardian/apiguardian-api/1.1.0/apiguardian-api-1.1.0.jar:/home/marley/.m2/repository/org/junit/platform/junit-platform-engine/1.7.2/junit-platform-engine-1.7.2.jar:/home/marley/.m2/repository/org/opentest4j/opentest4j/1.2.0/opentest4j-1.2.0.jar:/home/marley/.m2/repository/org/junit/platform/junit-platform-commons/1.7.2/junit-platform-commons-1.7.2.jar:/home/marley/.m2/repository/junit/junit/4.13.2/junit-4.13.2.jar:/home/marley/.m2/repository/org/springframework/boot/spring-boot-starter-test/2.5.4/spring-boot-starter-test-2.5.4.jar:/home/marley/.m2/repository/org/springframework/boot/spring-boot-test/2.5.4/spring-boot-test-2.5.4.jar:/home/marley/.m2/repository/org/springframework/boot/spring-boot-test-autoconfigure/2.5.4/spring-boot-test-autoconfigure-2.5.4.jar:/home/marley/.m2/repository/com/jayway/jsonpath/json-path/2.5.0/json-path-2.5.0.jar:/home/marley/.m2/repository/net/minidev/json-smart/2.4.7/json-smart-2.4.7.jar:/home/marley/.m2/repository/net/minidev/accessors-smart/2.4.7/accessors-smart-2.4.7.jar:/home/marley/.m2/repository/org/ow2/asm/asm/7.1/asm-7.1.jar:/home/marley/.m2/repository/jakarta/xml/bind/jakarta.xml.bind-api/2.3.3/jakarta.xml.bind-api-2.3.3.jar:/home/marley/.m2/repository/jakarta/activation/jakarta.activation-api/1.2.2/jakarta.activation-api-1.2.2.jar:/home/marley/.m2/repository/org/assertj/assertj-core/3.19.0/assertj-core-3.19.0.jar:/home/marley/.m2/repository/org/hamcrest/hamcrest/2.2/hamcrest-2.2.jar:/home/marley/.m2/repository/org/junit/jupiter/junit-jupiter/5.7.2/junit-jupiter-5.7.2.jar:/home/marley/.m2/repository/org/junit/jupiter/junit-jupiter-api/5.7.2/junit-jupiter-api-5.7.2.jar:/home/marley/.m2/repository/org/junit/jupiter/junit-jupiter-params/5.7.2/junit-jupiter-params-5.7.2.jar:/home/marley/.m2/repository/org/junit/jupiter/junit-jupiter-engine/5.7.2/junit-jupiter-engine-5.7.2.jar:/home/marley/.m2/repository/org/mockito/mockito-core/3.9.0/mockito-core-3.9.0.jar:/home/marley/.m2/repository/net/bytebuddy/byte-buddy/1.10.22/byte-buddy-1.10.22.jar:/home/marley/.m2/repository/net/bytebuddy/byte-buddy-agent/1.10.22/byte-buddy-agent-1.10.22.jar:/home/marley/.m2/repository/org/objenesis/objenesis/3.2/objenesis-3.2.jar:/home/marley/.m2/repository/org/mockito/mockito-junit-jupiter/3.9.0/mockito-junit-jupiter-3.9.0.jar:/home/marley/.m2/repository/org/skyscreamer/jsonassert/1.5.0/jsonassert-1.5.0.jar:/home/marley/.m2/repository/com/vaadin/external/google/android-json/0.0.20131108.vaadin1/android-json-0.0.20131108.vaadin1.jar:/home/marley/.m2/repository/org/springframework/spring-test/5.3.9/spring-test-5.3.9.jar:/home/marley/.m2/repository/org/xmlunit/xmlunit-core/2.8.2/xmlunit-core-2.8.2.jar:/home/marley/.m2/repository/org/springframework/cloud/spring-cloud-starter-netflix-eureka-server/3.0.3/spring-cloud-starter-netflix-eureka-server-3.0.3.jar:/home/marley/.m2/repository/org/springframework/cloud/spring-cloud-starter/3.0.3/spring-cloud-starter-3.0.3.jar:/home/marley/.m2/repository/org/springframework/security/spring-security-rsa/1.0.10.RELEASE/spring-security-rsa-1.0.10.RELEASE.jar:/home/marley/.m2/repository/org/springframework/cloud/spring-cloud-netflix-eureka-server/3.0.3/spring-cloud-netflix-eureka-server-3.0.3.jar:/home/marley/.m2/repository/org/springframework/boot/spring-boot-starter-freemarker/2.5.4/spring-boot-starter-freemarker-2.5.4.jar:/home/marley/.m2/repository/org/freemarker/freemarker/2.3.31/freemarker-2.3.31.jar:/home/marley/.m2/repository/org/springframework/spring-context-support/5.3.9/spring-context-support-5.3.9.jar:/home/marley/.m2/repository/com/sun/jersey/jersey-servlet/1.19.4/jersey-servlet-1.19.4.jar:/home/marley/.m2/repository/com/sun/jersey/jersey-server/1.19.4/jersey-server-1.19.4.jar:/home/marley/.m2/repository/com/netflix/eureka/eureka-core/1.10.14/eureka-core-1.10.14.jar:/home/marley/.m2/repository/com/fasterxml/woodstox/woodstox-core/6.1.1/woodstox-core-6.1.1.jar:/home/marley/.m2/repository/com/fasterxml/jackson/dataformat/jackson-dataformat-xml/2.12.4/jackson-dataformat-xml-2.12.4.jar:/home/marley/.m2/repository/com/fasterxml/jackson/module/jackson-module-jaxb-annotations/2.12.4/jackson-module-jaxb-annotations-2.12.4.jar:/home/marley/.m2/repository/org/codehaus/woodstox/stax2-api/4.2/stax2-api-4.2.jar:/home/marley/.m2/repository/org/springframework/cloud/spring-cloud-starter-loadbalancer/3.0.3/spring-cloud-starter-loadbalancer-3.0.3.jar:/home/marley/.m2/repository/org/springframework/boot/spring-boot-starter-cache/2.5.4/spring-boot-starter-cache-2.5.4.jar:/home/marley/.m2/repository/com/stoyanr/evictor/1.0.0/evictor-1.0.0.jar:/home/marley/.m2/repository/org/glassfish/jaxb/jaxb-runtime/2.3.5/jaxb-runtime-2.3.5.jar:/home/marley/.m2/repository/org/glassfish/jaxb/txw2/2.3.5/txw2-2.3.5.jar:/home/marley/.m2/repository/com/sun/istack/istack-commons-runtime/3.0.12/istack-commons-runtime-3.0.12.jar:/home/marley/.m2/repository/com/sun/activation/jakarta.activation/1.2.2/jakarta.activation-1.2.2.jar:/home/marley/.m2/repository/org/springframework/security/spring-security-test/5.5.2/spring-security-test-5.5.2.jar:/home/marley/.m2/repository/org/springframework/security/spring-security-core/5.5.2/spring-security-core-5.5.2.jar:/home/marley/.m2/repository/org/springframework/security/spring-security-crypto/5.5.2/spring-security-crypto-5.5.2.jar:/home/marley/.m2/repository/org/springframework/spring-expression/5.3.9/spring-expression-5.3.9.jar:/home/marley/.m2/repository/org/springframework/security/spring-security-web/5.5.2/spring-security-web-5.5.2.jar:/home/marley/.m2/repository/org/liquibase/liquibase-core/4.3.5/liquibase-core-4.3.5.jar:/home/marley/.m2/repository/javax/xml/bind/jaxb-api/2.3.1/jaxb-api-2.3.1.jar:/home/marley/.m2/repository/javax/activation/javax.activation-api/1.2.0/javax.activation-api-1.2.0.jar:/home/marley/.m2/repository/com/h2database/h2/1.4.200/h2-1.4.200.jar:/home/marley/.m2/repository/com/tngtech/archunit/archunit/0.13.1/archunit-0.13.1.jar:/home/marley/.m2/repository/org/slf4j/slf4j-api/1.7.25/slf4j-api-1.7.25.jar:/home/marley/.m2/repository/ru/diasoft/micro/archetype-tests/1.01.07-21072801/archetype-tests-1.01.07-21072801.jar:/home/marley/.m2/repository/ru/diasoft/micro/reactive-starter/1.19.01-21032201/reactive-starter-1.19.01-21032201.jar:/home/marley/.m2/repository/org/springframework/boot/spring-boot-starter-webflux/2.5.4/spring-boot-starter-webflux-2.5.4.jar:/home/marley/.m2/repository/org/springframework/boot/spring-boot-starter-reactor-netty/2.5.4/spring-boot-starter-reactor-netty-2.5.4.jar:/home/marley/.m2/repository/io/projectreactor/netty/reactor-netty-http/1.0.10/reactor-netty-http-1.0.10.jar:/home/marley/.m2/repository/io/netty/netty-codec-http/4.1.67.Final/netty-codec-http-4.1.67.Final.jar:/home/marley/.m2/repository/io/netty/netty-common/4.1.67.Final/netty-common-4.1.67.Final.jar:/home/marley/.m2/repository/io/netty/netty-buffer/4.1.67.Final/netty-buffer-4.1.67.Final.jar:/home/marley/.m2/repository/io/netty/netty-transport/4.1.67.Final/netty-transport-4.1.67.Final.jar:/home/marley/.m2/repository/io/netty/netty-codec/4.1.67.Final/netty-codec-4.1.67.Final.jar:/home/marley/.m2/repository/io/netty/netty-handler/4.1.67.Final/netty-handler-4.1.67.Final.jar:/home/marley/.m2/repository/io/netty/netty-codec-http2/4.1.67.Final/netty-codec-http2-4.1.67.Final.jar:/home/marley/.m2/repository/io/netty/netty-resolver-dns/4.1.67.Final/netty-resolver-dns-4.1.67.Final.jar:/home/marley/.m2/repository/io/netty/netty-resolver/4.1.67.Final/netty-resolver-4.1.67.Final.jar:/home/marley/.m2/repository/io/netty/netty-codec-dns/4.1.67.Final/netty-codec-dns-4.1.67.Final.jar:/home/marley/.m2/repository/io/netty/netty-resolver-dns-native-macos/4.1.67.Final/netty-resolver-dns-native-macos-4.1.67.Final-osx-x86_64.jar:/home/marley/.m2/repository/io/netty/netty-transport-native-unix-common/4.1.67.Final/netty-transport-native-unix-common-4.1.67.Final.jar:/home/marley/.m2/repository/io/netty/netty-transport-native-epoll/4.1.67.Final/netty-transport-native-epoll-4.1.67.Final-linux-x86_64.jar:/home/marley/.m2/repository/io/projectreactor/netty/reactor-netty-core/1.0.10/reactor-netty-core-1.0.10.jar:/home/marley/.m2/repository/io/netty/netty-handler-proxy/4.1.67.Final/netty-handler-proxy-4.1.67.Final.jar:/home/marley/.m2/repository/io/netty/netty-codec-socks/4.1.67.Final/netty-codec-socks-4.1.67.Final.jar:/home/marley/.m2/repository/org/springframework/spring-webflux/5.3.9/spring-webflux-5.3.9.jar:/home/marley/.m2/repository/ru/diasoft/micro/rest-starter/2.05.01-22060801/rest-starter-2.05.01-22060801.jar:/home/marley/.m2/repository/ru/diasoft/flextera/dstrace-spring-boot-starter-rest/4.01.04-22010401/dstrace-spring-boot-starter-rest-4.01.04-22010401.jar:/home/marley/.m2/repository/com/zaxxer/HikariCP/4.0.3/HikariCP-4.0.3.jar:/home/marley/.m2/repository/org/springframework/kafka/spring-kafka/2.7.6/spring-kafka-2.7.6.jar:/home/marley/.m2/repository/org/springframework/spring-messaging/5.3.9/spring-messaging-5.3.9.jar:/home/marley/.m2/repository/org/springframework/spring-tx/5.3.9/spring-tx-5.3.9.jar:/home/marley/.m2/repository/org/springframework/retry/spring-retry/1.3.1/spring-retry-1.3.1.jar:/home/marley/.m2/repository/org/apache/kafka/kafka-clients/2.7.1/kafka-clients-2.7.1.jar:/home/marley/.m2/repository/com/github/luben/zstd-jni/1.4.5-6/zstd-jni-1.4.5-6.jar:/home/marley/.m2/repository/org/lz4/lz4-java/1.7.1/lz4-java-1.7.1.jar:/home/marley/.m2/repository/org/xerial/snappy/snappy-java/1.1.7.7/snappy-java-1.1.7.7.jar:/home/marley/.m2/repository/com/google/code/findbugs/jsr305/1.3.9/jsr305-1.3.9.jar:/home/marley/.m2/repository/org/springframework/boot/spring-boot-starter-actuator/2.5.4/spring-boot-starter-actuator-2.5.4.jar:/home/marley/.m2/repository/org/springframework/boot/spring-boot-actuator-autoconfigure/2.5.4/spring-boot-actuator-autoconfigure-2.5.4.jar:/home/marley/.m2/repository/org/springframework/boot/spring-boot-actuator/2.5.4/spring-boot-actuator-2.5.4.jar:/home/marley/.m2/repository/ru/diasoft/micro/mdp/lib/qoauth/9.07.01-22060601-spring254/qoauth-9.07.01-22060601-spring254.jar:/home/marley/.m2/repository/org/springframework/security/oauth/spring-security-oauth2/2.5.1.RELEASE/spring-security-oauth2-2.5.1.RELEASE.jar:/home/marley/.m2/repository/org/springframework/security/spring-security-config/5.5.2/spring-security-config-5.5.2.jar:/home/marley/.m2/repository/org/springframework/security/oauth/boot/spring-security-oauth2-autoconfigure/2.1.2.RELEASE/spring-security-oauth2-autoconfigure-2.1.2.RELEASE.jar:/home/marley/.m2/repository/com/sun/xml/bind/jaxb-core/2.3.0.1/jaxb-core-2.3.0.1.jar:/home/marley/.m2/repository/com/sun/xml/bind/jaxb-impl/2.3.0.1/jaxb-impl-2.3.0.1.jar:/home/marley/.m2/repository/org/springframework/security/spring-security-jwt/1.0.9.RELEASE/spring-security-jwt-1.0.9.RELEASE.jar:/home/marley/.m2/repository/ru/diasoft/micro/swagger-starter/2.05.01-22060801/swagger-starter-2.05.01-22060801.jar:/home/marley/.m2/repository/io/springfox/springfox-boot-starter/3.0.0/springfox-boot-starter-3.0.0.jar:/home/marley/.m2/repository/io/springfox/springfox-oas/3.0.0/springfox-oas-3.0.0.jar:/home/marley/.m2/repository/io/swagger/core/v3/swagger-annotations/2.1.2/swagger-annotations-2.1.2.jar:/home/marley/.m2/repository/io/swagger/core/v3/swagger-models/2.1.2/swagger-models-2.1.2.jar:/home/marley/.m2/repository/io/springfox/springfox-spi/3.0.0/springfox-spi-3.0.0.jar:/home/marley/.m2/repository/io/springfox/springfox-schema/3.0.0/springfox-schema-3.0.0.jar:/home/marley/.m2/repository/io/springfox/springfox-core/3.0.0/springfox-core-3.0.0.jar:/home/marley/.m2/repository/io/springfox/springfox-spring-web/3.0.0/springfox-spring-web-3.0.0.jar:/home/marley/.m2/repository/io/github/classgraph/classgraph/4.8.83/classgraph-4.8.83.jar:/home/marley/.m2/repository/io/springfox/springfox-spring-webmvc/3.0.0/springfox-spring-webmvc-3.0.0.jar:/home/marley/.m2/repository/io/springfox/springfox-spring-webflux/3.0.0/springfox-spring-webflux-3.0.0.jar:/home/marley/.m2/repository/io/springfox/springfox-swagger-common/3.0.0/springfox-swagger-common-3.0.0.jar:/home/marley/.m2/repository/io/springfox/springfox-data-rest/3.0.0/springfox-data-rest-3.0.0.jar:/home/marley/.m2/repository/io/springfox/springfox-bean-validators/3.0.0/springfox-bean-validators-3.0.0.jar:/home/marley/.m2/repository/io/springfox/springfox-swagger2/3.0.0/springfox-swagger2-3.0.0.jar:/home/marley/.m2/repository/io/swagger/swagger-models/1.5.20/swagger-models-1.5.20.jar:/home/marley/.m2/repository/io/springfox/springfox-swagger-ui/3.0.0/springfox-swagger-ui-3.0.0.jar:/home/marley/.m2/repository/com/fasterxml/classmate/1.5.1/classmate-1.5.1.jar:/home/marley/.m2/repository/org/springframework/plugin/spring-plugin-core/2.0.0.RELEASE/spring-plugin-core-2.0.0.RELEASE.jar:/home/marley/.m2/repository/org/springframework/plugin/spring-plugin-metadata/2.0.0.RELEASE/spring-plugin-metadata-2.0.0.RELEASE.jar:/home/marley/.m2/repository/de/codecentric/chaos-monkey-spring-boot/2.2.0/chaos-monkey-spring-boot-2.2.0.jar:/home/marley/.m2/repository/org/springframework/spring-aspects/5.3.9/spring-aspects-5.3.9.jar:/home/marley/.m2/repository/org/springframework/spring-instrument/5.3.9/spring-instrument-5.3.9.jar:/home/marley/.m2/repository/org/aspectj/aspectjweaver/1.9.7/aspectjweaver-1.9.7.jar:/home/marley/.m2/repository/org/springframework/boot/spring-boot-configuration-processor/2.5.4/spring-boot-configuration-processor-2.5.4.jar:',
		'java.vm.specification.name' = 'Java Virtual Machine Specification',
		'java.vm.specification.version' = '1.8',
		'sun.cpu.endian' = 'little',
		'sun.os.patch.level' = 'unknown',
		'java.awt.headless' = 'true',
		'surefire.test.class.path' = '/home/marley/projects/dev/diasoft/diasoft-microservices-spring-basics/apps/app13/demo/service/target/test-classes:/home/marley/projects/dev/diasoft/diasoft-microservices-spring-basics/apps/app13/demo/service/target/classes:/home/marley/.m2/repository/org/springframework/boot/spring-boot-starter/2.5.4/spring-boot-starter-2.5.4.jar:/home/marley/.m2/repository/org/springframework/boot/spring-boot/2.5.4/spring-boot-2.5.4.jar:/home/marley/.m2/repository/org/springframework/spring-context/5.3.9/spring-context-5.3.9.jar:/home/marley/.m2/repository/org/springframework/boot/spring-boot-autoconfigure/2.5.4/spring-boot-autoconfigure-2.5.4.jar:/home/marley/.m2/repository/jakarta/annotation/jakarta.annotation-api/1.3.5/jakarta.annotation-api-1.3.5.jar:/home/marley/.m2/repository/org/springframework/spring-core/5.3.9/spring-core-5.3.9.jar:/home/marley/.m2/repository/org/springframework/spring-jcl/5.3.9/spring-jcl-5.3.9.jar:/home/marley/.m2/repository/org/yaml/snakeyaml/1.28/snakeyaml-1.28.jar:/home/marley/.m2/repository/ru/diasoft/micro/core-starter/2.05.01-22060801/core-starter-2.05.01-22060801.jar:/home/marley/.m2/repository/org/springframework/boot/spring-boot-starter-json/2.5.4/spring-boot-starter-json-2.5.4.jar:/home/marley/.m2/repository/com/fasterxml/jackson/datatype/jackson-datatype-jdk8/2.12.4/jackson-datatype-jdk8-2.12.4.jar:/home/marley/.m2/repository/com/fasterxml/jackson/datatype/jackson-datatype-jsr310/2.12.4/jackson-datatype-jsr310-2.12.4.jar:/home/marley/.m2/repository/com/fasterxml/jackson/module/jackson-module-parameter-names/2.12.4/jackson-module-parameter-names-2.12.4.jar:/home/marley/.m2/repository/org/springframework/cloud/spring-cloud-starter-oauth2/2.2.2.RELEASE/spring-cloud-starter-oauth2-2.2.2.RELEASE.jar:/home/marley/.m2/repository/org/springframework/cloud/spring-cloud-starter-security/2.2.2.RELEASE/spring-cloud-starter-security-2.2.2.RELEASE.jar:/home/marley/.m2/repository/org/springframework/cloud/spring-cloud-security/2.2.2.RELEASE/spring-cloud-security-2.2.2.RELEASE.jar:/home/marley/.m2/repository/org/springframework/boot/spring-boot-starter-security/2.5.4/spring-boot-starter-security-2.5.4.jar:/home/marley/.m2/repository/ru/diasoft/digitalq/dslogging-spring-boot-starter/1.06.05-22060901/dslogging-spring-boot-starter-1.06.05-22060901.jar:/home/marley/.m2/repository/ru/diasoft/digitalq/dslogging/1.06.05-22060901/dslogging-1.06.05-22060901.jar:/home/marley/.m2/repository/ru/diasoft/digitalq/dslogging-log4j2/1.06.05-22060901/dslogging-log4j2-1.06.05-22060901.jar:/home/marley/.m2/repository/ru/diasoft/flextera/dstrace/4.01.04-22010401/dstrace-4.01.04-22010401.jar:/home/marley/.m2/repository/commons-io/commons-io/2.5/commons-io-2.5.jar:/home/marley/.m2/repository/com/lmax/disruptor/3.4.2/disruptor-3.4.2.jar:/home/marley/.m2/repository/biz/paluch/logging/logstash-gelf/1.14.0/logstash-gelf-1.14.0.jar:/home/marley/.m2/repository/org/apache/logging/log4j/log4j-api/2.17.1/log4j-api-2.17.1.jar:/home/marley/.m2/repository/org/apache/logging/log4j/log4j-slf4j-impl/2.17.1/log4j-slf4j-impl-2.17.1.jar:/home/marley/.m2/repository/org/apache/logging/log4j/log4j-jul/2.17.1/log4j-jul-2.17.1.jar:/home/marley/.m2/repository/org/apache/logging/log4j/log4j-spring-cloud-config-client/2.17.1/log4j-spring-cloud-config-client-2.17.1.jar:/home/marley/.m2/repository/org/apache/logging/log4j/log4j-spring-boot/2.17.1/log4j-spring-boot-2.17.1.jar:/home/marley/.m2/repository/org/springframework/cloud/spring-cloud-starter-bootstrap/3.0.3/spring-cloud-starter-bootstrap-3.0.3.jar:/home/marley/.m2/repository/org/springframework/cloud/spring-cloud-config-client/3.0.4/spring-cloud-config-client-3.0.4.jar:/home/marley/.m2/repository/commons-logging/commons-logging/1.2/commons-logging-1.2.jar:/home/marley/.m2/repository/org/apache/logging/log4j/log4j-docker/2.17.1/log4j-docker-2.17.1.jar:/home/marley/.m2/repository/org/apache/commons/commons-lang3/3.12.0/commons-lang3-3.12.0.jar:/home/marley/.m2/repository/ru/diasoft/micro/jpa-starter/2.05.01-22060801/jpa-starter-2.05.01-22060801.jar:/home/marley/.m2/repository/org/springframework/boot/spring-boot-starter-data-jpa/2.5.4/spring-boot-starter-data-jpa-2.5.4.jar:/home/marley/.m2/repository/org/springframework/boot/spring-boot-starter-jdbc/2.5.4/spring-boot-starter-jdbc-2.5.4.jar:/home/marley/.m2/repository/org/springframework/spring-jdbc/5.3.9/spring-jdbc-5.3.9.jar:/home/marley/.m2/repository/jakarta/transaction/jakarta.transaction-api/1.3.3/jakarta.transaction-api-1.3.3.jar:/home/marley/.m2/repository/jakarta/persistence/jakarta.persistence-api/2.2.3/jakarta.persistence-api-2.2.3.jar:/home/marley/.m2/repository/org/hibernate/hibernate-core/5.4.32.Final/hibernate-core-5.4.32.Final.jar:/home/marley/.m2/repository/org/jboss/logging/jboss-logging/3.4.2.Final/jboss-logging-3.4.2.Final.jar:/home/marley/.m2/repository/org/javassist/javassist/3.23.2-GA/javassist-3.23.2-GA.jar:/home/marley/.m2/repository/antlr/antlr/2.7.7/antlr-2.7.7.jar:/home/marley/.m2/repository/org/jboss/jandex/2.2.3.Final/jandex-2.2.3.Final.jar:/home/marley/.m2/repository/org/dom4j/dom4j/2.1.3/dom4j-2.1.3.jar:/home/marley/.m2/repository/org/hibernate/common/hibernate-commons-annotations/5.1.2.Final/hibernate-commons-annotations-5.1.2.Final.jar:/home/marley/.m2/repository/org/springframework/data/spring-data-jpa/2.5.4/spring-data-jpa-2.5.4.jar:/home/marley/.m2/repository/org/springframework/data/spring-data-commons/2.5.4/spring-data-commons-2.5.4.jar:/home/marley/.m2/repository/org/springframework/spring-orm/5.3.9/spring-orm-5.3.9.jar:/home/marley/.m2/repository/ru/diasoft/flextera/dstrace-spring-boot-starter-jpa/4.01.04-22010401/dstrace-spring-boot-starter-jpa-4.01.04-22010401.jar:/home/marley/.m2/repository/ru/diasoft/flextera/dstrace-spring-boot-starter/4.01.04-22010401/dstrace-spring-boot-starter-4.01.04-22010401.jar:/home/marley/.m2/repository/ru/diasoft/flextera/dstrace-brave/4.01.04-22010401/dstrace-brave-4.01.04-22010401.jar:/home/marley/.m2/repository/io/zipkin/brave/brave/5.13.2/brave-5.13.2.jar:/home/marley/.m2/repository/io/zipkin/reporter2/zipkin-reporter-brave/2.16.1/zipkin-reporter-brave-2.16.1.jar:/home/marley/.m2/repository/org/springframework/cloud/spring-cloud-starter-zipkin/2.2.3.RELEASE/spring-cloud-starter-zipkin-2.2.3.RELEASE.jar:/home/marley/.m2/repository/org/springframework/cloud/spring-cloud-starter-sleuth/3.0.3/spring-cloud-starter-sleuth-3.0.3.jar:/home/marley/.m2/repository/org/springframework/cloud/spring-cloud-sleuth-autoconfigure/3.0.3/spring-cloud-sleuth-autoconfigure-3.0.3.jar:/home/marley/.m2/repository/org/aspectj/aspectjrt/1.9.7/aspectjrt-1.9.7.jar:/home/marley/.m2/repository/org/springframework/cloud/spring-cloud-sleuth-brave/3.0.3/spring-cloud-sleuth-brave-3.0.3.jar:/home/marley/.m2/repository/io/zipkin/brave/brave-context-slf4j/5.13.2/brave-context-slf4j-5.13.2.jar:/home/marley/.m2/repository/io/zipkin/brave/brave-instrumentation-messaging/5.13.2/brave-instrumentation-messaging-5.13.2.jar:/home/marley/.m2/repository/io/zipkin/brave/brave-instrumentation-rpc/5.13.2/brave-instrumentation-rpc-5.13.2.jar:/home/marley/.m2/repository/io/zipkin/brave/brave-instrumentation-spring-rabbit/5.13.2/brave-instrumentation-spring-rabbit-5.13.2.jar:/home/marley/.m2/repository/io/zipkin/brave/brave-instrumentation-kafka-clients/5.13.2/brave-instrumentation-kafka-clients-5.13.2.jar:/home/marley/.m2/repository/io/zipkin/brave/brave-instrumentation-kafka-streams/5.13.2/brave-instrumentation-kafka-streams-5.13.2.jar:/home/marley/.m2/repository/io/zipkin/brave/brave-instrumentation-httpclient/5.13.2/brave-instrumentation-httpclient-5.13.2.jar:/home/marley/.m2/repository/io/zipkin/brave/brave-instrumentation-http/5.13.2/brave-instrumentation-http-5.13.2.jar:/home/marley/.m2/repository/io/zipkin/brave/brave-instrumentation-httpasyncclient/5.13.2/brave-instrumentation-httpasyncclient-5.13.2.jar:/home/marley/.m2/repository/io/zipkin/brave/brave-instrumentation-jms/5.13.2/brave-instrumentation-jms-5.13.2.jar:/home/marley/.m2/repository/io/zipkin/brave/brave-instrumentation-mongodb/5.13.2/brave-instrumentation-mongodb-5.13.2.jar:/home/marley/.m2/repository/io/zipkin/aws/brave-propagation-aws/0.21.3/brave-propagation-aws-0.21.3.jar:/home/marley/.m2/repository/io/zipkin/reporter2/zipkin-reporter-metrics-micrometer/2.16.1/zipkin-reporter-metrics-micrometer-2.16.1.jar:/home/marley/.m2/repository/org/springframework/cloud/spring-cloud-sleuth-zipkin/3.0.3/spring-cloud-sleuth-zipkin-3.0.3.jar:/home/marley/.m2/repository/org/springframework/cloud/spring-cloud-sleuth-instrumentation/3.0.3/spring-cloud-sleuth-instrumentation-3.0.3.jar:/home/marley/.m2/repository/org/springframework/cloud/spring-cloud-sleuth-api/3.0.3/spring-cloud-sleuth-api-3.0.3.jar:/home/marley/.m2/repository/io/zipkin/zipkin2/zipkin/2.23.0/zipkin-2.23.0.jar:/home/marley/.m2/repository/io/zipkin/reporter2/zipkin-reporter/2.16.1/zipkin-reporter-2.16.1.jar:/home/marley/.m2/repository/io/zipkin/reporter2/zipkin-sender-kafka/2.16.1/zipkin-sender-kafka-2.16.1.jar:/home/marley/.m2/repository/io/zipkin/reporter2/zipkin-sender-activemq-client/2.16.1/zipkin-sender-activemq-client-2.16.1.jar:/home/marley/.m2/repository/io/zipkin/reporter2/zipkin-sender-amqp-client/2.16.1/zipkin-sender-amqp-client-2.16.1.jar:/home/marley/.m2/repository/net/ttddyy/datasource-proxy/1.7/datasource-proxy-1.7.jar:/home/marley/.m2/repository/com/querydsl/querydsl-apt/4.4.0/querydsl-apt-4.4.0.jar:/home/marley/.m2/repository/com/querydsl/querydsl-jpa/4.4.0/querydsl-jpa-4.4.0.jar:/home/marley/.m2/repository/com/querydsl/querydsl-core/4.4.0/querydsl-core-4.4.0.jar:/home/marley/.m2/repository/com/mysema/commons/mysema-commons-lang/0.2.4/mysema-commons-lang-0.2.4.jar:/home/marley/.m2/repository/com/infradna/tool/bridge-method-annotation/1.13/bridge-method-annotation-1.13.jar:/home/marley/.m2/repository/javax/inject/javax.inject/1/javax.inject-1.jar:/home/marley/.m2/repository/com/querydsl/querydsl-codegen/4.2.2/querydsl-codegen-4.2.2.jar:/home/marley/.m2/repository/com/mysema/codegen/codegen/0.6.8/codegen-0.6.8.jar:/home/marley/.m2/repository/org/eclipse/jdt/core/compiler/ecj/4.3.1/ecj-4.3.1.jar:/home/marley/.m2/repository/org/reflections/reflections/0.9.9/reflections-0.9.9.jar:/home/marley/.m2/repository/com/google/code/findbugs/annotations/2.0.1/annotations-2.0.1.jar:/home/marley/.m2/repository/ru/diasoft/micro/mdp/lib/mdpquerydsl/9.04.06-21060101/mdpquerydsl-9.04.06-21060101.jar:/home/marley/.m2/repository/com/querydsl/querydsl-collections/4.4.0/querydsl-collections-4.4.0.jar:/home/marley/.m2/repository/org/apache/commons/commons-collections4/4.3/commons-collections4-4.3.jar:/home/marley/.m2/repository/com/google/guava/guava/29.0-android/guava-29.0-android.jar:/home/marley/.m2/repository/com/google/guava/failureaccess/1.0.1/failureaccess-1.0.1.jar:/home/marley/.m2/repository/com/google/guava/listenablefuture/9999.0-empty-to-avoid-conflict-with-guava/listenablefuture-9999.0-empty-to-avoid-conflict-with-guava.jar:/home/marley/.m2/repository/org/checkerframework/checker-compat-qual/2.5.5/checker-compat-qual-2.5.5.jar:/home/marley/.m2/repository/com/google/errorprone/error_prone_annotations/2.3.4/error_prone_annotations-2.3.4.jar:/home/marley/.m2/repository/com/google/j2objc/j2objc-annotations/1.3/j2objc-annotations-1.3.jar:/home/marley/.m2/repository/org/postgresql/postgresql/42.3.3/postgresql-42.3.3.jar:/home/marley/.m2/repository/org/checkerframework/checker-qual/3.5.0/checker-qual-3.5.0.jar:/home/marley/.m2/repository/net/sourceforge/jtds/jtds/1.3.1/jtds-1.3.1.jar:/home/marley/.m2/repository/com/oracle/database/jdbc/ojdbc8/21.4.0.0.1/ojdbc8-21.4.0.0.1.jar:/home/marley/.m2/repository/com/oracle/ojdbc/orai18n/19.3.0.0/orai18n-19.3.0.0.jar:/home/marley/.m2/repository/com/oracle/database/nls/orai18n/21.4.0.0.1/orai18n-21.4.0.0.1.jar:/home/marley/.m2/repository/ru/diasoft/micro/stream-kafka-starter/2.05.01-22060801/stream-kafka-starter-2.05.01-22060801.jar:/home/marley/.m2/repository/org/springframework/cloud/spring-cloud-starter-stream-kafka/3.1.3/spring-cloud-starter-stream-kafka-3.1.3.jar:/home/marley/.m2/repository/org/springframework/cloud/spring-cloud-stream-binder-kafka/3.1.3/spring-cloud-stream-binder-kafka-3.1.3.jar:/home/marley/.m2/repository/org/springframework/cloud/spring-cloud-stream-binder-kafka-core/3.1.3/spring-cloud-stream-binder-kafka-core-3.1.3.jar:/home/marley/.m2/repository/org/springframework/integration/spring-integration-kafka/5.5.3/spring-integration-kafka-5.5.3.jar:/home/marley/.m2/repository/org/springframework/cloud/spring-cloud-stream/3.1.3/spring-cloud-stream-3.1.3.jar:/home/marley/.m2/repository/org/springframework/integration/spring-integration-core/5.5.3/spring-integration-core-5.5.3.jar:/home/marley/.m2/repository/org/springframework/integration/spring-integration-jmx/5.5.3/spring-integration-jmx-5.5.3.jar:/home/marley/.m2/repository/org/springframework/cloud/spring-cloud-function-context/3.1.3/spring-cloud-function-context-3.1.3.jar:/home/marley/.m2/repository/net/jodah/typetools/0.6.2/typetools-0.6.2.jar:/home/marley/.m2/repository/org/springframework/cloud/spring-cloud-function-core/3.1.3/spring-cloud-function-core-3.1.3.jar:/home/marley/.m2/repository/ru/diasoft/flextera/dstrace-spring-boot-starter-cloud-stream/4.01.04-22010401/dstrace-spring-boot-starter-cloud-stream-4.01.04-22010401.jar:/home/marley/.m2/repository/ru/diasoft/micro/feign-starter/2.05.01-22060801/feign-starter-2.05.01-22060801.jar:/home/marley/.m2/repository/org/springframework/cloud/spring-cloud-starter-openfeign/3.0.3/spring-cloud-starter-openfeign-3.0.3.jar:/home/marley/.m2/repository/org/springframework/cloud/spring-cloud-openfeign-core/3.0.3/spring-cloud-openfeign-core-3.0.3.jar:/home/marley/.m2/repository/io/github/openfeign/form/feign-form-spring/3.8.0/feign-form-spring-3.8.0.jar:/home/marley/.m2/repository/io/github/openfeign/form/feign-form/3.8.0/feign-form-3.8.0.jar:/home/marley/.m2/repository/commons-fileupload/commons-fileupload/1.4/commons-fileupload-1.4.jar:/home/marley/.m2/repository/org/springframework/cloud/spring-cloud-commons/3.0.3/spring-cloud-commons-3.0.3.jar:/home/marley/.m2/repository/io/github/openfeign/feign-core/10.12/feign-core-10.12.jar:/home/marley/.m2/repository/io/github/openfeign/feign-slf4j/10.12/feign-slf4j-10.12.jar:/home/marley/.m2/repository/ru/diasoft/flextera/dstrace-spring-boot-starter-feign/4.01.04-22010401/dstrace-spring-boot-starter-feign-4.01.04-22010401.jar:/home/marley/.m2/repository/ru/diasoft/micro/mdp/lib/mdpribbon/9.05.01-22061501-spring-254/mdpribbon-9.05.01-22061501-spring-254.jar:/home/marley/.m2/repository/ru/diasoft/micro/mdp/lib/mdpcache/9.05.01-21122301/mdpcache-9.05.01-21122301.jar:/home/marley/.m2/repository/org/springframework/cloud/spring-cloud-loadbalancer/3.0.3/spring-cloud-loadbalancer-3.0.3.jar:/home/marley/.m2/repository/org/springframework/cloud/spring-cloud-context/3.0.3/spring-cloud-context-3.0.3.jar:/home/marley/.m2/repository/org/springframework/boot/spring-boot-starter-validation/2.5.4/spring-boot-starter-validation-2.5.4.jar:/home/marley/.m2/repository/org/apache/tomcat/embed/tomcat-embed-el/9.0.52/tomcat-embed-el-9.0.52.jar:/home/marley/.m2/repository/org/hibernate/validator/hibernate-validator/6.2.0.Final/hibernate-validator-6.2.0.Final.jar:/home/marley/.m2/repository/jakarta/validation/jakarta.validation-api/2.0.2/jakarta.validation-api-2.0.2.jar:/home/marley/.m2/repository/io/projectreactor/reactor-core/3.4.9/reactor-core-3.4.9.jar:/home/marley/.m2/repository/org/reactivestreams/reactive-streams/1.0.3/reactive-streams-1.0.3.jar:/home/marley/.m2/repository/io/projectreactor/addons/reactor-extra/3.4.4/reactor-extra-3.4.4.jar:/home/marley/.m2/repository/org/springframework/cloud/spring-cloud-netflix-eureka-client/3.0.3/spring-cloud-netflix-eureka-client-3.0.3.jar:/home/marley/.m2/repository/com/netflix/eureka/eureka-client/1.10.14/eureka-client-1.10.14.jar:/home/marley/.m2/repository/com/netflix/netflix-commons/netflix-eventbus/0.3.0/netflix-eventbus-0.3.0.jar:/home/marley/.m2/repository/com/netflix/netflix-commons/netflix-infix/0.3.0/netflix-infix-0.3.0.jar:/home/marley/.m2/repository/commons-jxpath/commons-jxpath/1.3/commons-jxpath-1.3.jar:/home/marley/.m2/repository/org/antlr/antlr-runtime/3.4/antlr-runtime-3.4.jar:/home/marley/.m2/repository/org/antlr/stringtemplate/3.2.1/stringtemplate-3.2.1.jar:/home/marley/.m2/repository/org/apache/commons/commons-math/2.2/commons-math-2.2.jar:/home/marley/.m2/repository/com/thoughtworks/xstream/xstream/1.4.18/xstream-1.4.18.jar:/home/marley/.m2/repository/io/github/x-stream/mxparser/1.2.2/mxparser-1.2.2.jar:/home/marley/.m2/repository/xmlpull/xmlpull/1.1.3.1/xmlpull-1.1.3.1.jar:/home/marley/.m2/repository/javax/ws/rs/jsr311-api/1.1.1/jsr311-api-1.1.1.jar:/home/marley/.m2/repository/com/netflix/servo/servo-core/0.12.21/servo-core-0.12.21.jar:/home/marley/.m2/repository/com/sun/jersey/jersey-core/1.19.4/jersey-core-1.19.4.jar:/home/marley/.m2/repository/com/sun/jersey/jersey-client/1.19.4/jersey-client-1.19.4.jar:/home/marley/.m2/repository/com/sun/jersey/contribs/jersey-apache-client4/1.19.1/jersey-apache-client4-1.19.1.jar:/home/marley/.m2/repository/commons-configuration/commons-configuration/1.10/commons-configuration-1.10.jar:/home/marley/.m2/repository/commons-lang/commons-lang/2.6/commons-lang-2.6.jar:/home/marley/.m2/repository/com/google/inject/guice/4.1.0/guice-4.1.0.jar:/home/marley/.m2/repository/aopalliance/aopalliance/1.0/aopalliance-1.0.jar:/home/marley/.m2/repository/com/fasterxml/jackson/core/jackson-core/2.12.4/jackson-core-2.12.4.jar:/home/marley/.m2/repository/org/codehaus/jettison/jettison/1.4.0/jettison-1.4.0.jar:/home/marley/.m2/repository/io/kubernetes/client-java/8.0.2/client-java-8.0.2.jar:/home/marley/.m2/repository/io/kubernetes/client-java-api/8.0.2/client-java-api-8.0.2.jar:/home/marley/.m2/repository/io/sundr/builder-annotations/0.21.0/builder-annotations-0.21.0.jar:/home/marley/.m2/repository/io/sundr/sundr-core/0.21.0/sundr-core-0.21.0.jar:/home/marley/.m2/repository/io/sundr/sundr-codegen/0.21.0/sundr-codegen-0.21.0.jar:/home/marley/.m2/repository/io/sundr/resourcecify-annotations/0.21.0/resourcecify-annotations-0.21.0.jar:/home/marley/.m2/repository/javax/annotation/javax.annotation-api/1.3.2/javax.annotation-api-1.3.2.jar:/home/marley/.m2/repository/io/swagger/swagger-annotations/1.5.22/swagger-annotations-1.5.22.jar:/home/marley/.m2/repository/com/squareup/okhttp3/okhttp/3.14.9/okhttp-3.14.9.jar:/home/marley/.m2/repository/com/squareup/okio/okio/1.17.2/okio-1.17.2.jar:/home/marley/.m2/repository/com/squareup/okhttp3/logging-interceptor/3.14.9/logging-interceptor-3.14.9.jar:/home/marley/.m2/repository/com/google/code/gson/gson/2.8.7/gson-2.8.7.jar:/home/marley/.m2/repository/io/gsonfire/gson-fire/1.8.3/gson-fire-1.8.3.jar:/home/marley/.m2/repository/joda-time/joda-time/2.10.5/joda-time-2.10.5.jar:/home/marley/.m2/repository/org/joda/joda-convert/1.2/joda-convert-1.2.jar:/home/marley/.m2/repository/io/kubernetes/client-java-proto/8.0.2/client-java-proto-8.0.2.jar:/home/marley/.m2/repository/org/apache/commons/commons-compress/1.19/commons-compress-1.19.jar:/home/marley/.m2/repository/org/bouncycastle/bcprov-ext-jdk15on/1.64/bcprov-ext-jdk15on-1.64.jar:/home/marley/.m2/repository/org/bouncycastle/bcpkix-jdk15on/1.60/bcpkix-jdk15on-1.60.jar:/home/marley/.m2/repository/org/bouncycastle/bcprov-jdk15on/1.60/bcprov-jdk15on-1.60.jar:/home/marley/.m2/repository/com/google/protobuf/protobuf-java/3.11.4/protobuf-java-3.11.4.jar:/home/marley/.m2/repository/org/bitbucket/b_c/jose4j/0.7.0/jose4j-0.7.0.jar:/home/marley/.m2/repository/org/apache/logging/log4j/log4j-core/2.17.1/log4j-core-2.17.1.jar:/home/marley/.m2/repository/org/apache/httpcomponents/httpclient/4.5.13/httpclient-4.5.13.jar:/home/marley/.m2/repository/org/apache/httpcomponents/httpcore/4.4.14/httpcore-4.4.14.jar:/home/marley/.m2/repository/org/projectlombok/lombok/1.18.20/lombok-1.18.20.jar:/home/marley/.m2/repository/ru/diasoft/digitalq/libs/dqapiexception/1.03.01-21041301/dqapiexception-1.03.01-21041301.jar:/home/marley/.m2/repository/org/springframework/spring-web/5.3.9/spring-web-5.3.9.jar:/home/marley/.m2/repository/org/springframework/spring-beans/5.3.9/spring-beans-5.3.9.jar:/home/marley/.m2/repository/com/fasterxml/jackson/core/jackson-databind/2.12.4/jackson-databind-2.12.4.jar:/home/marley/.m2/repository/javax/validation/validation-api/2.0.1.Final/validation-api-2.0.1.Final.jar:/home/marley/.m2/repository/ru/diasoft/micro/mdp/lib/qpermissioncontrol/9.08.01-22061701/qpermissioncontrol-9.08.01-22061701.jar:/home/marley/.m2/repository/org/springframework/boot/spring-boot-starter-web/2.5.4/spring-boot-starter-web-2.5.4.jar:/home/marley/.m2/repository/org/springframework/boot/spring-boot-starter-tomcat/2.5.4/spring-boot-starter-tomcat-2.5.4.jar:/home/marley/.m2/repository/org/apache/tomcat/embed/tomcat-embed-core/9.0.52/tomcat-embed-core-9.0.52.jar:/home/marley/.m2/repository/org/apache/tomcat/embed/tomcat-embed-websocket/9.0.52/tomcat-embed-websocket-9.0.52.jar:/home/marley/.m2/repository/org/springframework/spring-webmvc/5.3.9/spring-webmvc-5.3.9.jar:/home/marley/.m2/repository/com/fasterxml/jackson/core/jackson-annotations/2.12.4/jackson-annotations-2.12.4.jar:/home/marley/.m2/repository/com/googlecode/json-simple/json-simple/1.1.1/json-simple-1.1.1.jar:/home/marley/.m2/repository/org/json/json/20190722/json-20190722.jar:/home/marley/.m2/repository/ru/diasoft/micro/mdp/lib/mdpexception/9.10.01-astra-22062201/mdpexception-9.10.01-astra-22062201.jar:/home/marley/.m2/repository/ru/diasoft/micro/mdp/lib/mdpid/9.07.01-22042201/mdpid-9.07.01-22042201.jar:/home/marley/.m2/repository/org/wso2/balana/org.wso2.balana/1.2.12.1/org.wso2.balana-1.2.12.1.jar:/home/marley/.m2/repository/org/wso2/balana/org.wso2.balana.utils/1.2.12.1/org.wso2.balana.utils-1.2.12.1.jar:/home/marley/.m2/repository/org/ops4j/pax/logging/pax-logging-api/1.10.1/pax-logging-api-1.10.1.jar:/home/marley/.m2/repository/xerces/wso2/xercesImpl/2.8.1.wso2v2/xercesImpl-2.8.1.wso2v2.jar:/home/marley/.m2/repository/ru/diasoft/micro/mdp/lib/mdpauditlib/9.05.01-21122301/mdpauditlib-9.05.01-21122301.jar:/home/marley/.m2/repository/org/springframework/boot/spring-boot-starter-aop/2.5.4/spring-boot-starter-aop-2.5.4.jar:/home/marley/.m2/repository/org/springframework/spring-aop/5.3.9/spring-aop-5.3.9.jar:/home/marley/.m2/repository/commons-codec/commons-codec/1.15/commons-codec-1.15.jar:/home/marley/.m2/repository/com/ctc/wstx/stax/stax2-api/3.0.2/stax2-api-3.0.2.jar:/home/marley/.m2/repository/com/ctc/wstx/stax/woodstox-core-asl/4.0.8/woodstox-core-asl-4.0.8.jar:/home/marley/.m2/repository/ru/diasoft/micro/mdp/lib/mdpversionslib/9.05.01-21122301/mdpversionslib-9.05.01-21122301.jar:/home/marley/.m2/repository/org/springframework/boot/spring-boot-devtools/2.5.4/spring-boot-devtools-2.5.4.jar:/home/marley/.m2/repository/ru/diasoft/micro/micrometer-starter/2.05.01-22060801/micrometer-starter-2.05.01-22060801.jar:/home/marley/.m2/repository/io/micrometer/micrometer-core/1.7.3/micrometer-core-1.7.3.jar:/home/marley/.m2/repository/org/hdrhistogram/HdrHistogram/2.1.11/HdrHistogram-2.1.11.jar:/home/marley/.m2/repository/org/latencyutils/LatencyUtils/2.0.3/LatencyUtils-2.0.3.jar:/home/marley/.m2/repository/io/micrometer/micrometer-registry-prometheus/1.7.3/micrometer-registry-prometheus-1.7.3.jar:/home/marley/.m2/repository/io/prometheus/simpleclient_common/0.10.0/simpleclient_common-0.10.0.jar:/home/marley/.m2/repository/io/prometheus/simpleclient/0.10.0/simpleclient-0.10.0.jar:/home/marley/.m2/repository/org/mapstruct/mapstruct/1.3.1.Final/mapstruct-1.3.1.Final.jar:/home/marley/.m2/repository/org/junit/vintage/junit-vintage-engine/5.7.2/junit-vintage-engine-5.7.2.jar:/home/marley/.m2/repository/org/apiguardian/apiguardian-api/1.1.0/apiguardian-api-1.1.0.jar:/home/marley/.m2/repository/org/junit/platform/junit-platform-engine/1.7.2/junit-platform-engine-1.7.2.jar:/home/marley/.m2/repository/org/opentest4j/opentest4j/1.2.0/opentest4j-1.2.0.jar:/home/marley/.m2/repository/org/junit/platform/junit-platform-commons/1.7.2/junit-platform-commons-1.7.2.jar:/home/marley/.m2/repository/junit/junit/4.13.2/junit-4.13.2.jar:/home/marley/.m2/repository/org/springframework/boot/spring-boot-starter-test/2.5.4/spring-boot-starter-test-2.5.4.jar:/home/marley/.m2/repository/org/springframework/boot/spring-boot-test/2.5.4/spring-boot-test-2.5.4.jar:/home/marley/.m2/repository/org/springframework/boot/spring-boot-test-autoconfigure/2.5.4/spring-boot-test-autoconfigure-2.5.4.jar:/home/marley/.m2/repository/com/jayway/jsonpath/json-path/2.5.0/json-path-2.5.0.jar:/home/marley/.m2/repository/net/minidev/json-smart/2.4.7/json-smart-2.4.7.jar:/home/marley/.m2/repository/net/minidev/accessors-smart/2.4.7/accessors-smart-2.4.7.jar:/home/marley/.m2/repository/org/ow2/asm/asm/7.1/asm-7.1.jar:/home/marley/.m2/repository/jakarta/xml/bind/jakarta.xml.bind-api/2.3.3/jakarta.xml.bind-api-2.3.3.jar:/home/marley/.m2/repository/jakarta/activation/jakarta.activation-api/1.2.2/jakarta.activation-api-1.2.2.jar:/home/marley/.m2/repository/org/assertj/assertj-core/3.19.0/assertj-core-3.19.0.jar:/home/marley/.m2/repository/org/hamcrest/hamcrest/2.2/hamcrest-2.2.jar:/home/marley/.m2/repository/org/junit/jupiter/junit-jupiter/5.7.2/junit-jupiter-5.7.2.jar:/home/marley/.m2/repository/org/junit/jupiter/junit-jupiter-api/5.7.2/junit-jupiter-api-5.7.2.jar:/home/marley/.m2/repository/org/junit/jupiter/junit-jupiter-params/5.7.2/junit-jupiter-params-5.7.2.jar:/home/marley/.m2/repository/org/junit/jupiter/junit-jupiter-engine/5.7.2/junit-jupiter-engine-5.7.2.jar:/home/marley/.m2/repository/org/mockito/mockito-core/3.9.0/mockito-core-3.9.0.jar:/home/marley/.m2/repository/net/bytebuddy/byte-buddy/1.10.22/byte-buddy-1.10.22.jar:/home/marley/.m2/repository/net/bytebuddy/byte-buddy-agent/1.10.22/byte-buddy-agent-1.10.22.jar:/home/marley/.m2/repository/org/objenesis/objenesis/3.2/objenesis-3.2.jar:/home/marley/.m2/repository/org/mockito/mockito-junit-jupiter/3.9.0/mockito-junit-jupiter-3.9.0.jar:/home/marley/.m2/repository/org/skyscreamer/jsonassert/1.5.0/jsonassert-1.5.0.jar:/home/marley/.m2/repository/com/vaadin/external/google/android-json/0.0.20131108.vaadin1/android-json-0.0.20131108.vaadin1.jar:/home/marley/.m2/repository/org/springframework/spring-test/5.3.9/spring-test-5.3.9.jar:/home/marley/.m2/repository/org/xmlunit/xmlunit-core/2.8.2/xmlunit-core-2.8.2.jar:/home/marley/.m2/repository/org/springframework/cloud/spring-cloud-starter-netflix-eureka-server/3.0.3/spring-cloud-starter-netflix-eureka-server-3.0.3.jar:/home/marley/.m2/repository/org/springframework/cloud/spring-cloud-starter/3.0.3/spring-cloud-starter-3.0.3.jar:/home/marley/.m2/repository/org/springframework/security/spring-security-rsa/1.0.10.RELEASE/spring-security-rsa-1.0.10.RELEASE.jar:/home/marley/.m2/repository/org/springframework/cloud/spring-cloud-netflix-eureka-server/3.0.3/spring-cloud-netflix-eureka-server-3.0.3.jar:/home/marley/.m2/repository/org/springframework/boot/spring-boot-starter-freemarker/2.5.4/spring-boot-starter-freemarker-2.5.4.jar:/home/marley/.m2/repository/org/freemarker/freemarker/2.3.31/freemarker-2.3.31.jar:/home/marley/.m2/repository/org/springframework/spring-context-support/5.3.9/spring-context-support-5.3.9.jar:/home/marley/.m2/repository/com/sun/jersey/jersey-servlet/1.19.4/jersey-servlet-1.19.4.jar:/home/marley/.m2/repository/com/sun/jersey/jersey-server/1.19.4/jersey-server-1.19.4.jar:/home/marley/.m2/repository/com/netflix/eureka/eureka-core/1.10.14/eureka-core-1.10.14.jar:/home/marley/.m2/repository/com/fasterxml/woodstox/woodstox-core/6.1.1/woodstox-core-6.1.1.jar:/home/marley/.m2/repository/com/fasterxml/jackson/dataformat/jackson-dataformat-xml/2.12.4/jackson-dataformat-xml-2.12.4.jar:/home/marley/.m2/repository/com/fasterxml/jackson/module/jackson-module-jaxb-annotations/2.12.4/jackson-module-jaxb-annotations-2.12.4.jar:/home/marley/.m2/repository/org/codehaus/woodstox/stax2-api/4.2/stax2-api-4.2.jar:/home/marley/.m2/repository/org/springframework/cloud/spring-cloud-starter-loadbalancer/3.0.3/spring-cloud-starter-loadbalancer-3.0.3.jar:/home/marley/.m2/repository/org/springframework/boot/spring-boot-starter-cache/2.5.4/spring-boot-starter-cache-2.5.4.jar:/home/marley/.m2/repository/com/stoyanr/evictor/1.0.0/evictor-1.0.0.jar:/home/marley/.m2/repository/org/glassfish/jaxb/jaxb-runtime/2.3.5/jaxb-runtime-2.3.5.jar:/home/marley/.m2/repository/org/glassfish/jaxb/txw2/2.3.5/txw2-2.3.5.jar:/home/marley/.m2/repository/com/sun/istack/istack-commons-runtime/3.0.12/istack-commons-runtime-3.0.12.jar:/home/marley/.m2/repository/com/sun/activation/jakarta.activation/1.2.2/jakarta.activation-1.2.2.jar:/home/marley/.m2/repository/org/springframework/security/spring-security-test/5.5.2/spring-security-test-5.5.2.jar:/home/marley/.m2/repository/org/springframework/security/spring-security-core/5.5.2/spring-security-core-5.5.2.jar:/home/marley/.m2/repository/org/springframework/security/spring-security-crypto/5.5.2/spring-security-crypto-5.5.2.jar:/home/marley/.m2/repository/org/springframework/spring-expression/5.3.9/spring-expression-5.3.9.jar:/home/marley/.m2/repository/org/springframework/security/spring-security-web/5.5.2/spring-security-web-5.5.2.jar:/home/marley/.m2/repository/org/liquibase/liquibase-core/4.3.5/liquibase-core-4.3.5.jar:/home/marley/.m2/repository/javax/xml/bind/jaxb-api/2.3.1/jaxb-api-2.3.1.jar:/home/marley/.m2/repository/javax/activation/javax.activation-api/1.2.0/javax.activation-api-1.2.0.jar:/home/marley/.m2/repository/com/h2database/h2/1.4.200/h2-1.4.200.jar:/home/marley/.m2/repository/com/tngtech/archunit/archunit/0.13.1/archunit-0.13.1.jar:/home/marley/.m2/repository/org/slf4j/slf4j-api/1.7.25/slf4j-api-1.7.25.jar:/home/marley/.m2/repository/ru/diasoft/micro/archetype-tests/1.01.07-21072801/archetype-tests-1.01.07-21072801.jar:/home/marley/.m2/repository/ru/diasoft/micro/reactive-starter/1.19.01-21032201/reactive-starter-1.19.01-21032201.jar:/home/marley/.m2/repository/org/springframework/boot/spring-boot-starter-webflux/2.5.4/spring-boot-starter-webflux-2.5.4.jar:/home/marley/.m2/repository/org/springframework/boot/spring-boot-starter-reactor-netty/2.5.4/spring-boot-starter-reactor-netty-2.5.4.jar:/home/marley/.m2/repository/io/projectreactor/netty/reactor-netty-http/1.0.10/reactor-netty-http-1.0.10.jar:/home/marley/.m2/repository/io/netty/netty-codec-http/4.1.67.Final/netty-codec-http-4.1.67.Final.jar:/home/marley/.m2/repository/io/netty/netty-common/4.1.67.Final/netty-common-4.1.67.Final.jar:/home/marley/.m2/repository/io/netty/netty-buffer/4.1.67.Final/netty-buffer-4.1.67.Final.jar:/home/marley/.m2/repository/io/netty/netty-transport/4.1.67.Final/netty-transport-4.1.67.Final.jar:/home/marley/.m2/repository/io/netty/netty-codec/4.1.67.Final/netty-codec-4.1.67.Final.jar:/home/marley/.m2/repository/io/netty/netty-handler/4.1.67.Final/netty-handler-4.1.67.Final.jar:/home/marley/.m2/repository/io/netty/netty-codec-http2/4.1.67.Final/netty-codec-http2-4.1.67.Final.jar:/home/marley/.m2/repository/io/netty/netty-resolver-dns/4.1.67.Final/netty-resolver-dns-4.1.67.Final.jar:/home/marley/.m2/repository/io/netty/netty-resolver/4.1.67.Final/netty-resolver-4.1.67.Final.jar:/home/marley/.m2/repository/io/netty/netty-codec-dns/4.1.67.Final/netty-codec-dns-4.1.67.Final.jar:/home/marley/.m2/repository/io/netty/netty-resolver-dns-native-macos/4.1.67.Final/netty-resolver-dns-native-macos-4.1.67.Final-osx-x86_64.jar:/home/marley/.m2/repository/io/netty/netty-transport-native-unix-common/4.1.67.Final/netty-transport-native-unix-common-4.1.67.Final.jar:/home/marley/.m2/repository/io/netty/netty-transport-native-epoll/4.1.67.Final/netty-transport-native-epoll-4.1.67.Final-linux-x86_64.jar:/home/marley/.m2/repository/io/projectreactor/netty/reactor-netty-core/1.0.10/reactor-netty-core-1.0.10.jar:/home/marley/.m2/repository/io/netty/netty-handler-proxy/4.1.67.Final/netty-handler-proxy-4.1.67.Final.jar:/home/marley/.m2/repository/io/netty/netty-codec-socks/4.1.67.Final/netty-codec-socks-4.1.67.Final.jar:/home/marley/.m2/repository/org/springframework/spring-webflux/5.3.9/spring-webflux-5.3.9.jar:/home/marley/.m2/repository/ru/diasoft/micro/rest-starter/2.05.01-22060801/rest-starter-2.05.01-22060801.jar:/home/marley/.m2/repository/ru/diasoft/flextera/dstrace-spring-boot-starter-rest/4.01.04-22010401/dstrace-spring-boot-starter-rest-4.01.04-22010401.jar:/home/marley/.m2/repository/com/zaxxer/HikariCP/4.0.3/HikariCP-4.0.3.jar:/home/marley/.m2/repository/org/springframework/kafka/spring-kafka/2.7.6/spring-kafka-2.7.6.jar:/home/marley/.m2/repository/org/springframework/spring-messaging/5.3.9/spring-messaging-5.3.9.jar:/home/marley/.m2/repository/org/springframework/spring-tx/5.3.9/spring-tx-5.3.9.jar:/home/marley/.m2/repository/org/springframework/retry/spring-retry/1.3.1/spring-retry-1.3.1.jar:/home/marley/.m2/repository/org/apache/kafka/kafka-clients/2.7.1/kafka-clients-2.7.1.jar:/home/marley/.m2/repository/com/github/luben/zstd-jni/1.4.5-6/zstd-jni-1.4.5-6.jar:/home/marley/.m2/repository/org/lz4/lz4-java/1.7.1/lz4-java-1.7.1.jar:/home/marley/.m2/repository/org/xerial/snappy/snappy-java/1.1.7.7/snappy-java-1.1.7.7.jar:/home/marley/.m2/repository/com/google/code/findbugs/jsr305/1.3.9/jsr305-1.3.9.jar:/home/marley/.m2/repository/org/springframework/boot/spring-boot-starter-actuator/2.5.4/spring-boot-starter-actuator-2.5.4.jar:/home/marley/.m2/repository/org/springframework/boot/spring-boot-actuator-autoconfigure/2.5.4/spring-boot-actuator-autoconfigure-2.5.4.jar:/home/marley/.m2/repository/org/springframework/boot/spring-boot-actuator/2.5.4/spring-boot-actuator-2.5.4.jar:/home/marley/.m2/repository/ru/diasoft/micro/mdp/lib/qoauth/9.07.01-22060601-spring254/qoauth-9.07.01-22060601-spring254.jar:/home/marley/.m2/repository/org/springframework/security/oauth/spring-security-oauth2/2.5.1.RELEASE/spring-security-oauth2-2.5.1.RELEASE.jar:/home/marley/.m2/repository/org/springframework/security/spring-security-config/5.5.2/spring-security-config-5.5.2.jar:/home/marley/.m2/repository/org/springframework/security/oauth/boot/spring-security-oauth2-autoconfigure/2.1.2.RELEASE/spring-security-oauth2-autoconfigure-2.1.2.RELEASE.jar:/home/marley/.m2/repository/com/sun/xml/bind/jaxb-core/2.3.0.1/jaxb-core-2.3.0.1.jar:/home/marley/.m2/repository/com/sun/xml/bind/jaxb-impl/2.3.0.1/jaxb-impl-2.3.0.1.jar:/home/marley/.m2/repository/org/springframework/security/spring-security-jwt/1.0.9.RELEASE/spring-security-jwt-1.0.9.RELEASE.jar:/home/marley/.m2/repository/ru/diasoft/micro/swagger-starter/2.05.01-22060801/swagger-starter-2.05.01-22060801.jar:/home/marley/.m2/repository/io/springfox/springfox-boot-starter/3.0.0/springfox-boot-starter-3.0.0.jar:/home/marley/.m2/repository/io/springfox/springfox-oas/3.0.0/springfox-oas-3.0.0.jar:/home/marley/.m2/repository/io/swagger/core/v3/swagger-annotations/2.1.2/swagger-annotations-2.1.2.jar:/home/marley/.m2/repository/io/swagger/core/v3/swagger-models/2.1.2/swagger-models-2.1.2.jar:/home/marley/.m2/repository/io/springfox/springfox-spi/3.0.0/springfox-spi-3.0.0.jar:/home/marley/.m2/repository/io/springfox/springfox-schema/3.0.0/springfox-schema-3.0.0.jar:/home/marley/.m2/repository/io/springfox/springfox-core/3.0.0/springfox-core-3.0.0.jar:/home/marley/.m2/repository/io/springfox/springfox-spring-web/3.0.0/springfox-spring-web-3.0.0.jar:/home/marley/.m2/repository/io/github/classgraph/classgraph/4.8.83/classgraph-4.8.83.jar:/home/marley/.m2/repository/io/springfox/springfox-spring-webmvc/3.0.0/springfox-spring-webmvc-3.0.0.jar:/home/marley/.m2/repository/io/springfox/springfox-spring-webflux/3.0.0/springfox-spring-webflux-3.0.0.jar:/home/marley/.m2/repository/io/springfox/springfox-swagger-common/3.0.0/springfox-swagger-common-3.0.0.jar:/home/marley/.m2/repository/io/springfox/springfox-data-rest/3.0.0/springfox-data-rest-3.0.0.jar:/home/marley/.m2/repository/io/springfox/springfox-bean-validators/3.0.0/springfox-bean-validators-3.0.0.jar:/home/marley/.m2/repository/io/springfox/springfox-swagger2/3.0.0/springfox-swagger2-3.0.0.jar:/home/marley/.m2/repository/io/swagger/swagger-models/1.5.20/swagger-models-1.5.20.jar:/home/marley/.m2/repository/io/springfox/springfox-swagger-ui/3.0.0/springfox-swagger-ui-3.0.0.jar:/home/marley/.m2/repository/com/fasterxml/classmate/1.5.1/classmate-1.5.1.jar:/home/marley/.m2/repository/org/springframework/plugin/spring-plugin-core/2.0.0.RELEASE/spring-plugin-core-2.0.0.RELEASE.jar:/home/marley/.m2/repository/org/springframework/plugin/spring-plugin-metadata/2.0.0.RELEASE/spring-plugin-metadata-2.0.0.RELEASE.jar:/home/marley/.m2/repository/de/codecentric/chaos-monkey-spring-boot/2.2.0/chaos-monkey-spring-boot-2.2.0.jar:/home/marley/.m2/repository/org/springframework/spring-aspects/5.3.9/spring-aspects-5.3.9.jar:/home/marley/.m2/repository/org/springframework/spring-instrument/5.3.9/spring-instrument-5.3.9.jar:/home/marley/.m2/repository/org/aspectj/aspectjweaver/1.9.7/aspectjweaver-1.9.7.jar:/home/marley/.m2/repository/org/springframework/boot/spring-boot-configuration-processor/2.5.4/spring-boot-configuration-processor-2.5.4.jar:',
		'java.io.tmpdir' = '/tmp',
		'FILE_LOG_CHARSET' = 'UTF-8',
		'java.vendor.url.bug' = 'http://bugreport.sun.com/bugreport/',
		'os.arch' = 'amd64',
		'java.awt.graphicsenv' = 'sun.awt.X11GraphicsEnvironment',
		'git.commit.id.describe-short' = '588b727-dirty',
		'git.commit.id' = '588b7271cd92c0775eb26ec0daa55657aa0d079c',
		'java.ext.dirs' = '/opt/jdk1.8.0_321/jre/lib/ext:/usr/java/packages/lib/ext',
		'user.dir' = '/home/marley/projects/dev/diasoft/diasoft-microservices-spring-basics/apps/app13/demo/service',
		'git.commit.author.time' = '2022-06-30T18:28:09+0300',
		'git.commit.committer.time' = '2022-06-30T18:28:09+0300',
		'line.separator' = '
',
		'java.vm.name' = 'Java HotSpot(TM) 64-Bit Server VM',
		'git.commit.user.name' = 'webmak1',
		'basedir' = '/home/marley/projects/dev/diasoft/diasoft-microservices-spring-basics/apps/app13/demo/service',
		'git.commit.time' = '2022-06-30T18:28:09+0300',
		'failIfNoTests' = 'false',
		'file.encoding' = 'UTF-8',
		'git.branch' = 'master',
		'git.build.time' = '2022-07-01T03:20:18+0300',
		'java.specification.version' = '1.8',
		'git.build.user.email' = 'marley.ruby.on.rails@gmail.com',
		'git.commit.id.abbrev' = '588b727'
	},
	systemEnvironment = {
		'PATH' = '/home/marley/tmp/123/google-cloud-sdk/bin:/home/marley/.volta/bin:/home/marley/.cargo/bin:/home/marley/.volta/bin:/home/marley/.local/bin:/opt/kafka/bin:/opt/jdk/bin:/opt/jdk/bin:/opt/gradle/bin:/home/linuxbrew/.linuxbrew/bin/:/usr/local/sbin:/usr/local/bin:/usr/sbin:/usr/bin:/sbin:/bin:/usr/games:/usr/local/games:/snap/bin:/opt/maven/bin',
		'LC_MEASUREMENT' = 'en_US.UTF-8',
		'XAUTHORITY' = '/run/user/1000/gdm/Xauthority',
		'INVOCATION_ID' = '5d7486429c354856bc8cfbc22e445ae0',
		'SDKMAN_VERSION' = '5.15.0',
		'XMODIFIERS' = '@im=ibus',
		'LC_TELEPHONE' = 'en_US.UTF-8',
		'XDG_DATA_DIRS' = '/usr/share/gnome-flashback-metacity:/usr/local/share/:/usr/share/:/var/lib/snapd/desktop',
		'GDMSESSION' = 'gnome-flashback-metacity',
		'MANDATORY_PATH' = '/usr/share/gconf/gnome-flashback-metacity.mandatory.path',
		'LC_TIME' = 'en_US.UTF-8',
		'PAPERSIZE' = 'letter',
		'DBUS_SESSION_BUS_ADDRESS' = 'unix:path=/run/user/1000/bus',
		'DEFAULTS_PATH' = '/usr/share/gconf/gnome-flashback-metacity.default.path',
		'XDG_CURRENT_DESKTOP' = 'GNOME-Flashback:GNOME',
		'JOURNAL_STREAM' = '8:47575',
		'MAVEN_HOME' = '/opt/maven',
		'SSH_AGENT_PID' = '2115',
		'COLORTERM' = 'truecolor',
		'LC_PAPER' = 'en_US.UTF-8',
		'SDKMAN_DIR' = '/home/marley/.sdkman',
		'SESSION_MANAGER' = 'local/workstation:@/tmp/.ICE-unix/2162,unix/workstation:/tmp/.ICE-unix/2162',
		'USERNAME' = 'marley',
		'LOGNAME' = 'marley',
		'PWD' = '/home/marley/projects/dev/diasoft/diasoft-microservices-spring-basics/apps/app13/demo/service',
		'MANAGERPID' = '1924',
		'IM_CONFIG_PHASE' = '1',
		'SHELL' = '/bin/bash',
		'LESSOPEN' = '| /usr/bin/lesspipe %s',
		'LC_ADDRESS' = 'en_US.UTF-8',
		'SDKMAN_CANDIDATES_API' = 'https://api.sdkman.io/2',
		'VOLTA_HOME' = '/home/marley/.volta',
		'OLDPWD' = '/home/marley/projects/dev/diasoft/diasoft-microservices-spring-basics/apps/app13/demo/service',
		'GNOME_DESKTOP_SESSION_ID' = 'this-is-deprecated',
		'GNOME_TERMINAL_SCREEN' = '/org/gnome/Terminal/screen/f99bf6ec_029a_4c7d_b54b_b9b07c095640',
		'GTK_MODULES' = 'gail:atk-bridge',
		'LS_COLORS' = 'rs=0:di=01;34:ln=01;36:mh=00:pi=40;33:so=01;35:do=01;35:bd=40;33;01:cd=40;33;01:or=40;31;01:mi=00:su=37;41:sg=30;43:ca=30;41:tw=30;42:ow=34;42:st=37;44:ex=01;32:*.tar=01;31:*.tgz=01;31:*.arc=01;31:*.arj=01;31:*.taz=01;31:*.lha=01;31:*.lz4=01;31:*.lzh=01;31:*.lzma=01;31:*.tlz=01;31:*.txz=01;31:*.tzo=01;31:*.t7z=01;31:*.zip=01;31:*.z=01;31:*.dz=01;31:*.gz=01;31:*.lrz=01;31:*.lz=01;31:*.lzo=01;31:*.xz=01;31:*.zst=01;31:*.tzst=01;31:*.bz2=01;31:*.bz=01;31:*.tbz=01;31:*.tbz2=01;31:*.tz=01;31:*.deb=01;31:*.rpm=01;31:*.jar=01;31:*.war=01;31:*.ear=01;31:*.sar=01;31:*.rar=01;31:*.alz=01;31:*.ace=01;31:*.zoo=01;31:*.cpio=01;31:*.7z=01;31:*.rz=01;31:*.cab=01;31:*.wim=01;31:*.swm=01;31:*.dwm=01;31:*.esd=01;31:*.jpg=01;35:*.jpeg=01;35:*.mjpg=01;35:*.mjpeg=01;35:*.gif=01;35:*.bmp=01;35:*.pbm=01;35:*.pgm=01;35:*.ppm=01;35:*.tga=01;35:*.xbm=01;35:*.xpm=01;35:*.tif=01;35:*.tiff=01;35:*.png=01;35:*.svg=01;35:*.svgz=01;35:*.mng=01;35:*.pcx=01;35:*.mov=01;35:*.mpg=01;35:*.mpeg=01;35:*.m2v=01;35:*.mkv=01;35:*.webm=01;35:*.ogm=01;35:*.mp4=01;35:*.m4v=01;35:*.mp4v=01;35:*.vob=01;35:*.qt=01;35:*.nuv=01;35:*.wmv=01;35:*.asf=01;35:*.rm=01;35:*.rmvb=01;35:*.flc=01;35:*.avi=01;35:*.fli=01;35:*.flv=01;35:*.gl=01;35:*.dl=01;35:*.xcf=01;35:*.xwd=01;35:*.yuv=01;35:*.cgm=01;35:*.emf=01;35:*.ogv=01;35:*.ogx=01;35:*.aac=00;36:*.au=00;36:*.flac=00;36:*.m4a=00;36:*.mid=00;36:*.midi=00;36:*.mka=00;36:*.mp3=00;36:*.mpc=00;36:*.ogg=00;36:*.ra=00;36:*.wav=00;36:*.oga=00;36:*.opus=00;36:*.spx=00;36:*.xspf=00;36:',
		'XDG_SESSION_DESKTOP' = 'gnome-flashback-metacity',
		'SHLVL' = '1',
		'LC_IDENTIFICATION' = 'en_US.UTF-8',
		'LESSCLOSE' = '/usr/bin/lesspipe %s %s',
		'LC_MONETARY' = 'en_US.UTF-8',
		'COMPIZ_CONFIG_PROFILE' = 'gnome-flashback',
		'QT_IM_MODULE' = 'ibus',
		'JAVA_HOME' = '/opt/jdk',
		'KAFKA_HOME' = '/opt/kafka',
		'TERM' = 'xterm-256color',
		'XDG_CONFIG_DIRS' = '/etc/xdg/xdg-gnome-flashback-metacity:/etc/xdg',
		'GNOME_TERMINAL_SERVICE' = ':1.111',
		'LANG' = 'en_US.UTF-8',
		'XDG_SESSION_TYPE' = 'x11',
		'GRADLE_HOME' = '/opt/gradle',
		'DISPLAY' = ':1',
		'BREW_HOME' = '/home/linuxbrew/.linuxbrew/bin',
		'LC_NAME' = 'en_US.UTF-8',
		'MAVEN_CMD_LINE_ARGS' = ' test -Dtest=ru.diasoft.micro.repository.SmsVerificationRepositoryTest -am -DfailIfNoTests=false',
		'SDKMAN_CANDIDATES_DIR' = '/home/marley/.sdkman/candidates',
		'XDG_SESSION_CLASS' = 'user',
		'_' = '/opt/maven/bin/mvn',
		'GPG_AGENT_INFO' = '/run/user/1000/gnupg/S.gpg-agent:0:1',
		'MAVEN_PROJECTBASEDIR' = '/home/marley/projects/dev/diasoft/diasoft-microservices-spring-basics/apps/app13/demo',
		'DESKTOP_SESSION' = 'gnome-flashback-metacity',
		'SDKMAN_PLATFORM' = 'linuxx64',
		'USER' = 'marley',
		'XDG_MENU_PREFIX' = 'gnome-flashback-',
		'VTE_VERSION' = '6003',
		'QT_ACCESSIBILITY' = '1',
		'WINDOWPATH' = '2',
		'LC_NUMERIC' = 'en_US.UTF-8',
		'SSH_AUTH_SOCK' = '/run/user/1000/keyring/ssh',
		'XDG_RUNTIME_DIR' = '/run/user/1000',
		'HOME' = '/home/marley'
	},
	conversionService = ConversionService converters =
	@org.springframework.format.annotation.DateTimeFormat java.lang.Long -> java.lang.String: org.springframework.format.datetime.joda.JodaDateTimeFormatAnnotationFormatterFactory@1e2abb0c,@org.springframework.format.annotation.NumberFormat java.lang.Long -> java.lang.String: org.springframework.format.number.NumberFormatAnnotationFormatterFactory@1962d811
	@org.springframework.format.annotation.DateTimeFormat java.time.LocalDate -> java.lang.String: org.springframework.format.datetime.standard.Jsr310DateTimeFormatAnnotationFormatterFactory@39f9b4fc,java.time.LocalDate -> java.lang.String : org.springframework.format.datetime.standard.TemporalAccessorPrinter@39e79429
	@org.springframework.format.annotation.DateTimeFormat java.time.LocalDateTime -> java.lang.String: org.springframework.format.datetime.standard.Jsr310DateTimeFormatAnnotationFormatterFactory@39f9b4fc,java.time.LocalDateTime -> java.lang.String : org.springframework.format.datetime.standard.TemporalAccessorPrinter@160f8bfb
	@org.springframework.format.annotation.DateTimeFormat java.time.LocalTime -> java.lang.String: org.springframework.format.datetime.standard.Jsr310DateTimeFormatAnnotationFormatterFactory@39f9b4fc,java.time.LocalTime -> java.lang.String : org.springframework.format.datetime.standard.TemporalAccessorPrinter@5597b4c6
	@org.springframework.format.annotation.DateTimeFormat java.time.OffsetTime -> java.lang.String: org.springframework.format.datetime.standard.Jsr310DateTimeFormatAnnotationFormatterFactory@39f9b4fc,java.time.OffsetTime -> java.lang.String : org.springframework.format.datetime.standard.TemporalAccessorPrinter@4fcb1a13
	@org.springframework.format.annotation.DateTimeFormat java.time.ZonedDateTime -> java.lang.String: org.springframework.format.datetime.standard.Jsr310DateTimeFormatAnnotationFormatterFactory@39f9b4fc,java.time.ZonedDateTime -> java.lang.String : org.springframework.format.datetime.standard.TemporalAccessorPrinter@522ef462
	@org.springframework.format.annotation.DateTimeFormat java.util.Calendar -> java.lang.String: org.springframework.format.datetime.joda.JodaDateTimeFormatAnnotationFormatterFactory@1e2abb0c
	@org.springframework.format.annotation.DateTimeFormat java.util.Date -> java.lang.String: org.springframework.format.datetime.joda.JodaDateTimeFormatAnnotationFormatterFactory@1e2abb0c
	@org.springframework.format.annotation.DateTimeFormat org.joda.time.LocalDate -> java.lang.String: org.springframework.format.datetime.joda.JodaDateTimeFormatAnnotationFormatterFactory@1e2abb0c,org.joda.time.LocalDate -> java.lang.String : org.springframework.format.datetime.joda.ReadablePartialPrinter@5f80ae28
	@org.springframework.format.annotation.DateTimeFormat org.joda.time.LocalDateTime -> java.lang.String: org.springframework.format.datetime.joda.JodaDateTimeFormatAnnotationFormatterFactory@1e2abb0c,org.joda.time.LocalDateTime -> java.lang.String : org.springframework.format.datetime.joda.ReadablePartialPrinter@4c39c972
	@org.springframework.format.annotation.DateTimeFormat org.joda.time.LocalTime -> java.lang.String: org.springframework.format.datetime.joda.JodaDateTimeFormatAnnotationFormatterFactory@1e2abb0c,org.joda.time.LocalTime -> java.lang.String : org.springframework.format.datetime.joda.ReadablePartialPrinter@77648a90
	@org.springframework.format.annotation.DateTimeFormat org.joda.time.ReadableInstant -> java.lang.String: org.springframework.format.datetime.joda.JodaDateTimeFormatAnnotationFormatterFactory@1e2abb0c,org.joda.time.ReadableInstant -> java.lang.String : org.springframework.format.datetime.joda.ReadableInstantPrinter@7b1c2bf7
	@org.springframework.format.annotation.NumberFormat java.lang.Byte -> java.lang.String: org.springframework.format.number.NumberFormatAnnotationFormatterFactory@1962d811
	@org.springframework.format.annotation.NumberFormat java.lang.Double -> java.lang.String: org.springframework.format.number.NumberFormatAnnotationFormatterFactory@1962d811
	@org.springframework.format.annotation.NumberFormat java.lang.Float -> java.lang.String: org.springframework.format.number.NumberFormatAnnotationFormatterFactory@1962d811
	@org.springframework.format.annotation.NumberFormat java.lang.Integer -> java.lang.String: org.springframework.format.number.NumberFormatAnnotationFormatterFactory@1962d811
	@org.springframework.format.annotation.NumberFormat java.lang.Short -> java.lang.String: org.springframework.format.number.NumberFormatAnnotationFormatterFactory@1962d811
	@org.springframework.format.annotation.NumberFormat java.math.BigDecimal -> java.lang.String: org.springframework.format.number.NumberFormatAnnotationFormatterFactory@1962d811
	@org.springframework.format.annotation.NumberFormat java.math.BigInteger -> java.lang.String: org.springframework.format.number.NumberFormatAnnotationFormatterFactory@1962d811
	[C -> java.lang.String : org.springframework.boot.convert.CharArrayFormatter@1b75f094
	java.lang.Boolean -> java.lang.Enum : org.springframework.boot.convert.LenientBooleanToEnumConverterFactory@71f1a533
	java.lang.Boolean -> java.lang.String : org.springframework.core.convert.support.ObjectToStringConverter@5eac0402
	java.lang.Character -> java.lang.Number : org.springframework.core.convert.support.CharacterToNumberFactory@3e4f326e
	java.lang.Character -> java.lang.String : org.springframework.core.convert.support.ObjectToStringConverter@3b9a0b15
	java.lang.Enum -> java.lang.Integer : org.springframework.core.convert.support.EnumToIntegerConverter@35cca8bd
	java.lang.Enum -> java.lang.String : org.springframework.core.convert.support.EnumToStringConverter@3068f882
	java.lang.Integer -> java.lang.Enum : org.springframework.core.convert.support.IntegerToEnumConverterFactory@4467fbd8
	java.lang.Long -> java.time.Instant : org.springframework.format.datetime.standard.DateTimeConverters$LongToInstantConverter@2b9f2f24
	java.lang.Long -> java.util.Calendar : org.springframework.format.datetime.DateFormatterRegistrar$LongToCalendarConverter@5620fac7,java.lang.Long -> java.util.Calendar : org.springframework.format.datetime.DateFormatterRegistrar$LongToCalendarConverter@3c1ab0e1
	java.lang.Long -> java.util.Date : org.springframework.format.datetime.DateFormatterRegistrar$LongToDateConverter@6afa82fe,java.lang.Long -> java.util.Date : org.springframework.format.datetime.DateFormatterRegistrar$LongToDateConverter@7cb8b526
	java.lang.Long -> org.joda.time.ReadableInstant : org.springframework.format.datetime.joda.JodaTimeConverters$LongToReadableInstantConverter@13e771e6
	java.lang.Number -> java.lang.Character : org.springframework.core.convert.support.NumberToCharacterConverter@4bf6e483
	java.lang.Number -> java.lang.Number : org.springframework.core.convert.support.NumberToNumberConverterFactory@52d710e2
	java.lang.Number -> java.lang.String : org.springframework.core.convert.support.ObjectToStringConverter@4db4ec6a
	java.lang.String -> @org.springframework.format.annotation.DateTimeFormat java.lang.Long: org.springframework.format.datetime.joda.JodaDateTimeFormatAnnotationFormatterFactory@1e2abb0c,java.lang.String -> @org.springframework.format.annotation.NumberFormat java.lang.Long: org.springframework.format.number.NumberFormatAnnotationFormatterFactory@1962d811
	java.lang.String -> @org.springframework.format.annotation.DateTimeFormat java.time.LocalDate: org.springframework.format.datetime.standard.Jsr310DateTimeFormatAnnotationFormatterFactory@39f9b4fc,java.lang.String -> java.time.LocalDate: org.springframework.format.datetime.standard.TemporalAccessorParser@285836c9
	java.lang.String -> @org.springframework.format.annotation.DateTimeFormat java.time.LocalDateTime: org.springframework.format.datetime.standard.Jsr310DateTimeFormatAnnotationFormatterFactory@39f9b4fc,java.lang.String -> java.time.LocalDateTime: org.springframework.format.datetime.standard.TemporalAccessorParser@13008405
	java.lang.String -> @org.springframework.format.annotation.DateTimeFormat java.time.LocalTime: org.springframework.format.datetime.standard.Jsr310DateTimeFormatAnnotationFormatterFactory@39f9b4fc,java.lang.String -> java.time.LocalTime: org.springframework.format.datetime.standard.TemporalAccessorParser@5c3c0e5
	java.lang.String -> @org.springframework.format.annotation.DateTimeFormat java.time.OffsetTime: org.springframework.format.datetime.standard.Jsr310DateTimeFormatAnnotationFormatterFactory@39f9b4fc,java.lang.String -> java.time.OffsetTime: org.springframework.format.datetime.standard.TemporalAccessorParser@357528cf
	java.lang.String -> @org.springframework.format.annotation.DateTimeFormat java.time.ZonedDateTime: org.springframework.format.datetime.standard.Jsr310DateTimeFormatAnnotationFormatterFactory@39f9b4fc,java.lang.String -> java.time.ZonedDateTime: org.springframework.format.datetime.standard.TemporalAccessorParser@139a4eb2
	java.lang.String -> @org.springframework.format.annotation.DateTimeFormat java.util.Calendar: org.springframework.format.datetime.joda.JodaDateTimeFormatAnnotationFormatterFactory@1e2abb0c
	java.lang.String -> @org.springframework.format.annotation.DateTimeFormat java.util.Date: org.springframework.format.datetime.joda.JodaDateTimeFormatAnnotationFormatterFactory@1e2abb0c
	java.lang.String -> @org.springframework.format.annotation.DateTimeFormat org.joda.time.LocalDate: org.springframework.format.datetime.joda.JodaDateTimeFormatAnnotationFormatterFactory@1e2abb0c,java.lang.String -> org.joda.time.LocalDate: org.springframework.format.datetime.joda.LocalDateParser@b27b17d
	java.lang.String -> @org.springframework.format.annotation.DateTimeFormat org.joda.time.LocalDateTime: org.springframework.format.datetime.joda.JodaDateTimeFormatAnnotationFormatterFactory@1e2abb0c,java.lang.String -> org.joda.time.LocalDateTime: org.springframework.format.datetime.joda.LocalDateTimeParser@5e428dde
	java.lang.String -> @org.springframework.format.annotation.DateTimeFormat org.joda.time.LocalTime: org.springframework.format.datetime.joda.JodaDateTimeFormatAnnotationFormatterFactory@1e2abb0c,java.lang.String -> org.joda.time.LocalTime: org.springframework.format.datetime.joda.LocalTimeParser@5330160
	java.lang.String -> @org.springframework.format.annotation.DateTimeFormat org.joda.time.ReadableInstant: org.springframework.format.datetime.joda.JodaDateTimeFormatAnnotationFormatterFactory@1e2abb0c,java.lang.String -> org.joda.time.ReadableInstant: org.springframework.format.datetime.joda.DateTimeParser@236e2729
	java.lang.String -> @org.springframework.format.annotation.NumberFormat java.lang.Byte: org.springframework.format.number.NumberFormatAnnotationFormatterFactory@1962d811
	java.lang.String -> @org.springframework.format.annotation.NumberFormat java.lang.Double: org.springframework.format.number.NumberFormatAnnotationFormatterFactory@1962d811
	java.lang.String -> @org.springframework.format.annotation.NumberFormat java.lang.Float: org.springframework.format.number.NumberFormatAnnotationFormatterFactory@1962d811
	java.lang.String -> @org.springframework.format.annotation.NumberFormat java.lang.Integer: org.springframework.format.number.NumberFormatAnnotationFormatterFactory@1962d811
	java.lang.String -> @org.springframework.format.annotation.NumberFormat java.lang.Short: org.springframework.format.number.NumberFormatAnnotationFormatterFactory@1962d811
	java.lang.String -> @org.springframework.format.annotation.NumberFormat java.math.BigDecimal: org.springframework.format.number.NumberFormatAnnotationFormatterFactory@1962d811
	java.lang.String -> @org.springframework.format.annotation.NumberFormat java.math.BigInteger: org.springframework.format.number.NumberFormatAnnotationFormatterFactory@1962d811
	java.lang.String -> [C: org.springframework.boot.convert.CharArrayFormatter@1b75f094
	java.lang.String -> java.io.File : org.springframework.boot.convert.StringToFileConverter@40dac99d
	java.lang.String -> java.lang.Boolean : org.springframework.core.convert.support.StringToBooleanConverter@35219634
	java.lang.String -> java.lang.Character : org.springframework.core.convert.support.StringToCharacterConverter@5c72271e
	java.lang.String -> java.lang.Enum : org.springframework.boot.convert.LenientStringToEnumConverterFactory@1c109c34,java.lang.String -> java.lang.Enum : org.springframework.core.convert.support.StringToEnumConverterFactory@7bf344dd
	java.lang.String -> java.lang.Number : org.springframework.core.convert.support.StringToNumberConverterFactory@2f673679
	java.lang.String -> java.net.InetAddress: org.springframework.boot.convert.InetAddressFormatter@797b2044
	java.lang.String -> java.nio.charset.Charset : org.springframework.core.convert.support.StringToCharsetConverter@49e84b0a
	java.lang.String -> java.time.Instant: org.springframework.format.datetime.standard.InstantFormatter@6572bcb5
	java.lang.String -> java.time.Month: org.springframework.format.datetime.standard.MonthFormatter@954e5d5
	java.lang.String -> java.time.MonthDay: org.springframework.format.datetime.standard.MonthDayFormatter@2d935682
	java.lang.String -> java.time.OffsetDateTime: org.springframework.boot.convert.IsoOffsetFormatter@7e354474,java.lang.String -> @org.springframework.format.annotation.DateTimeFormat java.time.OffsetDateTime: org.springframework.format.datetime.standard.Jsr310DateTimeFormatAnnotationFormatterFactory@39f9b4fc,java.lang.String -> java.time.OffsetDateTime: org.springframework.format.datetime.standard.TemporalAccessorParser@36971bef
	java.lang.String -> java.time.Year: org.springframework.format.datetime.standard.YearFormatter@1a3d4d94
	java.lang.String -> java.time.YearMonth: org.springframework.format.datetime.standard.YearMonthFormatter@39012a67
	java.lang.String -> java.util.Currency : org.springframework.core.convert.support.StringToCurrencyConverter@3097f11f
	java.lang.String -> java.util.Locale : org.springframework.core.convert.support.StringToLocaleConverter@263f26b3
	java.lang.String -> java.util.Properties : org.springframework.core.convert.support.StringToPropertiesConverter@504863d7
	java.lang.String -> java.util.TimeZone : org.springframework.core.convert.support.StringToTimeZoneConverter@131b7eb9
	java.lang.String -> java.util.UUID : org.springframework.core.convert.support.StringToUUIDConverter@7b0ad09a
	java.lang.String -> org.joda.time.Duration: org.springframework.format.datetime.joda.DurationFormatter@4f940c29
	java.lang.String -> org.joda.time.MonthDay: org.springframework.format.datetime.joda.MonthDayFormatter@421581cd
	java.lang.String -> org.joda.time.Period: org.springframework.format.datetime.joda.PeriodFormatter@65b6b7e9
	java.lang.String -> org.joda.time.YearMonth: org.springframework.format.datetime.joda.YearMonthFormatter@661a26a8
	java.net.InetAddress -> java.lang.String : org.springframework.boot.convert.InetAddressFormatter@797b2044
	java.nio.charset.Charset -> java.lang.String : org.springframework.core.convert.support.ObjectToStringConverter@7f04de97
	java.time.Instant -> java.lang.Long : org.springframework.format.datetime.standard.DateTimeConverters$InstantToLongConverter@18690d13
	java.time.Instant -> java.lang.String : org.springframework.format.datetime.standard.InstantFormatter@6572bcb5
	java.time.LocalDateTime -> java.time.LocalDate : org.springframework.format.datetime.standard.DateTimeConverters$LocalDateTimeToLocalDateConverter@68a370c
	java.time.LocalDateTime -> java.time.LocalTime : org.springframework.format.datetime.standard.DateTimeConverters$LocalDateTimeToLocalTimeConverter@5638bee0
	java.time.Month -> java.lang.String : org.springframework.format.datetime.standard.MonthFormatter@954e5d5
	java.time.MonthDay -> java.lang.String : org.springframework.format.datetime.standard.MonthDayFormatter@2d935682
	java.time.OffsetDateTime -> java.lang.String : org.springframework.boot.convert.IsoOffsetFormatter@7e354474,@org.springframework.format.annotation.DateTimeFormat java.time.OffsetDateTime -> java.lang.String: org.springframework.format.datetime.standard.Jsr310DateTimeFormatAnnotationFormatterFactory@39f9b4fc,java.time.OffsetDateTime -> java.lang.String : org.springframework.format.datetime.standard.TemporalAccessorPrinter@7c457099
	java.time.OffsetDateTime -> java.time.Instant : org.springframework.format.datetime.standard.DateTimeConverters$OffsetDateTimeToInstantConverter@5ccb2393
	java.time.OffsetDateTime -> java.time.LocalDate : org.springframework.format.datetime.standard.DateTimeConverters$OffsetDateTimeToLocalDateConverter@40c952f6
	java.time.OffsetDateTime -> java.time.LocalDateTime : org.springframework.format.datetime.standard.DateTimeConverters$OffsetDateTimeToLocalDateTimeConverter@3602728c
	java.time.OffsetDateTime -> java.time.LocalTime : org.springframework.format.datetime.standard.DateTimeConverters$OffsetDateTimeToLocalTimeConverter@64bc291b
	java.time.OffsetDateTime -> java.time.ZonedDateTime : org.springframework.format.datetime.standard.DateTimeConverters$OffsetDateTimeToZonedDateTimeConverter@6797b494
	java.time.Year -> java.lang.String : org.springframework.format.datetime.standard.YearFormatter@1a3d4d94
	java.time.YearMonth -> java.lang.String : org.springframework.format.datetime.standard.YearMonthFormatter@39012a67
	java.time.ZoneId -> java.util.TimeZone : org.springframework.core.convert.support.ZoneIdToTimeZoneConverter@57598df7
	java.time.ZonedDateTime -> java.time.Instant : org.springframework.format.datetime.standard.DateTimeConverters$ZonedDateTimeToInstantConverter@66c8c875
	java.time.ZonedDateTime -> java.time.LocalDate : org.springframework.format.datetime.standard.DateTimeConverters$ZonedDateTimeToLocalDateConverter@1d113d9d
	java.time.ZonedDateTime -> java.time.LocalDateTime : org.springframework.format.datetime.standard.DateTimeConverters$ZonedDateTimeToLocalDateTimeConverter@42b4b037
	java.time.ZonedDateTime -> java.time.LocalTime : org.springframework.format.datetime.standard.DateTimeConverters$ZonedDateTimeToLocalTimeConverter@2cf97fb4
	java.time.ZonedDateTime -> java.time.OffsetDateTime : org.springframework.format.datetime.standard.DateTimeConverters$ZonedDateTimeToOffsetDateTimeConverter@d5eed70
	java.time.ZonedDateTime -> java.util.Calendar : org.springframework.core.convert.support.ZonedDateTimeToCalendarConverter@5a52e060
	java.util.Calendar -> java.lang.Long : org.springframework.format.datetime.DateFormatterRegistrar$CalendarToLongConverter@74e218d7,java.util.Calendar -> java.lang.Long : org.springframework.format.datetime.DateFormatterRegistrar$CalendarToLongConverter@32d3b7
	java.util.Calendar -> java.time.Instant : org.springframework.format.datetime.standard.DateTimeConverters$CalendarToInstantConverter@10832790
	java.util.Calendar -> java.time.LocalDate : org.springframework.format.datetime.standard.DateTimeConverters$CalendarToLocalDateConverter@29a08daf
	java.util.Calendar -> java.time.LocalDateTime : org.springframework.format.datetime.standard.DateTimeConverters$CalendarToLocalDateTimeConverter@3122e792
	java.util.Calendar -> java.time.LocalTime : org.springframework.format.datetime.standard.DateTimeConverters$CalendarToLocalTimeConverter@32fe6b1e
	java.util.Calendar -> java.time.OffsetDateTime : org.springframework.format.datetime.standard.DateTimeConverters$CalendarToOffsetDateTimeConverter@ea3a636
	java.util.Calendar -> java.time.ZonedDateTime : org.springframework.format.datetime.standard.DateTimeConverters$CalendarToZonedDateTimeConverter@1eec2dcb
	java.util.Calendar -> java.util.Date : org.springframework.format.datetime.DateFormatterRegistrar$CalendarToDateConverter@927e34d,java.util.Calendar -> java.util.Date : org.springframework.format.datetime.DateFormatterRegistrar$CalendarToDateConverter@643ba7ba
	java.util.Calendar -> org.joda.time.ReadableInstant : org.springframework.format.datetime.joda.JodaTimeConverters$CalendarToReadableInstantConverter@e75dc31
	java.util.Currency -> java.lang.String : org.springframework.core.convert.support.ObjectToStringConverter@36ab2c76
	java.util.Date -> java.lang.Long : org.springframework.format.datetime.DateFormatterRegistrar$DateToLongConverter@1c553a85,java.util.Date -> java.lang.Long : org.springframework.format.datetime.DateFormatterRegistrar$DateToLongConverter@1460c688
	java.util.Date -> java.util.Calendar : org.springframework.format.datetime.DateFormatterRegistrar$DateToCalendarConverter@14e9eace,java.util.Date -> java.util.Calendar : org.springframework.format.datetime.DateFormatterRegistrar$DateToCalendarConverter@c01b
	java.util.Date -> org.joda.time.ReadableInstant : org.springframework.format.datetime.joda.JodaTimeConverters$DateToReadableInstantConverter@7f4bbb1c
	java.util.Locale -> java.lang.String : org.springframework.core.convert.support.ObjectToStringConverter@1552bdc6
	java.util.Properties -> java.lang.String : org.springframework.core.convert.support.PropertiesToStringConverter@630d4b50
	java.util.UUID -> java.lang.String : org.springframework.core.convert.support.ObjectToStringConverter@71254c46
	org.joda.time.DateTime -> java.lang.Long : org.springframework.format.datetime.joda.JodaTimeConverters$DateTimeToLongConverter@e4da87a
	org.joda.time.DateTime -> java.util.Calendar : org.springframework.format.datetime.joda.JodaTimeConverters$DateTimeToCalendarConverter@5d160ce7
	org.joda.time.DateTime -> java.util.Date : org.springframework.format.datetime.joda.JodaTimeConverters$DateTimeToDateConverter@62edd125
	org.joda.time.DateTime -> org.joda.time.DateMidnight : org.springframework.format.datetime.joda.JodaTimeConverters$DateTimeToDateMidnightConverter@651665e5
	org.joda.time.DateTime -> org.joda.time.Instant : org.springframework.format.datetime.joda.JodaTimeConverters$DateTimeToInstantConverter@45cfbcc2
	org.joda.time.DateTime -> org.joda.time.LocalDate : org.springframework.format.datetime.joda.JodaTimeConverters$DateTimeToLocalDateConverter@4081622c
	org.joda.time.DateTime -> org.joda.time.LocalDateTime : org.springframework.format.datetime.joda.JodaTimeConverters$DateTimeToLocalDateTimeConverter@30d19b22
	org.joda.time.DateTime -> org.joda.time.LocalTime : org.springframework.format.datetime.joda.JodaTimeConverters$DateTimeToLocalTimeConverter@5afc4816
	org.joda.time.DateTime -> org.joda.time.MutableDateTime : org.springframework.format.datetime.joda.JodaTimeConverters$DateTimeToMutableDateTimeConverter@fbd0581
	org.joda.time.Duration -> java.lang.String : org.springframework.format.datetime.joda.DurationFormatter@4f940c29
	org.joda.time.LocalDateTime -> org.joda.time.LocalDate : org.springframework.format.datetime.joda.JodaTimeConverters$LocalDateTimeToLocalDateConverter@6e8123dd
	org.joda.time.LocalDateTime -> org.joda.time.LocalTime : org.springframework.format.datetime.joda.JodaTimeConverters$LocalDateTimeToLocalTimeConverter@4bc5b2cf
	org.joda.time.MonthDay -> java.lang.String : org.springframework.format.datetime.joda.MonthDayFormatter@421581cd
	org.joda.time.Period -> java.lang.String : org.springframework.format.datetime.joda.PeriodFormatter@65b6b7e9
	org.joda.time.YearMonth -> java.lang.String : org.springframework.format.datetime.joda.YearMonthFormatter@661a26a8
	org.springframework.boot.convert.ArrayToDelimitedStringConverter@54724e71,org.springframework.core.convert.support.ArrayToStringConverter@74d9afea
	org.springframework.boot.convert.CharSequenceToObjectConverter@478cea4
	org.springframework.boot.convert.CollectionToDelimitedStringConverter@76cb6b26,org.springframework.core.convert.support.CollectionToStringConverter@60b84649
	org.springframework.boot.convert.DelimitedStringToArrayConverter@43c9c0b5,org.springframework.core.convert.support.StringToArrayConverter@4d256e0
	org.springframework.boot.convert.DelimitedStringToCollectionConverter@53eb6ac5,org.springframework.core.convert.support.StringToCollectionConverter@cbec4b5
	org.springframework.boot.convert.DurationToNumberConverter@52b4071c
	org.springframework.boot.convert.DurationToStringConverter@4025832d,java.time.Duration -> java.lang.String : org.springframework.format.datetime.standard.DurationFormatter@2777b616
	org.springframework.boot.convert.NumberToDataSizeConverter@79dd676f
	org.springframework.boot.convert.NumberToDurationConverter@bda763e
	org.springframework.boot.convert.NumberToPeriodConverter@7d8b1735
	org.springframework.boot.convert.PeriodToStringConverter@5d351930,java.time.Period -> java.lang.String : org.springframework.format.datetime.standard.PeriodFormatter@243f5144
	org.springframework.boot.convert.StringToDataSizeConverter@656fcf12
	org.springframework.boot.convert.StringToDurationConverter@37a2806c,java.lang.String -> java.time.Duration: org.springframework.format.datetime.standard.DurationFormatter@2777b616
	org.springframework.boot.convert.StringToPeriodConverter@22395d00,java.lang.String -> java.time.Period: org.springframework.format.datetime.standard.PeriodFormatter@243f5144
	org.springframework.core.convert.support.ArrayToArrayConverter@2441e2d3
	org.springframework.core.convert.support.ArrayToCollectionConverter@19b3cf8e
	org.springframework.core.convert.support.ArrayToObjectConverter@34d3f4e2
	org.springframework.core.convert.support.ByteBufferConverter@2ef8ef17
	org.springframework.core.convert.support.ByteBufferConverter@2ef8ef17
	org.springframework.core.convert.support.ByteBufferConverter@2ef8ef17
	org.springframework.core.convert.support.ByteBufferConverter@2ef8ef17
	org.springframework.core.convert.support.CollectionToArrayConverter@74eed145
	org.springframework.core.convert.support.CollectionToCollectionConverter@13cd4784
	org.springframework.core.convert.support.CollectionToObjectConverter@4a6f9ca5
	org.springframework.core.convert.support.FallbackObjectToStringConverter@1c0c23f7
	org.springframework.core.convert.support.IdToEntityConverter@3468198d,org.springframework.core.convert.support.ObjectToObjectConverter@15c8c97
	org.springframework.core.convert.support.MapToMapConverter@1ce0a7bc
	org.springframework.core.convert.support.ObjectToArrayConverter@43b98754
	org.springframework.core.convert.support.ObjectToCollectionConverter@9c44b
	org.springframework.core.convert.support.ObjectToOptionalConverter@e51fa39
	org.springframework.core.convert.support.ObjectToOptionalConverter@e51fa39
	org.springframework.core.convert.support.ObjectToOptionalConverter@e51fa39
	org.springframework.core.convert.support.StreamConverter@2b3af7ba
	org.springframework.core.convert.support.StreamConverter@2b3af7ba
	org.springframework.core.convert.support.StreamConverter@2b3af7ba
	org.springframework.core.convert.support.StreamConverter@2b3af7ba
	org.springframework.core.io.InputStreamSource -> [B : org.springframework.boot.convert.InputStreamSourceToByteArrayConverter@76372f7f

), thread: main, logger: r.d.f.d.s.b.DsTraceApplicationListener, host: workstation
2022-07-01T00:20:33.822Z, WARN: 

Found multiple occurrences of org.json.JSONObject on the class path:

	jar:file:/home/marley/.m2/repository/org/json/json/20190722/json-20190722.jar!/org/json/JSONObject.class
	jar:file:/home/marley/.m2/repository/com/vaadin/external/google/android-json/0.0.20131108.vaadin1/android-json-0.0.20131108.vaadin1.jar!/org/json/JSONObject.class

You may wish to exclude one of them to ensure predictable runtime behavior
, thread: main, logger: o.s.b.t.j.DuplicateJsonObjectContextCustomizerFactory$DuplicateJsonObjectContextCustomizer, host: workstation
2022-07-01T00:20:33.847Z, INFO: No active profile set, falling back to default profiles: default, thread: main, logger: r.d.m.r.SmsVerificationRepositoryTest, host: workstation
2022-07-01T00:20:36.227Z, INFO: Bootstrapping Spring Data JPA repositories in DEFAULT mode., thread: main, logger: o.s.d.r.c.RepositoryConfigurationDelegate, host: workstation
2022-07-01T00:20:36.655Z, INFO: Finished Spring Data repository scanning in 413 ms. Found 3 JPA repository interfaces., thread: main, logger: o.s.d.r.c.RepositoryConfigurationDelegate, host: workstation
2022-07-01T00:20:38.897Z, INFO: BeanFactory id=49b10b4e-e120-3d2a-a14f-309f574943e1, thread: main, logger: o.s.c.c.s.GenericScope, host: workstation
2022-07-01T00:20:39.093Z, INFO: No bean named 'errorChannel' has been explicitly defined. Therefore, a default PublishSubscribeChannel will be created., thread: main, logger: o.s.i.c.DefaultConfiguringBeanFactoryPostProcessor, host: workstation
2022-07-01T00:20:39.154Z, INFO: No bean named 'integrationHeaderChannelRegistry' has been explicitly defined. Therefore, a default DefaultHeaderChannelRegistry will be created., thread: main, logger: o.s.i.c.DefaultConfiguringBeanFactoryPostProcessor, host: workstation
2022-07-01T00:20:40.038Z, INFO: Bean 'org.springframework.security.access.expression.method.DefaultMethodSecurityExpressionHandler@60afe00' of type [org.springframework.security.access.expression.method.DefaultMethodSecurityExpressionHandler] is not eligible for getting processed by all BeanPostProcessors (for example: not eligible for auto-proxying), thread: main, logger: o.s.c.s.PostProcessorRegistrationDelegate$BeanPostProcessorChecker, host: workstation
2022-07-01T00:20:40.054Z, INFO: Bean 'ru.diasoft.micro.lib.config.MethodSecurityConfig' of type [ru.diasoft.micro.lib.config.MethodSecurityConfig$$EnhancerBySpringCGLIB$$574cef11] is not eligible for getting processed by all BeanPostProcessors (for example: not eligible for auto-proxying), thread: main, logger: o.s.c.s.PostProcessorRegistrationDelegate$BeanPostProcessorChecker, host: workstation
2022-07-01T00:20:40.093Z, INFO: Bean 'methodSecurityMetadataSource' of type [org.springframework.security.access.method.DelegatingMethodSecurityMetadataSource] is not eligible for getting processed by all BeanPostProcessors (for example: not eligible for auto-proxying), thread: main, logger: o.s.c.s.PostProcessorRegistrationDelegate$BeanPostProcessorChecker, host: workstation
2022-07-01T00:20:40.313Z, INFO: Bean 'integrationChannelResolver' of type [org.springframework.integration.support.channel.BeanFactoryChannelResolver] is not eligible for getting processed by all BeanPostProcessors (for example: not eligible for auto-proxying), thread: main, logger: o.s.c.s.PostProcessorRegistrationDelegate$BeanPostProcessorChecker, host: workstation
2022-07-01T00:20:40.323Z, INFO: Bean 'integrationDisposableAutoCreatedBeans' of type [org.springframework.integration.config.annotation.Disposables] is not eligible for getting processed by all BeanPostProcessors (for example: not eligible for auto-proxying), thread: main, logger: o.s.c.s.PostProcessorRegistrationDelegate$BeanPostProcessorChecker, host: workstation
2022-07-01T00:20:40.402Z, INFO: Bean 'org.springframework.cloud.stream.config.BindersHealthIndicatorAutoConfiguration' of type [org.springframework.cloud.stream.config.BindersHealthIndicatorAutoConfiguration] is not eligible for getting processed by all BeanPostProcessors (for example: not eligible for auto-proxying), thread: main, logger: o.s.c.s.PostProcessorRegistrationDelegate$BeanPostProcessorChecker, host: workstation
2022-07-01T00:20:40.418Z, INFO: Bean 'bindersHealthContributor' of type [org.springframework.cloud.stream.config.BindersHealthIndicatorAutoConfiguration$BindersHealthContributor] is not eligible for getting processed by all BeanPostProcessors (for example: not eligible for auto-proxying), thread: main, logger: o.s.c.s.PostProcessorRegistrationDelegate$BeanPostProcessorChecker, host: workstation
2022-07-01T00:20:40.457Z, INFO: Bean 'bindersHealthIndicatorListener' of type [org.springframework.cloud.stream.config.BindersHealthIndicatorAutoConfiguration$BindersHealthIndicatorListener] is not eligible for getting processed by all BeanPostProcessors (for example: not eligible for auto-proxying), thread: main, logger: o.s.c.s.PostProcessorRegistrationDelegate$BeanPostProcessorChecker, host: workstation
2022-07-01T00:20:40.541Z, INFO: Bean 'org.springframework.integration.config.IntegrationManagementConfiguration' of type [org.springframework.integration.config.IntegrationManagementConfiguration] is not eligible for getting processed by all BeanPostProcessors (for example: not eligible for auto-proxying), thread: main, logger: o.s.c.s.PostProcessorRegistrationDelegate$BeanPostProcessorChecker, host: workstation
2022-07-01T00:20:40.700Z, INFO: Bean 'org.springframework.cloud.client.loadbalancer.reactive.LoadBalancerBeanPostProcessorAutoConfiguration' of type [org.springframework.cloud.client.loadbalancer.reactive.LoadBalancerBeanPostProcessorAutoConfiguration] is not eligible for getting processed by all BeanPostProcessors (for example: not eligible for auto-proxying), thread: main, logger: o.s.c.s.PostProcessorRegistrationDelegate$BeanPostProcessorChecker, host: workstation
2022-07-01T00:20:40.712Z, INFO: Bean 'org.springframework.cloud.client.loadbalancer.reactive.LoadBalancerBeanPostProcessorAutoConfiguration$ReactorDeferringLoadBalancerFilterConfig' of type [org.springframework.cloud.client.loadbalancer.reactive.LoadBalancerBeanPostProcessorAutoConfiguration$ReactorDeferringLoadBalancerFilterConfig] is not eligible for getting processed by all BeanPostProcessors (for example: not eligible for auto-proxying), thread: main, logger: o.s.c.s.PostProcessorRegistrationDelegate$BeanPostProcessorChecker, host: workstation
2022-07-01T00:20:40.723Z, INFO: Bean 'reactorDeferringLoadBalancerExchangeFilterFunction' of type [org.springframework.cloud.client.loadbalancer.reactive.DeferringLoadBalancerExchangeFilterFunction] is not eligible for getting processed by all BeanPostProcessors (for example: not eligible for auto-proxying), thread: main, logger: o.s.c.s.PostProcessorRegistrationDelegate$BeanPostProcessorChecker, host: workstation
2022-07-01T00:20:40.758Z, INFO: Bean 'ru.diasoft.micro.querydsl.config.QueryDslValueOperatorsConfig' of type [ru.diasoft.micro.querydsl.config.QueryDslValueOperatorsConfig$$EnhancerBySpringCGLIB$$160e47ed] is not eligible for getting processed by all BeanPostProcessors (for example: not eligible for auto-proxying), thread: main, logger: o.s.c.s.PostProcessorRegistrationDelegate$BeanPostProcessorChecker, host: workstation
2022-07-01T00:20:40.781Z, INFO: Bean 'org.springframework.data.web.config.QuerydslWebConfiguration' of type [org.springframework.data.web.config.QuerydslWebConfiguration] is not eligible for getting processed by all BeanPostProcessors (for example: not eligible for auto-proxying), thread: main, logger: o.s.c.s.PostProcessorRegistrationDelegate$BeanPostProcessorChecker, host: workstation
2022-07-01T00:20:40.875Z, INFO: Bean 'permissionDecisionProvider' of type [ru.diasoft.micro.permission.filter.PermissionDecisionProvider] is not eligible for getting processed by all BeanPostProcessors (for example: not eligible for auto-proxying), thread: main, logger: o.s.c.s.PostProcessorRegistrationDelegate$BeanPostProcessorChecker, host: workstation
2022-07-01T00:20:40.932Z, INFO: Bean '(inner bean)#275581aa' of type [org.springframework.beans.factory.config.PropertiesFactoryBean] is not eligible for getting processed by all BeanPostProcessors (for example: not eligible for auto-proxying), thread: main, logger: o.s.c.s.PostProcessorRegistrationDelegate$BeanPostProcessorChecker, host: workstation
2022-07-01T00:20:40.951Z, INFO: Bean '(inner bean)#275581aa' of type [java.util.Properties] is not eligible for getting processed by all BeanPostProcessors (for example: not eligible for auto-proxying), thread: main, logger: o.s.c.s.PostProcessorRegistrationDelegate$BeanPostProcessorChecker, host: workstation
2022-07-01T00:20:41.004Z, INFO: Bean '(inner bean)#442dde70' of type [org.springframework.data.repository.core.support.PropertiesBasedNamedQueries] is not eligible for getting processed by all BeanPostProcessors (for example: not eligible for auto-proxying), thread: main, logger: o.s.c.s.PostProcessorRegistrationDelegate$BeanPostProcessorChecker, host: workstation
2022-07-01T00:20:41.022Z, INFO: Bean '(inner bean)#485e2acd' of type [org.springframework.data.repository.core.support.RepositoryFragmentsFactoryBean] is not eligible for getting processed by all BeanPostProcessors (for example: not eligible for auto-proxying), thread: main, logger: o.s.c.s.PostProcessorRegistrationDelegate$BeanPostProcessorChecker, host: workstation
2022-07-01T00:20:41.037Z, INFO: Bean '(inner bean)#485e2acd' of type [org.springframework.data.repository.core.support.RepositoryComposition$RepositoryFragments] is not eligible for getting processed by all BeanPostProcessors (for example: not eligible for auto-proxying), thread: main, logger: o.s.c.s.PostProcessorRegistrationDelegate$BeanPostProcessorChecker, host: workstation
2022-07-01T00:20:41.069Z, INFO: Bean 'org.springframework.boot.autoconfigure.cache.SimpleCacheConfiguration' of type [org.springframework.boot.autoconfigure.cache.SimpleCacheConfiguration] is not eligible for getting processed by all BeanPostProcessors (for example: not eligible for auto-proxying), thread: main, logger: o.s.c.s.PostProcessorRegistrationDelegate$BeanPostProcessorChecker, host: workstation
2022-07-01T00:20:41.098Z, INFO: Bean 'org.springframework.cloud.stream.binder.kafka.config.ExtendedBindingHandlerMappingsProviderConfiguration' of type [org.springframework.cloud.stream.binder.kafka.config.ExtendedBindingHandlerMappingsProviderConfiguration$$EnhancerBySpringCGLIB$$dcd4245c] is not eligible for getting processed by all BeanPostProcessors (for example: not eligible for auto-proxying), thread: main, logger: o.s.c.s.PostProcessorRegistrationDelegate$BeanPostProcessorChecker, host: workstation
2022-07-01T00:20:41.109Z, INFO: Bean 'kafkaExtendedPropertiesDefaultMappingsProvider' of type [org.springframework.cloud.stream.binder.kafka.config.ExtendedBindingHandlerMappingsProviderConfiguration$$Lambda$813/780918234] is not eligible for getting processed by all BeanPostProcessors (for example: not eligible for auto-proxying), thread: main, logger: o.s.c.s.PostProcessorRegistrationDelegate$BeanPostProcessorChecker, host: workstation
2022-07-01T00:20:41.123Z, INFO: Bean 'BindingHandlerAdvise' of type [org.springframework.cloud.stream.config.BindingHandlerAdvise] is not eligible for getting processed by all BeanPostProcessors (for example: not eligible for auto-proxying), thread: main, logger: o.s.c.s.PostProcessorRegistrationDelegate$BeanPostProcessorChecker, host: workstation
2022-07-01T00:20:41.151Z, INFO: Bean 'spelConverter' of type [org.springframework.cloud.stream.config.SpelExpressionConverterConfiguration$SpelConverter] is not eligible for getting processed by all BeanPostProcessors (for example: not eligible for auto-proxying), thread: main, logger: o.s.c.s.PostProcessorRegistrationDelegate$BeanPostProcessorChecker, host: workstation
2022-07-01T00:20:41.162Z, INFO: Bean 'spring.cache-org.springframework.boot.autoconfigure.cache.CacheProperties' of type [org.springframework.boot.autoconfigure.cache.CacheProperties] is not eligible for getting processed by all BeanPostProcessors (for example: not eligible for auto-proxying), thread: main, logger: o.s.c.s.PostProcessorRegistrationDelegate$BeanPostProcessorChecker, host: workstation
2022-07-01T00:20:41.170Z, INFO: Bean 'org.springframework.boot.autoconfigure.cache.CacheAutoConfiguration' of type [org.springframework.boot.autoconfigure.cache.CacheAutoConfiguration] is not eligible for getting processed by all BeanPostProcessors (for example: not eligible for auto-proxying), thread: main, logger: o.s.c.s.PostProcessorRegistrationDelegate$BeanPostProcessorChecker, host: workstation
2022-07-01T00:20:41.179Z, INFO: Bean 'cacheManagerCustomizers' of type [org.springframework.boot.autoconfigure.cache.CacheManagerCustomizers] is not eligible for getting processed by all BeanPostProcessors (for example: not eligible for auto-proxying), thread: main, logger: o.s.c.s.PostProcessorRegistrationDelegate$BeanPostProcessorChecker, host: workstation
2022-07-01T00:20:41.199Z, INFO: Bean 'cacheManager' of type [org.springframework.cache.concurrent.ConcurrentMapCacheManager] is not eligible for getting processed by all BeanPostProcessors (for example: not eligible for auto-proxying), thread: main, logger: o.s.c.s.PostProcessorRegistrationDelegate$BeanPostProcessorChecker, host: workstation
2022-07-01T00:20:41.218Z, INFO: Bean 'spring.liquibase-org.springframework.boot.autoconfigure.liquibase.LiquibaseProperties' of type [org.springframework.boot.autoconfigure.liquibase.LiquibaseProperties] is not eligible for getting processed by all BeanPostProcessors (for example: not eligible for auto-proxying), thread: main, logger: o.s.c.s.PostProcessorRegistrationDelegate$BeanPostProcessorChecker, host: workstation
2022-07-01T00:20:41.231Z, INFO: Bean 'org.springframework.boot.autoconfigure.liquibase.LiquibaseAutoConfiguration$LiquibaseConfiguration' of type [org.springframework.boot.autoconfigure.liquibase.LiquibaseAutoConfiguration$LiquibaseConfiguration] is not eligible for getting processed by all BeanPostProcessors (for example: not eligible for auto-proxying), thread: main, logger: o.s.c.s.PostProcessorRegistrationDelegate$BeanPostProcessorChecker, host: workstation
2022-07-01T00:20:41.247Z, INFO: Bean 'org.springframework.boot.autoconfigure.jdbc.DataSourceConfiguration$Hikari' of type [org.springframework.boot.autoconfigure.jdbc.DataSourceConfiguration$Hikari] is not eligible for getting processed by all BeanPostProcessors (for example: not eligible for auto-proxying), thread: main, logger: o.s.c.s.PostProcessorRegistrationDelegate$BeanPostProcessorChecker, host: workstation
2022-07-01T00:20:41.281Z, INFO: Bean 'spring.datasource-org.springframework.boot.autoconfigure.jdbc.DataSourceProperties' of type [org.springframework.boot.autoconfigure.jdbc.DataSourceProperties] is not eligible for getting processed by all BeanPostProcessors (for example: not eligible for auto-proxying), thread: main, logger: o.s.c.s.PostProcessorRegistrationDelegate$BeanPostProcessorChecker, host: workstation
2022-07-01T00:20:41.422Z, INFO: Bean 'dataSource' of type [com.zaxxer.hikari.HikariDataSource] is not eligible for getting processed by all BeanPostProcessors (for example: not eligible for auto-proxying), thread: main, logger: o.s.c.s.PostProcessorRegistrationDelegate$BeanPostProcessorChecker, host: workstation
2022-07-01T00:20:41.583Z, INFO: 'HikariPool-1' - Starting..., thread: main, logger: c.z.h.HikariDataSource, host: workstation
2022-07-01T00:20:42.409Z, INFO: 'HikariPool-1' - Start completed., thread: main, logger: c.z.h.HikariDataSource, host: workstation
Skipping auto-registration
2022-07-01T00:21:50.322Z, INFO: Bean 'liquibase' of type [liquibase.integration.spring.SpringLiquibase] is not eligible for getting processed by all BeanPostProcessors (for example: not eligible for auto-proxying), thread: main, logger: o.s.c.s.PostProcessorRegistrationDelegate$BeanPostProcessorChecker, host: workstation, service: demo
2022-07-01T00:21:50.353Z, INFO: Bean 'org.springframework.boot.autoconfigure.sql.init.DataSourceInitializationConfiguration' of type [org.springframework.boot.autoconfigure.sql.init.DataSourceInitializationConfiguration] is not eligible for getting processed by all BeanPostProcessors (for example: not eligible for auto-proxying), thread: main, logger: o.s.c.s.PostProcessorRegistrationDelegate$BeanPostProcessorChecker, host: workstation, service: demo
2022-07-01T00:21:50.372Z, INFO: Bean 'spring.sql.init-org.springframework.boot.autoconfigure.sql.init.SqlInitializationProperties' of type [org.springframework.boot.autoconfigure.sql.init.SqlInitializationProperties] is not eligible for getting processed by all BeanPostProcessors (for example: not eligible for auto-proxying), thread: main, logger: o.s.c.s.PostProcessorRegistrationDelegate$BeanPostProcessorChecker, host: workstation, service: demo
2022-07-01T00:21:50.389Z, INFO: Bean 'dataSourceScriptDatabaseInitializer' of type [org.springframework.boot.jdbc.init.DataSourceScriptDatabaseInitializer] is not eligible for getting processed by all BeanPostProcessors (for example: not eligible for auto-proxying), thread: main, logger: o.s.c.s.PostProcessorRegistrationDelegate$BeanPostProcessorChecker, host: workstation, service: demo
2022-07-01T00:21:50.429Z, INFO: Bean 'spring.jpa-org.springframework.boot.autoconfigure.orm.jpa.JpaProperties' of type [org.springframework.boot.autoconfigure.orm.jpa.JpaProperties] is not eligible for getting processed by all BeanPostProcessors (for example: not eligible for auto-proxying), thread: main, logger: o.s.c.s.PostProcessorRegistrationDelegate$BeanPostProcessorChecker, host: workstation, service: demo
2022-07-01T00:21:50.480Z, INFO: Bean 'spring.jpa.hibernate-org.springframework.boot.autoconfigure.orm.jpa.HibernateProperties' of type [org.springframework.boot.autoconfigure.orm.jpa.HibernateProperties] is not eligible for getting processed by all BeanPostProcessors (for example: not eligible for auto-proxying), thread: main, logger: o.s.c.s.PostProcessorRegistrationDelegate$BeanPostProcessorChecker, host: workstation, service: demo
2022-07-01T00:21:50.520Z, INFO: Bean 'org.springframework.boot.autoconfigure.jdbc.metadata.DataSourcePoolMetadataProvidersConfiguration$HikariPoolDataSourceMetadataProviderConfiguration' of type [org.springframework.boot.autoconfigure.jdbc.metadata.DataSourcePoolMetadataProvidersConfiguration$HikariPoolDataSourceMetadataProviderConfiguration] is not eligible for getting processed by all BeanPostProcessors (for example: not eligible for auto-proxying), thread: main, logger: o.s.c.s.PostProcessorRegistrationDelegate$BeanPostProcessorChecker, host: workstation, service: demo
2022-07-01T00:21:50.528Z, INFO: Bean 'hikariPoolDataSourceMetadataProvider' of type [org.springframework.boot.autoconfigure.jdbc.metadata.DataSourcePoolMetadataProvidersConfiguration$HikariPoolDataSourceMetadataProviderConfiguration$$Lambda$849/1561874296] is not eligible for getting processed by all BeanPostProcessors (for example: not eligible for auto-proxying), thread: main, logger: o.s.c.s.PostProcessorRegistrationDelegate$BeanPostProcessorChecker, host: workstation, service: demo
2022-07-01T00:21:50.569Z, INFO: Bean 'org.springframework.boot.autoconfigure.orm.jpa.HibernateJpaConfiguration' of type [org.springframework.boot.autoconfigure.orm.jpa.HibernateJpaConfiguration] is not eligible for getting processed by all BeanPostProcessors (for example: not eligible for auto-proxying), thread: main, logger: o.s.c.s.PostProcessorRegistrationDelegate$BeanPostProcessorChecker, host: workstation, service: demo
2022-07-01T00:21:50.631Z, INFO: Bean 'jpaVendorAdapter' of type [org.springframework.orm.jpa.vendor.HibernateJpaVendorAdapter] is not eligible for getting processed by all BeanPostProcessors (for example: not eligible for auto-proxying), thread: main, logger: o.s.c.s.PostProcessorRegistrationDelegate$BeanPostProcessorChecker, host: workstation, service: demo
2022-07-01T00:21:50.657Z, INFO: Bean 'entityManagerFactoryBuilder' of type [org.springframework.boot.orm.jpa.EntityManagerFactoryBuilder] is not eligible for getting processed by all BeanPostProcessors (for example: not eligible for auto-proxying), thread: main, logger: o.s.c.s.PostProcessorRegistrationDelegate$BeanPostProcessorChecker, host: workstation, service: demo
2022-07-01T00:21:50.709Z, INFO: Bean 'org.springframework.boot.autoconfigure.liquibase.LiquibaseAutoConfiguration' of type [org.springframework.boot.autoconfigure.liquibase.LiquibaseAutoConfiguration] is not eligible for getting processed by all BeanPostProcessors (for example: not eligible for auto-proxying), thread: main, logger: o.s.c.s.PostProcessorRegistrationDelegate$BeanPostProcessorChecker, host: workstation, service: demo
2022-07-01T00:21:50.716Z, INFO: Bean 'liquibaseDefaultDdlModeProvider' of type [org.springframework.boot.autoconfigure.liquibase.LiquibaseSchemaManagementProvider] is not eligible for getting processed by all BeanPostProcessors (for example: not eligible for auto-proxying), thread: main, logger: o.s.c.s.PostProcessorRegistrationDelegate$BeanPostProcessorChecker, host: workstation, service: demo
2022-07-01T00:21:50.876Z, INFO: HHH000204: Processing PersistenceUnitInfo [name: default], thread: main, logger: o.h.j.i.u.LogHelper, host: workstation, service: demo
2022-07-01T00:21:51.026Z, INFO: HHH000412: Hibernate ORM core version 5.4.32.Final, thread: main, logger: o.h.Version, host: workstation, service: demo
2022-07-01T00:21:51.374Z, INFO: HCANN000001: Hibernate Commons Annotations {5.1.2.Final}, thread: main, logger: o.h.a.c.Version, host: workstation, service: demo
2022-07-01T00:21:51.594Z, INFO: HHH000400: Using dialect: org.hibernate.dialect.H2Dialect, thread: main, logger: o.h.d.Dialect, host: workstation, service: demo
2022-07-01T00:21:52.966Z, INFO: HHH000490: Using JtaPlatform implementation: [org.hibernate.engine.transaction.jta.platform.internal.NoJtaPlatform], thread: main, logger: o.h.e.t.j.p.i.JtaPlatformInitiator, host: workstation, service: demo
2022-07-01T00:21:52.985Z, INFO: Initialized JPA EntityManagerFactory for persistence unit 'default', thread: main, logger: o.s.o.j.LocalContainerEntityManagerFactoryBean, host: workstation, service: demo
2022-07-01T00:21:52.991Z, INFO: Bean 'entityManagerFactory' of type [org.springframework.orm.jpa.LocalContainerEntityManagerFactoryBean] is not eligible for getting processed by all BeanPostProcessors (for example: not eligible for auto-proxying), thread: main, logger: o.s.c.s.PostProcessorRegistrationDelegate$BeanPostProcessorChecker, host: workstation, service: demo
2022-07-01T00:21:53.043Z, INFO: Bean 'entityManagerFactory' of type [com.sun.proxy.$Proxy204] is not eligible for getting processed by all BeanPostProcessors (for example: not eligible for auto-proxying), thread: main, logger: o.s.c.s.PostProcessorRegistrationDelegate$BeanPostProcessorChecker, host: workstation, service: demo
2022-07-01T00:21:53.227Z, INFO: Bean '(inner bean)#78a954de' of type [com.sun.proxy.$Proxy207] is not eligible for getting processed by all BeanPostProcessors (for example: not eligible for auto-proxying), thread: main, logger: o.s.c.s.PostProcessorRegistrationDelegate$BeanPostProcessorChecker, host: workstation, service: demo
2022-07-01T00:21:53.312Z, INFO: Bean 'jpaMappingContext' of type [org.springframework.data.jpa.repository.config.JpaMetamodelMappingContextFactoryBean] is not eligible for getting processed by all BeanPostProcessors (for example: not eligible for auto-proxying), thread: main, logger: o.s.c.s.PostProcessorRegistrationDelegate$BeanPostProcessorChecker, host: workstation, service: demo
2022-07-01T00:21:53.322Z, INFO: Bean 'jpaMappingContext' of type [org.springframework.data.jpa.mapping.JpaMetamodelMappingContext] is not eligible for getting processed by all BeanPostProcessors (for example: not eligible for auto-proxying), thread: main, logger: o.s.c.s.PostProcessorRegistrationDelegate$BeanPostProcessorChecker, host: workstation, service: demo
2022-07-01T00:21:54.170Z, INFO: Bean 'policySetRepository' of type [ru.diasoft.micro.permission.filter.PermissionJpaRepositoryFactoryBean] is not eligible for getting processed by all BeanPostProcessors (for example: not eligible for auto-proxying), thread: main, logger: o.s.c.s.PostProcessorRegistrationDelegate$BeanPostProcessorChecker, host: workstation, service: demo
2022-07-01T00:21:54.228Z, INFO: Bean '(inner bean)#6f88bcff' of type [org.springframework.beans.factory.config.PropertiesFactoryBean] is not eligible for getting processed by all BeanPostProcessors (for example: not eligible for auto-proxying), thread: main, logger: o.s.c.s.PostProcessorRegistrationDelegate$BeanPostProcessorChecker, host: workstation, service: demo
2022-07-01T00:21:54.228Z, INFO: Bean '(inner bean)#6f88bcff' of type [java.util.Properties] is not eligible for getting processed by all BeanPostProcessors (for example: not eligible for auto-proxying), thread: main, logger: o.s.c.s.PostProcessorRegistrationDelegate$BeanPostProcessorChecker, host: workstation, service: demo
2022-07-01T00:21:54.231Z, INFO: Bean '(inner bean)#6db51e72' of type [org.springframework.data.repository.core.support.PropertiesBasedNamedQueries] is not eligible for getting processed by all BeanPostProcessors (for example: not eligible for auto-proxying), thread: main, logger: o.s.c.s.PostProcessorRegistrationDelegate$BeanPostProcessorChecker, host: workstation, service: demo
2022-07-01T00:21:54.233Z, INFO: Bean '(inner bean)#4ea75756' of type [org.springframework.data.repository.core.support.RepositoryFragmentsFactoryBean] is not eligible for getting processed by all BeanPostProcessors (for example: not eligible for auto-proxying), thread: main, logger: o.s.c.s.PostProcessorRegistrationDelegate$BeanPostProcessorChecker, host: workstation, service: demo
2022-07-01T00:21:54.236Z, INFO: Bean '(inner bean)#4ea75756' of type [org.springframework.data.repository.core.support.RepositoryComposition$RepositoryFragments] is not eligible for getting processed by all BeanPostProcessors (for example: not eligible for auto-proxying), thread: main, logger: o.s.c.s.PostProcessorRegistrationDelegate$BeanPostProcessorChecker, host: workstation, service: demo
2022-07-01T00:21:54.243Z, INFO: Bean '(inner bean)#68c1eaf1' of type [com.sun.proxy.$Proxy207] is not eligible for getting processed by all BeanPostProcessors (for example: not eligible for auto-proxying), thread: main, logger: o.s.c.s.PostProcessorRegistrationDelegate$BeanPostProcessorChecker, host: workstation, service: demo
2022-07-01T00:21:54.301Z, INFO: Bean 'MdpIdObjectIdRepository' of type [ru.diasoft.micro.permission.filter.PermissionJpaRepositoryFactoryBean] is not eligible for getting processed by all BeanPostProcessors (for example: not eligible for auto-proxying), thread: main, logger: o.s.c.s.PostProcessorRegistrationDelegate$BeanPostProcessorChecker, host: workstation, service: demo
2022-07-01T00:21:54.316Z, INFO: Bean '(inner bean)#1fb47574' of type [org.springframework.beans.factory.config.PropertiesFactoryBean] is not eligible for getting processed by all BeanPostProcessors (for example: not eligible for auto-proxying), thread: main, logger: o.s.c.s.PostProcessorRegistrationDelegate$BeanPostProcessorChecker, host: workstation, service: demo
2022-07-01T00:21:54.316Z, INFO: Bean '(inner bean)#1fb47574' of type [java.util.Properties] is not eligible for getting processed by all BeanPostProcessors (for example: not eligible for auto-proxying), thread: main, logger: o.s.c.s.PostProcessorRegistrationDelegate$BeanPostProcessorChecker, host: workstation, service: demo
2022-07-01T00:21:54.317Z, INFO: Bean '(inner bean)#4f22531e' of type [org.springframework.data.repository.core.support.PropertiesBasedNamedQueries] is not eligible for getting processed by all BeanPostProcessors (for example: not eligible for auto-proxying), thread: main, logger: o.s.c.s.PostProcessorRegistrationDelegate$BeanPostProcessorChecker, host: workstation, service: demo
2022-07-01T00:21:54.318Z, INFO: Bean '(inner bean)#2e5ff931' of type [org.springframework.data.repository.core.support.RepositoryFragmentsFactoryBean] is not eligible for getting processed by all BeanPostProcessors (for example: not eligible for auto-proxying), thread: main, logger: o.s.c.s.PostProcessorRegistrationDelegate$BeanPostProcessorChecker, host: workstation, service: demo
2022-07-01T00:21:54.319Z, INFO: Bean '(inner bean)#2e5ff931' of type [org.springframework.data.repository.core.support.RepositoryComposition$RepositoryFragments] is not eligible for getting processed by all BeanPostProcessors (for example: not eligible for auto-proxying), thread: main, logger: o.s.c.s.PostProcessorRegistrationDelegate$BeanPostProcessorChecker, host: workstation, service: demo
2022-07-01T00:21:54.322Z, INFO: Bean '(inner bean)#27fb9e87' of type [com.sun.proxy.$Proxy207] is not eligible for getting processed by all BeanPostProcessors (for example: not eligible for auto-proxying), thread: main, logger: o.s.c.s.PostProcessorRegistrationDelegate$BeanPostProcessorChecker, host: workstation, service: demo
2022-07-01T00:21:54.355Z, INFO: Bean 'smsVerificationRepository' of type [ru.diasoft.micro.permission.filter.PermissionJpaRepositoryFactoryBean] is not eligible for getting processed by all BeanPostProcessors (for example: not eligible for auto-proxying), thread: main, logger: o.s.c.s.PostProcessorRegistrationDelegate$BeanPostProcessorChecker, host: workstation, service: demo
2022-07-01T00:21:54.362Z, INFO: Bean 'querydslBindingsFactory' of type [org.springframework.data.querydsl.binding.QuerydslBindingsFactory] is not eligible for getting processed by all BeanPostProcessors (for example: not eligible for auto-proxying), thread: main, logger: o.s.c.s.PostProcessorRegistrationDelegate$BeanPostProcessorChecker, host: workstation, service: demo
2022-07-01T00:21:54.375Z, INFO: Bean 'ru.diasoft.micro.lib.config.DefaultFormattingConfig' of type [ru.diasoft.micro.lib.config.DefaultFormattingConfig$$EnhancerBySpringCGLIB$$1c62d7ea] is not eligible for getting processed by all BeanPostProcessors (for example: not eligible for auto-proxying), thread: main, logger: o.s.c.s.PostProcessorRegistrationDelegate$BeanPostProcessorChecker, host: workstation, service: demo
2022-07-01T00:21:54.397Z, INFO: Bean 'defaultFormattingConversionService' of type [org.springframework.format.support.DefaultFormattingConversionService] is not eligible for getting processed by all BeanPostProcessors (for example: not eligible for auto-proxying), thread: main, logger: o.s.c.s.PostProcessorRegistrationDelegate$BeanPostProcessorChecker, host: workstation, service: demo
2022-07-01T00:21:55.213Z, DEBUG: DsTracerSleuth.spanStart(): findAll, SERVICE_METHOD, thread: main, logger: r.d.f.d.s.DsTracerSleuth, host: workstation, service: demo
2022-07-01T00:21:58.091Z, WARN: spring.jpa.open-in-view is enabled by default. Therefore, database queries may be performed during view rendering. Explicitly configure spring.jpa.open-in-view to disable this warning, thread: main, logger: o.s.b.a.o.j.JpaBaseConfiguration$JpaWebConfiguration, host: workstation, service: demo
2022-07-01T00:22:00.188Z, INFO: Cannot determine local hostname, thread: main, logger: o.s.c.c.u.InetUtils, host: workstation, service: demo
2022-07-01T00:22:00.364Z, INFO: Exposing 1 endpoint(s) beneath base path '/actuator', thread: main, logger: o.s.b.a.e.w.EndpointLinksResolver, host: workstation, service: demo
2022-07-01T00:22:03.187Z, INFO: DigitalQCache configuration, thread: main, logger: r.d.m.m.l.m.DigitalQCacheAutoconfiguration, host: workstation, service: demo
2022-07-01T00:22:03.573Z, INFO: Functional binding is disabled due to the presense of @EnableBinding annotation in your configuration, thread: main, logger: o.s.c.s.f.FunctionConfiguration$FunctionBindingRegistrar, host: workstation, service: demo
2022-07-01T00:22:05.133Z, INFO: 

Using generated security password: bffa3fd2-7bbc-4641-8727-220804f0e004
, thread: main, logger: o.s.b.a.s.s.UserDetailsServiceAutoConfiguration, host: workstation, service: demo
2022-07-01T00:22:05.875Z, INFO: Will secure any request with [org.springframework.security.web.context.request.async.WebAsyncManagerIntegrationFilter@71e1ea11, org.springframework.security.web.context.SecurityContextPersistenceFilter@267fd9e9, org.springframework.security.web.header.HeaderWriterFilter@68ec5c3f, org.springframework.security.web.authentication.logout.LogoutFilter@1b391bd9, org.springframework.security.oauth2.provider.authentication.OAuth2AuthenticationProcessingFilter@3935c9, org.springframework.security.web.savedrequest.RequestCacheAwareFilter@31f13f9e, org.springframework.security.web.servletapi.SecurityContextHolderAwareRequestFilter@45c9bd94, org.springframework.security.web.authentication.AnonymousAuthenticationFilter@4a7ffa39, org.springframework.security.web.session.SessionManagementFilter@2e3bd32e, org.springframework.security.web.access.ExceptionTranslationFilter@2aaaf2e3, org.springframework.security.web.access.intercept.FilterSecurityInterceptor@3584d93e], thread: main, logger: o.s.s.w.DefaultSecurityFilterChain, host: workstation, service: demo
2022-07-01T00:22:06.177Z, INFO: Eureka HTTP Client uses Jersey, thread: main, logger: o.s.c.n.e.c.DiscoveryClientOptionalArgsConfiguration, host: workstation, service: demo
2022-07-01T00:22:07.231Z, INFO: Cannot determine local hostname, thread: main, logger: o.s.c.c.u.InetUtils, host: workstation, service: demo
2022-07-01T00:22:07.369Z, INFO: Server 'Eureka' not available: 'Server not found', thread: main, logger: r.d.m.m.l.m.DQLoadBalancerAutoConfiguration, host: workstation, service: demo
2022-07-01T00:22:07.369Z, DEBUG: Refreshing ru.diasoft.micro.mdp.lib.mdpribbon.RibbonApplicationContext@7af43ea2, thread: main, logger: r.d.m.m.l.m.RibbonApplicationContext, host: workstation, service: demo
2022-07-01T00:22:07.441Z, INFO: Server 'Kubernetes' not available: 'Server not found', thread: main, logger: r.d.m.m.l.m.DQLoadBalancerAutoConfiguration, host: workstation, service: demo
2022-07-01T00:22:07.441Z, DEBUG: Refreshing ru.diasoft.micro.mdp.lib.mdpribbon.RibbonApplicationContext@4f4737e7, thread: main, logger: r.d.m.m.l.m.RibbonApplicationContext, host: workstation, service: demo
2022-07-01T00:22:07.452Z, INFO: Server 'Locator' not available: 'Servers not initialize in configuration', thread: main, logger: r.d.m.m.l.m.DQLoadBalancerAutoConfiguration, host: workstation, service: demo
2022-07-01T00:22:07.452Z, DEBUG: Refreshing ru.diasoft.micro.mdp.lib.mdpribbon.RibbonApplicationContext@399064d, thread: main, logger: r.d.m.m.l.m.RibbonApplicationContext, host: workstation, service: demo
2022-07-01T00:22:07.778Z, WARN: Spring Cloud LoadBalancer is currently working with the default cache. You can switch to using Caffeine cache, by adding it and org.springframework.cache.caffeine.CaffeineCacheManager to the classpath., thread: main, logger: o.s.c.l.c.LoadBalancerCacheAutoConfiguration$LoadBalancerCaffeineWarnLogger, host: workstation, service: demo
2022-07-01T00:22:07.840Z, WARN: All Spring Cloud Security modules and starters are deprecated. They will be moved to individual projects in the next major release., thread: main, logger: o.s.c.s.o.SpringCloudSecurityAutoConfiguration, host: workstation, service: demo
2022-07-01T00:22:08.715Z, INFO: Adding {logging-channel-adapter:_org.springframework.integration.errorLogger} as a subscriber to the 'errorChannel' channel, thread: main, logger: o.s.i.e.EventDrivenConsumer, host: workstation, service: demo
2022-07-01T00:22:08.715Z, INFO: Channel 'demo-1.errorChannel' has 1 subscriber(s)., thread: main, logger: o.s.i.c.PublishSubscribeChannel, host: workstation, service: demo
2022-07-01T00:22:08.716Z, INFO: started bean '_org.springframework.integration.errorLogger', thread: main, logger: o.s.i.e.EventDrivenConsumer, host: workstation, service: demo
2022-07-01T00:22:08.718Z, INFO: Creating binder: kafka, thread: main, logger: o.s.c.s.b.DefaultBinderFactory, host: workstation, service: demo
2022-07-01T00:22:09.014Z, INFO: Caching the binder: kafka, thread: main, logger: o.s.c.s.b.DefaultBinderFactory, host: workstation, service: demo
2022-07-01T00:22:09.014Z, INFO: Retrieving cached binder: kafka, thread: main, logger: o.s.c.s.b.DefaultBinderFactory, host: workstation, service: demo
2022-07-01T00:22:09.139Z, INFO: Using kafka topic for outbound: dq-mdp-audit-json-events-in, thread: main, logger: o.s.c.s.b.k.p.KafkaTopicProvisioner, host: workstation, service: demo
2022-07-01T00:22:09.145Z, INFO: AdminClientConfig values: 
	bootstrap.servers = [localhost:9092]
	client.dns.lookup = use_all_dns_ips
	client.id = 
	connections.max.idle.ms = 300000
	default.api.timeout.ms = 60000
	metadata.max.age.ms = 300000
	metric.reporters = []
	metrics.num.samples = 2
	metrics.recording.level = INFO
	metrics.sample.window.ms = 30000
	receive.buffer.bytes = 65536
	reconnect.backoff.max.ms = 1000
	reconnect.backoff.ms = 50
	request.timeout.ms = 30000
	retries = 2147483647
	retry.backoff.ms = 100
	sasl.client.callback.handler.class = null
	sasl.jaas.config = null
	sasl.kerberos.kinit.cmd = /usr/bin/kinit
	sasl.kerberos.min.time.before.relogin = 60000
	sasl.kerberos.service.name = null
	sasl.kerberos.ticket.renew.jitter = 0.05
	sasl.kerberos.ticket.renew.window.factor = 0.8
	sasl.login.callback.handler.class = null
	sasl.login.class = null
	sasl.login.refresh.buffer.seconds = 300
	sasl.login.refresh.min.period.seconds = 60
	sasl.login.refresh.window.factor = 0.8
	sasl.login.refresh.window.jitter = 0.05
	sasl.mechanism = GSSAPI
	security.protocol = PLAINTEXT
	security.providers = null
	send.buffer.bytes = 131072
	socket.connection.setup.timeout.max.ms = 127000
	socket.connection.setup.timeout.ms = 10000
	ssl.cipher.suites = null
	ssl.enabled.protocols = [TLSv1.2]
	ssl.endpoint.identification.algorithm = https
	ssl.engine.factory.class = null
	ssl.key.password = null
	ssl.keymanager.algorithm = SunX509
	ssl.keystore.certificate.chain = null
	ssl.keystore.key = null
	ssl.keystore.location = null
	ssl.keystore.password = null
	ssl.keystore.type = JKS
	ssl.protocol = TLSv1.2
	ssl.provider = null
	ssl.secure.random.implementation = null
	ssl.trustmanager.algorithm = PKIX
	ssl.truststore.certificates = null
	ssl.truststore.location = null
	ssl.truststore.password = null
	ssl.truststore.type = JKS
, thread: main, logger: o.a.k.c.a.AdminClientConfig, host: workstation, service: demo
2022-07-01T00:22:09.343Z, INFO: Kafka version: '2.7.1', thread: main, logger: o.a.k.c.u.AppInfoParser, host: workstation, service: demo
2022-07-01T00:22:09.343Z, INFO: Kafka commitId: '61dbce85d0d41457', thread: main, logger: o.a.k.c.u.AppInfoParser, host: workstation, service: demo
2022-07-01T00:22:09.343Z, INFO: Kafka startTimeMs: 1656634929339, thread: main, logger: o.a.k.c.u.AppInfoParser, host: workstation, service: demo
2022-07-01T00:22:09.382Z, WARN: [AdminClient clientId=adminclient-1] Connection to node -1 (localhost/127.0.0.1:9092) could not be established. Broker may not be available., thread: kafka-admin-client-thread | adminclient-1, logger: o.a.k.c.NetworkClient, host: workstation, service: demo
2022-07-01T00:22:09.486Z, WARN: [AdminClient clientId=adminclient-1] Connection to node -1 (localhost/127.0.0.1:9092) could not be established. Broker may not be available., thread: kafka-admin-client-thread | adminclient-1, logger: o.a.k.c.NetworkClient, host: workstation, service: demo
2022-07-01T00:22:09.587Z, WARN: [AdminClient clientId=adminclient-1] Connection to node -1 (localhost/127.0.0.1:9092) could not be established. Broker may not be available., thread: kafka-admin-client-thread | adminclient-1, logger: o.a.k.c.NetworkClient, host: workstation, service: demo
2022-07-01T00:22:09.888Z, WARN: [AdminClient clientId=adminclient-1] Connection to node -1 (localhost/127.0.0.1:9092) could not be established. Broker may not be available., thread: kafka-admin-client-thread | adminclient-1, logger: o.a.k.c.NetworkClient, host: workstation, service: demo
2022-07-01T00:22:10.390Z, WARN: [AdminClient clientId=adminclient-1] Connection to node -1 (localhost/127.0.0.1:9092) could not be established. Broker may not be available., thread: kafka-admin-client-thread | adminclient-1, logger: o.a.k.c.NetworkClient, host: workstation, service: demo
2022-07-01T00:22:11.294Z, WARN: [AdminClient clientId=adminclient-1] Connection to node -1 (localhost/127.0.0.1:9092) could not be established. Broker may not be available., thread: kafka-admin-client-thread | adminclient-1, logger: o.a.k.c.NetworkClient, host: workstation, service: demo
2022-07-01T00:22:12.398Z, WARN: [AdminClient clientId=adminclient-1] Connection to node -1 (localhost/127.0.0.1:9092) could not be established. Broker may not be available., thread: kafka-admin-client-thread | adminclient-1, logger: o.a.k.c.NetworkClient, host: workstation, service: demo
2022-07-01T00:22:13.402Z, WARN: [AdminClient clientId=adminclient-1] Connection to node -1 (localhost/127.0.0.1:9092) could not be established. Broker may not be available., thread: kafka-admin-client-thread | adminclient-1, logger: o.a.k.c.NetworkClient, host: workstation, service: demo
2022-07-01T00:22:14.508Z, WARN: [AdminClient clientId=adminclient-1] Connection to node -1 (localhost/127.0.0.1:9092) could not be established. Broker may not be available., thread: kafka-admin-client-thread | adminclient-1, logger: o.a.k.c.NetworkClient, host: workstation, service: demo
2022-07-01T00:22:15.412Z, WARN: [AdminClient clientId=adminclient-1] Connection to node -1 (localhost/127.0.0.1:9092) could not be established. Broker may not be available., thread: kafka-admin-client-thread | adminclient-1, logger: o.a.k.c.NetworkClient, host: workstation, service: demo
2022-07-01T00:22:16.516Z, WARN: [AdminClient clientId=adminclient-1] Connection to node -1 (localhost/127.0.0.1:9092) could not be established. Broker may not be available., thread: kafka-admin-client-thread | adminclient-1, logger: o.a.k.c.NetworkClient, host: workstation, service: demo
2022-07-01T00:22:17.721Z, WARN: [AdminClient clientId=adminclient-1] Connection to node -1 (localhost/127.0.0.1:9092) could not be established. Broker may not be available., thread: kafka-admin-client-thread | adminclient-1, logger: o.a.k.c.NetworkClient, host: workstation, service: demo
2022-07-01T00:22:18.725Z, WARN: [AdminClient clientId=adminclient-1] Connection to node -1 (localhost/127.0.0.1:9092) could not be established. Broker may not be available., thread: kafka-admin-client-thread | adminclient-1, logger: o.a.k.c.NetworkClient, host: workstation, service: demo
2022-07-01T00:22:19.629Z, WARN: [AdminClient clientId=adminclient-1] Connection to node -1 (localhost/127.0.0.1:9092) could not be established. Broker may not be available., thread: kafka-admin-client-thread | adminclient-1, logger: o.a.k.c.NetworkClient, host: workstation, service: demo
2022-07-01T00:22:20.533Z, WARN: [AdminClient clientId=adminclient-1] Connection to node -1 (localhost/127.0.0.1:9092) could not be established. Broker may not be available., thread: kafka-admin-client-thread | adminclient-1, logger: o.a.k.c.NetworkClient, host: workstation, service: demo
2022-07-01T00:22:21.637Z, WARN: [AdminClient clientId=adminclient-1] Connection to node -1 (localhost/127.0.0.1:9092) could not be established. Broker may not be available., thread: kafka-admin-client-thread | adminclient-1, logger: o.a.k.c.NetworkClient, host: workstation, service: demo
2022-07-01T00:22:22.642Z, WARN: [AdminClient clientId=adminclient-1] Connection to node -1 (localhost/127.0.0.1:9092) could not be established. Broker may not be available., thread: kafka-admin-client-thread | adminclient-1, logger: o.a.k.c.NetworkClient, host: workstation, service: demo
2022-07-01T00:22:23.847Z, WARN: [AdminClient clientId=adminclient-1] Connection to node -1 (localhost/127.0.0.1:9092) could not be established. Broker may not be available., thread: kafka-admin-client-thread | adminclient-1, logger: o.a.k.c.NetworkClient, host: workstation, service: demo
2022-07-01T00:22:24.951Z, WARN: [AdminClient clientId=adminclient-1] Connection to node -1 (localhost/127.0.0.1:9092) could not be established. Broker may not be available., thread: kafka-admin-client-thread | adminclient-1, logger: o.a.k.c.NetworkClient, host: workstation, service: demo
2022-07-01T00:22:26.155Z, WARN: [AdminClient clientId=adminclient-1] Connection to node -1 (localhost/127.0.0.1:9092) could not be established. Broker may not be available., thread: kafka-admin-client-thread | adminclient-1, logger: o.a.k.c.NetworkClient, host: workstation, service: demo
2022-07-01T00:22:27.159Z, WARN: [AdminClient clientId=adminclient-1] Connection to node -1 (localhost/127.0.0.1:9092) could not be established. Broker may not be available., thread: kafka-admin-client-thread | adminclient-1, logger: o.a.k.c.NetworkClient, host: workstation, service: demo
2022-07-01T00:22:28.264Z, WARN: [AdminClient clientId=adminclient-1] Connection to node -1 (localhost/127.0.0.1:9092) could not be established. Broker may not be available., thread: kafka-admin-client-thread | adminclient-1, logger: o.a.k.c.NetworkClient, host: workstation, service: demo
2022-07-01T00:22:29.170Z, WARN: [AdminClient clientId=adminclient-1] Connection to node -1 (localhost/127.0.0.1:9092) could not be established. Broker may not be available., thread: kafka-admin-client-thread | adminclient-1, logger: o.a.k.c.NetworkClient, host: workstation, service: demo
2022-07-01T00:22:30.374Z, WARN: [AdminClient clientId=adminclient-1] Connection to node -1 (localhost/127.0.0.1:9092) could not be established. Broker may not be available., thread: kafka-admin-client-thread | adminclient-1, logger: o.a.k.c.NetworkClient, host: workstation, service: demo
2022-07-01T00:22:31.377Z, WARN: [AdminClient clientId=adminclient-1] Connection to node -1 (localhost/127.0.0.1:9092) could not be established. Broker may not be available., thread: kafka-admin-client-thread | adminclient-1, logger: o.a.k.c.NetworkClient, host: workstation, service: demo
2022-07-01T00:22:32.481Z, WARN: [AdminClient clientId=adminclient-1] Connection to node -1 (localhost/127.0.0.1:9092) could not be established. Broker may not be available., thread: kafka-admin-client-thread | adminclient-1, logger: o.a.k.c.NetworkClient, host: workstation, service: demo
2022-07-01T00:22:33.686Z, WARN: [AdminClient clientId=adminclient-1] Connection to node -1 (localhost/127.0.0.1:9092) could not be established. Broker may not be available., thread: kafka-admin-client-thread | adminclient-1, logger: o.a.k.c.NetworkClient, host: workstation, service: demo
2022-07-01T00:22:34.590Z, WARN: [AdminClient clientId=adminclient-1] Connection to node -1 (localhost/127.0.0.1:9092) could not be established. Broker may not be available., thread: kafka-admin-client-thread | adminclient-1, logger: o.a.k.c.NetworkClient, host: workstation, service: demo
2022-07-01T00:22:35.593Z, WARN: [AdminClient clientId=adminclient-1] Connection to node -1 (localhost/127.0.0.1:9092) could not be established. Broker may not be available., thread: kafka-admin-client-thread | adminclient-1, logger: o.a.k.c.NetworkClient, host: workstation, service: demo
2022-07-01T00:22:36.496Z, WARN: [AdminClient clientId=adminclient-1] Connection to node -1 (localhost/127.0.0.1:9092) could not be established. Broker may not be available., thread: kafka-admin-client-thread | adminclient-1, logger: o.a.k.c.NetworkClient, host: workstation, service: demo
2022-07-01T00:22:37.700Z, WARN: [AdminClient clientId=adminclient-1] Connection to node -1 (localhost/127.0.0.1:9092) could not be established. Broker may not be available., thread: kafka-admin-client-thread | adminclient-1, logger: o.a.k.c.NetworkClient, host: workstation, service: demo
2022-07-01T00:22:38.805Z, WARN: [AdminClient clientId=adminclient-1] Connection to node -1 (localhost/127.0.0.1:9092) could not be established. Broker may not be available., thread: kafka-admin-client-thread | adminclient-1, logger: o.a.k.c.NetworkClient, host: workstation, service: demo
2022-07-01T00:22:39.348Z, INFO: [AdminClient clientId=adminclient-1] Metadata update failed, thread: kafka-admin-client-thread | adminclient-1, logger: o.a.k.c.a.i.AdminMetadataManager, host: workstation, service: demo
	error: Call(callName=fetchMetadata, deadlineMs=1656634959347, tries=1, nextAllowedTryMs=1656634959448) timed out at 1656634959348 after 1 attempt(s)
	cause[1]: Timed out waiting for a node assignment. Call: fetchMetadata
2022-07-01T00:22:39.857Z, WARN: [AdminClient clientId=adminclient-1] Connection to node -1 (localhost/127.0.0.1:9092) could not be established. Broker may not be available., thread: kafka-admin-client-thread | adminclient-1, logger: o.a.k.c.NetworkClient, host: workstation, service: demo
2022-07-01T00:22:41.063Z, WARN: [AdminClient clientId=adminclient-1] Connection to node -1 (localhost/127.0.0.1:9092) could not be established. Broker may not be available., thread: kafka-admin-client-thread | adminclient-1, logger: o.a.k.c.NetworkClient, host: workstation, service: demo
2022-07-01T00:22:42.167Z, WARN: [AdminClient clientId=adminclient-1] Connection to node -1 (localhost/127.0.0.1:9092) could not be established. Broker may not be available., thread: kafka-admin-client-thread | adminclient-1, logger: o.a.k.c.NetworkClient, host: workstation, service: demo
2022-07-01T00:22:43.171Z, WARN: [AdminClient clientId=adminclient-1] Connection to node -1 (localhost/127.0.0.1:9092) could not be established. Broker may not be available., thread: kafka-admin-client-thread | adminclient-1, logger: o.a.k.c.NetworkClient, host: workstation, service: demo
2022-07-01T00:22:44.275Z, WARN: [AdminClient clientId=adminclient-1] Connection to node -1 (localhost/127.0.0.1:9092) could not be established. Broker may not be available., thread: kafka-admin-client-thread | adminclient-1, logger: o.a.k.c.NetworkClient, host: workstation, service: demo
2022-07-01T00:22:45.480Z, WARN: [AdminClient clientId=adminclient-1] Connection to node -1 (localhost/127.0.0.1:9092) could not be established. Broker may not be available., thread: kafka-admin-client-thread | adminclient-1, logger: o.a.k.c.NetworkClient, host: workstation, service: demo
2022-07-01T00:22:46.684Z, WARN: [AdminClient clientId=adminclient-1] Connection to node -1 (localhost/127.0.0.1:9092) could not be established. Broker may not be available., thread: kafka-admin-client-thread | adminclient-1, logger: o.a.k.c.NetworkClient, host: workstation, service: demo
2022-07-01T00:22:47.788Z, WARN: [AdminClient clientId=adminclient-1] Connection to node -1 (localhost/127.0.0.1:9092) could not be established. Broker may not be available., thread: kafka-admin-client-thread | adminclient-1, logger: o.a.k.c.NetworkClient, host: workstation, service: demo
2022-07-01T00:22:48.892Z, WARN: [AdminClient clientId=adminclient-1] Connection to node -1 (localhost/127.0.0.1:9092) could not be established. Broker may not be available., thread: kafka-admin-client-thread | adminclient-1, logger: o.a.k.c.NetworkClient, host: workstation, service: demo
2022-07-01T00:22:49.795Z, WARN: [AdminClient clientId=adminclient-1] Connection to node -1 (localhost/127.0.0.1:9092) could not be established. Broker may not be available., thread: kafka-admin-client-thread | adminclient-1, logger: o.a.k.c.NetworkClient, host: workstation, service: demo
2022-07-01T00:22:50.700Z, WARN: [AdminClient clientId=adminclient-1] Connection to node -1 (localhost/127.0.0.1:9092) could not be established. Broker may not be available., thread: kafka-admin-client-thread | adminclient-1, logger: o.a.k.c.NetworkClient, host: workstation, service: demo
2022-07-01T00:22:51.603Z, WARN: [AdminClient clientId=adminclient-1] Connection to node -1 (localhost/127.0.0.1:9092) could not be established. Broker may not be available., thread: kafka-admin-client-thread | adminclient-1, logger: o.a.k.c.NetworkClient, host: workstation, service: demo
2022-07-01T00:22:52.607Z, WARN: [AdminClient clientId=adminclient-1] Connection to node -1 (localhost/127.0.0.1:9092) could not be established. Broker may not be available., thread: kafka-admin-client-thread | adminclient-1, logger: o.a.k.c.NetworkClient, host: workstation, service: demo
2022-07-01T00:22:53.510Z, WARN: [AdminClient clientId=adminclient-1] Connection to node -1 (localhost/127.0.0.1:9092) could not be established. Broker may not be available., thread: kafka-admin-client-thread | adminclient-1, logger: o.a.k.c.NetworkClient, host: workstation, service: demo
2022-07-01T00:22:54.714Z, WARN: [AdminClient clientId=adminclient-1] Connection to node -1 (localhost/127.0.0.1:9092) could not be established. Broker may not be available., thread: kafka-admin-client-thread | adminclient-1, logger: o.a.k.c.NetworkClient, host: workstation, service: demo
2022-07-01T00:22:55.718Z, WARN: [AdminClient clientId=adminclient-1] Connection to node -1 (localhost/127.0.0.1:9092) could not be established. Broker may not be available., thread: kafka-admin-client-thread | adminclient-1, logger: o.a.k.c.NetworkClient, host: workstation, service: demo
2022-07-01T00:22:56.823Z, WARN: [AdminClient clientId=adminclient-1] Connection to node -1 (localhost/127.0.0.1:9092) could not be established. Broker may not be available., thread: kafka-admin-client-thread | adminclient-1, logger: o.a.k.c.NetworkClient, host: workstation, service: demo
2022-07-01T00:22:57.927Z, WARN: [AdminClient clientId=adminclient-1] Connection to node -1 (localhost/127.0.0.1:9092) could not be established. Broker may not be available., thread: kafka-admin-client-thread | adminclient-1, logger: o.a.k.c.NetworkClient, host: workstation, service: demo
2022-07-01T00:22:58.930Z, WARN: [AdminClient clientId=adminclient-1] Connection to node -1 (localhost/127.0.0.1:9092) could not be established. Broker may not be available., thread: kafka-admin-client-thread | adminclient-1, logger: o.a.k.c.NetworkClient, host: workstation, service: demo
2022-07-01T00:23:00.034Z, WARN: [AdminClient clientId=adminclient-1] Connection to node -1 (localhost/127.0.0.1:9092) could not be established. Broker may not be available., thread: kafka-admin-client-thread | adminclient-1, logger: o.a.k.c.NetworkClient, host: workstation, service: demo
2022-07-01T00:23:01.138Z, WARN: [AdminClient clientId=adminclient-1] Connection to node -1 (localhost/127.0.0.1:9092) could not be established. Broker may not be available., thread: kafka-admin-client-thread | adminclient-1, logger: o.a.k.c.NetworkClient, host: workstation, service: demo
2022-07-01T00:23:02.142Z, WARN: [AdminClient clientId=adminclient-1] Connection to node -1 (localhost/127.0.0.1:9092) could not be established. Broker may not be available., thread: kafka-admin-client-thread | adminclient-1, logger: o.a.k.c.NetworkClient, host: workstation, service: demo
2022-07-01T00:23:03.046Z, WARN: [AdminClient clientId=adminclient-1] Connection to node -1 (localhost/127.0.0.1:9092) could not be established. Broker may not be available., thread: kafka-admin-client-thread | adminclient-1, logger: o.a.k.c.NetworkClient, host: workstation, service: demo
2022-07-01T00:23:04.149Z, WARN: [AdminClient clientId=adminclient-1] Connection to node -1 (localhost/127.0.0.1:9092) could not be established. Broker may not be available., thread: kafka-admin-client-thread | adminclient-1, logger: o.a.k.c.NetworkClient, host: workstation, service: demo
2022-07-01T00:23:05.052Z, WARN: [AdminClient clientId=adminclient-1] Connection to node -1 (localhost/127.0.0.1:9092) could not be established. Broker may not be available., thread: kafka-admin-client-thread | adminclient-1, logger: o.a.k.c.NetworkClient, host: workstation, service: demo
2022-07-01T00:23:06.256Z, WARN: [AdminClient clientId=adminclient-1] Connection to node -1 (localhost/127.0.0.1:9092) could not be established. Broker may not be available., thread: kafka-admin-client-thread | adminclient-1, logger: o.a.k.c.NetworkClient, host: workstation, service: demo
2022-07-01T00:23:07.159Z, WARN: [AdminClient clientId=adminclient-1] Connection to node -1 (localhost/127.0.0.1:9092) could not be established. Broker may not be available., thread: kafka-admin-client-thread | adminclient-1, logger: o.a.k.c.NetworkClient, host: workstation, service: demo
2022-07-01T00:23:08.364Z, WARN: [AdminClient clientId=adminclient-1] Connection to node -1 (localhost/127.0.0.1:9092) could not be established. Broker may not be available., thread: kafka-admin-client-thread | adminclient-1, logger: o.a.k.c.NetworkClient, host: workstation, service: demo
2022-07-01T00:23:09.267Z, WARN: [AdminClient clientId=adminclient-1] Connection to node -1 (localhost/127.0.0.1:9092) could not be established. Broker may not be available., thread: kafka-admin-client-thread | adminclient-1, logger: o.a.k.c.NetworkClient, host: workstation, service: demo
2022-07-01T00:23:09.349Z, INFO: [AdminClient clientId=adminclient-1] Metadata update failed, thread: kafka-admin-client-thread | adminclient-1, logger: o.a.k.c.a.i.AdminMetadataManager, host: workstation, service: demo
	error: Call(callName=fetchMetadata, deadlineMs=1656634989348, tries=1, nextAllowedTryMs=1656634989449) timed out at 1656634989349 after 1 attempt(s)
	cause[1]: Timed out waiting for a node assignment. Call: fetchMetadata
2022-07-01T00:23:09.451Z, INFO: App info 'kafka.admin.client' for 'adminclient-1' unregistered, thread: kafka-admin-client-thread | adminclient-1, logger: o.a.k.c.u.AppInfoParser, host: workstation, service: demo
2022-07-01T00:23:09.451Z, INFO: [AdminClient clientId=adminclient-1] Metadata update failed, thread: kafka-admin-client-thread | adminclient-1, logger: o.a.k.c.a.i.AdminMetadataManager, host: workstation, service: demo
	error: Call(callName=fetchMetadata, deadlineMs=1656635019349, tries=1, nextAllowedTryMs=-9223372036854775709) timed out at 9223372036854775807 after 1 attempt(s)
	cause[1]: The AdminClient thread has exited. Call: fetchMetadata
2022-07-01T00:23:09.454Z, INFO: Metrics scheduler closed, thread: kafka-admin-client-thread | adminclient-1, logger: o.a.k.c.m.Metrics, host: workstation, service: demo
2022-07-01T00:23:09.454Z, INFO: Closing reporter 'org.apache.kafka.common.metrics.JmxReporter', thread: kafka-admin-client-thread | adminclient-1, logger: o.a.k.c.m.Metrics, host: workstation, service: demo
2022-07-01T00:23:09.454Z, INFO: Metrics reporters closed, thread: kafka-admin-client-thread | adminclient-1, logger: o.a.k.c.m.Metrics, host: workstation, service: demo
2022-07-01T00:23:09.455Z, ERROR: Failed to create producer binding; retrying in 30 seconds, thread: main, logger: o.s.c.s.b.BindingService, host: workstation, service: demo
	error: Provisioning exception encountered for dq-mdp-audit-json-events-in; nested exception is java.util.concurrent.TimeoutException
	stack: org.springframework.cloud.stream.binder.kafka.provisioning.KafkaTopicProvisioner.createTopic(KafkaTopicProvisioner.java:347)
		at org.springframework.cloud.stream.binder.kafka.provisioning.KafkaTopicProvisioner.provisionProducerDestination(KafkaTopicProvisioner.java:162)
		at org.springframework.cloud.stream.binder.kafka.provisioning.KafkaTopicProvisioner.provisionProducerDestination(KafkaTopicProvisioner.java:86)
		at org.springframework.cloud.stream.binder.AbstractMessageChannelBinder.doBindProducer(AbstractMessageChannelBinder.java:223)
		at org.springframework.cloud.stream.binder.AbstractMessageChannelBinder.doBindProducer(AbstractMessageChannelBinder.java:91)
		at org.springframework.cloud.stream.binder.AbstractBinder.bindProducer(AbstractBinder.java:152)
		at org.springframework.cloud.stream.binding.BindingService.doBindProducer(BindingService.java:320)
		at org.springframework.cloud.stream.binding.BindingService.bindProducer(BindingService.java:285)
		at org.springframework.cloud.stream.binding.BindingService.bindProducer(BindingService.java:294)
		at org.springframework.cloud.stream.binding.BindingService.bindProducer(BindingService.java:298)
		at org.springframework.cloud.stream.binding.AbstractBindableProxyFactory.createAndBindOutputs(AbstractBindableProxyFactory.java:142)
		at org.springframework.cloud.stream.binding.OutputBindingLifecycle.doStartWithBindable(OutputBindingLifecycle.java:58)
		at java.util.LinkedHashMap$LinkedValues.forEach(LinkedHashMap.java:608)
		at org.springframework.cloud.stream.binding.AbstractBindingLifecycle.start(AbstractBindingLifecycle.java:57)
		at org.springframework.cloud.stream.binding.OutputBindingLifecycle.start(OutputBindingLifecycle.java:34)
		at org.springframework.context.support.DefaultLifecycleProcessor.doStart(DefaultLifecycleProcessor.java:178)
		at org.springframework.context.support.DefaultLifecycleProcessor.access$200(DefaultLifecycleProcessor.java:54)
		at org.springframework.context.support.DefaultLifecycleProcessor$LifecycleGroup.start(DefaultLifecycleProcessor.java:356)
		at java.lang.Iterable.forEach(Iterable.java:75)
		at org.springframework.context.support.DefaultLifecycleProcessor.startBeans(DefaultLifecycleProcessor.java:155)
		at org.springframework.context.support.DefaultLifecycleProcessor.onRefresh(DefaultLifecycleProcessor.java:123)
		at org.springframework.context.support.AbstractApplicationContext.finishRefresh(AbstractApplicationContext.java:935)
		at org.springframework.context.support.AbstractApplicationContext.refresh(AbstractApplicationContext.java:586)
		at org.springframework.boot.SpringApplication.refresh(SpringApplication.java:754)
		at org.springframework.boot.SpringApplication.refreshContext(SpringApplication.java:434)
		at org.springframework.boot.SpringApplication.run(SpringApplication.java:338)
		at org.springframework.boot.test.context.SpringBootContextLoader.loadContext(SpringBootContextLoader.java:123)
		at org.springframework.test.context.cache.DefaultCacheAwareContextLoaderDelegate.loadContextInternal(DefaultCacheAwareContextLoaderDelegate.java:99)
		at org.springframework.test.context.cache.DefaultCacheAwareContextLoaderDelegate.loadContext(DefaultCacheAwareContextLoaderDelegate.java:124)
		at org.springframework.test.context.support.DefaultTestContext.getApplicationContext(DefaultTestContext.java:124)
		at org.springframework.test.context.web.ServletTestExecutionListener.setUpRequestContextIfNecessary(ServletTestExecutionListener.java:190)
		at org.springframework.test.context.web.ServletTestExecutionListener.prepareTestInstance(ServletTestExecutionListener.java:132)
		at org.springframework.test.context.TestContextManager.prepareTestInstance(TestContextManager.java:244)
		at org.springframework.test.context.junit4.SpringJUnit4ClassRunner.createTest(SpringJUnit4ClassRunner.java:227)
		at org.springframework.test.context.junit4.SpringJUnit4ClassRunner$1.runReflectiveCall(SpringJUnit4ClassRunner.java:289)
		at org.junit.internal.runners.model.ReflectiveCallable.run(ReflectiveCallable.java:12)
		at org.springframework.test.context.junit4.SpringJUnit4ClassRunner.methodBlock(SpringJUnit4ClassRunner.java:291)
		at org.springframework.test.context.junit4.SpringJUnit4ClassRunner.runChild(SpringJUnit4ClassRunner.java:246)
		at org.springframework.test.context.junit4.SpringJUnit4ClassRunner.runChild(SpringJUnit4ClassRunner.java:97)
		at org.junit.runners.ParentRunner$4.run(ParentRunner.java:331)
		at org.junit.runners.ParentRunner$1.schedule(ParentRunner.java:79)
		at org.junit.runners.ParentRunner.runChildren(ParentRunner.java:329)
		at org.junit.runners.ParentRunner.access$100(ParentRunner.java:66)
		at org.junit.runners.ParentRunner$2.evaluate(ParentRunner.java:293)
		at org.springframework.test.context.junit4.statements.RunBeforeTestClassCallbacks.evaluate(RunBeforeTestClassCallbacks.java:61)
		at org.springframework.test.context.junit4.statements.RunAfterTestClassCallbacks.evaluate(RunAfterTestClassCallbacks.java:70)
		at org.junit.runners.ParentRunner$3.evaluate(ParentRunner.java:306)
		at org.junit.runners.ParentRunner.run(ParentRunner.java:413)
		at org.springframework.test.context.junit4.SpringJUnit4ClassRunner.run(SpringJUnit4ClassRunner.java:190)
		at org.junit.runner.JUnitCore.run(JUnitCore.java:137)
		at org.junit.runner.JUnitCore.run(JUnitCore.java:115)
		at org.junit.vintage.engine.execution.RunnerExecutor.execute(RunnerExecutor.java:43)
		at java.util.stream.ForEachOps$ForEachOp$OfRef.accept(ForEachOps.java:184)
		at java.util.stream.ReferencePipeline$3$1.accept(ReferencePipeline.java:193)
		at java.util.Iterator.forEachRemaining(Iterator.java:116)
		at java.util.Spliterators$IteratorSpliterator.forEachRemaining(Spliterators.java:1801)
		at java.util.stream.AbstractPipeline.copyInto(AbstractPipeline.java:482)
		at java.util.stream.AbstractPipeline.wrapAndCopyInto(AbstractPipeline.java:472)
		at java.util.stream.ForEachOps$ForEachOp.evaluateSequential(ForEachOps.java:151)
		at java.util.stream.ForEachOps$ForEachOp$OfRef.evaluateSequential(ForEachOps.java:174)
		at java.util.stream.AbstractPipeline.evaluate(AbstractPipeline.java:234)
		at java.util.stream.ReferencePipeline.forEach(ReferencePipeline.java:418)
		at org.junit.vintage.engine.VintageTestEngine.executeAllChildren(VintageTestEngine.java:82)
		at org.junit.vintage.engine.VintageTestEngine.execute(VintageTestEngine.java:73)
		at org.junit.platform.launcher.core.EngineExecutionOrchestrator.execute(EngineExecutionOrchestrator.java:108)
		at org.junit.platform.launcher.core.EngineExecutionOrchestrator.execute(EngineExecutionOrchestrator.java:88)
		at org.junit.platform.launcher.core.EngineExecutionOrchestrator.lambda$execute$0(EngineExecutionOrchestrator.java:54)
		at org.junit.platform.launcher.core.EngineExecutionOrchestrator.withInterceptedStreams(EngineExecutionOrchestrator.java:67)
		at org.junit.platform.launcher.core.EngineExecutionOrchestrator.execute(EngineExecutionOrchestrator.java:52)
		at org.junit.platform.launcher.core.DefaultLauncher.execute(DefaultLauncher.java:96)
		at org.junit.platform.launcher.core.DefaultLauncher.execute(DefaultLauncher.java:75)
		at org.apache.maven.surefire.junitplatform.JUnitPlatformProvider.execute(JUnitPlatformProvider.java:188)
		at org.apache.maven.surefire.junitplatform.JUnitPlatformProvider.invokeAllTests(JUnitPlatformProvider.java:154)
		at org.apache.maven.surefire.junitplatform.JUnitPlatformProvider.invoke(JUnitPlatformProvider.java:128)
		at org.apache.maven.surefire.booter.ForkedBooter.runSuitesInProcess(ForkedBooter.java:428)
		at org.apache.maven.surefire.booter.ForkedBooter.execute(ForkedBooter.java:162)
		at org.apache.maven.surefire.booter.ForkedBooter.run(ForkedBooter.java:562)
		at org.apache.maven.surefire.booter.ForkedBooter.main(ForkedBooter.java:548)
	cause[1]: null
	stack: org.apache.kafka.common.internals.KafkaFutureImpl$SingleWaiter.await(KafkaFutureImpl.java:108)
		at org.apache.kafka.common.internals.KafkaFutureImpl.get(KafkaFutureImpl.java:272)
		at org.springframework.cloud.stream.binder.kafka.provisioning.KafkaTopicProvisioner.createTopicAndPartitions(KafkaTopicProvisioner.java:383)
		at org.springframework.cloud.stream.binder.kafka.provisioning.KafkaTopicProvisioner.createTopicIfNecessary(KafkaTopicProvisioner.java:357)
		at org.springframework.cloud.stream.binder.kafka.provisioning.KafkaTopicProvisioner.createTopic(KafkaTopicProvisioner.java:334)
		at org.springframework.cloud.stream.binder.kafka.provisioning.KafkaTopicProvisioner.provisionProducerDestination(KafkaTopicProvisioner.java:162)
		at org.springframework.cloud.stream.binder.kafka.provisioning.KafkaTopicProvisioner.provisionProducerDestination(KafkaTopicProvisioner.java:86)
		at org.springframework.cloud.stream.binder.AbstractMessageChannelBinder.doBindProducer(AbstractMessageChannelBinder.java:223)
		at org.springframework.cloud.stream.binder.AbstractMessageChannelBinder.doBindProducer(AbstractMessageChannelBinder.java:91)
		at org.springframework.cloud.stream.binder.AbstractBinder.bindProducer(AbstractBinder.java:152)
		at org.springframework.cloud.stream.binding.BindingService.doBindProducer(BindingService.java:320)
		at org.springframework.cloud.stream.binding.BindingService.bindProducer(BindingService.java:285)
		at org.springframework.cloud.stream.binding.BindingService.bindProducer(BindingService.java:294)
		at org.springframework.cloud.stream.binding.BindingService.bindProducer(BindingService.java:298)
		at org.springframework.cloud.stream.binding.AbstractBindableProxyFactory.createAndBindOutputs(AbstractBindableProxyFactory.java:142)
		at org.springframework.cloud.stream.binding.OutputBindingLifecycle.doStartWithBindable(OutputBindingLifecycle.java:58)
		at java.util.LinkedHashMap$LinkedValues.forEach(LinkedHashMap.java:608)
		at org.springframework.cloud.stream.binding.AbstractBindingLifecycle.start(AbstractBindingLifecycle.java:57)
		at org.springframework.cloud.stream.binding.OutputBindingLifecycle.start(OutputBindingLifecycle.java:34)
		at org.springframework.context.support.DefaultLifecycleProcessor.doStart(DefaultLifecycleProcessor.java:178)
		at org.springframework.context.support.DefaultLifecycleProcessor.access$200(DefaultLifecycleProcessor.java:54)
		at org.springframework.context.support.DefaultLifecycleProcessor$LifecycleGroup.start(DefaultLifecycleProcessor.java:356)
		at java.lang.Iterable.forEach(Iterable.java:75)
		at org.springframework.context.support.DefaultLifecycleProcessor.startBeans(DefaultLifecycleProcessor.java:155)
		at org.springframework.context.support.DefaultLifecycleProcessor.onRefresh(DefaultLifecycleProcessor.java:123)
		at org.springframework.context.support.AbstractApplicationContext.finishRefresh(AbstractApplicationContext.java:935)
		at org.springframework.context.support.AbstractApplicationContext.refresh(AbstractApplicationContext.java:586)
		at org.springframework.boot.SpringApplication.refresh(SpringApplication.java:754)
		at org.springframework.boot.SpringApplication.refreshContext(SpringApplication.java:434)
		at org.springframework.boot.SpringApplication.run(SpringApplication.java:338)
		at org.springframework.boot.test.context.SpringBootContextLoader.loadContext(SpringBootContextLoader.java:123)
		at org.springframework.test.context.cache.DefaultCacheAwareContextLoaderDelegate.loadContextInternal(DefaultCacheAwareContextLoaderDelegate.java:99)
		at org.springframework.test.context.cache.DefaultCacheAwareContextLoaderDelegate.loadContext(DefaultCacheAwareContextLoaderDelegate.java:124)
		at org.springframework.test.context.support.DefaultTestContext.getApplicationContext(DefaultTestContext.java:124)
		at org.springframework.test.context.web.ServletTestExecutionListener.setUpRequestContextIfNecessary(ServletTestExecutionListener.java:190)
		at org.springframework.test.context.web.ServletTestExecutionListener.prepareTestInstance(ServletTestExecutionListener.java:132)
		at org.springframework.test.context.TestContextManager.prepareTestInstance(TestContextManager.java:244)
		at org.springframework.test.context.junit4.SpringJUnit4ClassRunner.createTest(SpringJUnit4ClassRunner.java:227)
		at org.springframework.test.context.junit4.SpringJUnit4ClassRunner$1.runReflectiveCall(SpringJUnit4ClassRunner.java:289)
		at org.junit.internal.runners.model.ReflectiveCallable.run(ReflectiveCallable.java:12)
		at org.springframework.test.context.junit4.SpringJUnit4ClassRunner.methodBlock(SpringJUnit4ClassRunner.java:291)
		at org.springframework.test.context.junit4.SpringJUnit4ClassRunner.runChild(SpringJUnit4ClassRunner.java:246)
		at org.springframework.test.context.junit4.SpringJUnit4ClassRunner.runChild(SpringJUnit4ClassRunner.java:97)
		at org.junit.runners.ParentRunner$4.run(ParentRunner.java:331)
		at org.junit.runners.ParentRunner$1.schedule(ParentRunner.java:79)
		at org.junit.runners.ParentRunner.runChildren(ParentRunner.java:329)
		at org.junit.runners.ParentRunner.access$100(ParentRunner.java:66)
		at org.junit.runners.ParentRunner$2.evaluate(ParentRunner.java:293)
		at org.springframework.test.context.junit4.statements.RunBeforeTestClassCallbacks.evaluate(RunBeforeTestClassCallbacks.java:61)
		at org.springframework.test.context.junit4.statements.RunAfterTestClassCallbacks.evaluate(RunAfterTestClassCallbacks.java:70)
		at org.junit.runners.ParentRunner$3.evaluate(ParentRunner.java:306)
		at org.junit.runners.ParentRunner.run(ParentRunner.java:413)
		at org.springframework.test.context.junit4.SpringJUnit4ClassRunner.run(SpringJUnit4ClassRunner.java:190)
		at org.junit.runner.JUnitCore.run(JUnitCore.java:137)
		at org.junit.runner.JUnitCore.run(JUnitCore.java:115)
		at org.junit.vintage.engine.execution.RunnerExecutor.execute(RunnerExecutor.java:43)
		at java.util.stream.ForEachOps$ForEachOp$OfRef.accept(ForEachOps.java:184)
		at java.util.stream.ReferencePipeline$3$1.accept(ReferencePipeline.java:193)
		at java.util.Iterator.forEachRemaining(Iterator.java:116)
		at java.util.Spliterators$IteratorSpliterator.forEachRemaining(Spliterators.java:1801)
		at java.util.stream.AbstractPipeline.copyInto(AbstractPipeline.java:482)
		at java.util.stream.AbstractPipeline.wrapAndCopyInto(AbstractPipeline.java:472)
		at java.util.stream.ForEachOps$ForEachOp.evaluateSequential(ForEachOps.java:151)
		at java.util.stream.ForEachOps$ForEachOp$OfRef.evaluateSequential(ForEachOps.java:174)
		at java.util.stream.AbstractPipeline.evaluate(AbstractPipeline.java:234)
		at java.util.stream.ReferencePipeline.forEach(ReferencePipeline.java:418)
		at org.junit.vintage.engine.VintageTestEngine.executeAllChildren(VintageTestEngine.java:82)
		at org.junit.vintage.engine.VintageTestEngine.execute(VintageTestEngine.java:73)
		at org.junit.platform.launcher.core.EngineExecutionOrchestrator.execute(EngineExecutionOrchestrator.java:108)
		at org.junit.platform.launcher.core.EngineExecutionOrchestrator.execute(EngineExecutionOrchestrator.java:88)
		at org.junit.platform.launcher.core.EngineExecutionOrchestrator.lambda$execute$0(EngineExecutionOrchestrator.java:54)
		at org.junit.platform.launcher.core.EngineExecutionOrchestrator.withInterceptedStreams(EngineExecutionOrchestrator.java:67)
		at org.junit.platform.launcher.core.EngineExecutionOrchestrator.execute(EngineExecutionOrchestrator.java:52)
		at org.junit.platform.launcher.core.DefaultLauncher.execute(DefaultLauncher.java:96)
		at org.junit.platform.launcher.core.DefaultLauncher.execute(DefaultLauncher.java:75)
		at org.apache.maven.surefire.junitplatform.JUnitPlatformProvider.execute(JUnitPlatformProvider.java:188)
		at org.apache.maven.surefire.junitplatform.JUnitPlatformProvider.invokeAllTests(JUnitPlatformProvider.java:154)
		at org.apache.maven.surefire.junitplatform.JUnitPlatformProvider.invoke(JUnitPlatformProvider.java:128)
		at org.apache.maven.surefire.booter.ForkedBooter.runSuitesInProcess(ForkedBooter.java:428)
		at org.apache.maven.surefire.booter.ForkedBooter.execute(ForkedBooter.java:162)
		at org.apache.maven.surefire.booter.ForkedBooter.run(ForkedBooter.java:562)
		at org.apache.maven.surefire.booter.ForkedBooter.main(ForkedBooter.java:548)
2022-07-01T00:23:09.459Z, INFO: Retrieving cached binder: kafka, thread: main, logger: o.s.c.s.b.DefaultBinderFactory, host: workstation, service: demo
2022-07-01T00:23:09.484Z, INFO: Using kafka topic for outbound: dq-mdp-versions-object-versions-in, thread: main, logger: o.s.c.s.b.k.p.KafkaTopicProvisioner, host: workstation, service: demo
2022-07-01T00:23:09.484Z, INFO: AdminClientConfig values: 
	bootstrap.servers = [localhost:9092]
	client.dns.lookup = use_all_dns_ips
	client.id = 
	connections.max.idle.ms = 300000
	default.api.timeout.ms = 60000
	metadata.max.age.ms = 300000
	metric.reporters = []
	metrics.num.samples = 2
	metrics.recording.level = INFO
	metrics.sample.window.ms = 30000
	receive.buffer.bytes = 65536
	reconnect.backoff.max.ms = 1000
	reconnect.backoff.ms = 50
	request.timeout.ms = 30000
	retries = 2147483647
	retry.backoff.ms = 100
	sasl.client.callback.handler.class = null
	sasl.jaas.config = null
	sasl.kerberos.kinit.cmd = /usr/bin/kinit
	sasl.kerberos.min.time.before.relogin = 60000
	sasl.kerberos.service.name = null
	sasl.kerberos.ticket.renew.jitter = 0.05
	sasl.kerberos.ticket.renew.window.factor = 0.8
	sasl.login.callback.handler.class = null
	sasl.login.class = null
	sasl.login.refresh.buffer.seconds = 300
	sasl.login.refresh.min.period.seconds = 60
	sasl.login.refresh.window.factor = 0.8
	sasl.login.refresh.window.jitter = 0.05
	sasl.mechanism = GSSAPI
	security.protocol = PLAINTEXT
	security.providers = null
	send.buffer.bytes = 131072
	socket.connection.setup.timeout.max.ms = 127000
	socket.connection.setup.timeout.ms = 10000
	ssl.cipher.suites = null
	ssl.enabled.protocols = [TLSv1.2]
	ssl.endpoint.identification.algorithm = https
	ssl.engine.factory.class = null
	ssl.key.password = null
	ssl.keymanager.algorithm = SunX509
	ssl.keystore.certificate.chain = null
	ssl.keystore.key = null
	ssl.keystore.location = null
	ssl.keystore.password = null
	ssl.keystore.type = JKS
	ssl.protocol = TLSv1.2
	ssl.provider = null
	ssl.secure.random.implementation = null
	ssl.trustmanager.algorithm = PKIX
	ssl.truststore.certificates = null
	ssl.truststore.location = null
	ssl.truststore.password = null
	ssl.truststore.type = JKS
, thread: main, logger: o.a.k.c.a.AdminClientConfig, host: workstation, service: demo
2022-07-01T00:23:09.487Z, INFO: Kafka version: '2.7.1', thread: main, logger: o.a.k.c.u.AppInfoParser, host: workstation, service: demo
2022-07-01T00:23:09.487Z, INFO: Kafka commitId: '61dbce85d0d41457', thread: main, logger: o.a.k.c.u.AppInfoParser, host: workstation, service: demo
2022-07-01T00:23:09.487Z, INFO: Kafka startTimeMs: 1656634989487, thread: main, logger: o.a.k.c.u.AppInfoParser, host: workstation, service: demo
2022-07-01T00:23:09.489Z, WARN: [AdminClient clientId=adminclient-2] Connection to node -1 (localhost/127.0.0.1:9092) could not be established. Broker may not be available., thread: kafka-admin-client-thread | adminclient-2, logger: o.a.k.c.NetworkClient, host: workstation, service: demo
2022-07-01T00:23:09.590Z, WARN: [AdminClient clientId=adminclient-2] Connection to node -1 (localhost/127.0.0.1:9092) could not be established. Broker may not be available., thread: kafka-admin-client-thread | adminclient-2, logger: o.a.k.c.NetworkClient, host: workstation, service: demo
2022-07-01T00:23:09.791Z, WARN: [AdminClient clientId=adminclient-2] Connection to node -1 (localhost/127.0.0.1:9092) could not be established. Broker may not be available., thread: kafka-admin-client-thread | adminclient-2, logger: o.a.k.c.NetworkClient, host: workstation, service: demo
2022-07-01T00:23:09.992Z, WARN: [AdminClient clientId=adminclient-2] Connection to node -1 (localhost/127.0.0.1:9092) could not be established. Broker may not be available., thread: kafka-admin-client-thread | adminclient-2, logger: o.a.k.c.NetworkClient, host: workstation, service: demo
2022-07-01T00:23:10.394Z, WARN: [AdminClient clientId=adminclient-2] Connection to node -1 (localhost/127.0.0.1:9092) could not be established. Broker may not be available., thread: kafka-admin-client-thread | adminclient-2, logger: o.a.k.c.NetworkClient, host: workstation, service: demo
2022-07-01T00:23:11.197Z, WARN: [AdminClient clientId=adminclient-2] Connection to node -1 (localhost/127.0.0.1:9092) could not be established. Broker may not be available., thread: kafka-admin-client-thread | adminclient-2, logger: o.a.k.c.NetworkClient, host: workstation, service: demo
2022-07-01T00:23:12.401Z, WARN: [AdminClient clientId=adminclient-2] Connection to node -1 (localhost/127.0.0.1:9092) could not be established. Broker may not be available., thread: kafka-admin-client-thread | adminclient-2, logger: o.a.k.c.NetworkClient, host: workstation, service: demo
2022-07-01T00:23:13.605Z, WARN: [AdminClient clientId=adminclient-2] Connection to node -1 (localhost/127.0.0.1:9092) could not be established. Broker may not be available., thread: kafka-admin-client-thread | adminclient-2, logger: o.a.k.c.NetworkClient, host: workstation, service: demo
2022-07-01T00:23:14.508Z, WARN: [AdminClient clientId=adminclient-2] Connection to node -1 (localhost/127.0.0.1:9092) could not be established. Broker may not be available., thread: kafka-admin-client-thread | adminclient-2, logger: o.a.k.c.NetworkClient, host: workstation, service: demo
2022-07-01T00:23:15.712Z, WARN: [AdminClient clientId=adminclient-2] Connection to node -1 (localhost/127.0.0.1:9092) could not be established. Broker may not be available., thread: kafka-admin-client-thread | adminclient-2, logger: o.a.k.c.NetworkClient, host: workstation, service: demo
2022-07-01T00:23:16.915Z, WARN: [AdminClient clientId=adminclient-2] Connection to node -1 (localhost/127.0.0.1:9092) could not be established. Broker may not be available., thread: kafka-admin-client-thread | adminclient-2, logger: o.a.k.c.NetworkClient, host: workstation, service: demo
2022-07-01T00:23:17.919Z, WARN: [AdminClient clientId=adminclient-2] Connection to node -1 (localhost/127.0.0.1:9092) could not be established. Broker may not be available., thread: kafka-admin-client-thread | adminclient-2, logger: o.a.k.c.NetworkClient, host: workstation, service: demo
2022-07-01T00:23:18.723Z, WARN: [AdminClient clientId=adminclient-2] Connection to node -1 (localhost/127.0.0.1:9092) could not be established. Broker may not be available., thread: kafka-admin-client-thread | adminclient-2, logger: o.a.k.c.NetworkClient, host: workstation, service: demo
2022-07-01T00:23:19.726Z, WARN: [AdminClient clientId=adminclient-2] Connection to node -1 (localhost/127.0.0.1:9092) could not be established. Broker may not be available., thread: kafka-admin-client-thread | adminclient-2, logger: o.a.k.c.NetworkClient, host: workstation, service: demo
2022-07-01T00:23:20.729Z, WARN: [AdminClient clientId=adminclient-2] Connection to node -1 (localhost/127.0.0.1:9092) could not be established. Broker may not be available., thread: kafka-admin-client-thread | adminclient-2, logger: o.a.k.c.NetworkClient, host: workstation, service: demo
2022-07-01T00:23:21.632Z, WARN: [AdminClient clientId=adminclient-2] Connection to node -1 (localhost/127.0.0.1:9092) could not be established. Broker may not be available., thread: kafka-admin-client-thread | adminclient-2, logger: o.a.k.c.NetworkClient, host: workstation, service: demo
2022-07-01T00:23:22.534Z, WARN: [AdminClient clientId=adminclient-2] Connection to node -1 (localhost/127.0.0.1:9092) could not be established. Broker may not be available., thread: kafka-admin-client-thread | adminclient-2, logger: o.a.k.c.NetworkClient, host: workstation, service: demo
2022-07-01T00:23:23.437Z, WARN: [AdminClient clientId=adminclient-2] Connection to node -1 (localhost/127.0.0.1:9092) could not be established. Broker may not be available., thread: kafka-admin-client-thread | adminclient-2, logger: o.a.k.c.NetworkClient, host: workstation, service: demo
2022-07-01T00:23:24.641Z, WARN: [AdminClient clientId=adminclient-2] Connection to node -1 (localhost/127.0.0.1:9092) could not be established. Broker may not be available., thread: kafka-admin-client-thread | adminclient-2, logger: o.a.k.c.NetworkClient, host: workstation, service: demo
2022-07-01T00:23:25.547Z, WARN: [AdminClient clientId=adminclient-2] Connection to node -1 (localhost/127.0.0.1:9092) could not be established. Broker may not be available., thread: kafka-admin-client-thread | adminclient-2, logger: o.a.k.c.NetworkClient, host: workstation, service: demo
2022-07-01T00:23:26.651Z, WARN: [AdminClient clientId=adminclient-2] Connection to node -1 (localhost/127.0.0.1:9092) could not be established. Broker may not be available., thread: kafka-admin-client-thread | adminclient-2, logger: o.a.k.c.NetworkClient, host: workstation, service: demo
2022-07-01T00:23:27.754Z, WARN: [AdminClient clientId=adminclient-2] Connection to node -1 (localhost/127.0.0.1:9092) could not be established. Broker may not be available., thread: kafka-admin-client-thread | adminclient-2, logger: o.a.k.c.NetworkClient, host: workstation, service: demo
2022-07-01T00:23:28.756Z, WARN: [AdminClient clientId=adminclient-2] Connection to node -1 (localhost/127.0.0.1:9092) could not be established. Broker may not be available., thread: kafka-admin-client-thread | adminclient-2, logger: o.a.k.c.NetworkClient, host: workstation, service: demo
2022-07-01T00:23:29.759Z, WARN: [AdminClient clientId=adminclient-2] Connection to node -1 (localhost/127.0.0.1:9092) could not be established. Broker may not be available., thread: kafka-admin-client-thread | adminclient-2, logger: o.a.k.c.NetworkClient, host: workstation, service: demo
2022-07-01T00:23:30.662Z, WARN: [AdminClient clientId=adminclient-2] Connection to node -1 (localhost/127.0.0.1:9092) could not be established. Broker may not be available., thread: kafka-admin-client-thread | adminclient-2, logger: o.a.k.c.NetworkClient, host: workstation, service: demo
2022-07-01T00:23:31.666Z, WARN: [AdminClient clientId=adminclient-2] Connection to node -1 (localhost/127.0.0.1:9092) could not be established. Broker may not be available., thread: kafka-admin-client-thread | adminclient-2, logger: o.a.k.c.NetworkClient, host: workstation, service: demo
2022-07-01T00:23:32.770Z, WARN: [AdminClient clientId=adminclient-2] Connection to node -1 (localhost/127.0.0.1:9092) could not be established. Broker may not be available., thread: kafka-admin-client-thread | adminclient-2, logger: o.a.k.c.NetworkClient, host: workstation, service: demo
2022-07-01T00:23:33.973Z, WARN: [AdminClient clientId=adminclient-2] Connection to node -1 (localhost/127.0.0.1:9092) could not be established. Broker may not be available., thread: kafka-admin-client-thread | adminclient-2, logger: o.a.k.c.NetworkClient, host: workstation, service: demo
2022-07-01T00:23:35.177Z, WARN: [AdminClient clientId=adminclient-2] Connection to node -1 (localhost/127.0.0.1:9092) could not be established. Broker may not be available., thread: kafka-admin-client-thread | adminclient-2, logger: o.a.k.c.NetworkClient, host: workstation, service: demo
2022-07-01T00:23:36.180Z, WARN: [AdminClient clientId=adminclient-2] Connection to node -1 (localhost/127.0.0.1:9092) could not be established. Broker may not be available., thread: kafka-admin-client-thread | adminclient-2, logger: o.a.k.c.NetworkClient, host: workstation, service: demo
2022-07-01T00:23:37.383Z, WARN: [AdminClient clientId=adminclient-2] Connection to node -1 (localhost/127.0.0.1:9092) could not be established. Broker may not be available., thread: kafka-admin-client-thread | adminclient-2, logger: o.a.k.c.NetworkClient, host: workstation, service: demo
2022-07-01T00:23:38.186Z, WARN: [AdminClient clientId=adminclient-2] Connection to node -1 (localhost/127.0.0.1:9092) could not be established. Broker may not be available., thread: kafka-admin-client-thread | adminclient-2, logger: o.a.k.c.NetworkClient, host: workstation, service: demo
2022-07-01T00:23:39.090Z, WARN: [AdminClient clientId=adminclient-2] Connection to node -1 (localhost/127.0.0.1:9092) could not be established. Broker may not be available., thread: kafka-admin-client-thread | adminclient-2, logger: o.a.k.c.NetworkClient, host: workstation, service: demo
2022-07-01T00:23:39.459Z, INFO: Using kafka topic for outbound: dq-mdp-audit-json-events-in, thread: scheduling-1, logger: o.s.c.s.b.k.p.KafkaTopicProvisioner, host: workstation, service: demo
2022-07-01T00:23:39.459Z, INFO: AdminClientConfig values: 
	bootstrap.servers = [localhost:9092]
	client.dns.lookup = use_all_dns_ips
	client.id = 
	connections.max.idle.ms = 300000
	default.api.timeout.ms = 60000
	metadata.max.age.ms = 300000
	metric.reporters = []
	metrics.num.samples = 2
	metrics.recording.level = INFO
	metrics.sample.window.ms = 30000
	receive.buffer.bytes = 65536
	reconnect.backoff.max.ms = 1000
	reconnect.backoff.ms = 50
	request.timeout.ms = 30000
	retries = 2147483647
	retry.backoff.ms = 100
	sasl.client.callback.handler.class = null
	sasl.jaas.config = null
	sasl.kerberos.kinit.cmd = /usr/bin/kinit
	sasl.kerberos.min.time.before.relogin = 60000
	sasl.kerberos.service.name = null
	sasl.kerberos.ticket.renew.jitter = 0.05
	sasl.kerberos.ticket.renew.window.factor = 0.8
	sasl.login.callback.handler.class = null
	sasl.login.class = null
	sasl.login.refresh.buffer.seconds = 300
	sasl.login.refresh.min.period.seconds = 60
	sasl.login.refresh.window.factor = 0.8
	sasl.login.refresh.window.jitter = 0.05
	sasl.mechanism = GSSAPI
	security.protocol = PLAINTEXT
	security.providers = null
	send.buffer.bytes = 131072
	socket.connection.setup.timeout.max.ms = 127000
	socket.connection.setup.timeout.ms = 10000
	ssl.cipher.suites = null
	ssl.enabled.protocols = [TLSv1.2]
	ssl.endpoint.identification.algorithm = https
	ssl.engine.factory.class = null
	ssl.key.password = null
	ssl.keymanager.algorithm = SunX509
	ssl.keystore.certificate.chain = null
	ssl.keystore.key = null
	ssl.keystore.location = null
	ssl.keystore.password = null
	ssl.keystore.type = JKS
	ssl.protocol = TLSv1.2
	ssl.provider = null
	ssl.secure.random.implementation = null
	ssl.trustmanager.algorithm = PKIX
	ssl.truststore.certificates = null
	ssl.truststore.location = null
	ssl.truststore.password = null
	ssl.truststore.type = JKS
, thread: scheduling-1, logger: o.a.k.c.a.AdminClientConfig, host: workstation, service: demo
2022-07-01T00:23:39.463Z, INFO: Kafka version: '2.7.1', thread: scheduling-1, logger: o.a.k.c.u.AppInfoParser, host: workstation, service: demo
2022-07-01T00:23:39.463Z, INFO: Kafka commitId: '61dbce85d0d41457', thread: scheduling-1, logger: o.a.k.c.u.AppInfoParser, host: workstation, service: demo
2022-07-01T00:23:39.463Z, INFO: Kafka startTimeMs: 1656635019463, thread: scheduling-1, logger: o.a.k.c.u.AppInfoParser, host: workstation, service: demo
2022-07-01T00:23:39.466Z, WARN: [AdminClient clientId=adminclient-3] Connection to node -1 (localhost/127.0.0.1:9092) could not be established. Broker may not be available., thread: kafka-admin-client-thread | adminclient-3, logger: o.a.k.c.NetworkClient, host: workstation, service: demo
2022-07-01T00:23:39.489Z, INFO: [AdminClient clientId=adminclient-2] Metadata update failed, thread: kafka-admin-client-thread | adminclient-2, logger: o.a.k.c.a.i.AdminMetadataManager, host: workstation, service: demo
	error: Call(callName=fetchMetadata, deadlineMs=1656635019488, tries=1, nextAllowedTryMs=1656635019589) timed out at 1656635019489 after 1 attempt(s)
	cause[1]: Timed out waiting for a node assignment. Call: fetchMetadata
2022-07-01T00:23:39.567Z, WARN: [AdminClient clientId=adminclient-3] Connection to node -1 (localhost/127.0.0.1:9092) could not be established. Broker may not be available., thread: kafka-admin-client-thread | adminclient-3, logger: o.a.k.c.NetworkClient, host: workstation, service: demo
2022-07-01T00:23:39.668Z, WARN: [AdminClient clientId=adminclient-3] Connection to node -1 (localhost/127.0.0.1:9092) could not be established. Broker may not be available., thread: kafka-admin-client-thread | adminclient-3, logger: o.a.k.c.NetworkClient, host: workstation, service: demo
2022-07-01T00:23:39.969Z, WARN: [AdminClient clientId=adminclient-3] Connection to node -1 (localhost/127.0.0.1:9092) could not be established. Broker may not be available., thread: kafka-admin-client-thread | adminclient-3, logger: o.a.k.c.NetworkClient, host: workstation, service: demo
2022-07-01T00:23:40.091Z, WARN: [AdminClient clientId=adminclient-2] Connection to node -1 (localhost/127.0.0.1:9092) could not be established. Broker may not be available., thread: kafka-admin-client-thread | adminclient-2, logger: o.a.k.c.NetworkClient, host: workstation, service: demo
2022-07-01T00:23:40.471Z, WARN: [AdminClient clientId=adminclient-3] Connection to node -1 (localhost/127.0.0.1:9092) could not be established. Broker may not be available., thread: kafka-admin-client-thread | adminclient-3, logger: o.a.k.c.NetworkClient, host: workstation, service: demo
2022-07-01T00:23:41.174Z, WARN: [AdminClient clientId=adminclient-3] Connection to node -1 (localhost/127.0.0.1:9092) could not be established. Broker may not be available., thread: kafka-admin-client-thread | adminclient-3, logger: o.a.k.c.NetworkClient, host: workstation, service: demo
2022-07-01T00:23:41.195Z, WARN: [AdminClient clientId=adminclient-2] Connection to node -1 (localhost/127.0.0.1:9092) could not be established. Broker may not be available., thread: kafka-admin-client-thread | adminclient-2, logger: o.a.k.c.NetworkClient, host: workstation, service: demo
2022-07-01T00:23:42.077Z, WARN: [AdminClient clientId=adminclient-3] Connection to node -1 (localhost/127.0.0.1:9092) could not be established. Broker may not be available., thread: kafka-admin-client-thread | adminclient-3, logger: o.a.k.c.NetworkClient, host: workstation, service: demo
2022-07-01T00:23:42.298Z, WARN: [AdminClient clientId=adminclient-2] Connection to node -1 (localhost/127.0.0.1:9092) could not be established. Broker may not be available., thread: kafka-admin-client-thread | adminclient-2, logger: o.a.k.c.NetworkClient, host: workstation, service: demo
2022-07-01T00:23:43.180Z, WARN: [AdminClient clientId=adminclient-3] Connection to node -1 (localhost/127.0.0.1:9092) could not be established. Broker may not be available., thread: kafka-admin-client-thread | adminclient-3, logger: o.a.k.c.NetworkClient, host: workstation, service: demo
2022-07-01T00:23:43.401Z, WARN: [AdminClient clientId=adminclient-2] Connection to node -1 (localhost/127.0.0.1:9092) could not be established. Broker may not be available., thread: kafka-admin-client-thread | adminclient-2, logger: o.a.k.c.NetworkClient, host: workstation, service: demo
2022-07-01T00:23:44.384Z, WARN: [AdminClient clientId=adminclient-3] Connection to node -1 (localhost/127.0.0.1:9092) could not be established. Broker may not be available., thread: kafka-admin-client-thread | adminclient-3, logger: o.a.k.c.NetworkClient, host: workstation, service: demo
2022-07-01T00:23:44.504Z, WARN: [AdminClient clientId=adminclient-2] Connection to node -1 (localhost/127.0.0.1:9092) could not be established. Broker may not be available., thread: kafka-admin-client-thread | adminclient-2, logger: o.a.k.c.NetworkClient, host: workstation, service: demo
2022-07-01T00:23:45.487Z, WARN: [AdminClient clientId=adminclient-3] Connection to node -1 (localhost/127.0.0.1:9092) could not be established. Broker may not be available., thread: kafka-admin-client-thread | adminclient-3, logger: o.a.k.c.NetworkClient, host: workstation, service: demo
2022-07-01T00:23:45.608Z, WARN: [AdminClient clientId=adminclient-2] Connection to node -1 (localhost/127.0.0.1:9092) could not be established. Broker may not be available., thread: kafka-admin-client-thread | adminclient-2, logger: o.a.k.c.NetworkClient, host: workstation, service: demo
2022-07-01T00:23:46.691Z, WARN: [AdminClient clientId=adminclient-3] Connection to node -1 (localhost/127.0.0.1:9092) could not be established. Broker may not be available., thread: kafka-admin-client-thread | adminclient-3, logger: o.a.k.c.NetworkClient, host: workstation, service: demo
2022-07-01T00:23:46.813Z, WARN: [AdminClient clientId=adminclient-2] Connection to node -1 (localhost/127.0.0.1:9092) could not be established. Broker may not be available., thread: kafka-admin-client-thread | adminclient-2, logger: o.a.k.c.NetworkClient, host: workstation, service: demo
2022-07-01T00:23:47.594Z, WARN: [AdminClient clientId=adminclient-3] Connection to node -1 (localhost/127.0.0.1:9092) could not be established. Broker may not be available., thread: kafka-admin-client-thread | adminclient-3, logger: o.a.k.c.NetworkClient, host: workstation, service: demo
2022-07-01T00:23:47.716Z, WARN: [AdminClient clientId=adminclient-2] Connection to node -1 (localhost/127.0.0.1:9092) could not be established. Broker may not be available., thread: kafka-admin-client-thread | adminclient-2, logger: o.a.k.c.NetworkClient, host: workstation, service: demo
2022-07-01T00:23:48.618Z, WARN: [AdminClient clientId=adminclient-2] Connection to node -1 (localhost/127.0.0.1:9092) could not be established. Broker may not be available., thread: kafka-admin-client-thread | adminclient-2, logger: o.a.k.c.NetworkClient, host: workstation, service: demo
2022-07-01T00:23:48.798Z, WARN: [AdminClient clientId=adminclient-3] Connection to node -1 (localhost/127.0.0.1:9092) could not be established. Broker may not be available., thread: kafka-admin-client-thread | adminclient-3, logger: o.a.k.c.NetworkClient, host: workstation, service: demo
2022-07-01T00:23:49.701Z, WARN: [AdminClient clientId=adminclient-3] Connection to node -1 (localhost/127.0.0.1:9092) could not be established. Broker may not be available., thread: kafka-admin-client-thread | adminclient-3, logger: o.a.k.c.NetworkClient, host: workstation, service: demo
2022-07-01T00:23:49.721Z, WARN: [AdminClient clientId=adminclient-2] Connection to node -1 (localhost/127.0.0.1:9092) could not be established. Broker may not be available., thread: kafka-admin-client-thread | adminclient-2, logger: o.a.k.c.NetworkClient, host: workstation, service: demo
2022-07-01T00:23:50.825Z, WARN: [AdminClient clientId=adminclient-2] Connection to node -1 (localhost/127.0.0.1:9092) could not be established. Broker may not be available., thread: kafka-admin-client-thread | adminclient-2, logger: o.a.k.c.NetworkClient, host: workstation, service: demo
2022-07-01T00:23:50.905Z, WARN: [AdminClient clientId=adminclient-3] Connection to node -1 (localhost/127.0.0.1:9092) could not be established. Broker may not be available., thread: kafka-admin-client-thread | adminclient-3, logger: o.a.k.c.NetworkClient, host: workstation, service: demo
2022-07-01T00:23:51.928Z, WARN: [AdminClient clientId=adminclient-2] Connection to node -1 (localhost/127.0.0.1:9092) could not be established. Broker may not be available., thread: kafka-admin-client-thread | adminclient-2, logger: o.a.k.c.NetworkClient, host: workstation, service: demo
2022-07-01T00:23:52.108Z, WARN: [AdminClient clientId=adminclient-3] Connection to node -1 (localhost/127.0.0.1:9092) could not be established. Broker may not be available., thread: kafka-admin-client-thread | adminclient-3, logger: o.a.k.c.NetworkClient, host: workstation, service: demo
2022-07-01T00:23:53.036Z, WARN: [AdminClient clientId=adminclient-2] Connection to node -1 (localhost/127.0.0.1:9092) could not be established. Broker may not be available., thread: kafka-admin-client-thread | adminclient-2, logger: o.a.k.c.NetworkClient, host: workstation, service: demo
2022-07-01T00:23:53.111Z, WARN: [AdminClient clientId=adminclient-3] Connection to node -1 (localhost/127.0.0.1:9092) could not be established. Broker may not be available., thread: kafka-admin-client-thread | adminclient-3, logger: o.a.k.c.NetworkClient, host: workstation, service: demo
2022-07-01T00:23:54.014Z, WARN: [AdminClient clientId=adminclient-3] Connection to node -1 (localhost/127.0.0.1:9092) could not be established. Broker may not be available., thread: kafka-admin-client-thread | adminclient-3, logger: o.a.k.c.NetworkClient, host: workstation, service: demo
2022-07-01T00:23:54.039Z, WARN: [AdminClient clientId=adminclient-2] Connection to node -1 (localhost/127.0.0.1:9092) could not be established. Broker may not be available., thread: kafka-admin-client-thread | adminclient-2, logger: o.a.k.c.NetworkClient, host: workstation, service: demo
2022-07-01T00:23:55.018Z, WARN: [AdminClient clientId=adminclient-3] Connection to node -1 (localhost/127.0.0.1:9092) could not be established. Broker may not be available., thread: kafka-admin-client-thread | adminclient-3, logger: o.a.k.c.NetworkClient, host: workstation, service: demo
2022-07-01T00:23:55.242Z, WARN: [AdminClient clientId=adminclient-2] Connection to node -1 (localhost/127.0.0.1:9092) could not be established. Broker may not be available., thread: kafka-admin-client-thread | adminclient-2, logger: o.a.k.c.NetworkClient, host: workstation, service: demo
2022-07-01T00:23:56.121Z, WARN: [AdminClient clientId=adminclient-3] Connection to node -1 (localhost/127.0.0.1:9092) could not be established. Broker may not be available., thread: kafka-admin-client-thread | adminclient-3, logger: o.a.k.c.NetworkClient, host: workstation, service: demo
2022-07-01T00:23:56.145Z, WARN: [AdminClient clientId=adminclient-2] Connection to node -1 (localhost/127.0.0.1:9092) could not be established. Broker may not be available., thread: kafka-admin-client-thread | adminclient-2, logger: o.a.k.c.NetworkClient, host: workstation, service: demo
2022-07-01T00:23:57.048Z, WARN: [AdminClient clientId=adminclient-2] Connection to node -1 (localhost/127.0.0.1:9092) could not be established. Broker may not be available., thread: kafka-admin-client-thread | adminclient-2, logger: o.a.k.c.NetworkClient, host: workstation, service: demo
2022-07-01T00:23:57.225Z, WARN: [AdminClient clientId=adminclient-3] Connection to node -1 (localhost/127.0.0.1:9092) could not be established. Broker may not be available., thread: kafka-admin-client-thread | adminclient-3, logger: o.a.k.c.NetworkClient, host: workstation, service: demo
2022-07-01T00:23:57.950Z, WARN: [AdminClient clientId=adminclient-2] Connection to node -1 (localhost/127.0.0.1:9092) could not be established. Broker may not be available., thread: kafka-admin-client-thread | adminclient-2, logger: o.a.k.c.NetworkClient, host: workstation, service: demo
2022-07-01T00:23:58.127Z, WARN: [AdminClient clientId=adminclient-3] Connection to node -1 (localhost/127.0.0.1:9092) could not be established. Broker may not be available., thread: kafka-admin-client-thread | adminclient-3, logger: o.a.k.c.NetworkClient, host: workstation, service: demo
2022-07-01T00:23:59.030Z, WARN: [AdminClient clientId=adminclient-3] Connection to node -1 (localhost/127.0.0.1:9092) could not be established. Broker may not be available., thread: kafka-admin-client-thread | adminclient-3, logger: o.a.k.c.NetworkClient, host: workstation, service: demo
2022-07-01T00:23:59.054Z, WARN: [AdminClient clientId=adminclient-2] Connection to node -1 (localhost/127.0.0.1:9092) could not be established. Broker may not be available., thread: kafka-admin-client-thread | adminclient-2, logger: o.a.k.c.NetworkClient, host: workstation, service: demo
2022-07-01T00:23:59.933Z, WARN: [AdminClient clientId=adminclient-3] Connection to node -1 (localhost/127.0.0.1:9092) could not be established. Broker may not be available., thread: kafka-admin-client-thread | adminclient-3, logger: o.a.k.c.NetworkClient, host: workstation, service: demo
2022-07-01T00:24:00.258Z, WARN: [AdminClient clientId=adminclient-2] Connection to node -1 (localhost/127.0.0.1:9092) could not be established. Broker may not be available., thread: kafka-admin-client-thread | adminclient-2, logger: o.a.k.c.NetworkClient, host: workstation, service: demo
2022-07-01T00:24:01.136Z, WARN: [AdminClient clientId=adminclient-3] Connection to node -1 (localhost/127.0.0.1:9092) could not be established. Broker may not be available., thread: kafka-admin-client-thread | adminclient-3, logger: o.a.k.c.NetworkClient, host: workstation, service: demo
2022-07-01T00:24:01.461Z, WARN: [AdminClient clientId=adminclient-2] Connection to node -1 (localhost/127.0.0.1:9092) could not be established. Broker may not be available., thread: kafka-admin-client-thread | adminclient-2, logger: o.a.k.c.NetworkClient, host: workstation, service: demo
2022-07-01T00:24:02.040Z, WARN: [AdminClient clientId=adminclient-3] Connection to node -1 (localhost/127.0.0.1:9092) could not be established. Broker may not be available., thread: kafka-admin-client-thread | adminclient-3, logger: o.a.k.c.NetworkClient, host: workstation, service: demo
2022-07-01T00:24:02.665Z, WARN: [AdminClient clientId=adminclient-2] Connection to node -1 (localhost/127.0.0.1:9092) could not be established. Broker may not be available., thread: kafka-admin-client-thread | adminclient-2, logger: o.a.k.c.NetworkClient, host: workstation, service: demo
2022-07-01T00:24:02.943Z, WARN: [AdminClient clientId=adminclient-3] Connection to node -1 (localhost/127.0.0.1:9092) could not be established. Broker may not be available., thread: kafka-admin-client-thread | adminclient-3, logger: o.a.k.c.NetworkClient, host: workstation, service: demo
2022-07-01T00:24:03.768Z, WARN: [AdminClient clientId=adminclient-2] Connection to node -1 (localhost/127.0.0.1:9092) could not be established. Broker may not be available., thread: kafka-admin-client-thread | adminclient-2, logger: o.a.k.c.NetworkClient, host: workstation, service: demo
2022-07-01T00:24:04.146Z, WARN: [AdminClient clientId=adminclient-3] Connection to node -1 (localhost/127.0.0.1:9092) could not be established. Broker may not be available., thread: kafka-admin-client-thread | adminclient-3, logger: o.a.k.c.NetworkClient, host: workstation, service: demo
2022-07-01T00:24:04.871Z, WARN: [AdminClient clientId=adminclient-2] Connection to node -1 (localhost/127.0.0.1:9092) could not be established. Broker may not be available., thread: kafka-admin-client-thread | adminclient-2, logger: o.a.k.c.NetworkClient, host: workstation, service: demo
2022-07-01T00:24:05.249Z, WARN: [AdminClient clientId=adminclient-3] Connection to node -1 (localhost/127.0.0.1:9092) could not be established. Broker may not be available., thread: kafka-admin-client-thread | adminclient-3, logger: o.a.k.c.NetworkClient, host: workstation, service: demo
2022-07-01T00:24:06.075Z, WARN: [AdminClient clientId=adminclient-2] Connection to node -1 (localhost/127.0.0.1:9092) could not be established. Broker may not be available., thread: kafka-admin-client-thread | adminclient-2, logger: o.a.k.c.NetworkClient, host: workstation, service: demo
2022-07-01T00:24:06.152Z, WARN: [AdminClient clientId=adminclient-3] Connection to node -1 (localhost/127.0.0.1:9092) could not be established. Broker may not be available., thread: kafka-admin-client-thread | adminclient-3, logger: o.a.k.c.NetworkClient, host: workstation, service: demo
2022-07-01T00:24:07.255Z, WARN: [AdminClient clientId=adminclient-3] Connection to node -1 (localhost/127.0.0.1:9092) could not be established. Broker may not be available., thread: kafka-admin-client-thread | adminclient-3, logger: o.a.k.c.NetworkClient, host: workstation, service: demo
2022-07-01T00:24:07.280Z, WARN: [AdminClient clientId=adminclient-2] Connection to node -1 (localhost/127.0.0.1:9092) could not be established. Broker may not be available., thread: kafka-admin-client-thread | adminclient-2, logger: o.a.k.c.NetworkClient, host: workstation, service: demo
2022-07-01T00:24:08.358Z, WARN: [AdminClient clientId=adminclient-3] Connection to node -1 (localhost/127.0.0.1:9092) could not be established. Broker may not be available., thread: kafka-admin-client-thread | adminclient-3, logger: o.a.k.c.NetworkClient, host: workstation, service: demo
2022-07-01T00:24:08.384Z, WARN: [AdminClient clientId=adminclient-2] Connection to node -1 (localhost/127.0.0.1:9092) could not be established. Broker may not be available., thread: kafka-admin-client-thread | adminclient-2, logger: o.a.k.c.NetworkClient, host: workstation, service: demo
2022-07-01T00:24:09.465Z, INFO: [AdminClient clientId=adminclient-3] Metadata update failed, thread: kafka-admin-client-thread | adminclient-3, logger: o.a.k.c.a.i.AdminMetadataManager, host: workstation, service: demo
	error: Call(callName=fetchMetadata, deadlineMs=1656635049464, tries=1, nextAllowedTryMs=1656635049565) timed out at 1656635049465 after 1 attempt(s)
	cause[1]: Timed out waiting for a node assignment. Call: fetchMetadata
2022-07-01T00:24:09.490Z, INFO: App info 'kafka.admin.client' for 'adminclient-2' unregistered, thread: kafka-admin-client-thread | adminclient-2, logger: o.a.k.c.u.AppInfoParser, host: workstation, service: demo
2022-07-01T00:24:09.490Z, INFO: [AdminClient clientId=adminclient-2] Metadata update failed, thread: kafka-admin-client-thread | adminclient-2, logger: o.a.k.c.a.i.AdminMetadataManager, host: workstation, service: demo
	error: Call(callName=fetchMetadata, deadlineMs=1656635049489, tries=1, nextAllowedTryMs=-9223372036854775709) timed out at 9223372036854775807 after 1 attempt(s)
	cause[1]: The AdminClient thread has exited. Call: fetchMetadata
2022-07-01T00:24:09.493Z, INFO: Metrics scheduler closed, thread: kafka-admin-client-thread | adminclient-2, logger: o.a.k.c.m.Metrics, host: workstation, service: demo
2022-07-01T00:24:09.493Z, INFO: Closing reporter 'org.apache.kafka.common.metrics.JmxReporter', thread: kafka-admin-client-thread | adminclient-2, logger: o.a.k.c.m.Metrics, host: workstation, service: demo
2022-07-01T00:24:09.493Z, INFO: Metrics reporters closed, thread: kafka-admin-client-thread | adminclient-2, logger: o.a.k.c.m.Metrics, host: workstation, service: demo
2022-07-01T00:24:09.493Z, ERROR: Failed to create producer binding; retrying in 30 seconds, thread: main, logger: o.s.c.s.b.BindingService, host: workstation, service: demo
	error: Provisioning exception encountered for dq-mdp-versions-object-versions-in; nested exception is java.util.concurrent.TimeoutException
	stack: org.springframework.cloud.stream.binder.kafka.provisioning.KafkaTopicProvisioner.createTopic(KafkaTopicProvisioner.java:347)
		at org.springframework.cloud.stream.binder.kafka.provisioning.KafkaTopicProvisioner.provisionProducerDestination(KafkaTopicProvisioner.java:162)
		at org.springframework.cloud.stream.binder.kafka.provisioning.KafkaTopicProvisioner.provisionProducerDestination(KafkaTopicProvisioner.java:86)
		at org.springframework.cloud.stream.binder.AbstractMessageChannelBinder.doBindProducer(AbstractMessageChannelBinder.java:223)
		at org.springframework.cloud.stream.binder.AbstractMessageChannelBinder.doBindProducer(AbstractMessageChannelBinder.java:91)
		at org.springframework.cloud.stream.binder.AbstractBinder.bindProducer(AbstractBinder.java:152)
		at org.springframework.cloud.stream.binding.BindingService.doBindProducer(BindingService.java:320)
		at org.springframework.cloud.stream.binding.BindingService.bindProducer(BindingService.java:285)
		at org.springframework.cloud.stream.binding.BindingService.bindProducer(BindingService.java:294)
		at org.springframework.cloud.stream.binding.BindingService.bindProducer(BindingService.java:298)
		at org.springframework.cloud.stream.binding.AbstractBindableProxyFactory.createAndBindOutputs(AbstractBindableProxyFactory.java:142)
		at org.springframework.cloud.stream.binding.OutputBindingLifecycle.doStartWithBindable(OutputBindingLifecycle.java:58)
		at java.util.LinkedHashMap$LinkedValues.forEach(LinkedHashMap.java:608)
		at org.springframework.cloud.stream.binding.AbstractBindingLifecycle.start(AbstractBindingLifecycle.java:57)
		at org.springframework.cloud.stream.binding.OutputBindingLifecycle.start(OutputBindingLifecycle.java:34)
		at org.springframework.context.support.DefaultLifecycleProcessor.doStart(DefaultLifecycleProcessor.java:178)
		at org.springframework.context.support.DefaultLifecycleProcessor.access$200(DefaultLifecycleProcessor.java:54)
		at org.springframework.context.support.DefaultLifecycleProcessor$LifecycleGroup.start(DefaultLifecycleProcessor.java:356)
		at java.lang.Iterable.forEach(Iterable.java:75)
		at org.springframework.context.support.DefaultLifecycleProcessor.startBeans(DefaultLifecycleProcessor.java:155)
		at org.springframework.context.support.DefaultLifecycleProcessor.onRefresh(DefaultLifecycleProcessor.java:123)
		at org.springframework.context.support.AbstractApplicationContext.finishRefresh(AbstractApplicationContext.java:935)
		at org.springframework.context.support.AbstractApplicationContext.refresh(AbstractApplicationContext.java:586)
		at org.springframework.boot.SpringApplication.refresh(SpringApplication.java:754)
		at org.springframework.boot.SpringApplication.refreshContext(SpringApplication.java:434)
		at org.springframework.boot.SpringApplication.run(SpringApplication.java:338)
		at org.springframework.boot.test.context.SpringBootContextLoader.loadContext(SpringBootContextLoader.java:123)
		at org.springframework.test.context.cache.DefaultCacheAwareContextLoaderDelegate.loadContextInternal(DefaultCacheAwareContextLoaderDelegate.java:99)
		at org.springframework.test.context.cache.DefaultCacheAwareContextLoaderDelegate.loadContext(DefaultCacheAwareContextLoaderDelegate.java:124)
		at org.springframework.test.context.support.DefaultTestContext.getApplicationContext(DefaultTestContext.java:124)
		at org.springframework.test.context.web.ServletTestExecutionListener.setUpRequestContextIfNecessary(ServletTestExecutionListener.java:190)
		at org.springframework.test.context.web.ServletTestExecutionListener.prepareTestInstance(ServletTestExecutionListener.java:132)
		at org.springframework.test.context.TestContextManager.prepareTestInstance(TestContextManager.java:244)
		at org.springframework.test.context.junit4.SpringJUnit4ClassRunner.createTest(SpringJUnit4ClassRunner.java:227)
		at org.springframework.test.context.junit4.SpringJUnit4ClassRunner$1.runReflectiveCall(SpringJUnit4ClassRunner.java:289)
		at org.junit.internal.runners.model.ReflectiveCallable.run(ReflectiveCallable.java:12)
		at org.springframework.test.context.junit4.SpringJUnit4ClassRunner.methodBlock(SpringJUnit4ClassRunner.java:291)
		at org.springframework.test.context.junit4.SpringJUnit4ClassRunner.runChild(SpringJUnit4ClassRunner.java:246)
		at org.springframework.test.context.junit4.SpringJUnit4ClassRunner.runChild(SpringJUnit4ClassRunner.java:97)
		at org.junit.runners.ParentRunner$4.run(ParentRunner.java:331)
		at org.junit.runners.ParentRunner$1.schedule(ParentRunner.java:79)
		at org.junit.runners.ParentRunner.runChildren(ParentRunner.java:329)
		at org.junit.runners.ParentRunner.access$100(ParentRunner.java:66)
		at org.junit.runners.ParentRunner$2.evaluate(ParentRunner.java:293)
		at org.springframework.test.context.junit4.statements.RunBeforeTestClassCallbacks.evaluate(RunBeforeTestClassCallbacks.java:61)
		at org.springframework.test.context.junit4.statements.RunAfterTestClassCallbacks.evaluate(RunAfterTestClassCallbacks.java:70)
		at org.junit.runners.ParentRunner$3.evaluate(ParentRunner.java:306)
		at org.junit.runners.ParentRunner.run(ParentRunner.java:413)
		at org.springframework.test.context.junit4.SpringJUnit4ClassRunner.run(SpringJUnit4ClassRunner.java:190)
		at org.junit.runner.JUnitCore.run(JUnitCore.java:137)
		at org.junit.runner.JUnitCore.run(JUnitCore.java:115)
		at org.junit.vintage.engine.execution.RunnerExecutor.execute(RunnerExecutor.java:43)
		at java.util.stream.ForEachOps$ForEachOp$OfRef.accept(ForEachOps.java:184)
		at java.util.stream.ReferencePipeline$3$1.accept(ReferencePipeline.java:193)
		at java.util.Iterator.forEachRemaining(Iterator.java:116)
		at java.util.Spliterators$IteratorSpliterator.forEachRemaining(Spliterators.java:1801)
		at java.util.stream.AbstractPipeline.copyInto(AbstractPipeline.java:482)
		at java.util.stream.AbstractPipeline.wrapAndCopyInto(AbstractPipeline.java:472)
		at java.util.stream.ForEachOps$ForEachOp.evaluateSequential(ForEachOps.java:151)
		at java.util.stream.ForEachOps$ForEachOp$OfRef.evaluateSequential(ForEachOps.java:174)
		at java.util.stream.AbstractPipeline.evaluate(AbstractPipeline.java:234)
		at java.util.stream.ReferencePipeline.forEach(ReferencePipeline.java:418)
		at org.junit.vintage.engine.VintageTestEngine.executeAllChildren(VintageTestEngine.java:82)
		at org.junit.vintage.engine.VintageTestEngine.execute(VintageTestEngine.java:73)
		at org.junit.platform.launcher.core.EngineExecutionOrchestrator.execute(EngineExecutionOrchestrator.java:108)
		at org.junit.platform.launcher.core.EngineExecutionOrchestrator.execute(EngineExecutionOrchestrator.java:88)
		at org.junit.platform.launcher.core.EngineExecutionOrchestrator.lambda$execute$0(EngineExecutionOrchestrator.java:54)
		at org.junit.platform.launcher.core.EngineExecutionOrchestrator.withInterceptedStreams(EngineExecutionOrchestrator.java:67)
		at org.junit.platform.launcher.core.EngineExecutionOrchestrator.execute(EngineExecutionOrchestrator.java:52)
		at org.junit.platform.launcher.core.DefaultLauncher.execute(DefaultLauncher.java:96)
		at org.junit.platform.launcher.core.DefaultLauncher.execute(DefaultLauncher.java:75)
		at org.apache.maven.surefire.junitplatform.JUnitPlatformProvider.execute(JUnitPlatformProvider.java:188)
		at org.apache.maven.surefire.junitplatform.JUnitPlatformProvider.invokeAllTests(JUnitPlatformProvider.java:154)
		at org.apache.maven.surefire.junitplatform.JUnitPlatformProvider.invoke(JUnitPlatformProvider.java:128)
		at org.apache.maven.surefire.booter.ForkedBooter.runSuitesInProcess(ForkedBooter.java:428)
		at org.apache.maven.surefire.booter.ForkedBooter.execute(ForkedBooter.java:162)
		at org.apache.maven.surefire.booter.ForkedBooter.run(ForkedBooter.java:562)
		at org.apache.maven.surefire.booter.ForkedBooter.main(ForkedBooter.java:548)
	cause[1]: null
	stack: org.apache.kafka.common.internals.KafkaFutureImpl$SingleWaiter.await(KafkaFutureImpl.java:108)
		at org.apache.kafka.common.internals.KafkaFutureImpl.get(KafkaFutureImpl.java:272)
		at org.springframework.cloud.stream.binder.kafka.provisioning.KafkaTopicProvisioner.createTopicAndPartitions(KafkaTopicProvisioner.java:383)
		at org.springframework.cloud.stream.binder.kafka.provisioning.KafkaTopicProvisioner.createTopicIfNecessary(KafkaTopicProvisioner.java:357)
		at org.springframework.cloud.stream.binder.kafka.provisioning.KafkaTopicProvisioner.createTopic(KafkaTopicProvisioner.java:334)
		at org.springframework.cloud.stream.binder.kafka.provisioning.KafkaTopicProvisioner.provisionProducerDestination(KafkaTopicProvisioner.java:162)
		at org.springframework.cloud.stream.binder.kafka.provisioning.KafkaTopicProvisioner.provisionProducerDestination(KafkaTopicProvisioner.java:86)
		at org.springframework.cloud.stream.binder.AbstractMessageChannelBinder.doBindProducer(AbstractMessageChannelBinder.java:223)
		at org.springframework.cloud.stream.binder.AbstractMessageChannelBinder.doBindProducer(AbstractMessageChannelBinder.java:91)
		at org.springframework.cloud.stream.binder.AbstractBinder.bindProducer(AbstractBinder.java:152)
		at org.springframework.cloud.stream.binding.BindingService.doBindProducer(BindingService.java:320)
		at org.springframework.cloud.stream.binding.BindingService.bindProducer(BindingService.java:285)
		at org.springframework.cloud.stream.binding.BindingService.bindProducer(BindingService.java:294)
		at org.springframework.cloud.stream.binding.BindingService.bindProducer(BindingService.java:298)
		at org.springframework.cloud.stream.binding.AbstractBindableProxyFactory.createAndBindOutputs(AbstractBindableProxyFactory.java:142)
		at org.springframework.cloud.stream.binding.OutputBindingLifecycle.doStartWithBindable(OutputBindingLifecycle.java:58)
		at java.util.LinkedHashMap$LinkedValues.forEach(LinkedHashMap.java:608)
		at org.springframework.cloud.stream.binding.AbstractBindingLifecycle.start(AbstractBindingLifecycle.java:57)
		at org.springframework.cloud.stream.binding.OutputBindingLifecycle.start(OutputBindingLifecycle.java:34)
		at org.springframework.context.support.DefaultLifecycleProcessor.doStart(DefaultLifecycleProcessor.java:178)
		at org.springframework.context.support.DefaultLifecycleProcessor.access$200(DefaultLifecycleProcessor.java:54)
		at org.springframework.context.support.DefaultLifecycleProcessor$LifecycleGroup.start(DefaultLifecycleProcessor.java:356)
		at java.lang.Iterable.forEach(Iterable.java:75)
		at org.springframework.context.support.DefaultLifecycleProcessor.startBeans(DefaultLifecycleProcessor.java:155)
		at org.springframework.context.support.DefaultLifecycleProcessor.onRefresh(DefaultLifecycleProcessor.java:123)
		at org.springframework.context.support.AbstractApplicationContext.finishRefresh(AbstractApplicationContext.java:935)
		at org.springframework.context.support.AbstractApplicationContext.refresh(AbstractApplicationContext.java:586)
		at org.springframework.boot.SpringApplication.refresh(SpringApplication.java:754)
		at org.springframework.boot.SpringApplication.refreshContext(SpringApplication.java:434)
		at org.springframework.boot.SpringApplication.run(SpringApplication.java:338)
		at org.springframework.boot.test.context.SpringBootContextLoader.loadContext(SpringBootContextLoader.java:123)
		at org.springframework.test.context.cache.DefaultCacheAwareContextLoaderDelegate.loadContextInternal(DefaultCacheAwareContextLoaderDelegate.java:99)
		at org.springframework.test.context.cache.DefaultCacheAwareContextLoaderDelegate.loadContext(DefaultCacheAwareContextLoaderDelegate.java:124)
		at org.springframework.test.context.support.DefaultTestContext.getApplicationContext(DefaultTestContext.java:124)
		at org.springframework.test.context.web.ServletTestExecutionListener.setUpRequestContextIfNecessary(ServletTestExecutionListener.java:190)
		at org.springframework.test.context.web.ServletTestExecutionListener.prepareTestInstance(ServletTestExecutionListener.java:132)
		at org.springframework.test.context.TestContextManager.prepareTestInstance(TestContextManager.java:244)
		at org.springframework.test.context.junit4.SpringJUnit4ClassRunner.createTest(SpringJUnit4ClassRunner.java:227)
		at org.springframework.test.context.junit4.SpringJUnit4ClassRunner$1.runReflectiveCall(SpringJUnit4ClassRunner.java:289)
		at org.junit.internal.runners.model.ReflectiveCallable.run(ReflectiveCallable.java:12)
		at org.springframework.test.context.junit4.SpringJUnit4ClassRunner.methodBlock(SpringJUnit4ClassRunner.java:291)
		at org.springframework.test.context.junit4.SpringJUnit4ClassRunner.runChild(SpringJUnit4ClassRunner.java:246)
		at org.springframework.test.context.junit4.SpringJUnit4ClassRunner.runChild(SpringJUnit4ClassRunner.java:97)
		at org.junit.runners.ParentRunner$4.run(ParentRunner.java:331)
		at org.junit.runners.ParentRunner$1.schedule(ParentRunner.java:79)
		at org.junit.runners.ParentRunner.runChildren(ParentRunner.java:329)
		at org.junit.runners.ParentRunner.access$100(ParentRunner.java:66)
		at org.junit.runners.ParentRunner$2.evaluate(ParentRunner.java:293)
		at org.springframework.test.context.junit4.statements.RunBeforeTestClassCallbacks.evaluate(RunBeforeTestClassCallbacks.java:61)
		at org.springframework.test.context.junit4.statements.RunAfterTestClassCallbacks.evaluate(RunAfterTestClassCallbacks.java:70)
		at org.junit.runners.ParentRunner$3.evaluate(ParentRunner.java:306)
		at org.junit.runners.ParentRunner.run(ParentRunner.java:413)
		at org.springframework.test.context.junit4.SpringJUnit4ClassRunner.run(SpringJUnit4ClassRunner.java:190)
		at org.junit.runner.JUnitCore.run(JUnitCore.java:137)
		at org.junit.runner.JUnitCore.run(JUnitCore.java:115)
		at org.junit.vintage.engine.execution.RunnerExecutor.execute(RunnerExecutor.java:43)
		at java.util.stream.ForEachOps$ForEachOp$OfRef.accept(ForEachOps.java:184)
		at java.util.stream.ReferencePipeline$3$1.accept(ReferencePipeline.java:193)
		at java.util.Iterator.forEachRemaining(Iterator.java:116)
		at java.util.Spliterators$IteratorSpliterator.forEachRemaining(Spliterators.java:1801)
		at java.util.stream.AbstractPipeline.copyInto(AbstractPipeline.java:482)
		at java.util.stream.AbstractPipeline.wrapAndCopyInto(AbstractPipeline.java:472)
		at java.util.stream.ForEachOps$ForEachOp.evaluateSequential(ForEachOps.java:151)
		at java.util.stream.ForEachOps$ForEachOp$OfRef.evaluateSequential(ForEachOps.java:174)
		at java.util.stream.AbstractPipeline.evaluate(AbstractPipeline.java:234)
		at java.util.stream.ReferencePipeline.forEach(ReferencePipeline.java:418)
		at org.junit.vintage.engine.VintageTestEngine.executeAllChildren(VintageTestEngine.java:82)
		at org.junit.vintage.engine.VintageTestEngine.execute(VintageTestEngine.java:73)
		at org.junit.platform.launcher.core.EngineExecutionOrchestrator.execute(EngineExecutionOrchestrator.java:108)
		at org.junit.platform.launcher.core.EngineExecutionOrchestrator.execute(EngineExecutionOrchestrator.java:88)
		at org.junit.platform.launcher.core.EngineExecutionOrchestrator.lambda$execute$0(EngineExecutionOrchestrator.java:54)
		at org.junit.platform.launcher.core.EngineExecutionOrchestrator.withInterceptedStreams(EngineExecutionOrchestrator.java:67)
		at org.junit.platform.launcher.core.EngineExecutionOrchestrator.execute(EngineExecutionOrchestrator.java:52)
		at org.junit.platform.launcher.core.DefaultLauncher.execute(DefaultLauncher.java:96)
		at org.junit.platform.launcher.core.DefaultLauncher.execute(DefaultLauncher.java:75)
		at org.apache.maven.surefire.junitplatform.JUnitPlatformProvider.execute(JUnitPlatformProvider.java:188)
		at org.apache.maven.surefire.junitplatform.JUnitPlatformProvider.invokeAllTests(JUnitPlatformProvider.java:154)
		at org.apache.maven.surefire.junitplatform.JUnitPlatformProvider.invoke(JUnitPlatformProvider.java:128)
		at org.apache.maven.surefire.booter.ForkedBooter.runSuitesInProcess(ForkedBooter.java:428)
		at org.apache.maven.surefire.booter.ForkedBooter.execute(ForkedBooter.java:162)
		at org.apache.maven.surefire.booter.ForkedBooter.run(ForkedBooter.java:562)
		at org.apache.maven.surefire.booter.ForkedBooter.main(ForkedBooter.java:548)
2022-07-01T00:24:09.566Z, WARN: [AdminClient clientId=adminclient-3] Connection to node -1 (localhost/127.0.0.1:9092) could not be established. Broker may not be available., thread: kafka-admin-client-thread | adminclient-3, logger: o.a.k.c.NetworkClient, host: workstation, service: demo
2022-07-01T00:24:10.030Z, INFO: Started SmsVerificationRepositoryTest in 220.697 seconds (JVM running for 225.008), thread: main, logger: r.d.m.r.SmsVerificationRepositoryTest, host: workstation, service: demo
2022-07-01T00:24:10.256Z, DEBUG: DsTracerSleuth.spanStart(): save, SERVICE_METHOD, thread: main, logger: r.d.f.d.s.DsTracerSleuth, host: workstation, service: demo
]]></system-out>
    <system-err><![CDATA[SLF4J: Class path contains multiple SLF4J bindings.
SLF4J: Found binding in [jar:file:/home/marley/.m2/repository/org/apache/logging/log4j/log4j-slf4j-impl/2.17.1/log4j-slf4j-impl-2.17.1.jar!/org/slf4j/impl/StaticLoggerBinder.class]
SLF4J: Found binding in [jar:file:/home/marley/.m2/repository/org/ops4j/pax/logging/pax-logging-api/1.10.1/pax-logging-api-1.10.1.jar!/org/slf4j/impl/StaticLoggerBinder.class]
SLF4J: See http://www.slf4j.org/codes.html#multiple_bindings for an explanation.
SLF4J: Actual binding is of type [org.apache.logging.slf4j.Log4jLoggerFactory]
Jul 01, 2022 3:21:48 AM liquibase.lockservice
INFO: Successfully acquired change log lock
Jul 01, 2022 3:21:49 AM liquibase.changelog
INFO: Creating database history table with name: PUBLIC.DATABASECHANGELOG
Jul 01, 2022 3:21:49 AM liquibase.changelog
INFO: Reading from PUBLIC.DATABASECHANGELOG
Jul 01, 2022 3:21:50 AM liquibase.lockservice
INFO: Successfully released change log lock
Jul 01, 2022 3:21:50 AM liquibase.lockservice
INFO: Successfully acquired change log lock
Jul 01, 2022 3:21:50 AM liquibase.hub
WARNING: Skipping auto-registration
Jul 01, 2022 3:21:50 AM liquibase.changelog
INFO: Table rights_policyset created
Jul 01, 2022 3:21:50 AM liquibase.changelog
INFO: Index k01_rights_policyset created
Jul 01, 2022 3:21:50 AM liquibase.changelog
INFO: ChangeSet permission/permission.1.xml::permission.1.1::svdovin ran successfully in 124ms
Jul 01, 2022 3:21:50 AM liquibase.changelog
INFO: Table AUTO_PK_SUPPORT created
Jul 01, 2022 3:21:50 AM liquibase.changelog
INFO: ChangeSet mdpid/0.0.0.xml::mdpid.01::svdovin ran successfully in 22ms
Jul 01, 2022 3:21:50 AM liquibase.changelog
INFO: Sequence sms_verification_verificationid_seq created
Jul 01, 2022 3:21:50 AM liquibase.changelog
INFO: Table sms_verification created
Jul 01, 2022 3:21:50 AM liquibase.changelog
INFO: Index k01_sms_verification created
Jul 01, 2022 3:21:50 AM liquibase.changelog
INFO: Index k02_sms_verification created
Jul 01, 2022 3:21:50 AM liquibase.changelog
INFO: ChangeSet 1.00.01/1.00.01.xml::1.0.1-createVerificationTable::Marley ran successfully in 41ms
Jul 01, 2022 3:21:50 AM liquibase.lockservice
INFO: Successfully released change log lock
]]></system-err>
  </testcase>
  <testcase name="findBySecretCodeAndProcessGuidAndStatusTest" classname="ru.diasoft.micro.repository.SmsVerificationRepositoryTest" time="0.083">
    <system-out><![CDATA[2022-07-01T00:24:10.458Z, DEBUG: DsTracerSleuth.spanStart(): save, SERVICE_METHOD, thread: main, logger: r.d.f.d.s.DsTracerSleuth, host: workstation, service: demo
2022-07-01T00:24:10.462Z, DEBUG: DsTracerSleuth.spanStart(): findBySecretCodeAndProcessGuidAndStatus, SERVICE_METHOD, thread: main, logger: r.d.f.d.s.DsTracerSleuth, host: workstation, service: demo
2022-07-01T00:24:10.519Z, DEBUG: DsTracerSleuth.spanStart(): findBySecretCodeAndProcessGuidAndStatus, SERVICE_METHOD, thread: main, logger: r.d.f.d.s.DsTracerSleuth, host: workstation, service: demo
]]></system-out>
  </testcase>
</testsuite>