<?xml version="1.0" encoding="UTF-8"?>
<testsuite xmlns:xsi="http://www.w3.org/2001/XMLSchema-instance" xsi:noNamespaceSchemaLocation="https://maven.apache.org/surefire/maven-surefire-plugin/xsd/surefire-test-report-3.0.xsd" version="3.0" name="ru.diasoft.digitalq.service.repository.SmsVerificationRepositoryTest" time="101.321" tests="1" errors="1" skipped="0" failures="0">
  <properties>
    <property name="sun.desktop" value="gnome"/>
    <property name="awt.toolkit" value="sun.awt.X11.XToolkit"/>
    <property name="git.tags" value=""/>
    <property name="file.encoding.pkg" value="sun.io"/>
    <property name="java.specification.version" value="1.8"/>
    <property name="sun.cpu.isalist" value=""/>
    <property name="git.build.version" value="1.00.01-SNAPSHOT"/>
    <property name="sun.jnu.encoding" value="UTF-8"/>
    <property name="java.class.path" value="/home/marley/projects/dev/diasoft/diasoft-microservices-spring-basics/apps/app13/demo/service/target/test-classes:/home/marley/projects/dev/diasoft/diasoft-microservices-spring-basics/apps/app13/demo/service/target/classes:/home/marley/.m2/repository/org/springframework/boot/spring-boot-starter/2.5.4/spring-boot-starter-2.5.4.jar:/home/marley/.m2/repository/org/springframework/boot/spring-boot/2.5.4/spring-boot-2.5.4.jar:/home/marley/.m2/repository/org/springframework/spring-context/5.3.9/spring-context-5.3.9.jar:/home/marley/.m2/repository/org/springframework/boot/spring-boot-autoconfigure/2.5.4/spring-boot-autoconfigure-2.5.4.jar:/home/marley/.m2/repository/jakarta/annotation/jakarta.annotation-api/1.3.5/jakarta.annotation-api-1.3.5.jar:/home/marley/.m2/repository/org/springframework/spring-core/5.3.9/spring-core-5.3.9.jar:/home/marley/.m2/repository/org/springframework/spring-jcl/5.3.9/spring-jcl-5.3.9.jar:/home/marley/.m2/repository/org/yaml/snakeyaml/1.28/snakeyaml-1.28.jar:/home/marley/.m2/repository/ru/diasoft/micro/core-starter/2.03.02-22042201/core-starter-2.03.02-22042201.jar:/home/marley/.m2/repository/org/springframework/boot/spring-boot-starter-json/2.5.4/spring-boot-starter-json-2.5.4.jar:/home/marley/.m2/repository/com/fasterxml/jackson/datatype/jackson-datatype-jdk8/2.12.4/jackson-datatype-jdk8-2.12.4.jar:/home/marley/.m2/repository/com/fasterxml/jackson/datatype/jackson-datatype-jsr310/2.12.4/jackson-datatype-jsr310-2.12.4.jar:/home/marley/.m2/repository/com/fasterxml/jackson/module/jackson-module-parameter-names/2.12.4/jackson-module-parameter-names-2.12.4.jar:/home/marley/.m2/repository/ru/diasoft/digitalq/dslogging-spring-boot-starter/1.06.03-22020901/dslogging-spring-boot-starter-1.06.03-22020901.jar:/home/marley/.m2/repository/ru/diasoft/digitalq/dslogging/1.06.03-22020901/dslogging-1.06.03-22020901.jar:/home/marley/.m2/repository/ru/diasoft/digitalq/dslogging-log4j2/1.06.03-22020901/dslogging-log4j2-1.06.03-22020901.jar:/home/marley/.m2/repository/ru/diasoft/flextera/dstrace/4.01.04-22010401/dstrace-4.01.04-22010401.jar:/home/marley/.m2/repository/commons-io/commons-io/2.5/commons-io-2.5.jar:/home/marley/.m2/repository/com/lmax/disruptor/3.4.2/disruptor-3.4.2.jar:/home/marley/.m2/repository/org/apache/kafka/kafka-clients/2.7.1/kafka-clients-2.7.1.jar:/home/marley/.m2/repository/com/github/luben/zstd-jni/1.4.5-6/zstd-jni-1.4.5-6.jar:/home/marley/.m2/repository/org/lz4/lz4-java/1.7.1/lz4-java-1.7.1.jar:/home/marley/.m2/repository/org/xerial/snappy/snappy-java/1.1.7.7/snappy-java-1.1.7.7.jar:/home/marley/.m2/repository/biz/paluch/logging/logstash-gelf/1.14.0/logstash-gelf-1.14.0.jar:/home/marley/.m2/repository/org/apache/logging/log4j/log4j-api/2.17.1/log4j-api-2.17.1.jar:/home/marley/.m2/repository/org/apache/logging/log4j/log4j-slf4j-impl/2.17.1/log4j-slf4j-impl-2.17.1.jar:/home/marley/.m2/repository/org/apache/logging/log4j/log4j-jul/2.17.1/log4j-jul-2.17.1.jar:/home/marley/.m2/repository/org/apache/logging/log4j/log4j-spring-cloud-config-client/2.17.1/log4j-spring-cloud-config-client-2.17.1.jar:/home/marley/.m2/repository/org/apache/logging/log4j/log4j-spring-boot/2.17.1/log4j-spring-boot-2.17.1.jar:/home/marley/.m2/repository/org/springframework/cloud/spring-cloud-starter-bootstrap/3.0.3/spring-cloud-starter-bootstrap-3.0.3.jar:/home/marley/.m2/repository/org/springframework/cloud/spring-cloud-config-client/3.0.4/spring-cloud-config-client-3.0.4.jar:/home/marley/.m2/repository/commons-logging/commons-logging/1.2/commons-logging-1.2.jar:/home/marley/.m2/repository/org/apache/logging/log4j/log4j-docker/2.17.1/log4j-docker-2.17.1.jar:/home/marley/.m2/repository/org/apache/commons/commons-lang3/3.12.0/commons-lang3-3.12.0.jar:/home/marley/.m2/repository/ru/diasoft/micro/jpa-starter/2.03.02-22042201/jpa-starter-2.03.02-22042201.jar:/home/marley/.m2/repository/org/springframework/boot/spring-boot-starter-data-jpa/2.5.4/spring-boot-starter-data-jpa-2.5.4.jar:/home/marley/.m2/repository/org/springframework/boot/spring-boot-starter-jdbc/2.5.4/spring-boot-starter-jdbc-2.5.4.jar:/home/marley/.m2/repository/com/zaxxer/HikariCP/4.0.3/HikariCP-4.0.3.jar:/home/marley/.m2/repository/org/springframework/spring-jdbc/5.3.9/spring-jdbc-5.3.9.jar:/home/marley/.m2/repository/jakarta/transaction/jakarta.transaction-api/1.3.3/jakarta.transaction-api-1.3.3.jar:/home/marley/.m2/repository/jakarta/persistence/jakarta.persistence-api/2.2.3/jakarta.persistence-api-2.2.3.jar:/home/marley/.m2/repository/org/hibernate/hibernate-core/5.4.32.Final/hibernate-core-5.4.32.Final.jar:/home/marley/.m2/repository/org/jboss/logging/jboss-logging/3.4.2.Final/jboss-logging-3.4.2.Final.jar:/home/marley/.m2/repository/org/javassist/javassist/3.23.2-GA/javassist-3.23.2-GA.jar:/home/marley/.m2/repository/antlr/antlr/2.7.7/antlr-2.7.7.jar:/home/marley/.m2/repository/org/jboss/jandex/2.2.3.Final/jandex-2.2.3.Final.jar:/home/marley/.m2/repository/org/dom4j/dom4j/2.1.3/dom4j-2.1.3.jar:/home/marley/.m2/repository/org/hibernate/common/hibernate-commons-annotations/5.1.2.Final/hibernate-commons-annotations-5.1.2.Final.jar:/home/marley/.m2/repository/org/springframework/data/spring-data-jpa/2.5.4/spring-data-jpa-2.5.4.jar:/home/marley/.m2/repository/org/springframework/data/spring-data-commons/2.5.4/spring-data-commons-2.5.4.jar:/home/marley/.m2/repository/org/springframework/spring-orm/5.3.9/spring-orm-5.3.9.jar:/home/marley/.m2/repository/org/springframework/spring-tx/5.3.9/spring-tx-5.3.9.jar:/home/marley/.m2/repository/ru/diasoft/flextera/dstrace-spring-boot-starter-jpa/4.01.04-22010401/dstrace-spring-boot-starter-jpa-4.01.04-22010401.jar:/home/marley/.m2/repository/ru/diasoft/flextera/dstrace-spring-boot-starter/4.01.04-22010401/dstrace-spring-boot-starter-4.01.04-22010401.jar:/home/marley/.m2/repository/ru/diasoft/flextera/dstrace-brave/4.01.04-22010401/dstrace-brave-4.01.04-22010401.jar:/home/marley/.m2/repository/io/zipkin/brave/brave/5.13.2/brave-5.13.2.jar:/home/marley/.m2/repository/io/zipkin/reporter2/zipkin-reporter-brave/2.16.1/zipkin-reporter-brave-2.16.1.jar:/home/marley/.m2/repository/org/springframework/cloud/spring-cloud-starter-zipkin/2.2.3.RELEASE/spring-cloud-starter-zipkin-2.2.3.RELEASE.jar:/home/marley/.m2/repository/org/springframework/cloud/spring-cloud-starter-sleuth/3.0.3/spring-cloud-starter-sleuth-3.0.3.jar:/home/marley/.m2/repository/org/springframework/cloud/spring-cloud-sleuth-autoconfigure/3.0.3/spring-cloud-sleuth-autoconfigure-3.0.3.jar:/home/marley/.m2/repository/org/aspectj/aspectjrt/1.9.7/aspectjrt-1.9.7.jar:/home/marley/.m2/repository/org/springframework/cloud/spring-cloud-sleuth-brave/3.0.3/spring-cloud-sleuth-brave-3.0.3.jar:/home/marley/.m2/repository/io/zipkin/brave/brave-context-slf4j/5.13.2/brave-context-slf4j-5.13.2.jar:/home/marley/.m2/repository/io/zipkin/brave/brave-instrumentation-messaging/5.13.2/brave-instrumentation-messaging-5.13.2.jar:/home/marley/.m2/repository/io/zipkin/brave/brave-instrumentation-rpc/5.13.2/brave-instrumentation-rpc-5.13.2.jar:/home/marley/.m2/repository/io/zipkin/brave/brave-instrumentation-spring-rabbit/5.13.2/brave-instrumentation-spring-rabbit-5.13.2.jar:/home/marley/.m2/repository/io/zipkin/brave/brave-instrumentation-kafka-clients/5.13.2/brave-instrumentation-kafka-clients-5.13.2.jar:/home/marley/.m2/repository/io/zipkin/brave/brave-instrumentation-kafka-streams/5.13.2/brave-instrumentation-kafka-streams-5.13.2.jar:/home/marley/.m2/repository/io/zipkin/brave/brave-instrumentation-httpclient/5.13.2/brave-instrumentation-httpclient-5.13.2.jar:/home/marley/.m2/repository/io/zipkin/brave/brave-instrumentation-http/5.13.2/brave-instrumentation-http-5.13.2.jar:/home/marley/.m2/repository/io/zipkin/brave/brave-instrumentation-httpasyncclient/5.13.2/brave-instrumentation-httpasyncclient-5.13.2.jar:/home/marley/.m2/repository/io/zipkin/brave/brave-instrumentation-jms/5.13.2/brave-instrumentation-jms-5.13.2.jar:/home/marley/.m2/repository/io/zipkin/brave/brave-instrumentation-mongodb/5.13.2/brave-instrumentation-mongodb-5.13.2.jar:/home/marley/.m2/repository/io/zipkin/aws/brave-propagation-aws/0.21.3/brave-propagation-aws-0.21.3.jar:/home/marley/.m2/repository/io/zipkin/reporter2/zipkin-reporter-metrics-micrometer/2.16.1/zipkin-reporter-metrics-micrometer-2.16.1.jar:/home/marley/.m2/repository/org/springframework/cloud/spring-cloud-sleuth-zipkin/3.0.3/spring-cloud-sleuth-zipkin-3.0.3.jar:/home/marley/.m2/repository/org/springframework/cloud/spring-cloud-sleuth-instrumentation/3.0.3/spring-cloud-sleuth-instrumentation-3.0.3.jar:/home/marley/.m2/repository/org/springframework/cloud/spring-cloud-sleuth-api/3.0.3/spring-cloud-sleuth-api-3.0.3.jar:/home/marley/.m2/repository/io/zipkin/zipkin2/zipkin/2.23.0/zipkin-2.23.0.jar:/home/marley/.m2/repository/io/zipkin/reporter2/zipkin-reporter/2.16.1/zipkin-reporter-2.16.1.jar:/home/marley/.m2/repository/io/zipkin/reporter2/zipkin-sender-kafka/2.16.1/zipkin-sender-kafka-2.16.1.jar:/home/marley/.m2/repository/io/zipkin/reporter2/zipkin-sender-activemq-client/2.16.1/zipkin-sender-activemq-client-2.16.1.jar:/home/marley/.m2/repository/io/zipkin/reporter2/zipkin-sender-amqp-client/2.16.1/zipkin-sender-amqp-client-2.16.1.jar:/home/marley/.m2/repository/net/ttddyy/datasource-proxy/1.7/datasource-proxy-1.7.jar:/home/marley/.m2/repository/com/querydsl/querydsl-apt/4.4.0/querydsl-apt-4.4.0.jar:/home/marley/.m2/repository/com/querydsl/querydsl-jpa/4.4.0/querydsl-jpa-4.4.0.jar:/home/marley/.m2/repository/com/querydsl/querydsl-core/4.4.0/querydsl-core-4.4.0.jar:/home/marley/.m2/repository/com/google/code/findbugs/jsr305/1.3.9/jsr305-1.3.9.jar:/home/marley/.m2/repository/com/mysema/commons/mysema-commons-lang/0.2.4/mysema-commons-lang-0.2.4.jar:/home/marley/.m2/repository/com/infradna/tool/bridge-method-annotation/1.13/bridge-method-annotation-1.13.jar:/home/marley/.m2/repository/javax/inject/javax.inject/1/javax.inject-1.jar:/home/marley/.m2/repository/com/querydsl/querydsl-codegen/4.2.2/querydsl-codegen-4.2.2.jar:/home/marley/.m2/repository/com/mysema/codegen/codegen/0.6.8/codegen-0.6.8.jar:/home/marley/.m2/repository/org/eclipse/jdt/core/compiler/ecj/4.3.1/ecj-4.3.1.jar:/home/marley/.m2/repository/org/reflections/reflections/0.9.9/reflections-0.9.9.jar:/home/marley/.m2/repository/com/google/code/findbugs/annotations/2.0.1/annotations-2.0.1.jar:/home/marley/.m2/repository/ru/diasoft/micro/mdp/lib/mdpquerydsl/9.04.06-21060101/mdpquerydsl-9.04.06-21060101.jar:/home/marley/.m2/repository/com/querydsl/querydsl-collections/4.4.0/querydsl-collections-4.4.0.jar:/home/marley/.m2/repository/org/apache/commons/commons-collections4/4.3/commons-collections4-4.3.jar:/home/marley/.m2/repository/com/google/guava/guava/29.0-android/guava-29.0-android.jar:/home/marley/.m2/repository/com/google/guava/failureaccess/1.0.1/failureaccess-1.0.1.jar:/home/marley/.m2/repository/com/google/guava/listenablefuture/9999.0-empty-to-avoid-conflict-with-guava/listenablefuture-9999.0-empty-to-avoid-conflict-with-guava.jar:/home/marley/.m2/repository/org/checkerframework/checker-compat-qual/2.5.5/checker-compat-qual-2.5.5.jar:/home/marley/.m2/repository/com/google/errorprone/error_prone_annotations/2.3.4/error_prone_annotations-2.3.4.jar:/home/marley/.m2/repository/com/google/j2objc/j2objc-annotations/1.3/j2objc-annotations-1.3.jar:/home/marley/.m2/repository/org/postgresql/postgresql/42.3.1/postgresql-42.3.1.jar:/home/marley/.m2/repository/org/checkerframework/checker-qual/3.5.0/checker-qual-3.5.0.jar:/home/marley/.m2/repository/net/sourceforge/jtds/jtds/1.3.1/jtds-1.3.1.jar:/home/marley/.m2/repository/com/oracle/database/jdbc/ojdbc8/21.4.0.0.1/ojdbc8-21.4.0.0.1.jar:/home/marley/.m2/repository/com/oracle/ojdbc/orai18n/19.3.0.0/orai18n-19.3.0.0.jar:/home/marley/.m2/repository/com/oracle/database/nls/orai18n/21.4.0.0.1/orai18n-21.4.0.0.1.jar:/home/marley/.m2/repository/ru/diasoft/micro/stream-kafka-starter/2.03.02-22042201/stream-kafka-starter-2.03.02-22042201.jar:/home/marley/.m2/repository/org/springframework/cloud/spring-cloud-starter-stream-kafka/3.1.3/spring-cloud-starter-stream-kafka-3.1.3.jar:/home/marley/.m2/repository/org/springframework/cloud/spring-cloud-stream-binder-kafka/3.1.3/spring-cloud-stream-binder-kafka-3.1.3.jar:/home/marley/.m2/repository/org/springframework/cloud/spring-cloud-stream-binder-kafka-core/3.1.3/spring-cloud-stream-binder-kafka-core-3.1.3.jar:/home/marley/.m2/repository/org/springframework/integration/spring-integration-kafka/5.5.3/spring-integration-kafka-5.5.3.jar:/home/marley/.m2/repository/org/springframework/cloud/spring-cloud-stream/3.1.3/spring-cloud-stream-3.1.3.jar:/home/marley/.m2/repository/org/springframework/spring-messaging/5.3.9/spring-messaging-5.3.9.jar:/home/marley/.m2/repository/org/springframework/integration/spring-integration-core/5.5.3/spring-integration-core-5.5.3.jar:/home/marley/.m2/repository/org/springframework/integration/spring-integration-jmx/5.5.3/spring-integration-jmx-5.5.3.jar:/home/marley/.m2/repository/org/springframework/retry/spring-retry/1.3.1/spring-retry-1.3.1.jar:/home/marley/.m2/repository/org/springframework/cloud/spring-cloud-function-context/3.1.3/spring-cloud-function-context-3.1.3.jar:/home/marley/.m2/repository/net/jodah/typetools/0.6.2/typetools-0.6.2.jar:/home/marley/.m2/repository/org/springframework/cloud/spring-cloud-function-core/3.1.3/spring-cloud-function-core-3.1.3.jar:/home/marley/.m2/repository/org/springframework/kafka/spring-kafka/2.7.6/spring-kafka-2.7.6.jar:/home/marley/.m2/repository/ru/diasoft/flextera/dstrace-spring-boot-starter-cloud-stream/4.01.04-22010401/dstrace-spring-boot-starter-cloud-stream-4.01.04-22010401.jar:/home/marley/.m2/repository/ru/diasoft/micro/feign-starter/2.03.02-22042201/feign-starter-2.03.02-22042201.jar:/home/marley/.m2/repository/org/springframework/cloud/spring-cloud-starter-openfeign/3.0.3/spring-cloud-starter-openfeign-3.0.3.jar:/home/marley/.m2/repository/org/springframework/cloud/spring-cloud-openfeign-core/3.0.3/spring-cloud-openfeign-core-3.0.3.jar:/home/marley/.m2/repository/io/github/openfeign/form/feign-form-spring/3.8.0/feign-form-spring-3.8.0.jar:/home/marley/.m2/repository/io/github/openfeign/form/feign-form/3.8.0/feign-form-3.8.0.jar:/home/marley/.m2/repository/commons-fileupload/commons-fileupload/1.4/commons-fileupload-1.4.jar:/home/marley/.m2/repository/org/springframework/cloud/spring-cloud-commons/3.0.3/spring-cloud-commons-3.0.3.jar:/home/marley/.m2/repository/io/github/openfeign/feign-core/10.12/feign-core-10.12.jar:/home/marley/.m2/repository/io/github/openfeign/feign-slf4j/10.12/feign-slf4j-10.12.jar:/home/marley/.m2/repository/ru/diasoft/flextera/dstrace-spring-boot-starter-feign/4.01.04-22010401/dstrace-spring-boot-starter-feign-4.01.04-22010401.jar:/home/marley/.m2/repository/org/springframework/security/oauth/spring-security-oauth2/2.5.1.RELEASE/spring-security-oauth2-2.5.1.RELEASE.jar:/home/marley/.m2/repository/org/springframework/spring-beans/5.3.9/spring-beans-5.3.9.jar:/home/marley/.m2/repository/org/springframework/spring-webmvc/5.3.9/spring-webmvc-5.3.9.jar:/home/marley/.m2/repository/org/springframework/security/spring-security-config/5.5.2/spring-security-config-5.5.2.jar:/home/marley/.m2/repository/ru/diasoft/micro/mdp/lib/mdpribbon/9.05.01-22020201-spring-254/mdpribbon-9.05.01-22020201-spring-254.jar:/home/marley/.m2/repository/ru/diasoft/micro/mdp/lib/mdpcache/9.05.01-21122301/mdpcache-9.05.01-21122301.jar:/home/marley/.m2/repository/org/springframework/cloud/spring-cloud-loadbalancer/3.0.3/spring-cloud-loadbalancer-3.0.3.jar:/home/marley/.m2/repository/org/springframework/cloud/spring-cloud-context/3.0.3/spring-cloud-context-3.0.3.jar:/home/marley/.m2/repository/org/springframework/boot/spring-boot-starter-validation/2.5.4/spring-boot-starter-validation-2.5.4.jar:/home/marley/.m2/repository/org/apache/tomcat/embed/tomcat-embed-el/9.0.52/tomcat-embed-el-9.0.52.jar:/home/marley/.m2/repository/org/hibernate/validator/hibernate-validator/6.2.0.Final/hibernate-validator-6.2.0.Final.jar:/home/marley/.m2/repository/jakarta/validation/jakarta.validation-api/2.0.2/jakarta.validation-api-2.0.2.jar:/home/marley/.m2/repository/io/projectreactor/reactor-core/3.4.9/reactor-core-3.4.9.jar:/home/marley/.m2/repository/org/reactivestreams/reactive-streams/1.0.3/reactive-streams-1.0.3.jar:/home/marley/.m2/repository/io/projectreactor/addons/reactor-extra/3.4.4/reactor-extra-3.4.4.jar:/home/marley/.m2/repository/org/springframework/cloud/spring-cloud-netflix-eureka-client/3.0.3/spring-cloud-netflix-eureka-client-3.0.3.jar:/home/marley/.m2/repository/com/netflix/eureka/eureka-client/1.10.14/eureka-client-1.10.14.jar:/home/marley/.m2/repository/com/netflix/netflix-commons/netflix-eventbus/0.3.0/netflix-eventbus-0.3.0.jar:/home/marley/.m2/repository/com/netflix/netflix-commons/netflix-infix/0.3.0/netflix-infix-0.3.0.jar:/home/marley/.m2/repository/commons-jxpath/commons-jxpath/1.3/commons-jxpath-1.3.jar:/home/marley/.m2/repository/org/antlr/antlr-runtime/3.4/antlr-runtime-3.4.jar:/home/marley/.m2/repository/org/antlr/stringtemplate/3.2.1/stringtemplate-3.2.1.jar:/home/marley/.m2/repository/org/apache/commons/commons-math/2.2/commons-math-2.2.jar:/home/marley/.m2/repository/com/thoughtworks/xstream/xstream/1.4.18/xstream-1.4.18.jar:/home/marley/.m2/repository/io/github/x-stream/mxparser/1.2.2/mxparser-1.2.2.jar:/home/marley/.m2/repository/xmlpull/xmlpull/1.1.3.1/xmlpull-1.1.3.1.jar:/home/marley/.m2/repository/javax/ws/rs/jsr311-api/1.1.1/jsr311-api-1.1.1.jar:/home/marley/.m2/repository/com/netflix/servo/servo-core/0.12.21/servo-core-0.12.21.jar:/home/marley/.m2/repository/com/sun/jersey/jersey-core/1.19.4/jersey-core-1.19.4.jar:/home/marley/.m2/repository/com/sun/jersey/jersey-client/1.19.4/jersey-client-1.19.4.jar:/home/marley/.m2/repository/com/sun/jersey/contribs/jersey-apache-client4/1.19.1/jersey-apache-client4-1.19.1.jar:/home/marley/.m2/repository/commons-configuration/commons-configuration/1.10/commons-configuration-1.10.jar:/home/marley/.m2/repository/commons-lang/commons-lang/2.6/commons-lang-2.6.jar:/home/marley/.m2/repository/com/google/inject/guice/4.1.0/guice-4.1.0.jar:/home/marley/.m2/repository/aopalliance/aopalliance/1.0/aopalliance-1.0.jar:/home/marley/.m2/repository/com/fasterxml/jackson/core/jackson-core/2.12.4/jackson-core-2.12.4.jar:/home/marley/.m2/repository/org/codehaus/jettison/jettison/1.4.0/jettison-1.4.0.jar:/home/marley/.m2/repository/io/kubernetes/client-java/8.0.2/client-java-8.0.2.jar:/home/marley/.m2/repository/io/kubernetes/client-java-api/8.0.2/client-java-api-8.0.2.jar:/home/marley/.m2/repository/io/sundr/builder-annotations/0.21.0/builder-annotations-0.21.0.jar:/home/marley/.m2/repository/io/sundr/sundr-core/0.21.0/sundr-core-0.21.0.jar:/home/marley/.m2/repository/io/sundr/sundr-codegen/0.21.0/sundr-codegen-0.21.0.jar:/home/marley/.m2/repository/io/sundr/resourcecify-annotations/0.21.0/resourcecify-annotations-0.21.0.jar:/home/marley/.m2/repository/javax/annotation/javax.annotation-api/1.3.2/javax.annotation-api-1.3.2.jar:/home/marley/.m2/repository/io/swagger/swagger-annotations/1.5.22/swagger-annotations-1.5.22.jar:/home/marley/.m2/repository/com/squareup/okhttp3/okhttp/3.14.9/okhttp-3.14.9.jar:/home/marley/.m2/repository/com/squareup/okio/okio/1.17.2/okio-1.17.2.jar:/home/marley/.m2/repository/com/squareup/okhttp3/logging-interceptor/3.14.9/logging-interceptor-3.14.9.jar:/home/marley/.m2/repository/com/google/code/gson/gson/2.8.7/gson-2.8.7.jar:/home/marley/.m2/repository/io/gsonfire/gson-fire/1.8.3/gson-fire-1.8.3.jar:/home/marley/.m2/repository/joda-time/joda-time/2.10.5/joda-time-2.10.5.jar:/home/marley/.m2/repository/org/joda/joda-convert/1.2/joda-convert-1.2.jar:/home/marley/.m2/repository/io/kubernetes/client-java-proto/8.0.2/client-java-proto-8.0.2.jar:/home/marley/.m2/repository/org/apache/commons/commons-compress/1.19/commons-compress-1.19.jar:/home/marley/.m2/repository/org/bouncycastle/bcprov-ext-jdk15on/1.64/bcprov-ext-jdk15on-1.64.jar:/home/marley/.m2/repository/org/bouncycastle/bcpkix-jdk15on/1.60/bcpkix-jdk15on-1.60.jar:/home/marley/.m2/repository/org/bouncycastle/bcprov-jdk15on/1.60/bcprov-jdk15on-1.60.jar:/home/marley/.m2/repository/com/google/protobuf/protobuf-java/3.11.4/protobuf-java-3.11.4.jar:/home/marley/.m2/repository/org/bitbucket/b_c/jose4j/0.7.0/jose4j-0.7.0.jar:/home/marley/.m2/repository/org/apache/logging/log4j/log4j-core/2.17.1/log4j-core-2.17.1.jar:/home/marley/.m2/repository/org/apache/httpcomponents/httpclient/4.5.13/httpclient-4.5.13.jar:/home/marley/.m2/repository/org/apache/httpcomponents/httpcore/4.4.14/httpcore-4.4.14.jar:/home/marley/.m2/repository/org/projectlombok/lombok/1.18.20/lombok-1.18.20.jar:/home/marley/.m2/repository/ru/diasoft/digitalq/libs/dqapiexception/1.03.01-21041301/dqapiexception-1.03.01-21041301.jar:/home/marley/.m2/repository/org/springframework/spring-web/5.3.9/spring-web-5.3.9.jar:/home/marley/.m2/repository/com/fasterxml/jackson/core/jackson-databind/2.12.4/jackson-databind-2.12.4.jar:/home/marley/.m2/repository/javax/validation/validation-api/2.0.1.Final/validation-api-2.0.1.Final.jar:/home/marley/.m2/repository/ru/diasoft/micro/mdp/lib/qpermissioncontrol/9.06.01-22041101/qpermissioncontrol-9.06.01-22041101.jar:/home/marley/.m2/repository/org/springframework/boot/spring-boot-starter-web/2.5.4/spring-boot-starter-web-2.5.4.jar:/home/marley/.m2/repository/org/springframework/boot/spring-boot-starter-tomcat/2.5.4/spring-boot-starter-tomcat-2.5.4.jar:/home/marley/.m2/repository/org/apache/tomcat/embed/tomcat-embed-core/9.0.52/tomcat-embed-core-9.0.52.jar:/home/marley/.m2/repository/org/apache/tomcat/embed/tomcat-embed-websocket/9.0.52/tomcat-embed-websocket-9.0.52.jar:/home/marley/.m2/repository/com/fasterxml/jackson/core/jackson-annotations/2.12.4/jackson-annotations-2.12.4.jar:/home/marley/.m2/repository/com/googlecode/json-simple/json-simple/1.1.1/json-simple-1.1.1.jar:/home/marley/.m2/repository/org/json/json/20190722/json-20190722.jar:/home/marley/.m2/repository/org/bouncycastle/bcprov-jdk15/1.44/bcprov-jdk15-1.44.jar:/home/marley/.m2/repository/ru/diasoft/micro/mdp/lib/mdpexception/9.06.01-22031801/mdpexception-9.06.01-22031801.jar:/home/marley/.m2/repository/log4j/log4j/1.2.17-18112601/log4j-1.2.17-18112601.jar:/home/marley/.m2/repository/ru/diasoft/micro/mdp/lib/mdpid/9.07.01-22042201/mdpid-9.07.01-22042201.jar:/home/marley/.m2/repository/org/wso2/balana/org.wso2.balana/1.2.12.1/org.wso2.balana-1.2.12.1.jar:/home/marley/.m2/repository/org/wso2/balana/org.wso2.balana.utils/1.2.12.1/org.wso2.balana.utils-1.2.12.1.jar:/home/marley/.m2/repository/org/ops4j/pax/logging/pax-logging-api/1.10.1/pax-logging-api-1.10.1.jar:/home/marley/.m2/repository/xerces/wso2/xercesImpl/2.8.1.wso2v2/xercesImpl-2.8.1.wso2v2.jar:/home/marley/.m2/repository/ru/diasoft/micro/mdp/lib/mdpauditlib/9.05.01-21122301/mdpauditlib-9.05.01-21122301.jar:/home/marley/.m2/repository/org/springframework/boot/spring-boot-starter-aop/2.5.4/spring-boot-starter-aop-2.5.4.jar:/home/marley/.m2/repository/org/springframework/spring-aop/5.3.9/spring-aop-5.3.9.jar:/home/marley/.m2/repository/commons-codec/commons-codec/1.15/commons-codec-1.15.jar:/home/marley/.m2/repository/com/ctc/wstx/stax/stax2-api/3.0.2/stax2-api-3.0.2.jar:/home/marley/.m2/repository/com/ctc/wstx/stax/woodstox-core-asl/4.0.8/woodstox-core-asl-4.0.8.jar:/home/marley/.m2/repository/ru/diasoft/micro/mdp/lib/mdpversionslib/9.05.01-21122301/mdpversionslib-9.05.01-21122301.jar:/home/marley/.m2/repository/org/springframework/boot/spring-boot-devtools/2.5.4/spring-boot-devtools-2.5.4.jar:/home/marley/.m2/repository/ru/diasoft/micro/micrometer-starter/2.03.02-22042201/micrometer-starter-2.03.02-22042201.jar:/home/marley/.m2/repository/io/micrometer/micrometer-core/1.7.3/micrometer-core-1.7.3.jar:/home/marley/.m2/repository/org/hdrhistogram/HdrHistogram/2.1.11/HdrHistogram-2.1.11.jar:/home/marley/.m2/repository/org/latencyutils/LatencyUtils/2.0.3/LatencyUtils-2.0.3.jar:/home/marley/.m2/repository/io/micrometer/micrometer-registry-prometheus/1.7.3/micrometer-registry-prometheus-1.7.3.jar:/home/marley/.m2/repository/io/prometheus/simpleclient_common/0.10.0/simpleclient_common-0.10.0.jar:/home/marley/.m2/repository/io/prometheus/simpleclient/0.10.0/simpleclient-0.10.0.jar:/home/marley/.m2/repository/org/mapstruct/mapstruct/1.3.1.Final/mapstruct-1.3.1.Final.jar:/home/marley/.m2/repository/org/junit/vintage/junit-vintage-engine/5.7.2/junit-vintage-engine-5.7.2.jar:/home/marley/.m2/repository/org/apiguardian/apiguardian-api/1.1.0/apiguardian-api-1.1.0.jar:/home/marley/.m2/repository/org/junit/platform/junit-platform-engine/1.7.2/junit-platform-engine-1.7.2.jar:/home/marley/.m2/repository/org/opentest4j/opentest4j/1.2.0/opentest4j-1.2.0.jar:/home/marley/.m2/repository/org/junit/platform/junit-platform-commons/1.7.2/junit-platform-commons-1.7.2.jar:/home/marley/.m2/repository/junit/junit/4.13.2/junit-4.13.2.jar:/home/marley/.m2/repository/org/springframework/boot/spring-boot-starter-test/2.5.4/spring-boot-starter-test-2.5.4.jar:/home/marley/.m2/repository/org/springframework/boot/spring-boot-test/2.5.4/spring-boot-test-2.5.4.jar:/home/marley/.m2/repository/org/springframework/boot/spring-boot-test-autoconfigure/2.5.4/spring-boot-test-autoconfigure-2.5.4.jar:/home/marley/.m2/repository/com/jayway/jsonpath/json-path/2.5.0/json-path-2.5.0.jar:/home/marley/.m2/repository/net/minidev/json-smart/2.4.7/json-smart-2.4.7.jar:/home/marley/.m2/repository/net/minidev/accessors-smart/2.4.7/accessors-smart-2.4.7.jar:/home/marley/.m2/repository/org/ow2/asm/asm/7.1/asm-7.1.jar:/home/marley/.m2/repository/jakarta/xml/bind/jakarta.xml.bind-api/2.3.3/jakarta.xml.bind-api-2.3.3.jar:/home/marley/.m2/repository/jakarta/activation/jakarta.activation-api/1.2.2/jakarta.activation-api-1.2.2.jar:/home/marley/.m2/repository/org/assertj/assertj-core/3.19.0/assertj-core-3.19.0.jar:/home/marley/.m2/repository/org/hamcrest/hamcrest/2.2/hamcrest-2.2.jar:/home/marley/.m2/repository/org/junit/jupiter/junit-jupiter/5.7.2/junit-jupiter-5.7.2.jar:/home/marley/.m2/repository/org/junit/jupiter/junit-jupiter-api/5.7.2/junit-jupiter-api-5.7.2.jar:/home/marley/.m2/repository/org/junit/jupiter/junit-jupiter-params/5.7.2/junit-jupiter-params-5.7.2.jar:/home/marley/.m2/repository/org/junit/jupiter/junit-jupiter-engine/5.7.2/junit-jupiter-engine-5.7.2.jar:/home/marley/.m2/repository/org/mockito/mockito-core/3.9.0/mockito-core-3.9.0.jar:/home/marley/.m2/repository/net/bytebuddy/byte-buddy/1.10.22/byte-buddy-1.10.22.jar:/home/marley/.m2/repository/net/bytebuddy/byte-buddy-agent/1.10.22/byte-buddy-agent-1.10.22.jar:/home/marley/.m2/repository/org/objenesis/objenesis/3.2/objenesis-3.2.jar:/home/marley/.m2/repository/org/mockito/mockito-junit-jupiter/3.9.0/mockito-junit-jupiter-3.9.0.jar:/home/marley/.m2/repository/org/skyscreamer/jsonassert/1.5.0/jsonassert-1.5.0.jar:/home/marley/.m2/repository/com/vaadin/external/google/android-json/0.0.20131108.vaadin1/android-json-0.0.20131108.vaadin1.jar:/home/marley/.m2/repository/org/springframework/spring-test/5.3.9/spring-test-5.3.9.jar:/home/marley/.m2/repository/org/xmlunit/xmlunit-core/2.8.2/xmlunit-core-2.8.2.jar:/home/marley/.m2/repository/org/springframework/cloud/spring-cloud-starter-netflix-eureka-server/3.0.3/spring-cloud-starter-netflix-eureka-server-3.0.3.jar:/home/marley/.m2/repository/org/springframework/cloud/spring-cloud-starter/3.0.3/spring-cloud-starter-3.0.3.jar:/home/marley/.m2/repository/org/springframework/security/spring-security-rsa/1.0.10.RELEASE/spring-security-rsa-1.0.10.RELEASE.jar:/home/marley/.m2/repository/org/springframework/cloud/spring-cloud-netflix-eureka-server/3.0.3/spring-cloud-netflix-eureka-server-3.0.3.jar:/home/marley/.m2/repository/org/springframework/boot/spring-boot-starter-freemarker/2.5.4/spring-boot-starter-freemarker-2.5.4.jar:/home/marley/.m2/repository/org/freemarker/freemarker/2.3.31/freemarker-2.3.31.jar:/home/marley/.m2/repository/org/springframework/spring-context-support/5.3.9/spring-context-support-5.3.9.jar:/home/marley/.m2/repository/com/sun/jersey/jersey-servlet/1.19.4/jersey-servlet-1.19.4.jar:/home/marley/.m2/repository/com/sun/jersey/jersey-server/1.19.4/jersey-server-1.19.4.jar:/home/marley/.m2/repository/com/netflix/eureka/eureka-core/1.10.14/eureka-core-1.10.14.jar:/home/marley/.m2/repository/com/fasterxml/woodstox/woodstox-core/6.1.1/woodstox-core-6.1.1.jar:/home/marley/.m2/repository/com/fasterxml/jackson/dataformat/jackson-dataformat-xml/2.12.4/jackson-dataformat-xml-2.12.4.jar:/home/marley/.m2/repository/com/fasterxml/jackson/module/jackson-module-jaxb-annotations/2.12.4/jackson-module-jaxb-annotations-2.12.4.jar:/home/marley/.m2/repository/org/codehaus/woodstox/stax2-api/4.2/stax2-api-4.2.jar:/home/marley/.m2/repository/org/springframework/cloud/spring-cloud-starter-loadbalancer/3.0.3/spring-cloud-starter-loadbalancer-3.0.3.jar:/home/marley/.m2/repository/org/springframework/boot/spring-boot-starter-cache/2.5.4/spring-boot-starter-cache-2.5.4.jar:/home/marley/.m2/repository/com/stoyanr/evictor/1.0.0/evictor-1.0.0.jar:/home/marley/.m2/repository/org/glassfish/jaxb/jaxb-runtime/2.3.5/jaxb-runtime-2.3.5.jar:/home/marley/.m2/repository/org/glassfish/jaxb/txw2/2.3.5/txw2-2.3.5.jar:/home/marley/.m2/repository/com/sun/istack/istack-commons-runtime/3.0.12/istack-commons-runtime-3.0.12.jar:/home/marley/.m2/repository/com/sun/activation/jakarta.activation/1.2.2/jakarta.activation-1.2.2.jar:/home/marley/.m2/repository/org/springframework/security/spring-security-test/5.5.2/spring-security-test-5.5.2.jar:/home/marley/.m2/repository/org/springframework/security/spring-security-core/5.5.2/spring-security-core-5.5.2.jar:/home/marley/.m2/repository/org/springframework/security/spring-security-crypto/5.5.2/spring-security-crypto-5.5.2.jar:/home/marley/.m2/repository/org/springframework/spring-expression/5.3.9/spring-expression-5.3.9.jar:/home/marley/.m2/repository/org/springframework/security/spring-security-web/5.5.2/spring-security-web-5.5.2.jar:/home/marley/.m2/repository/org/liquibase/liquibase-core/4.3.5/liquibase-core-4.3.5.jar:/home/marley/.m2/repository/javax/xml/bind/jaxb-api/2.3.1/jaxb-api-2.3.1.jar:/home/marley/.m2/repository/javax/activation/javax.activation-api/1.2.0/javax.activation-api-1.2.0.jar:/home/marley/.m2/repository/com/h2database/h2/1.4.200/h2-1.4.200.jar:/home/marley/.m2/repository/com/tngtech/archunit/archunit/0.13.1/archunit-0.13.1.jar:/home/marley/.m2/repository/org/slf4j/slf4j-api/1.7.25/slf4j-api-1.7.25.jar:/home/marley/.m2/repository/ru/diasoft/micro/archetype-tests/1.01.07-21072801/archetype-tests-1.01.07-21072801.jar:/home/marley/.m2/repository/ru/diasoft/micro/reactive-starter/1.19.01-21032201/reactive-starter-1.19.01-21032201.jar:/home/marley/.m2/repository/org/springframework/boot/spring-boot-starter-webflux/2.5.4/spring-boot-starter-webflux-2.5.4.jar:/home/marley/.m2/repository/org/springframework/boot/spring-boot-starter-reactor-netty/2.5.4/spring-boot-starter-reactor-netty-2.5.4.jar:/home/marley/.m2/repository/io/projectreactor/netty/reactor-netty-http/1.0.10/reactor-netty-http-1.0.10.jar:/home/marley/.m2/repository/io/netty/netty-codec-http/4.1.67.Final/netty-codec-http-4.1.67.Final.jar:/home/marley/.m2/repository/io/netty/netty-common/4.1.67.Final/netty-common-4.1.67.Final.jar:/home/marley/.m2/repository/io/netty/netty-buffer/4.1.67.Final/netty-buffer-4.1.67.Final.jar:/home/marley/.m2/repository/io/netty/netty-transport/4.1.67.Final/netty-transport-4.1.67.Final.jar:/home/marley/.m2/repository/io/netty/netty-codec/4.1.67.Final/netty-codec-4.1.67.Final.jar:/home/marley/.m2/repository/io/netty/netty-handler/4.1.67.Final/netty-handler-4.1.67.Final.jar:/home/marley/.m2/repository/io/netty/netty-codec-http2/4.1.67.Final/netty-codec-http2-4.1.67.Final.jar:/home/marley/.m2/repository/io/netty/netty-resolver-dns/4.1.67.Final/netty-resolver-dns-4.1.67.Final.jar:/home/marley/.m2/repository/io/netty/netty-resolver/4.1.67.Final/netty-resolver-4.1.67.Final.jar:/home/marley/.m2/repository/io/netty/netty-codec-dns/4.1.67.Final/netty-codec-dns-4.1.67.Final.jar:/home/marley/.m2/repository/io/netty/netty-resolver-dns-native-macos/4.1.67.Final/netty-resolver-dns-native-macos-4.1.67.Final-osx-x86_64.jar:/home/marley/.m2/repository/io/netty/netty-transport-native-unix-common/4.1.67.Final/netty-transport-native-unix-common-4.1.67.Final.jar:/home/marley/.m2/repository/io/netty/netty-transport-native-epoll/4.1.67.Final/netty-transport-native-epoll-4.1.67.Final-linux-x86_64.jar:/home/marley/.m2/repository/io/projectreactor/netty/reactor-netty-core/1.0.10/reactor-netty-core-1.0.10.jar:/home/marley/.m2/repository/io/netty/netty-handler-proxy/4.1.67.Final/netty-handler-proxy-4.1.67.Final.jar:/home/marley/.m2/repository/io/netty/netty-codec-socks/4.1.67.Final/netty-codec-socks-4.1.67.Final.jar:/home/marley/.m2/repository/org/springframework/spring-webflux/5.3.9/spring-webflux-5.3.9.jar:/home/marley/.m2/repository/ru/diasoft/micro/rest-starter/2.03.02-22042201/rest-starter-2.03.02-22042201.jar:/home/marley/.m2/repository/ru/diasoft/flextera/dstrace-spring-boot-starter-rest/4.01.04-22010401/dstrace-spring-boot-starter-rest-4.01.04-22010401.jar:/home/marley/.m2/repository/org/springframework/boot/spring-boot-starter-actuator/2.5.4/spring-boot-starter-actuator-2.5.4.jar:/home/marley/.m2/repository/org/springframework/boot/spring-boot-actuator-autoconfigure/2.5.4/spring-boot-actuator-autoconfigure-2.5.4.jar:/home/marley/.m2/repository/org/springframework/boot/spring-boot-actuator/2.5.4/spring-boot-actuator-2.5.4.jar:/home/marley/.m2/repository/org/springframework/cloud/spring-cloud-starter-oauth2/2.2.2.RELEASE/spring-cloud-starter-oauth2-2.2.2.RELEASE.jar:/home/marley/.m2/repository/org/springframework/cloud/spring-cloud-starter-security/2.2.2.RELEASE/spring-cloud-starter-security-2.2.2.RELEASE.jar:/home/marley/.m2/repository/org/springframework/cloud/spring-cloud-security/2.2.2.RELEASE/spring-cloud-security-2.2.2.RELEASE.jar:/home/marley/.m2/repository/org/springframework/boot/spring-boot-starter-security/2.5.4/spring-boot-starter-security-2.5.4.jar:/home/marley/.m2/repository/org/springframework/security/oauth/boot/spring-security-oauth2-autoconfigure/2.1.2.RELEASE/spring-security-oauth2-autoconfigure-2.1.2.RELEASE.jar:/home/marley/.m2/repository/com/sun/xml/bind/jaxb-core/2.3.0.1/jaxb-core-2.3.0.1.jar:/home/marley/.m2/repository/com/sun/xml/bind/jaxb-impl/2.3.0.1/jaxb-impl-2.3.0.1.jar:/home/marley/.m2/repository/org/springframework/security/spring-security-jwt/1.0.9.RELEASE/spring-security-jwt-1.0.9.RELEASE.jar:/home/marley/.m2/repository/ru/diasoft/micro/swagger-starter/2.03.02-22042201/swagger-starter-2.03.02-22042201.jar:/home/marley/.m2/repository/io/springfox/springfox-boot-starter/3.0.0/springfox-boot-starter-3.0.0.jar:/home/marley/.m2/repository/io/springfox/springfox-oas/3.0.0/springfox-oas-3.0.0.jar:/home/marley/.m2/repository/io/swagger/core/v3/swagger-annotations/2.1.2/swagger-annotations-2.1.2.jar:/home/marley/.m2/repository/io/swagger/core/v3/swagger-models/2.1.2/swagger-models-2.1.2.jar:/home/marley/.m2/repository/io/springfox/springfox-spi/3.0.0/springfox-spi-3.0.0.jar:/home/marley/.m2/repository/io/springfox/springfox-schema/3.0.0/springfox-schema-3.0.0.jar:/home/marley/.m2/repository/io/springfox/springfox-core/3.0.0/springfox-core-3.0.0.jar:/home/marley/.m2/repository/io/springfox/springfox-spring-web/3.0.0/springfox-spring-web-3.0.0.jar:/home/marley/.m2/repository/io/github/classgraph/classgraph/4.8.83/classgraph-4.8.83.jar:/home/marley/.m2/repository/io/springfox/springfox-spring-webmvc/3.0.0/springfox-spring-webmvc-3.0.0.jar:/home/marley/.m2/repository/io/springfox/springfox-spring-webflux/3.0.0/springfox-spring-webflux-3.0.0.jar:/home/marley/.m2/repository/io/springfox/springfox-swagger-common/3.0.0/springfox-swagger-common-3.0.0.jar:/home/marley/.m2/repository/io/springfox/springfox-data-rest/3.0.0/springfox-data-rest-3.0.0.jar:/home/marley/.m2/repository/io/springfox/springfox-bean-validators/3.0.0/springfox-bean-validators-3.0.0.jar:/home/marley/.m2/repository/io/springfox/springfox-swagger2/3.0.0/springfox-swagger2-3.0.0.jar:/home/marley/.m2/repository/io/swagger/swagger-models/1.5.20/swagger-models-1.5.20.jar:/home/marley/.m2/repository/io/springfox/springfox-swagger-ui/3.0.0/springfox-swagger-ui-3.0.0.jar:/home/marley/.m2/repository/com/fasterxml/classmate/1.5.1/classmate-1.5.1.jar:/home/marley/.m2/repository/org/springframework/plugin/spring-plugin-core/2.0.0.RELEASE/spring-plugin-core-2.0.0.RELEASE.jar:/home/marley/.m2/repository/org/springframework/plugin/spring-plugin-metadata/2.0.0.RELEASE/spring-plugin-metadata-2.0.0.RELEASE.jar:/home/marley/.m2/repository/de/codecentric/chaos-monkey-spring-boot/2.2.0/chaos-monkey-spring-boot-2.2.0.jar:/home/marley/.m2/repository/org/springframework/spring-aspects/5.3.9/spring-aspects-5.3.9.jar:/home/marley/.m2/repository/org/springframework/spring-instrument/5.3.9/spring-instrument-5.3.9.jar:/home/marley/.m2/repository/org/aspectj/aspectjweaver/1.9.7/aspectjweaver-1.9.7.jar:/home/marley/.m2/repository/org/springframework/boot/spring-boot-configuration-processor/2.5.4/spring-boot-configuration-processor-2.5.4.jar:"/>
    <property name="git.branch" value="master"/>
    <property name="git.build.host" value="workstation"/>
    <property name="java.vm.vendor" value="Oracle Corporation"/>
    <property name="sun.arch.data.model" value="64"/>
    <property name="git.commit.id" value="efdceb91087c5c91a5abc88c02bc6f7bb2faa940"/>
    <property name="java.vendor.url" value="http://java.oracle.com/"/>
    <property name="user.timezone" value="Europe/Moscow"/>
    <property name="os.name" value="Linux"/>
    <property name="java.vm.specification.version" value="1.8"/>
    <property name="git.commit.author.time" value="2022-06-27T23:17:38+0300"/>
    <property name="sun.java.launcher" value="SUN_STANDARD"/>
    <property name="git.build.user.name" value="webmak1"/>
    <property name="user.country" value="US"/>
    <property name="sun.boot.library.path" value="/opt/jdk1.8.0_321/jre/lib/amd64"/>
    <property name="sun.java.command" value="/home/marley/projects/dev/diasoft/diasoft-microservices-spring-basics/apps/app13/demo/service/target/surefire/surefirebooter4720730269024707024.jar /home/marley/projects/dev/diasoft/diasoft-microservices-spring-basics/apps/app13/demo/service/target/surefire 2022-06-27T23-18-13_414-jvmRun1 surefire457802685403817997tmp surefire_05706879317584042038tmp"/>
    <property name="surefire.test.class.path" value="/home/marley/projects/dev/diasoft/diasoft-microservices-spring-basics/apps/app13/demo/service/target/test-classes:/home/marley/projects/dev/diasoft/diasoft-microservices-spring-basics/apps/app13/demo/service/target/classes:/home/marley/.m2/repository/org/springframework/boot/spring-boot-starter/2.5.4/spring-boot-starter-2.5.4.jar:/home/marley/.m2/repository/org/springframework/boot/spring-boot/2.5.4/spring-boot-2.5.4.jar:/home/marley/.m2/repository/org/springframework/spring-context/5.3.9/spring-context-5.3.9.jar:/home/marley/.m2/repository/org/springframework/boot/spring-boot-autoconfigure/2.5.4/spring-boot-autoconfigure-2.5.4.jar:/home/marley/.m2/repository/jakarta/annotation/jakarta.annotation-api/1.3.5/jakarta.annotation-api-1.3.5.jar:/home/marley/.m2/repository/org/springframework/spring-core/5.3.9/spring-core-5.3.9.jar:/home/marley/.m2/repository/org/springframework/spring-jcl/5.3.9/spring-jcl-5.3.9.jar:/home/marley/.m2/repository/org/yaml/snakeyaml/1.28/snakeyaml-1.28.jar:/home/marley/.m2/repository/ru/diasoft/micro/core-starter/2.03.02-22042201/core-starter-2.03.02-22042201.jar:/home/marley/.m2/repository/org/springframework/boot/spring-boot-starter-json/2.5.4/spring-boot-starter-json-2.5.4.jar:/home/marley/.m2/repository/com/fasterxml/jackson/datatype/jackson-datatype-jdk8/2.12.4/jackson-datatype-jdk8-2.12.4.jar:/home/marley/.m2/repository/com/fasterxml/jackson/datatype/jackson-datatype-jsr310/2.12.4/jackson-datatype-jsr310-2.12.4.jar:/home/marley/.m2/repository/com/fasterxml/jackson/module/jackson-module-parameter-names/2.12.4/jackson-module-parameter-names-2.12.4.jar:/home/marley/.m2/repository/ru/diasoft/digitalq/dslogging-spring-boot-starter/1.06.03-22020901/dslogging-spring-boot-starter-1.06.03-22020901.jar:/home/marley/.m2/repository/ru/diasoft/digitalq/dslogging/1.06.03-22020901/dslogging-1.06.03-22020901.jar:/home/marley/.m2/repository/ru/diasoft/digitalq/dslogging-log4j2/1.06.03-22020901/dslogging-log4j2-1.06.03-22020901.jar:/home/marley/.m2/repository/ru/diasoft/flextera/dstrace/4.01.04-22010401/dstrace-4.01.04-22010401.jar:/home/marley/.m2/repository/commons-io/commons-io/2.5/commons-io-2.5.jar:/home/marley/.m2/repository/com/lmax/disruptor/3.4.2/disruptor-3.4.2.jar:/home/marley/.m2/repository/org/apache/kafka/kafka-clients/2.7.1/kafka-clients-2.7.1.jar:/home/marley/.m2/repository/com/github/luben/zstd-jni/1.4.5-6/zstd-jni-1.4.5-6.jar:/home/marley/.m2/repository/org/lz4/lz4-java/1.7.1/lz4-java-1.7.1.jar:/home/marley/.m2/repository/org/xerial/snappy/snappy-java/1.1.7.7/snappy-java-1.1.7.7.jar:/home/marley/.m2/repository/biz/paluch/logging/logstash-gelf/1.14.0/logstash-gelf-1.14.0.jar:/home/marley/.m2/repository/org/apache/logging/log4j/log4j-api/2.17.1/log4j-api-2.17.1.jar:/home/marley/.m2/repository/org/apache/logging/log4j/log4j-slf4j-impl/2.17.1/log4j-slf4j-impl-2.17.1.jar:/home/marley/.m2/repository/org/apache/logging/log4j/log4j-jul/2.17.1/log4j-jul-2.17.1.jar:/home/marley/.m2/repository/org/apache/logging/log4j/log4j-spring-cloud-config-client/2.17.1/log4j-spring-cloud-config-client-2.17.1.jar:/home/marley/.m2/repository/org/apache/logging/log4j/log4j-spring-boot/2.17.1/log4j-spring-boot-2.17.1.jar:/home/marley/.m2/repository/org/springframework/cloud/spring-cloud-starter-bootstrap/3.0.3/spring-cloud-starter-bootstrap-3.0.3.jar:/home/marley/.m2/repository/org/springframework/cloud/spring-cloud-config-client/3.0.4/spring-cloud-config-client-3.0.4.jar:/home/marley/.m2/repository/commons-logging/commons-logging/1.2/commons-logging-1.2.jar:/home/marley/.m2/repository/org/apache/logging/log4j/log4j-docker/2.17.1/log4j-docker-2.17.1.jar:/home/marley/.m2/repository/org/apache/commons/commons-lang3/3.12.0/commons-lang3-3.12.0.jar:/home/marley/.m2/repository/ru/diasoft/micro/jpa-starter/2.03.02-22042201/jpa-starter-2.03.02-22042201.jar:/home/marley/.m2/repository/org/springframework/boot/spring-boot-starter-data-jpa/2.5.4/spring-boot-starter-data-jpa-2.5.4.jar:/home/marley/.m2/repository/org/springframework/boot/spring-boot-starter-jdbc/2.5.4/spring-boot-starter-jdbc-2.5.4.jar:/home/marley/.m2/repository/com/zaxxer/HikariCP/4.0.3/HikariCP-4.0.3.jar:/home/marley/.m2/repository/org/springframework/spring-jdbc/5.3.9/spring-jdbc-5.3.9.jar:/home/marley/.m2/repository/jakarta/transaction/jakarta.transaction-api/1.3.3/jakarta.transaction-api-1.3.3.jar:/home/marley/.m2/repository/jakarta/persistence/jakarta.persistence-api/2.2.3/jakarta.persistence-api-2.2.3.jar:/home/marley/.m2/repository/org/hibernate/hibernate-core/5.4.32.Final/hibernate-core-5.4.32.Final.jar:/home/marley/.m2/repository/org/jboss/logging/jboss-logging/3.4.2.Final/jboss-logging-3.4.2.Final.jar:/home/marley/.m2/repository/org/javassist/javassist/3.23.2-GA/javassist-3.23.2-GA.jar:/home/marley/.m2/repository/antlr/antlr/2.7.7/antlr-2.7.7.jar:/home/marley/.m2/repository/org/jboss/jandex/2.2.3.Final/jandex-2.2.3.Final.jar:/home/marley/.m2/repository/org/dom4j/dom4j/2.1.3/dom4j-2.1.3.jar:/home/marley/.m2/repository/org/hibernate/common/hibernate-commons-annotations/5.1.2.Final/hibernate-commons-annotations-5.1.2.Final.jar:/home/marley/.m2/repository/org/springframework/data/spring-data-jpa/2.5.4/spring-data-jpa-2.5.4.jar:/home/marley/.m2/repository/org/springframework/data/spring-data-commons/2.5.4/spring-data-commons-2.5.4.jar:/home/marley/.m2/repository/org/springframework/spring-orm/5.3.9/spring-orm-5.3.9.jar:/home/marley/.m2/repository/org/springframework/spring-tx/5.3.9/spring-tx-5.3.9.jar:/home/marley/.m2/repository/ru/diasoft/flextera/dstrace-spring-boot-starter-jpa/4.01.04-22010401/dstrace-spring-boot-starter-jpa-4.01.04-22010401.jar:/home/marley/.m2/repository/ru/diasoft/flextera/dstrace-spring-boot-starter/4.01.04-22010401/dstrace-spring-boot-starter-4.01.04-22010401.jar:/home/marley/.m2/repository/ru/diasoft/flextera/dstrace-brave/4.01.04-22010401/dstrace-brave-4.01.04-22010401.jar:/home/marley/.m2/repository/io/zipkin/brave/brave/5.13.2/brave-5.13.2.jar:/home/marley/.m2/repository/io/zipkin/reporter2/zipkin-reporter-brave/2.16.1/zipkin-reporter-brave-2.16.1.jar:/home/marley/.m2/repository/org/springframework/cloud/spring-cloud-starter-zipkin/2.2.3.RELEASE/spring-cloud-starter-zipkin-2.2.3.RELEASE.jar:/home/marley/.m2/repository/org/springframework/cloud/spring-cloud-starter-sleuth/3.0.3/spring-cloud-starter-sleuth-3.0.3.jar:/home/marley/.m2/repository/org/springframework/cloud/spring-cloud-sleuth-autoconfigure/3.0.3/spring-cloud-sleuth-autoconfigure-3.0.3.jar:/home/marley/.m2/repository/org/aspectj/aspectjrt/1.9.7/aspectjrt-1.9.7.jar:/home/marley/.m2/repository/org/springframework/cloud/spring-cloud-sleuth-brave/3.0.3/spring-cloud-sleuth-brave-3.0.3.jar:/home/marley/.m2/repository/io/zipkin/brave/brave-context-slf4j/5.13.2/brave-context-slf4j-5.13.2.jar:/home/marley/.m2/repository/io/zipkin/brave/brave-instrumentation-messaging/5.13.2/brave-instrumentation-messaging-5.13.2.jar:/home/marley/.m2/repository/io/zipkin/brave/brave-instrumentation-rpc/5.13.2/brave-instrumentation-rpc-5.13.2.jar:/home/marley/.m2/repository/io/zipkin/brave/brave-instrumentation-spring-rabbit/5.13.2/brave-instrumentation-spring-rabbit-5.13.2.jar:/home/marley/.m2/repository/io/zipkin/brave/brave-instrumentation-kafka-clients/5.13.2/brave-instrumentation-kafka-clients-5.13.2.jar:/home/marley/.m2/repository/io/zipkin/brave/brave-instrumentation-kafka-streams/5.13.2/brave-instrumentation-kafka-streams-5.13.2.jar:/home/marley/.m2/repository/io/zipkin/brave/brave-instrumentation-httpclient/5.13.2/brave-instrumentation-httpclient-5.13.2.jar:/home/marley/.m2/repository/io/zipkin/brave/brave-instrumentation-http/5.13.2/brave-instrumentation-http-5.13.2.jar:/home/marley/.m2/repository/io/zipkin/brave/brave-instrumentation-httpasyncclient/5.13.2/brave-instrumentation-httpasyncclient-5.13.2.jar:/home/marley/.m2/repository/io/zipkin/brave/brave-instrumentation-jms/5.13.2/brave-instrumentation-jms-5.13.2.jar:/home/marley/.m2/repository/io/zipkin/brave/brave-instrumentation-mongodb/5.13.2/brave-instrumentation-mongodb-5.13.2.jar:/home/marley/.m2/repository/io/zipkin/aws/brave-propagation-aws/0.21.3/brave-propagation-aws-0.21.3.jar:/home/marley/.m2/repository/io/zipkin/reporter2/zipkin-reporter-metrics-micrometer/2.16.1/zipkin-reporter-metrics-micrometer-2.16.1.jar:/home/marley/.m2/repository/org/springframework/cloud/spring-cloud-sleuth-zipkin/3.0.3/spring-cloud-sleuth-zipkin-3.0.3.jar:/home/marley/.m2/repository/org/springframework/cloud/spring-cloud-sleuth-instrumentation/3.0.3/spring-cloud-sleuth-instrumentation-3.0.3.jar:/home/marley/.m2/repository/org/springframework/cloud/spring-cloud-sleuth-api/3.0.3/spring-cloud-sleuth-api-3.0.3.jar:/home/marley/.m2/repository/io/zipkin/zipkin2/zipkin/2.23.0/zipkin-2.23.0.jar:/home/marley/.m2/repository/io/zipkin/reporter2/zipkin-reporter/2.16.1/zipkin-reporter-2.16.1.jar:/home/marley/.m2/repository/io/zipkin/reporter2/zipkin-sender-kafka/2.16.1/zipkin-sender-kafka-2.16.1.jar:/home/marley/.m2/repository/io/zipkin/reporter2/zipkin-sender-activemq-client/2.16.1/zipkin-sender-activemq-client-2.16.1.jar:/home/marley/.m2/repository/io/zipkin/reporter2/zipkin-sender-amqp-client/2.16.1/zipkin-sender-amqp-client-2.16.1.jar:/home/marley/.m2/repository/net/ttddyy/datasource-proxy/1.7/datasource-proxy-1.7.jar:/home/marley/.m2/repository/com/querydsl/querydsl-apt/4.4.0/querydsl-apt-4.4.0.jar:/home/marley/.m2/repository/com/querydsl/querydsl-jpa/4.4.0/querydsl-jpa-4.4.0.jar:/home/marley/.m2/repository/com/querydsl/querydsl-core/4.4.0/querydsl-core-4.4.0.jar:/home/marley/.m2/repository/com/google/code/findbugs/jsr305/1.3.9/jsr305-1.3.9.jar:/home/marley/.m2/repository/com/mysema/commons/mysema-commons-lang/0.2.4/mysema-commons-lang-0.2.4.jar:/home/marley/.m2/repository/com/infradna/tool/bridge-method-annotation/1.13/bridge-method-annotation-1.13.jar:/home/marley/.m2/repository/javax/inject/javax.inject/1/javax.inject-1.jar:/home/marley/.m2/repository/com/querydsl/querydsl-codegen/4.2.2/querydsl-codegen-4.2.2.jar:/home/marley/.m2/repository/com/mysema/codegen/codegen/0.6.8/codegen-0.6.8.jar:/home/marley/.m2/repository/org/eclipse/jdt/core/compiler/ecj/4.3.1/ecj-4.3.1.jar:/home/marley/.m2/repository/org/reflections/reflections/0.9.9/reflections-0.9.9.jar:/home/marley/.m2/repository/com/google/code/findbugs/annotations/2.0.1/annotations-2.0.1.jar:/home/marley/.m2/repository/ru/diasoft/micro/mdp/lib/mdpquerydsl/9.04.06-21060101/mdpquerydsl-9.04.06-21060101.jar:/home/marley/.m2/repository/com/querydsl/querydsl-collections/4.4.0/querydsl-collections-4.4.0.jar:/home/marley/.m2/repository/org/apache/commons/commons-collections4/4.3/commons-collections4-4.3.jar:/home/marley/.m2/repository/com/google/guava/guava/29.0-android/guava-29.0-android.jar:/home/marley/.m2/repository/com/google/guava/failureaccess/1.0.1/failureaccess-1.0.1.jar:/home/marley/.m2/repository/com/google/guava/listenablefuture/9999.0-empty-to-avoid-conflict-with-guava/listenablefuture-9999.0-empty-to-avoid-conflict-with-guava.jar:/home/marley/.m2/repository/org/checkerframework/checker-compat-qual/2.5.5/checker-compat-qual-2.5.5.jar:/home/marley/.m2/repository/com/google/errorprone/error_prone_annotations/2.3.4/error_prone_annotations-2.3.4.jar:/home/marley/.m2/repository/com/google/j2objc/j2objc-annotations/1.3/j2objc-annotations-1.3.jar:/home/marley/.m2/repository/org/postgresql/postgresql/42.3.1/postgresql-42.3.1.jar:/home/marley/.m2/repository/org/checkerframework/checker-qual/3.5.0/checker-qual-3.5.0.jar:/home/marley/.m2/repository/net/sourceforge/jtds/jtds/1.3.1/jtds-1.3.1.jar:/home/marley/.m2/repository/com/oracle/database/jdbc/ojdbc8/21.4.0.0.1/ojdbc8-21.4.0.0.1.jar:/home/marley/.m2/repository/com/oracle/ojdbc/orai18n/19.3.0.0/orai18n-19.3.0.0.jar:/home/marley/.m2/repository/com/oracle/database/nls/orai18n/21.4.0.0.1/orai18n-21.4.0.0.1.jar:/home/marley/.m2/repository/ru/diasoft/micro/stream-kafka-starter/2.03.02-22042201/stream-kafka-starter-2.03.02-22042201.jar:/home/marley/.m2/repository/org/springframework/cloud/spring-cloud-starter-stream-kafka/3.1.3/spring-cloud-starter-stream-kafka-3.1.3.jar:/home/marley/.m2/repository/org/springframework/cloud/spring-cloud-stream-binder-kafka/3.1.3/spring-cloud-stream-binder-kafka-3.1.3.jar:/home/marley/.m2/repository/org/springframework/cloud/spring-cloud-stream-binder-kafka-core/3.1.3/spring-cloud-stream-binder-kafka-core-3.1.3.jar:/home/marley/.m2/repository/org/springframework/integration/spring-integration-kafka/5.5.3/spring-integration-kafka-5.5.3.jar:/home/marley/.m2/repository/org/springframework/cloud/spring-cloud-stream/3.1.3/spring-cloud-stream-3.1.3.jar:/home/marley/.m2/repository/org/springframework/spring-messaging/5.3.9/spring-messaging-5.3.9.jar:/home/marley/.m2/repository/org/springframework/integration/spring-integration-core/5.5.3/spring-integration-core-5.5.3.jar:/home/marley/.m2/repository/org/springframework/integration/spring-integration-jmx/5.5.3/spring-integration-jmx-5.5.3.jar:/home/marley/.m2/repository/org/springframework/retry/spring-retry/1.3.1/spring-retry-1.3.1.jar:/home/marley/.m2/repository/org/springframework/cloud/spring-cloud-function-context/3.1.3/spring-cloud-function-context-3.1.3.jar:/home/marley/.m2/repository/net/jodah/typetools/0.6.2/typetools-0.6.2.jar:/home/marley/.m2/repository/org/springframework/cloud/spring-cloud-function-core/3.1.3/spring-cloud-function-core-3.1.3.jar:/home/marley/.m2/repository/org/springframework/kafka/spring-kafka/2.7.6/spring-kafka-2.7.6.jar:/home/marley/.m2/repository/ru/diasoft/flextera/dstrace-spring-boot-starter-cloud-stream/4.01.04-22010401/dstrace-spring-boot-starter-cloud-stream-4.01.04-22010401.jar:/home/marley/.m2/repository/ru/diasoft/micro/feign-starter/2.03.02-22042201/feign-starter-2.03.02-22042201.jar:/home/marley/.m2/repository/org/springframework/cloud/spring-cloud-starter-openfeign/3.0.3/spring-cloud-starter-openfeign-3.0.3.jar:/home/marley/.m2/repository/org/springframework/cloud/spring-cloud-openfeign-core/3.0.3/spring-cloud-openfeign-core-3.0.3.jar:/home/marley/.m2/repository/io/github/openfeign/form/feign-form-spring/3.8.0/feign-form-spring-3.8.0.jar:/home/marley/.m2/repository/io/github/openfeign/form/feign-form/3.8.0/feign-form-3.8.0.jar:/home/marley/.m2/repository/commons-fileupload/commons-fileupload/1.4/commons-fileupload-1.4.jar:/home/marley/.m2/repository/org/springframework/cloud/spring-cloud-commons/3.0.3/spring-cloud-commons-3.0.3.jar:/home/marley/.m2/repository/io/github/openfeign/feign-core/10.12/feign-core-10.12.jar:/home/marley/.m2/repository/io/github/openfeign/feign-slf4j/10.12/feign-slf4j-10.12.jar:/home/marley/.m2/repository/ru/diasoft/flextera/dstrace-spring-boot-starter-feign/4.01.04-22010401/dstrace-spring-boot-starter-feign-4.01.04-22010401.jar:/home/marley/.m2/repository/org/springframework/security/oauth/spring-security-oauth2/2.5.1.RELEASE/spring-security-oauth2-2.5.1.RELEASE.jar:/home/marley/.m2/repository/org/springframework/spring-beans/5.3.9/spring-beans-5.3.9.jar:/home/marley/.m2/repository/org/springframework/spring-webmvc/5.3.9/spring-webmvc-5.3.9.jar:/home/marley/.m2/repository/org/springframework/security/spring-security-config/5.5.2/spring-security-config-5.5.2.jar:/home/marley/.m2/repository/ru/diasoft/micro/mdp/lib/mdpribbon/9.05.01-22020201-spring-254/mdpribbon-9.05.01-22020201-spring-254.jar:/home/marley/.m2/repository/ru/diasoft/micro/mdp/lib/mdpcache/9.05.01-21122301/mdpcache-9.05.01-21122301.jar:/home/marley/.m2/repository/org/springframework/cloud/spring-cloud-loadbalancer/3.0.3/spring-cloud-loadbalancer-3.0.3.jar:/home/marley/.m2/repository/org/springframework/cloud/spring-cloud-context/3.0.3/spring-cloud-context-3.0.3.jar:/home/marley/.m2/repository/org/springframework/boot/spring-boot-starter-validation/2.5.4/spring-boot-starter-validation-2.5.4.jar:/home/marley/.m2/repository/org/apache/tomcat/embed/tomcat-embed-el/9.0.52/tomcat-embed-el-9.0.52.jar:/home/marley/.m2/repository/org/hibernate/validator/hibernate-validator/6.2.0.Final/hibernate-validator-6.2.0.Final.jar:/home/marley/.m2/repository/jakarta/validation/jakarta.validation-api/2.0.2/jakarta.validation-api-2.0.2.jar:/home/marley/.m2/repository/io/projectreactor/reactor-core/3.4.9/reactor-core-3.4.9.jar:/home/marley/.m2/repository/org/reactivestreams/reactive-streams/1.0.3/reactive-streams-1.0.3.jar:/home/marley/.m2/repository/io/projectreactor/addons/reactor-extra/3.4.4/reactor-extra-3.4.4.jar:/home/marley/.m2/repository/org/springframework/cloud/spring-cloud-netflix-eureka-client/3.0.3/spring-cloud-netflix-eureka-client-3.0.3.jar:/home/marley/.m2/repository/com/netflix/eureka/eureka-client/1.10.14/eureka-client-1.10.14.jar:/home/marley/.m2/repository/com/netflix/netflix-commons/netflix-eventbus/0.3.0/netflix-eventbus-0.3.0.jar:/home/marley/.m2/repository/com/netflix/netflix-commons/netflix-infix/0.3.0/netflix-infix-0.3.0.jar:/home/marley/.m2/repository/commons-jxpath/commons-jxpath/1.3/commons-jxpath-1.3.jar:/home/marley/.m2/repository/org/antlr/antlr-runtime/3.4/antlr-runtime-3.4.jar:/home/marley/.m2/repository/org/antlr/stringtemplate/3.2.1/stringtemplate-3.2.1.jar:/home/marley/.m2/repository/org/apache/commons/commons-math/2.2/commons-math-2.2.jar:/home/marley/.m2/repository/com/thoughtworks/xstream/xstream/1.4.18/xstream-1.4.18.jar:/home/marley/.m2/repository/io/github/x-stream/mxparser/1.2.2/mxparser-1.2.2.jar:/home/marley/.m2/repository/xmlpull/xmlpull/1.1.3.1/xmlpull-1.1.3.1.jar:/home/marley/.m2/repository/javax/ws/rs/jsr311-api/1.1.1/jsr311-api-1.1.1.jar:/home/marley/.m2/repository/com/netflix/servo/servo-core/0.12.21/servo-core-0.12.21.jar:/home/marley/.m2/repository/com/sun/jersey/jersey-core/1.19.4/jersey-core-1.19.4.jar:/home/marley/.m2/repository/com/sun/jersey/jersey-client/1.19.4/jersey-client-1.19.4.jar:/home/marley/.m2/repository/com/sun/jersey/contribs/jersey-apache-client4/1.19.1/jersey-apache-client4-1.19.1.jar:/home/marley/.m2/repository/commons-configuration/commons-configuration/1.10/commons-configuration-1.10.jar:/home/marley/.m2/repository/commons-lang/commons-lang/2.6/commons-lang-2.6.jar:/home/marley/.m2/repository/com/google/inject/guice/4.1.0/guice-4.1.0.jar:/home/marley/.m2/repository/aopalliance/aopalliance/1.0/aopalliance-1.0.jar:/home/marley/.m2/repository/com/fasterxml/jackson/core/jackson-core/2.12.4/jackson-core-2.12.4.jar:/home/marley/.m2/repository/org/codehaus/jettison/jettison/1.4.0/jettison-1.4.0.jar:/home/marley/.m2/repository/io/kubernetes/client-java/8.0.2/client-java-8.0.2.jar:/home/marley/.m2/repository/io/kubernetes/client-java-api/8.0.2/client-java-api-8.0.2.jar:/home/marley/.m2/repository/io/sundr/builder-annotations/0.21.0/builder-annotations-0.21.0.jar:/home/marley/.m2/repository/io/sundr/sundr-core/0.21.0/sundr-core-0.21.0.jar:/home/marley/.m2/repository/io/sundr/sundr-codegen/0.21.0/sundr-codegen-0.21.0.jar:/home/marley/.m2/repository/io/sundr/resourcecify-annotations/0.21.0/resourcecify-annotations-0.21.0.jar:/home/marley/.m2/repository/javax/annotation/javax.annotation-api/1.3.2/javax.annotation-api-1.3.2.jar:/home/marley/.m2/repository/io/swagger/swagger-annotations/1.5.22/swagger-annotations-1.5.22.jar:/home/marley/.m2/repository/com/squareup/okhttp3/okhttp/3.14.9/okhttp-3.14.9.jar:/home/marley/.m2/repository/com/squareup/okio/okio/1.17.2/okio-1.17.2.jar:/home/marley/.m2/repository/com/squareup/okhttp3/logging-interceptor/3.14.9/logging-interceptor-3.14.9.jar:/home/marley/.m2/repository/com/google/code/gson/gson/2.8.7/gson-2.8.7.jar:/home/marley/.m2/repository/io/gsonfire/gson-fire/1.8.3/gson-fire-1.8.3.jar:/home/marley/.m2/repository/joda-time/joda-time/2.10.5/joda-time-2.10.5.jar:/home/marley/.m2/repository/org/joda/joda-convert/1.2/joda-convert-1.2.jar:/home/marley/.m2/repository/io/kubernetes/client-java-proto/8.0.2/client-java-proto-8.0.2.jar:/home/marley/.m2/repository/org/apache/commons/commons-compress/1.19/commons-compress-1.19.jar:/home/marley/.m2/repository/org/bouncycastle/bcprov-ext-jdk15on/1.64/bcprov-ext-jdk15on-1.64.jar:/home/marley/.m2/repository/org/bouncycastle/bcpkix-jdk15on/1.60/bcpkix-jdk15on-1.60.jar:/home/marley/.m2/repository/org/bouncycastle/bcprov-jdk15on/1.60/bcprov-jdk15on-1.60.jar:/home/marley/.m2/repository/com/google/protobuf/protobuf-java/3.11.4/protobuf-java-3.11.4.jar:/home/marley/.m2/repository/org/bitbucket/b_c/jose4j/0.7.0/jose4j-0.7.0.jar:/home/marley/.m2/repository/org/apache/logging/log4j/log4j-core/2.17.1/log4j-core-2.17.1.jar:/home/marley/.m2/repository/org/apache/httpcomponents/httpclient/4.5.13/httpclient-4.5.13.jar:/home/marley/.m2/repository/org/apache/httpcomponents/httpcore/4.4.14/httpcore-4.4.14.jar:/home/marley/.m2/repository/org/projectlombok/lombok/1.18.20/lombok-1.18.20.jar:/home/marley/.m2/repository/ru/diasoft/digitalq/libs/dqapiexception/1.03.01-21041301/dqapiexception-1.03.01-21041301.jar:/home/marley/.m2/repository/org/springframework/spring-web/5.3.9/spring-web-5.3.9.jar:/home/marley/.m2/repository/com/fasterxml/jackson/core/jackson-databind/2.12.4/jackson-databind-2.12.4.jar:/home/marley/.m2/repository/javax/validation/validation-api/2.0.1.Final/validation-api-2.0.1.Final.jar:/home/marley/.m2/repository/ru/diasoft/micro/mdp/lib/qpermissioncontrol/9.06.01-22041101/qpermissioncontrol-9.06.01-22041101.jar:/home/marley/.m2/repository/org/springframework/boot/spring-boot-starter-web/2.5.4/spring-boot-starter-web-2.5.4.jar:/home/marley/.m2/repository/org/springframework/boot/spring-boot-starter-tomcat/2.5.4/spring-boot-starter-tomcat-2.5.4.jar:/home/marley/.m2/repository/org/apache/tomcat/embed/tomcat-embed-core/9.0.52/tomcat-embed-core-9.0.52.jar:/home/marley/.m2/repository/org/apache/tomcat/embed/tomcat-embed-websocket/9.0.52/tomcat-embed-websocket-9.0.52.jar:/home/marley/.m2/repository/com/fasterxml/jackson/core/jackson-annotations/2.12.4/jackson-annotations-2.12.4.jar:/home/marley/.m2/repository/com/googlecode/json-simple/json-simple/1.1.1/json-simple-1.1.1.jar:/home/marley/.m2/repository/org/json/json/20190722/json-20190722.jar:/home/marley/.m2/repository/org/bouncycastle/bcprov-jdk15/1.44/bcprov-jdk15-1.44.jar:/home/marley/.m2/repository/ru/diasoft/micro/mdp/lib/mdpexception/9.06.01-22031801/mdpexception-9.06.01-22031801.jar:/home/marley/.m2/repository/log4j/log4j/1.2.17-18112601/log4j-1.2.17-18112601.jar:/home/marley/.m2/repository/ru/diasoft/micro/mdp/lib/mdpid/9.07.01-22042201/mdpid-9.07.01-22042201.jar:/home/marley/.m2/repository/org/wso2/balana/org.wso2.balana/1.2.12.1/org.wso2.balana-1.2.12.1.jar:/home/marley/.m2/repository/org/wso2/balana/org.wso2.balana.utils/1.2.12.1/org.wso2.balana.utils-1.2.12.1.jar:/home/marley/.m2/repository/org/ops4j/pax/logging/pax-logging-api/1.10.1/pax-logging-api-1.10.1.jar:/home/marley/.m2/repository/xerces/wso2/xercesImpl/2.8.1.wso2v2/xercesImpl-2.8.1.wso2v2.jar:/home/marley/.m2/repository/ru/diasoft/micro/mdp/lib/mdpauditlib/9.05.01-21122301/mdpauditlib-9.05.01-21122301.jar:/home/marley/.m2/repository/org/springframework/boot/spring-boot-starter-aop/2.5.4/spring-boot-starter-aop-2.5.4.jar:/home/marley/.m2/repository/org/springframework/spring-aop/5.3.9/spring-aop-5.3.9.jar:/home/marley/.m2/repository/commons-codec/commons-codec/1.15/commons-codec-1.15.jar:/home/marley/.m2/repository/com/ctc/wstx/stax/stax2-api/3.0.2/stax2-api-3.0.2.jar:/home/marley/.m2/repository/com/ctc/wstx/stax/woodstox-core-asl/4.0.8/woodstox-core-asl-4.0.8.jar:/home/marley/.m2/repository/ru/diasoft/micro/mdp/lib/mdpversionslib/9.05.01-21122301/mdpversionslib-9.05.01-21122301.jar:/home/marley/.m2/repository/org/springframework/boot/spring-boot-devtools/2.5.4/spring-boot-devtools-2.5.4.jar:/home/marley/.m2/repository/ru/diasoft/micro/micrometer-starter/2.03.02-22042201/micrometer-starter-2.03.02-22042201.jar:/home/marley/.m2/repository/io/micrometer/micrometer-core/1.7.3/micrometer-core-1.7.3.jar:/home/marley/.m2/repository/org/hdrhistogram/HdrHistogram/2.1.11/HdrHistogram-2.1.11.jar:/home/marley/.m2/repository/org/latencyutils/LatencyUtils/2.0.3/LatencyUtils-2.0.3.jar:/home/marley/.m2/repository/io/micrometer/micrometer-registry-prometheus/1.7.3/micrometer-registry-prometheus-1.7.3.jar:/home/marley/.m2/repository/io/prometheus/simpleclient_common/0.10.0/simpleclient_common-0.10.0.jar:/home/marley/.m2/repository/io/prometheus/simpleclient/0.10.0/simpleclient-0.10.0.jar:/home/marley/.m2/repository/org/mapstruct/mapstruct/1.3.1.Final/mapstruct-1.3.1.Final.jar:/home/marley/.m2/repository/org/junit/vintage/junit-vintage-engine/5.7.2/junit-vintage-engine-5.7.2.jar:/home/marley/.m2/repository/org/apiguardian/apiguardian-api/1.1.0/apiguardian-api-1.1.0.jar:/home/marley/.m2/repository/org/junit/platform/junit-platform-engine/1.7.2/junit-platform-engine-1.7.2.jar:/home/marley/.m2/repository/org/opentest4j/opentest4j/1.2.0/opentest4j-1.2.0.jar:/home/marley/.m2/repository/org/junit/platform/junit-platform-commons/1.7.2/junit-platform-commons-1.7.2.jar:/home/marley/.m2/repository/junit/junit/4.13.2/junit-4.13.2.jar:/home/marley/.m2/repository/org/springframework/boot/spring-boot-starter-test/2.5.4/spring-boot-starter-test-2.5.4.jar:/home/marley/.m2/repository/org/springframework/boot/spring-boot-test/2.5.4/spring-boot-test-2.5.4.jar:/home/marley/.m2/repository/org/springframework/boot/spring-boot-test-autoconfigure/2.5.4/spring-boot-test-autoconfigure-2.5.4.jar:/home/marley/.m2/repository/com/jayway/jsonpath/json-path/2.5.0/json-path-2.5.0.jar:/home/marley/.m2/repository/net/minidev/json-smart/2.4.7/json-smart-2.4.7.jar:/home/marley/.m2/repository/net/minidev/accessors-smart/2.4.7/accessors-smart-2.4.7.jar:/home/marley/.m2/repository/org/ow2/asm/asm/7.1/asm-7.1.jar:/home/marley/.m2/repository/jakarta/xml/bind/jakarta.xml.bind-api/2.3.3/jakarta.xml.bind-api-2.3.3.jar:/home/marley/.m2/repository/jakarta/activation/jakarta.activation-api/1.2.2/jakarta.activation-api-1.2.2.jar:/home/marley/.m2/repository/org/assertj/assertj-core/3.19.0/assertj-core-3.19.0.jar:/home/marley/.m2/repository/org/hamcrest/hamcrest/2.2/hamcrest-2.2.jar:/home/marley/.m2/repository/org/junit/jupiter/junit-jupiter/5.7.2/junit-jupiter-5.7.2.jar:/home/marley/.m2/repository/org/junit/jupiter/junit-jupiter-api/5.7.2/junit-jupiter-api-5.7.2.jar:/home/marley/.m2/repository/org/junit/jupiter/junit-jupiter-params/5.7.2/junit-jupiter-params-5.7.2.jar:/home/marley/.m2/repository/org/junit/jupiter/junit-jupiter-engine/5.7.2/junit-jupiter-engine-5.7.2.jar:/home/marley/.m2/repository/org/mockito/mockito-core/3.9.0/mockito-core-3.9.0.jar:/home/marley/.m2/repository/net/bytebuddy/byte-buddy/1.10.22/byte-buddy-1.10.22.jar:/home/marley/.m2/repository/net/bytebuddy/byte-buddy-agent/1.10.22/byte-buddy-agent-1.10.22.jar:/home/marley/.m2/repository/org/objenesis/objenesis/3.2/objenesis-3.2.jar:/home/marley/.m2/repository/org/mockito/mockito-junit-jupiter/3.9.0/mockito-junit-jupiter-3.9.0.jar:/home/marley/.m2/repository/org/skyscreamer/jsonassert/1.5.0/jsonassert-1.5.0.jar:/home/marley/.m2/repository/com/vaadin/external/google/android-json/0.0.20131108.vaadin1/android-json-0.0.20131108.vaadin1.jar:/home/marley/.m2/repository/org/springframework/spring-test/5.3.9/spring-test-5.3.9.jar:/home/marley/.m2/repository/org/xmlunit/xmlunit-core/2.8.2/xmlunit-core-2.8.2.jar:/home/marley/.m2/repository/org/springframework/cloud/spring-cloud-starter-netflix-eureka-server/3.0.3/spring-cloud-starter-netflix-eureka-server-3.0.3.jar:/home/marley/.m2/repository/org/springframework/cloud/spring-cloud-starter/3.0.3/spring-cloud-starter-3.0.3.jar:/home/marley/.m2/repository/org/springframework/security/spring-security-rsa/1.0.10.RELEASE/spring-security-rsa-1.0.10.RELEASE.jar:/home/marley/.m2/repository/org/springframework/cloud/spring-cloud-netflix-eureka-server/3.0.3/spring-cloud-netflix-eureka-server-3.0.3.jar:/home/marley/.m2/repository/org/springframework/boot/spring-boot-starter-freemarker/2.5.4/spring-boot-starter-freemarker-2.5.4.jar:/home/marley/.m2/repository/org/freemarker/freemarker/2.3.31/freemarker-2.3.31.jar:/home/marley/.m2/repository/org/springframework/spring-context-support/5.3.9/spring-context-support-5.3.9.jar:/home/marley/.m2/repository/com/sun/jersey/jersey-servlet/1.19.4/jersey-servlet-1.19.4.jar:/home/marley/.m2/repository/com/sun/jersey/jersey-server/1.19.4/jersey-server-1.19.4.jar:/home/marley/.m2/repository/com/netflix/eureka/eureka-core/1.10.14/eureka-core-1.10.14.jar:/home/marley/.m2/repository/com/fasterxml/woodstox/woodstox-core/6.1.1/woodstox-core-6.1.1.jar:/home/marley/.m2/repository/com/fasterxml/jackson/dataformat/jackson-dataformat-xml/2.12.4/jackson-dataformat-xml-2.12.4.jar:/home/marley/.m2/repository/com/fasterxml/jackson/module/jackson-module-jaxb-annotations/2.12.4/jackson-module-jaxb-annotations-2.12.4.jar:/home/marley/.m2/repository/org/codehaus/woodstox/stax2-api/4.2/stax2-api-4.2.jar:/home/marley/.m2/repository/org/springframework/cloud/spring-cloud-starter-loadbalancer/3.0.3/spring-cloud-starter-loadbalancer-3.0.3.jar:/home/marley/.m2/repository/org/springframework/boot/spring-boot-starter-cache/2.5.4/spring-boot-starter-cache-2.5.4.jar:/home/marley/.m2/repository/com/stoyanr/evictor/1.0.0/evictor-1.0.0.jar:/home/marley/.m2/repository/org/glassfish/jaxb/jaxb-runtime/2.3.5/jaxb-runtime-2.3.5.jar:/home/marley/.m2/repository/org/glassfish/jaxb/txw2/2.3.5/txw2-2.3.5.jar:/home/marley/.m2/repository/com/sun/istack/istack-commons-runtime/3.0.12/istack-commons-runtime-3.0.12.jar:/home/marley/.m2/repository/com/sun/activation/jakarta.activation/1.2.2/jakarta.activation-1.2.2.jar:/home/marley/.m2/repository/org/springframework/security/spring-security-test/5.5.2/spring-security-test-5.5.2.jar:/home/marley/.m2/repository/org/springframework/security/spring-security-core/5.5.2/spring-security-core-5.5.2.jar:/home/marley/.m2/repository/org/springframework/security/spring-security-crypto/5.5.2/spring-security-crypto-5.5.2.jar:/home/marley/.m2/repository/org/springframework/spring-expression/5.3.9/spring-expression-5.3.9.jar:/home/marley/.m2/repository/org/springframework/security/spring-security-web/5.5.2/spring-security-web-5.5.2.jar:/home/marley/.m2/repository/org/liquibase/liquibase-core/4.3.5/liquibase-core-4.3.5.jar:/home/marley/.m2/repository/javax/xml/bind/jaxb-api/2.3.1/jaxb-api-2.3.1.jar:/home/marley/.m2/repository/javax/activation/javax.activation-api/1.2.0/javax.activation-api-1.2.0.jar:/home/marley/.m2/repository/com/h2database/h2/1.4.200/h2-1.4.200.jar:/home/marley/.m2/repository/com/tngtech/archunit/archunit/0.13.1/archunit-0.13.1.jar:/home/marley/.m2/repository/org/slf4j/slf4j-api/1.7.25/slf4j-api-1.7.25.jar:/home/marley/.m2/repository/ru/diasoft/micro/archetype-tests/1.01.07-21072801/archetype-tests-1.01.07-21072801.jar:/home/marley/.m2/repository/ru/diasoft/micro/reactive-starter/1.19.01-21032201/reactive-starter-1.19.01-21032201.jar:/home/marley/.m2/repository/org/springframework/boot/spring-boot-starter-webflux/2.5.4/spring-boot-starter-webflux-2.5.4.jar:/home/marley/.m2/repository/org/springframework/boot/spring-boot-starter-reactor-netty/2.5.4/spring-boot-starter-reactor-netty-2.5.4.jar:/home/marley/.m2/repository/io/projectreactor/netty/reactor-netty-http/1.0.10/reactor-netty-http-1.0.10.jar:/home/marley/.m2/repository/io/netty/netty-codec-http/4.1.67.Final/netty-codec-http-4.1.67.Final.jar:/home/marley/.m2/repository/io/netty/netty-common/4.1.67.Final/netty-common-4.1.67.Final.jar:/home/marley/.m2/repository/io/netty/netty-buffer/4.1.67.Final/netty-buffer-4.1.67.Final.jar:/home/marley/.m2/repository/io/netty/netty-transport/4.1.67.Final/netty-transport-4.1.67.Final.jar:/home/marley/.m2/repository/io/netty/netty-codec/4.1.67.Final/netty-codec-4.1.67.Final.jar:/home/marley/.m2/repository/io/netty/netty-handler/4.1.67.Final/netty-handler-4.1.67.Final.jar:/home/marley/.m2/repository/io/netty/netty-codec-http2/4.1.67.Final/netty-codec-http2-4.1.67.Final.jar:/home/marley/.m2/repository/io/netty/netty-resolver-dns/4.1.67.Final/netty-resolver-dns-4.1.67.Final.jar:/home/marley/.m2/repository/io/netty/netty-resolver/4.1.67.Final/netty-resolver-4.1.67.Final.jar:/home/marley/.m2/repository/io/netty/netty-codec-dns/4.1.67.Final/netty-codec-dns-4.1.67.Final.jar:/home/marley/.m2/repository/io/netty/netty-resolver-dns-native-macos/4.1.67.Final/netty-resolver-dns-native-macos-4.1.67.Final-osx-x86_64.jar:/home/marley/.m2/repository/io/netty/netty-transport-native-unix-common/4.1.67.Final/netty-transport-native-unix-common-4.1.67.Final.jar:/home/marley/.m2/repository/io/netty/netty-transport-native-epoll/4.1.67.Final/netty-transport-native-epoll-4.1.67.Final-linux-x86_64.jar:/home/marley/.m2/repository/io/projectreactor/netty/reactor-netty-core/1.0.10/reactor-netty-core-1.0.10.jar:/home/marley/.m2/repository/io/netty/netty-handler-proxy/4.1.67.Final/netty-handler-proxy-4.1.67.Final.jar:/home/marley/.m2/repository/io/netty/netty-codec-socks/4.1.67.Final/netty-codec-socks-4.1.67.Final.jar:/home/marley/.m2/repository/org/springframework/spring-webflux/5.3.9/spring-webflux-5.3.9.jar:/home/marley/.m2/repository/ru/diasoft/micro/rest-starter/2.03.02-22042201/rest-starter-2.03.02-22042201.jar:/home/marley/.m2/repository/ru/diasoft/flextera/dstrace-spring-boot-starter-rest/4.01.04-22010401/dstrace-spring-boot-starter-rest-4.01.04-22010401.jar:/home/marley/.m2/repository/org/springframework/boot/spring-boot-starter-actuator/2.5.4/spring-boot-starter-actuator-2.5.4.jar:/home/marley/.m2/repository/org/springframework/boot/spring-boot-actuator-autoconfigure/2.5.4/spring-boot-actuator-autoconfigure-2.5.4.jar:/home/marley/.m2/repository/org/springframework/boot/spring-boot-actuator/2.5.4/spring-boot-actuator-2.5.4.jar:/home/marley/.m2/repository/org/springframework/cloud/spring-cloud-starter-oauth2/2.2.2.RELEASE/spring-cloud-starter-oauth2-2.2.2.RELEASE.jar:/home/marley/.m2/repository/org/springframework/cloud/spring-cloud-starter-security/2.2.2.RELEASE/spring-cloud-starter-security-2.2.2.RELEASE.jar:/home/marley/.m2/repository/org/springframework/cloud/spring-cloud-security/2.2.2.RELEASE/spring-cloud-security-2.2.2.RELEASE.jar:/home/marley/.m2/repository/org/springframework/boot/spring-boot-starter-security/2.5.4/spring-boot-starter-security-2.5.4.jar:/home/marley/.m2/repository/org/springframework/security/oauth/boot/spring-security-oauth2-autoconfigure/2.1.2.RELEASE/spring-security-oauth2-autoconfigure-2.1.2.RELEASE.jar:/home/marley/.m2/repository/com/sun/xml/bind/jaxb-core/2.3.0.1/jaxb-core-2.3.0.1.jar:/home/marley/.m2/repository/com/sun/xml/bind/jaxb-impl/2.3.0.1/jaxb-impl-2.3.0.1.jar:/home/marley/.m2/repository/org/springframework/security/spring-security-jwt/1.0.9.RELEASE/spring-security-jwt-1.0.9.RELEASE.jar:/home/marley/.m2/repository/ru/diasoft/micro/swagger-starter/2.03.02-22042201/swagger-starter-2.03.02-22042201.jar:/home/marley/.m2/repository/io/springfox/springfox-boot-starter/3.0.0/springfox-boot-starter-3.0.0.jar:/home/marley/.m2/repository/io/springfox/springfox-oas/3.0.0/springfox-oas-3.0.0.jar:/home/marley/.m2/repository/io/swagger/core/v3/swagger-annotations/2.1.2/swagger-annotations-2.1.2.jar:/home/marley/.m2/repository/io/swagger/core/v3/swagger-models/2.1.2/swagger-models-2.1.2.jar:/home/marley/.m2/repository/io/springfox/springfox-spi/3.0.0/springfox-spi-3.0.0.jar:/home/marley/.m2/repository/io/springfox/springfox-schema/3.0.0/springfox-schema-3.0.0.jar:/home/marley/.m2/repository/io/springfox/springfox-core/3.0.0/springfox-core-3.0.0.jar:/home/marley/.m2/repository/io/springfox/springfox-spring-web/3.0.0/springfox-spring-web-3.0.0.jar:/home/marley/.m2/repository/io/github/classgraph/classgraph/4.8.83/classgraph-4.8.83.jar:/home/marley/.m2/repository/io/springfox/springfox-spring-webmvc/3.0.0/springfox-spring-webmvc-3.0.0.jar:/home/marley/.m2/repository/io/springfox/springfox-spring-webflux/3.0.0/springfox-spring-webflux-3.0.0.jar:/home/marley/.m2/repository/io/springfox/springfox-swagger-common/3.0.0/springfox-swagger-common-3.0.0.jar:/home/marley/.m2/repository/io/springfox/springfox-data-rest/3.0.0/springfox-data-rest-3.0.0.jar:/home/marley/.m2/repository/io/springfox/springfox-bean-validators/3.0.0/springfox-bean-validators-3.0.0.jar:/home/marley/.m2/repository/io/springfox/springfox-swagger2/3.0.0/springfox-swagger2-3.0.0.jar:/home/marley/.m2/repository/io/swagger/swagger-models/1.5.20/swagger-models-1.5.20.jar:/home/marley/.m2/repository/io/springfox/springfox-swagger-ui/3.0.0/springfox-swagger-ui-3.0.0.jar:/home/marley/.m2/repository/com/fasterxml/classmate/1.5.1/classmate-1.5.1.jar:/home/marley/.m2/repository/org/springframework/plugin/spring-plugin-core/2.0.0.RELEASE/spring-plugin-core-2.0.0.RELEASE.jar:/home/marley/.m2/repository/org/springframework/plugin/spring-plugin-metadata/2.0.0.RELEASE/spring-plugin-metadata-2.0.0.RELEASE.jar:/home/marley/.m2/repository/de/codecentric/chaos-monkey-spring-boot/2.2.0/chaos-monkey-spring-boot-2.2.0.jar:/home/marley/.m2/repository/org/springframework/spring-aspects/5.3.9/spring-aspects-5.3.9.jar:/home/marley/.m2/repository/org/springframework/spring-instrument/5.3.9/spring-instrument-5.3.9.jar:/home/marley/.m2/repository/org/aspectj/aspectjweaver/1.9.7/aspectjweaver-1.9.7.jar:/home/marley/.m2/repository/org/springframework/boot/spring-boot-configuration-processor/2.5.4/spring-boot-configuration-processor-2.5.4.jar:"/>
    <property name="sun.cpu.endian" value="little"/>
    <property name="user.home" value="/home/marley"/>
    <property name="user.language" value="en"/>
    <property name="git.closest.tag.commit.count" value=""/>
    <property name="java.specification.vendor" value="Oracle Corporation"/>
    <property name="java.home" value="/opt/jdk1.8.0_321/jre"/>
    <property name="git.total.commit.count" value="32"/>
    <property name="file.separator" value="/"/>
    <property name="basedir" value="/home/marley/projects/dev/diasoft/diasoft-microservices-spring-basics/apps/app13/demo/service"/>
    <property name="line.separator" value="&#10;"/>
    <property name="git.commit.committer.time" value="2022-06-27T23:17:38+0300"/>
    <property name="git.build.user.email" value="marley.ruby.on.rails@gmail.com"/>
    <property name="java.vm.specification.vendor" value="Oracle Corporation"/>
    <property name="java.specification.name" value="Java Platform API Specification"/>
    <property name="FILE_LOG_CHARSET" value="UTF-8"/>
    <property name="java.awt.graphicsenv" value="sun.awt.X11GraphicsEnvironment"/>
    <property name="java.awt.headless" value="true"/>
    <property name="git.closest.tag.name" value=""/>
    <property name="git.local.branch.ahead" value="1"/>
    <property name="git.build.time" value="2022-06-27T23:18:47+0300"/>
    <property name="surefire.real.class.path" value="/home/marley/projects/dev/diasoft/diasoft-microservices-spring-basics/apps/app13/demo/service/target/surefire/surefirebooter4720730269024707024.jar:/home/marley/.m2/repository/org/jacoco/org.jacoco.agent/0.8.4/org.jacoco.agent-0.8.4-runtime.jar"/>
    <property name="LOG_LEVEL_PATTERN" value="%5p [,%X{traceId:-},%X{spanId:-}]"/>
    <property name="git.commit.message.full" value="App13 Почистил проект"/>
    <property name="sun.boot.class.path" value="/opt/jdk1.8.0_321/jre/lib/resources.jar:/opt/jdk1.8.0_321/jre/lib/rt.jar:/opt/jdk1.8.0_321/jre/lib/sunrsasign.jar:/opt/jdk1.8.0_321/jre/lib/jsse.jar:/opt/jdk1.8.0_321/jre/lib/jce.jar:/opt/jdk1.8.0_321/jre/lib/charsets.jar:/opt/jdk1.8.0_321/jre/lib/jfr.jar:/opt/jdk1.8.0_321/jre/classes"/>
    <property name="sun.management.compiler" value="HotSpot 64-Bit Tiered Compilers"/>
    <property name="java.runtime.version" value="1.8.0_321-b07"/>
    <property name="user.name" value="marley"/>
    <property name="org.springframework.boot.logging.LoggingSystem" value="org.apache.logging.log4j.spring.boot.Log4j2CloudConfigLoggingSystem"/>
    <property name="path.separator" value=":"/>
    <property name="os.version" value="5.13.0-51-generic"/>
    <property name="java.endorsed.dirs" value="/opt/jdk1.8.0_321/jre/lib/endorsed"/>
    <property name="java.runtime.name" value="Java(TM) SE Runtime Environment"/>
    <property name="file.encoding" value="UTF-8"/>
    <property name="git.commit.user.email" value="marley.ruby.on.rails@gmail.com"/>
    <property name="spring.beaninfo.ignore" value="true"/>
    <property name="java.vm.name" value="Java HotSpot(TM) 64-Bit Server VM"/>
    <property name="git.local.branch.behind" value="0"/>
    <property name="git.dirty" value="false"/>
    <property name="localRepository" value="/home/marley/.m2/repository"/>
    <property name="java.vendor.url.bug" value="http://bugreport.sun.com/bugreport/"/>
    <property name="java.io.tmpdir" value="/tmp"/>
    <property name="com.zaxxer.hikari.pool_number" value="1"/>
    <property name="java.version" value="1.8.0_321"/>
    <property name="user.dir" value="/home/marley/projects/dev/diasoft/diasoft-microservices-spring-basics/apps/app13/demo/service"/>
    <property name="os.arch" value="amd64"/>
    <property name="git.commit.user.name" value="webmak1"/>
    <property name="git.commit.id.abbrev" value="efdceb9"/>
    <property name="PID" value="15636"/>
    <property name="java.vm.specification.name" value="Java Virtual Machine Specification"/>
    <property name="java.awt.printerjob" value="sun.print.PSPrinterJob"/>
    <property name="git.commit.id.describe-short" value="efdceb9"/>
    <property name="sun.os.patch.level" value="unknown"/>
    <property name="CONSOLE_LOG_CHARSET" value="UTF-8"/>
    <property name="git.commit.id.describe" value="efdceb9"/>
    <property name="git.commit.message.short" value="App13 Почистил проект"/>
    <property name="java.library.path" value="/usr/java/packages/lib/amd64:/usr/lib64:/lib64:/lib:/usr/lib"/>
    <property name="java.vendor" value="Oracle Corporation"/>
    <property name="java.vm.info" value="mixed mode"/>
    <property name="java.vm.version" value="25.321-b07"/>
    <property name="sun.io.unicode.encoding" value="UnicodeLittle"/>
    <property name="java.ext.dirs" value="/opt/jdk1.8.0_321/jre/lib/ext:/usr/java/packages/lib/ext"/>
    <property name="java.class.version" value="52.0"/>
    <property name="git.commit.time" value="2022-06-27T23:17:38+0300"/>
    <property name="git.remote.origin.url" value="git@github.com:webmak1/diasoft-microservices-spring-basics.git"/>
  </properties>
  <testcase name="smsVerificationCreateTest" classname="ru.diasoft.digitalq.service.repository.SmsVerificationRepositoryTest" time="0.015">
    <error type="java.lang.IllegalStateException"><![CDATA[java.lang.IllegalStateException: Failed to load ApplicationContext
Caused by: org.springframework.beans.factory.UnsatisfiedDependencyException: Error creating bean with name 'extIdLoader': Unsatisfied dependency expressed through field 'objectIdRepository'; nested exception is org.springframework.beans.factory.NoSuchBeanDefinitionException: No qualifying bean of type 'ru.diasoft.micro.identifier.ObjectIdRepository' available: expected at least 1 bean which qualifies as autowire candidate. Dependency annotations: {@org.springframework.beans.factory.annotation.Autowired(required=true)}
Caused by: org.springframework.beans.factory.NoSuchBeanDefinitionException: No qualifying bean of type 'ru.diasoft.micro.identifier.ObjectIdRepository' available: expected at least 1 bean which qualifies as autowire candidate. Dependency annotations: {@org.springframework.beans.factory.annotation.Autowired(required=true)}
]]></error>
    <system-out><![CDATA[2022-06-27 23:19:02,520 main WARN No Docker URI provided. Docker information is unavailable
2022-06-27 23:19:02,753 Log4j2-TF-1-AsyncLogger[AsyncContext@18b4aac2]-1 WARN No Docker URI provided. Docker information is unavailable
2022-06-27 23:19:02,821 Log4j2-TF-1-AsyncLogger[AsyncContext@18b4aac2]-1 WARN No Docker URI provided. Docker information is unavailable
2022-06-27 23:19:02,842 Log4j2-TF-1-AsyncLogger[AsyncContext@18b4aac2]-1 WARN No Docker URI provided. Docker information is unavailable
2022-06-27T20:19:02.746Z, INFO: DsTracerSpot.getTracerHolder(): accept DsTracerHolder=ru.diasoft.flextera.dstrace.sleuth.DsTracerHolderSleuth, thread: main, logger: r.d.f.d.DsTracerSpot, host: workstation
2022-06-27T20:19:02.880Z, INFO: Neither @ContextConfiguration nor @ContextHierarchy found for test class [ru.diasoft.digitalq.service.repository.SmsVerificationRepositoryTest], using SpringBootContextLoader, thread: main, logger: o.s.b.t.c.SpringBootTestContextBootstrapper, host: workstation
2022-06-27T20:19:02.924Z, INFO: Could not detect default resource locations for test class [ru.diasoft.digitalq.service.repository.SmsVerificationRepositoryTest]: no resource found for suffixes {-context.xml, Context.groovy}., thread: main, logger: o.s.t.c.s.AbstractContextLoader, host: workstation
2022-06-27T20:19:02.925Z, INFO: Could not detect default configuration classes for test class [ru.diasoft.digitalq.service.repository.SmsVerificationRepositoryTest]: SmsVerificationRepositoryTest does not declare any static, non-private, non-final, nested classes annotated with @Configuration., thread: main, logger: o.s.t.c.s.AnnotationConfigContextLoaderUtils, host: workstation
2022-06-27T20:19:03.286Z, INFO: Found @SpringBootConfiguration ru.diasoft.digitalq.DemoApplication for test class ru.diasoft.digitalq.service.repository.SmsVerificationRepositoryTest, thread: main, logger: o.s.b.t.c.SpringBootTestContextBootstrapper, host: workstation
2022-06-27T20:19:03.478Z, INFO: Loaded default TestExecutionListener class names from location [META-INF/spring.factories]: [org.springframework.boot.test.mock.mockito.MockitoTestExecutionListener, org.springframework.boot.test.mock.mockito.ResetMocksTestExecutionListener, org.springframework.boot.test.autoconfigure.restdocs.RestDocsTestExecutionListener, org.springframework.boot.test.autoconfigure.web.client.MockRestServiceServerResetTestExecutionListener, org.springframework.boot.test.autoconfigure.web.servlet.MockMvcPrintOnlyOnFailureTestExecutionListener, org.springframework.boot.test.autoconfigure.web.servlet.WebDriverTestExecutionListener, org.springframework.boot.test.autoconfigure.webservices.client.MockWebServiceServerTestExecutionListener, org.springframework.test.context.web.ServletTestExecutionListener, org.springframework.test.context.support.DirtiesContextBeforeModesTestExecutionListener, org.springframework.test.context.event.ApplicationEventsTestExecutionListener, org.springframework.test.context.support.DependencyInjectionTestExecutionListener, org.springframework.test.context.support.DirtiesContextTestExecutionListener, org.springframework.test.context.transaction.TransactionalTestExecutionListener, org.springframework.test.context.jdbc.SqlScriptsTestExecutionListener, org.springframework.test.context.event.EventPublishingTestExecutionListener, org.springframework.security.test.context.support.WithSecurityContextTestExecutionListener, org.springframework.security.test.context.support.ReactorContextTestExecutionListener], thread: main, logger: o.s.b.t.c.SpringBootTestContextBootstrapper, host: workstation
2022-06-27T20:19:03.518Z, INFO: Using TestExecutionListeners: [org.springframework.test.context.web.ServletTestExecutionListener@357904d7, org.springframework.test.context.support.DirtiesContextBeforeModesTestExecutionListener@41a4135e, org.springframework.test.context.event.ApplicationEventsTestExecutionListener@4c19b0a8, org.springframework.boot.test.mock.mockito.MockitoTestExecutionListener@6f2d0d25, org.springframework.boot.test.autoconfigure.SpringBootDependencyInjectionTestExecutionListener@128fe3ab, org.springframework.test.context.support.DirtiesContextTestExecutionListener@73502c47, org.springframework.test.context.transaction.TransactionalTestExecutionListener@724d4e75, org.springframework.test.context.jdbc.SqlScriptsTestExecutionListener@750e313c, org.springframework.test.context.event.EventPublishingTestExecutionListener@1871068d, org.springframework.security.test.context.support.WithSecurityContextTestExecutionListener@6ab123d0, org.springframework.security.test.context.support.ReactorContextTestExecutionListener@7217e615, org.springframework.boot.test.mock.mockito.ResetMocksTestExecutionListener@7614beba, org.springframework.boot.test.autoconfigure.restdocs.RestDocsTestExecutionListener@66c18b9b, org.springframework.boot.test.autoconfigure.web.client.MockRestServiceServerResetTestExecutionListener@50d8b30, org.springframework.boot.test.autoconfigure.web.servlet.MockMvcPrintOnlyOnFailureTestExecutionListener@48e7e2ca, org.springframework.boot.test.autoconfigure.web.servlet.WebDriverTestExecutionListener@1b557402, org.springframework.boot.test.autoconfigure.webservices.client.MockWebServiceServerTestExecutionListener@71a2a9a0], thread: main, logger: o.s.b.t.c.SpringBootTestContextBootstrapper, host: workstation
2022-06-27T20:19:03.708Z, INFO: Neither @ContextConfiguration nor @ContextHierarchy found for test class [ru.diasoft.digitalq.service.repository.SmsVerificationRepositoryTest], using SpringBootContextLoader, thread: main, logger: o.s.b.t.c.SpringBootTestContextBootstrapper, host: workstation
2022-06-27T20:19:03.710Z, INFO: Could not detect default resource locations for test class [ru.diasoft.digitalq.service.repository.SmsVerificationRepositoryTest]: no resource found for suffixes {-context.xml, Context.groovy}., thread: main, logger: o.s.t.c.s.AbstractContextLoader, host: workstation
2022-06-27T20:19:03.710Z, INFO: Could not detect default configuration classes for test class [ru.diasoft.digitalq.service.repository.SmsVerificationRepositoryTest]: SmsVerificationRepositoryTest does not declare any static, non-private, non-final, nested classes annotated with @Configuration., thread: main, logger: o.s.t.c.s.AnnotationConfigContextLoaderUtils, host: workstation
2022-06-27T20:19:03.714Z, INFO: Found @SpringBootConfiguration ru.diasoft.digitalq.DemoApplication for test class ru.diasoft.digitalq.service.repository.SmsVerificationRepositoryTest, thread: main, logger: o.s.b.t.c.SpringBootTestContextBootstrapper, host: workstation
2022-06-27T20:19:03.717Z, INFO: Loaded default TestExecutionListener class names from location [META-INF/spring.factories]: [org.springframework.boot.test.mock.mockito.MockitoTestExecutionListener, org.springframework.boot.test.mock.mockito.ResetMocksTestExecutionListener, org.springframework.boot.test.autoconfigure.restdocs.RestDocsTestExecutionListener, org.springframework.boot.test.autoconfigure.web.client.MockRestServiceServerResetTestExecutionListener, org.springframework.boot.test.autoconfigure.web.servlet.MockMvcPrintOnlyOnFailureTestExecutionListener, org.springframework.boot.test.autoconfigure.web.servlet.WebDriverTestExecutionListener, org.springframework.boot.test.autoconfigure.webservices.client.MockWebServiceServerTestExecutionListener, org.springframework.test.context.web.ServletTestExecutionListener, org.springframework.test.context.support.DirtiesContextBeforeModesTestExecutionListener, org.springframework.test.context.event.ApplicationEventsTestExecutionListener, org.springframework.test.context.support.DependencyInjectionTestExecutionListener, org.springframework.test.context.support.DirtiesContextTestExecutionListener, org.springframework.test.context.transaction.TransactionalTestExecutionListener, org.springframework.test.context.jdbc.SqlScriptsTestExecutionListener, org.springframework.test.context.event.EventPublishingTestExecutionListener, org.springframework.security.test.context.support.WithSecurityContextTestExecutionListener, org.springframework.security.test.context.support.ReactorContextTestExecutionListener], thread: main, logger: o.s.b.t.c.SpringBootTestContextBootstrapper, host: workstation
2022-06-27T20:19:03.717Z, INFO: Using TestExecutionListeners: [org.springframework.test.context.web.ServletTestExecutionListener@e944541, org.springframework.test.context.support.DirtiesContextBeforeModesTestExecutionListener@1c89cec5, org.springframework.test.context.event.ApplicationEventsTestExecutionListener@1447bef2, org.springframework.boot.test.mock.mockito.MockitoTestExecutionListener@2b6c3f70, org.springframework.boot.test.autoconfigure.SpringBootDependencyInjectionTestExecutionListener@77ec911, org.springframework.test.context.support.DirtiesContextTestExecutionListener@55d3c0dd, org.springframework.test.context.transaction.TransactionalTestExecutionListener@7c4a44bb, org.springframework.test.context.jdbc.SqlScriptsTestExecutionListener@369773fd, org.springframework.test.context.event.EventPublishingTestExecutionListener@47d0127f, org.springframework.security.test.context.support.WithSecurityContextTestExecutionListener@c4ef770, org.springframework.security.test.context.support.ReactorContextTestExecutionListener@228f15de, org.springframework.boot.test.mock.mockito.ResetMocksTestExecutionListener@2f8a82e9, org.springframework.boot.test.autoconfigure.restdocs.RestDocsTestExecutionListener@688e2e8d, org.springframework.boot.test.autoconfigure.web.client.MockRestServiceServerResetTestExecutionListener@1380a19b, org.springframework.boot.test.autoconfigure.web.servlet.MockMvcPrintOnlyOnFailureTestExecutionListener@49fb77d0, org.springframework.boot.test.autoconfigure.web.servlet.WebDriverTestExecutionListener@321d39cc, org.springframework.boot.test.autoconfigure.webservices.client.MockWebServiceServerTestExecutionListener@2bfe9344], thread: main, logger: o.s.b.t.c.SpringBootTestContextBootstrapper, host: workstation
yaml = [OriginTrackedMapPropertySource {name='application'}]
serviceName = null
2022-06-27 23:19:05,188 main WARN No Docker URI provided. Docker information is unavailable
2022-06-27 23:19:05,196 main WARN No Docker URI provided. Docker information is unavailable
2022-06-27T20:19:05.393Z, INFO: HV000001: Hibernate Validator 6.2.0.Final, thread: background-preinit, logger: o.h.v.i.u.Version, host: workstation
yaml = [OriginTrackedMapPropertySource {name='application'}]
serviceName = null
2022-06-27 23:19:07,252 main WARN No Docker URI provided. Docker information is unavailable
2022-06-27 23:19:07,259 main WARN No Docker URI provided. Docker information is unavailable
2022-06-27T20:19:07.279Z, DEBUG: exists dstrace property: 'dstrace.enabled'='false', thread: main, logger: r.d.f.d.s.b.m.MapperP2P, host: workstation
2022-06-27T20:19:07.279Z, DEBUG: set property: 'spring.sleuth.enabled'='false', thread: main, logger: r.d.f.d.s.b.m.DsTracePropertyMapper, host: workstation
2022-06-27T20:19:07.279Z, DEBUG: exists dstrace property: 'dstrace.enabled'='false', thread: main, logger: r.d.f.d.s.b.m.MapperP2P, host: workstation
2022-06-27T20:19:07.279Z, DEBUG: set property: 'spring.sleuth.grpc.enabled'='false', thread: main, logger: r.d.f.d.s.b.m.DsTracePropertyMapper, host: workstation
2022-06-27T20:19:07.341Z, DEBUG: add environment property sources: MapPropertySource(
	name = 'dsTracePropertySource',
	source = {
		'spring.sleuth.enabled' = 'false',
		'spring.sleuth.grpc.enabled' = 'false'
	},
	propertyNames = ['spring.sleuth.enabled', 'spring.sleuth.grpc.enabled']
), thread: main, logger: r.d.f.d.s.b.DsTraceApplicationListener, host: workstation

  .   ____          _            __ _ _
 /\\ / ___'_ __ _ _(_)_ __  __ _ \ \ \ \
( ( )\___ | '_ | '_| | '_ \/ _` | \ \ \ \
 \\/  ___)| |_)| | | | | || (_| |  ) ) ) )
  '  |____| .__|_| |_|_| |_\__, | / / / /
 =========|_|==============|___/=/_/_/_/
 :: Spring Boot ::                (v2.5.4)

2022-06-27T20:19:07.364Z, DEBUG: environment: StandardEnvironment(
	activeProfiles = [],
	defaultProfiles = ['default'],
	propertySources = [
		ConfigurationPropertySourcesPropertySource(...),
		MapPropertySource(...),
		PropertiesPropertySource(...),
		OriginAwareSystemEnvironmentPropertySource(...),
		RandomValuePropertySource(...),
		ExtendedDefaultPropertySource(...),
		CachedRandomPropertySource(...),
		MapPropertySource(...),
		OriginTrackedMapPropertySource(...),
		MapPropertySource(...),
		MapPropertySource(...),
		MapPropertySource(...)
	],
	systemProperties = {
		'java.vendor' = 'Oracle Corporation',
		'localRepository' = '/home/marley/.m2/repository',
		'sun.java.launcher' = 'SUN_STANDARD',
		'sun.management.compiler' = 'HotSpot 64-Bit Tiered Compilers',
		'git.commit.id.describe' = 'efdceb9',
		'os.name' = 'Linux',
		'sun.boot.class.path' = '/opt/jdk1.8.0_321/jre/lib/resources.jar:/opt/jdk1.8.0_321/jre/lib/rt.jar:/opt/jdk1.8.0_321/jre/lib/sunrsasign.jar:/opt/jdk1.8.0_321/jre/lib/jsse.jar:/opt/jdk1.8.0_321/jre/lib/jce.jar:/opt/jdk1.8.0_321/jre/lib/charsets.jar:/opt/jdk1.8.0_321/jre/lib/jfr.jar:/opt/jdk1.8.0_321/jre/classes',
		'LOG_LEVEL_PATTERN' = '%5p [,%X{traceId:-},%X{spanId:-}]',
		'sun.desktop' = 'gnome',
		'java.vm.specification.vendor' = 'Oracle Corporation',
		'java.runtime.version' = '1.8.0_321-b07',
		'user.name' = 'marley',
		'user.language' = 'en',
		'sun.boot.library.path' = '/opt/jdk1.8.0_321/jre/lib/amd64',
		'CONSOLE_LOG_CHARSET' = 'UTF-8',
		'PID' = '15636',
		'git.build.user.name' = 'webmak1',
		'java.version' = '1.8.0_321',
		'user.timezone' = 'Europe/Moscow',
		'git.local.branch.behind' = '0',
		'git.remote.origin.url' = 'git@github.com:webmak1/diasoft-microservices-spring-basics.git',
		'sun.arch.data.model' = '64',
		'git.build.version' = '1.00.01-SNAPSHOT',
		'java.endorsed.dirs' = '/opt/jdk1.8.0_321/jre/lib/endorsed',
		'org.springframework.boot.logging.LoggingSystem' = 'org.apache.logging.log4j.spring.boot.Log4j2CloudConfigLoggingSystem',
		'sun.cpu.isalist' = '',
		'sun.jnu.encoding' = 'UTF-8',
		'file.encoding.pkg' = 'sun.io',
		'file.separator' = '/',
		'java.specification.name' = 'Java Platform API Specification',
		'java.class.version' = '52.0',
		'git.commit.message.full' = 'App13 Почистил проект',
		'git.commit.message.short' = 'App13 Почистил проект',
		'user.country' = 'US',
		'java.home' = '/opt/jdk1.8.0_321/jre',
		'git.closest.tag.name' = '',
		'java.vm.info' = 'mixed mode',
		'os.version' = '5.13.0-51-generic',
		'git.build.host' = 'workstation',
		'surefire.real.class.path' = '/home/marley/projects/dev/diasoft/diasoft-microservices-spring-basics/apps/app13/demo/service/target/surefire/surefirebooter4720730269024707024.jar:/home/marley/.m2/repository/org/jacoco/org.jacoco.agent/0.8.4/org.jacoco.agent-0.8.4-runtime.jar',
		'git.tags' = '',
		'path.separator' = ':',
		'git.local.branch.ahead' = '1',
		'java.vm.version' = '25.321-b07',
		'git.commit.user.email' = 'marley.ruby.on.rails@gmail.com',
		'git.closest.tag.commit.count' = '',
		'java.awt.printerjob' = 'sun.print.PSPrinterJob',
		'sun.io.unicode.encoding' = 'UnicodeLittle',
		'awt.toolkit' = 'sun.awt.X11.XToolkit',
		'user.home' = '/home/marley',
		'java.specification.vendor' = 'Oracle Corporation',
		'git.dirty' = 'false',
		'git.total.commit.count' = '32',
		'java.library.path' = '/usr/java/packages/lib/amd64:/usr/lib64:/lib64:/lib:/usr/lib',
		'java.vendor.url' = 'http://java.oracle.com/',
		'spring.beaninfo.ignore' = 'true',
		'java.vm.vendor' = 'Oracle Corporation',
		'java.runtime.name' = 'Java(TM) SE Runtime Environment',
		'sun.java.command' = '/home/marley/projects/dev/diasoft/diasoft-microservices-spring-basics/apps/app13/demo/service/target/surefire/surefirebooter4720730269024707024.jar /home/marley/projects/dev/diasoft/diasoft-microservices-spring-basics/apps/app13/demo/service/target/surefire 2022-06-27T23-18-13_414-jvmRun1 surefire457802685403817997tmp surefire_05706879317584042038tmp',
		'java.class.path' = '/home/marley/projects/dev/diasoft/diasoft-microservices-spring-basics/apps/app13/demo/service/target/test-classes:/home/marley/projects/dev/diasoft/diasoft-microservices-spring-basics/apps/app13/demo/service/target/classes:/home/marley/.m2/repository/org/springframework/boot/spring-boot-starter/2.5.4/spring-boot-starter-2.5.4.jar:/home/marley/.m2/repository/org/springframework/boot/spring-boot/2.5.4/spring-boot-2.5.4.jar:/home/marley/.m2/repository/org/springframework/spring-context/5.3.9/spring-context-5.3.9.jar:/home/marley/.m2/repository/org/springframework/boot/spring-boot-autoconfigure/2.5.4/spring-boot-autoconfigure-2.5.4.jar:/home/marley/.m2/repository/jakarta/annotation/jakarta.annotation-api/1.3.5/jakarta.annotation-api-1.3.5.jar:/home/marley/.m2/repository/org/springframework/spring-core/5.3.9/spring-core-5.3.9.jar:/home/marley/.m2/repository/org/springframework/spring-jcl/5.3.9/spring-jcl-5.3.9.jar:/home/marley/.m2/repository/org/yaml/snakeyaml/1.28/snakeyaml-1.28.jar:/home/marley/.m2/repository/ru/diasoft/micro/core-starter/2.03.02-22042201/core-starter-2.03.02-22042201.jar:/home/marley/.m2/repository/org/springframework/boot/spring-boot-starter-json/2.5.4/spring-boot-starter-json-2.5.4.jar:/home/marley/.m2/repository/com/fasterxml/jackson/datatype/jackson-datatype-jdk8/2.12.4/jackson-datatype-jdk8-2.12.4.jar:/home/marley/.m2/repository/com/fasterxml/jackson/datatype/jackson-datatype-jsr310/2.12.4/jackson-datatype-jsr310-2.12.4.jar:/home/marley/.m2/repository/com/fasterxml/jackson/module/jackson-module-parameter-names/2.12.4/jackson-module-parameter-names-2.12.4.jar:/home/marley/.m2/repository/ru/diasoft/digitalq/dslogging-spring-boot-starter/1.06.03-22020901/dslogging-spring-boot-starter-1.06.03-22020901.jar:/home/marley/.m2/repository/ru/diasoft/digitalq/dslogging/1.06.03-22020901/dslogging-1.06.03-22020901.jar:/home/marley/.m2/repository/ru/diasoft/digitalq/dslogging-log4j2/1.06.03-22020901/dslogging-log4j2-1.06.03-22020901.jar:/home/marley/.m2/repository/ru/diasoft/flextera/dstrace/4.01.04-22010401/dstrace-4.01.04-22010401.jar:/home/marley/.m2/repository/commons-io/commons-io/2.5/commons-io-2.5.jar:/home/marley/.m2/repository/com/lmax/disruptor/3.4.2/disruptor-3.4.2.jar:/home/marley/.m2/repository/org/apache/kafka/kafka-clients/2.7.1/kafka-clients-2.7.1.jar:/home/marley/.m2/repository/com/github/luben/zstd-jni/1.4.5-6/zstd-jni-1.4.5-6.jar:/home/marley/.m2/repository/org/lz4/lz4-java/1.7.1/lz4-java-1.7.1.jar:/home/marley/.m2/repository/org/xerial/snappy/snappy-java/1.1.7.7/snappy-java-1.1.7.7.jar:/home/marley/.m2/repository/biz/paluch/logging/logstash-gelf/1.14.0/logstash-gelf-1.14.0.jar:/home/marley/.m2/repository/org/apache/logging/log4j/log4j-api/2.17.1/log4j-api-2.17.1.jar:/home/marley/.m2/repository/org/apache/logging/log4j/log4j-slf4j-impl/2.17.1/log4j-slf4j-impl-2.17.1.jar:/home/marley/.m2/repository/org/apache/logging/log4j/log4j-jul/2.17.1/log4j-jul-2.17.1.jar:/home/marley/.m2/repository/org/apache/logging/log4j/log4j-spring-cloud-config-client/2.17.1/log4j-spring-cloud-config-client-2.17.1.jar:/home/marley/.m2/repository/org/apache/logging/log4j/log4j-spring-boot/2.17.1/log4j-spring-boot-2.17.1.jar:/home/marley/.m2/repository/org/springframework/cloud/spring-cloud-starter-bootstrap/3.0.3/spring-cloud-starter-bootstrap-3.0.3.jar:/home/marley/.m2/repository/org/springframework/cloud/spring-cloud-config-client/3.0.4/spring-cloud-config-client-3.0.4.jar:/home/marley/.m2/repository/commons-logging/commons-logging/1.2/commons-logging-1.2.jar:/home/marley/.m2/repository/org/apache/logging/log4j/log4j-docker/2.17.1/log4j-docker-2.17.1.jar:/home/marley/.m2/repository/org/apache/commons/commons-lang3/3.12.0/commons-lang3-3.12.0.jar:/home/marley/.m2/repository/ru/diasoft/micro/jpa-starter/2.03.02-22042201/jpa-starter-2.03.02-22042201.jar:/home/marley/.m2/repository/org/springframework/boot/spring-boot-starter-data-jpa/2.5.4/spring-boot-starter-data-jpa-2.5.4.jar:/home/marley/.m2/repository/org/springframework/boot/spring-boot-starter-jdbc/2.5.4/spring-boot-starter-jdbc-2.5.4.jar:/home/marley/.m2/repository/com/zaxxer/HikariCP/4.0.3/HikariCP-4.0.3.jar:/home/marley/.m2/repository/org/springframework/spring-jdbc/5.3.9/spring-jdbc-5.3.9.jar:/home/marley/.m2/repository/jakarta/transaction/jakarta.transaction-api/1.3.3/jakarta.transaction-api-1.3.3.jar:/home/marley/.m2/repository/jakarta/persistence/jakarta.persistence-api/2.2.3/jakarta.persistence-api-2.2.3.jar:/home/marley/.m2/repository/org/hibernate/hibernate-core/5.4.32.Final/hibernate-core-5.4.32.Final.jar:/home/marley/.m2/repository/org/jboss/logging/jboss-logging/3.4.2.Final/jboss-logging-3.4.2.Final.jar:/home/marley/.m2/repository/org/javassist/javassist/3.23.2-GA/javassist-3.23.2-GA.jar:/home/marley/.m2/repository/antlr/antlr/2.7.7/antlr-2.7.7.jar:/home/marley/.m2/repository/org/jboss/jandex/2.2.3.Final/jandex-2.2.3.Final.jar:/home/marley/.m2/repository/org/dom4j/dom4j/2.1.3/dom4j-2.1.3.jar:/home/marley/.m2/repository/org/hibernate/common/hibernate-commons-annotations/5.1.2.Final/hibernate-commons-annotations-5.1.2.Final.jar:/home/marley/.m2/repository/org/springframework/data/spring-data-jpa/2.5.4/spring-data-jpa-2.5.4.jar:/home/marley/.m2/repository/org/springframework/data/spring-data-commons/2.5.4/spring-data-commons-2.5.4.jar:/home/marley/.m2/repository/org/springframework/spring-orm/5.3.9/spring-orm-5.3.9.jar:/home/marley/.m2/repository/org/springframework/spring-tx/5.3.9/spring-tx-5.3.9.jar:/home/marley/.m2/repository/ru/diasoft/flextera/dstrace-spring-boot-starter-jpa/4.01.04-22010401/dstrace-spring-boot-starter-jpa-4.01.04-22010401.jar:/home/marley/.m2/repository/ru/diasoft/flextera/dstrace-spring-boot-starter/4.01.04-22010401/dstrace-spring-boot-starter-4.01.04-22010401.jar:/home/marley/.m2/repository/ru/diasoft/flextera/dstrace-brave/4.01.04-22010401/dstrace-brave-4.01.04-22010401.jar:/home/marley/.m2/repository/io/zipkin/brave/brave/5.13.2/brave-5.13.2.jar:/home/marley/.m2/repository/io/zipkin/reporter2/zipkin-reporter-brave/2.16.1/zipkin-reporter-brave-2.16.1.jar:/home/marley/.m2/repository/org/springframework/cloud/spring-cloud-starter-zipkin/2.2.3.RELEASE/spring-cloud-starter-zipkin-2.2.3.RELEASE.jar:/home/marley/.m2/repository/org/springframework/cloud/spring-cloud-starter-sleuth/3.0.3/spring-cloud-starter-sleuth-3.0.3.jar:/home/marley/.m2/repository/org/springframework/cloud/spring-cloud-sleuth-autoconfigure/3.0.3/spring-cloud-sleuth-autoconfigure-3.0.3.jar:/home/marley/.m2/repository/org/aspectj/aspectjrt/1.9.7/aspectjrt-1.9.7.jar:/home/marley/.m2/repository/org/springframework/cloud/spring-cloud-sleuth-brave/3.0.3/spring-cloud-sleuth-brave-3.0.3.jar:/home/marley/.m2/repository/io/zipkin/brave/brave-context-slf4j/5.13.2/brave-context-slf4j-5.13.2.jar:/home/marley/.m2/repository/io/zipkin/brave/brave-instrumentation-messaging/5.13.2/brave-instrumentation-messaging-5.13.2.jar:/home/marley/.m2/repository/io/zipkin/brave/brave-instrumentation-rpc/5.13.2/brave-instrumentation-rpc-5.13.2.jar:/home/marley/.m2/repository/io/zipkin/brave/brave-instrumentation-spring-rabbit/5.13.2/brave-instrumentation-spring-rabbit-5.13.2.jar:/home/marley/.m2/repository/io/zipkin/brave/brave-instrumentation-kafka-clients/5.13.2/brave-instrumentation-kafka-clients-5.13.2.jar:/home/marley/.m2/repository/io/zipkin/brave/brave-instrumentation-kafka-streams/5.13.2/brave-instrumentation-kafka-streams-5.13.2.jar:/home/marley/.m2/repository/io/zipkin/brave/brave-instrumentation-httpclient/5.13.2/brave-instrumentation-httpclient-5.13.2.jar:/home/marley/.m2/repository/io/zipkin/brave/brave-instrumentation-http/5.13.2/brave-instrumentation-http-5.13.2.jar:/home/marley/.m2/repository/io/zipkin/brave/brave-instrumentation-httpasyncclient/5.13.2/brave-instrumentation-httpasyncclient-5.13.2.jar:/home/marley/.m2/repository/io/zipkin/brave/brave-instrumentation-jms/5.13.2/brave-instrumentation-jms-5.13.2.jar:/home/marley/.m2/repository/io/zipkin/brave/brave-instrumentation-mongodb/5.13.2/brave-instrumentation-mongodb-5.13.2.jar:/home/marley/.m2/repository/io/zipkin/aws/brave-propagation-aws/0.21.3/brave-propagation-aws-0.21.3.jar:/home/marley/.m2/repository/io/zipkin/reporter2/zipkin-reporter-metrics-micrometer/2.16.1/zipkin-reporter-metrics-micrometer-2.16.1.jar:/home/marley/.m2/repository/org/springframework/cloud/spring-cloud-sleuth-zipkin/3.0.3/spring-cloud-sleuth-zipkin-3.0.3.jar:/home/marley/.m2/repository/org/springframework/cloud/spring-cloud-sleuth-instrumentation/3.0.3/spring-cloud-sleuth-instrumentation-3.0.3.jar:/home/marley/.m2/repository/org/springframework/cloud/spring-cloud-sleuth-api/3.0.3/spring-cloud-sleuth-api-3.0.3.jar:/home/marley/.m2/repository/io/zipkin/zipkin2/zipkin/2.23.0/zipkin-2.23.0.jar:/home/marley/.m2/repository/io/zipkin/reporter2/zipkin-reporter/2.16.1/zipkin-reporter-2.16.1.jar:/home/marley/.m2/repository/io/zipkin/reporter2/zipkin-sender-kafka/2.16.1/zipkin-sender-kafka-2.16.1.jar:/home/marley/.m2/repository/io/zipkin/reporter2/zipkin-sender-activemq-client/2.16.1/zipkin-sender-activemq-client-2.16.1.jar:/home/marley/.m2/repository/io/zipkin/reporter2/zipkin-sender-amqp-client/2.16.1/zipkin-sender-amqp-client-2.16.1.jar:/home/marley/.m2/repository/net/ttddyy/datasource-proxy/1.7/datasource-proxy-1.7.jar:/home/marley/.m2/repository/com/querydsl/querydsl-apt/4.4.0/querydsl-apt-4.4.0.jar:/home/marley/.m2/repository/com/querydsl/querydsl-jpa/4.4.0/querydsl-jpa-4.4.0.jar:/home/marley/.m2/repository/com/querydsl/querydsl-core/4.4.0/querydsl-core-4.4.0.jar:/home/marley/.m2/repository/com/google/code/findbugs/jsr305/1.3.9/jsr305-1.3.9.jar:/home/marley/.m2/repository/com/mysema/commons/mysema-commons-lang/0.2.4/mysema-commons-lang-0.2.4.jar:/home/marley/.m2/repository/com/infradna/tool/bridge-method-annotation/1.13/bridge-method-annotation-1.13.jar:/home/marley/.m2/repository/javax/inject/javax.inject/1/javax.inject-1.jar:/home/marley/.m2/repository/com/querydsl/querydsl-codegen/4.2.2/querydsl-codegen-4.2.2.jar:/home/marley/.m2/repository/com/mysema/codegen/codegen/0.6.8/codegen-0.6.8.jar:/home/marley/.m2/repository/org/eclipse/jdt/core/compiler/ecj/4.3.1/ecj-4.3.1.jar:/home/marley/.m2/repository/org/reflections/reflections/0.9.9/reflections-0.9.9.jar:/home/marley/.m2/repository/com/google/code/findbugs/annotations/2.0.1/annotations-2.0.1.jar:/home/marley/.m2/repository/ru/diasoft/micro/mdp/lib/mdpquerydsl/9.04.06-21060101/mdpquerydsl-9.04.06-21060101.jar:/home/marley/.m2/repository/com/querydsl/querydsl-collections/4.4.0/querydsl-collections-4.4.0.jar:/home/marley/.m2/repository/org/apache/commons/commons-collections4/4.3/commons-collections4-4.3.jar:/home/marley/.m2/repository/com/google/guava/guava/29.0-android/guava-29.0-android.jar:/home/marley/.m2/repository/com/google/guava/failureaccess/1.0.1/failureaccess-1.0.1.jar:/home/marley/.m2/repository/com/google/guava/listenablefuture/9999.0-empty-to-avoid-conflict-with-guava/listenablefuture-9999.0-empty-to-avoid-conflict-with-guava.jar:/home/marley/.m2/repository/org/checkerframework/checker-compat-qual/2.5.5/checker-compat-qual-2.5.5.jar:/home/marley/.m2/repository/com/google/errorprone/error_prone_annotations/2.3.4/error_prone_annotations-2.3.4.jar:/home/marley/.m2/repository/com/google/j2objc/j2objc-annotations/1.3/j2objc-annotations-1.3.jar:/home/marley/.m2/repository/org/postgresql/postgresql/42.3.1/postgresql-42.3.1.jar:/home/marley/.m2/repository/org/checkerframework/checker-qual/3.5.0/checker-qual-3.5.0.jar:/home/marley/.m2/repository/net/sourceforge/jtds/jtds/1.3.1/jtds-1.3.1.jar:/home/marley/.m2/repository/com/oracle/database/jdbc/ojdbc8/21.4.0.0.1/ojdbc8-21.4.0.0.1.jar:/home/marley/.m2/repository/com/oracle/ojdbc/orai18n/19.3.0.0/orai18n-19.3.0.0.jar:/home/marley/.m2/repository/com/oracle/database/nls/orai18n/21.4.0.0.1/orai18n-21.4.0.0.1.jar:/home/marley/.m2/repository/ru/diasoft/micro/stream-kafka-starter/2.03.02-22042201/stream-kafka-starter-2.03.02-22042201.jar:/home/marley/.m2/repository/org/springframework/cloud/spring-cloud-starter-stream-kafka/3.1.3/spring-cloud-starter-stream-kafka-3.1.3.jar:/home/marley/.m2/repository/org/springframework/cloud/spring-cloud-stream-binder-kafka/3.1.3/spring-cloud-stream-binder-kafka-3.1.3.jar:/home/marley/.m2/repository/org/springframework/cloud/spring-cloud-stream-binder-kafka-core/3.1.3/spring-cloud-stream-binder-kafka-core-3.1.3.jar:/home/marley/.m2/repository/org/springframework/integration/spring-integration-kafka/5.5.3/spring-integration-kafka-5.5.3.jar:/home/marley/.m2/repository/org/springframework/cloud/spring-cloud-stream/3.1.3/spring-cloud-stream-3.1.3.jar:/home/marley/.m2/repository/org/springframework/spring-messaging/5.3.9/spring-messaging-5.3.9.jar:/home/marley/.m2/repository/org/springframework/integration/spring-integration-core/5.5.3/spring-integration-core-5.5.3.jar:/home/marley/.m2/repository/org/springframework/integration/spring-integration-jmx/5.5.3/spring-integration-jmx-5.5.3.jar:/home/marley/.m2/repository/org/springframework/retry/spring-retry/1.3.1/spring-retry-1.3.1.jar:/home/marley/.m2/repository/org/springframework/cloud/spring-cloud-function-context/3.1.3/spring-cloud-function-context-3.1.3.jar:/home/marley/.m2/repository/net/jodah/typetools/0.6.2/typetools-0.6.2.jar:/home/marley/.m2/repository/org/springframework/cloud/spring-cloud-function-core/3.1.3/spring-cloud-function-core-3.1.3.jar:/home/marley/.m2/repository/org/springframework/kafka/spring-kafka/2.7.6/spring-kafka-2.7.6.jar:/home/marley/.m2/repository/ru/diasoft/flextera/dstrace-spring-boot-starter-cloud-stream/4.01.04-22010401/dstrace-spring-boot-starter-cloud-stream-4.01.04-22010401.jar:/home/marley/.m2/repository/ru/diasoft/micro/feign-starter/2.03.02-22042201/feign-starter-2.03.02-22042201.jar:/home/marley/.m2/repository/org/springframework/cloud/spring-cloud-starter-openfeign/3.0.3/spring-cloud-starter-openfeign-3.0.3.jar:/home/marley/.m2/repository/org/springframework/cloud/spring-cloud-openfeign-core/3.0.3/spring-cloud-openfeign-core-3.0.3.jar:/home/marley/.m2/repository/io/github/openfeign/form/feign-form-spring/3.8.0/feign-form-spring-3.8.0.jar:/home/marley/.m2/repository/io/github/openfeign/form/feign-form/3.8.0/feign-form-3.8.0.jar:/home/marley/.m2/repository/commons-fileupload/commons-fileupload/1.4/commons-fileupload-1.4.jar:/home/marley/.m2/repository/org/springframework/cloud/spring-cloud-commons/3.0.3/spring-cloud-commons-3.0.3.jar:/home/marley/.m2/repository/io/github/openfeign/feign-core/10.12/feign-core-10.12.jar:/home/marley/.m2/repository/io/github/openfeign/feign-slf4j/10.12/feign-slf4j-10.12.jar:/home/marley/.m2/repository/ru/diasoft/flextera/dstrace-spring-boot-starter-feign/4.01.04-22010401/dstrace-spring-boot-starter-feign-4.01.04-22010401.jar:/home/marley/.m2/repository/org/springframework/security/oauth/spring-security-oauth2/2.5.1.RELEASE/spring-security-oauth2-2.5.1.RELEASE.jar:/home/marley/.m2/repository/org/springframework/spring-beans/5.3.9/spring-beans-5.3.9.jar:/home/marley/.m2/repository/org/springframework/spring-webmvc/5.3.9/spring-webmvc-5.3.9.jar:/home/marley/.m2/repository/org/springframework/security/spring-security-config/5.5.2/spring-security-config-5.5.2.jar:/home/marley/.m2/repository/ru/diasoft/micro/mdp/lib/mdpribbon/9.05.01-22020201-spring-254/mdpribbon-9.05.01-22020201-spring-254.jar:/home/marley/.m2/repository/ru/diasoft/micro/mdp/lib/mdpcache/9.05.01-21122301/mdpcache-9.05.01-21122301.jar:/home/marley/.m2/repository/org/springframework/cloud/spring-cloud-loadbalancer/3.0.3/spring-cloud-loadbalancer-3.0.3.jar:/home/marley/.m2/repository/org/springframework/cloud/spring-cloud-context/3.0.3/spring-cloud-context-3.0.3.jar:/home/marley/.m2/repository/org/springframework/boot/spring-boot-starter-validation/2.5.4/spring-boot-starter-validation-2.5.4.jar:/home/marley/.m2/repository/org/apache/tomcat/embed/tomcat-embed-el/9.0.52/tomcat-embed-el-9.0.52.jar:/home/marley/.m2/repository/org/hibernate/validator/hibernate-validator/6.2.0.Final/hibernate-validator-6.2.0.Final.jar:/home/marley/.m2/repository/jakarta/validation/jakarta.validation-api/2.0.2/jakarta.validation-api-2.0.2.jar:/home/marley/.m2/repository/io/projectreactor/reactor-core/3.4.9/reactor-core-3.4.9.jar:/home/marley/.m2/repository/org/reactivestreams/reactive-streams/1.0.3/reactive-streams-1.0.3.jar:/home/marley/.m2/repository/io/projectreactor/addons/reactor-extra/3.4.4/reactor-extra-3.4.4.jar:/home/marley/.m2/repository/org/springframework/cloud/spring-cloud-netflix-eureka-client/3.0.3/spring-cloud-netflix-eureka-client-3.0.3.jar:/home/marley/.m2/repository/com/netflix/eureka/eureka-client/1.10.14/eureka-client-1.10.14.jar:/home/marley/.m2/repository/com/netflix/netflix-commons/netflix-eventbus/0.3.0/netflix-eventbus-0.3.0.jar:/home/marley/.m2/repository/com/netflix/netflix-commons/netflix-infix/0.3.0/netflix-infix-0.3.0.jar:/home/marley/.m2/repository/commons-jxpath/commons-jxpath/1.3/commons-jxpath-1.3.jar:/home/marley/.m2/repository/org/antlr/antlr-runtime/3.4/antlr-runtime-3.4.jar:/home/marley/.m2/repository/org/antlr/stringtemplate/3.2.1/stringtemplate-3.2.1.jar:/home/marley/.m2/repository/org/apache/commons/commons-math/2.2/commons-math-2.2.jar:/home/marley/.m2/repository/com/thoughtworks/xstream/xstream/1.4.18/xstream-1.4.18.jar:/home/marley/.m2/repository/io/github/x-stream/mxparser/1.2.2/mxparser-1.2.2.jar:/home/marley/.m2/repository/xmlpull/xmlpull/1.1.3.1/xmlpull-1.1.3.1.jar:/home/marley/.m2/repository/javax/ws/rs/jsr311-api/1.1.1/jsr311-api-1.1.1.jar:/home/marley/.m2/repository/com/netflix/servo/servo-core/0.12.21/servo-core-0.12.21.jar:/home/marley/.m2/repository/com/sun/jersey/jersey-core/1.19.4/jersey-core-1.19.4.jar:/home/marley/.m2/repository/com/sun/jersey/jersey-client/1.19.4/jersey-client-1.19.4.jar:/home/marley/.m2/repository/com/sun/jersey/contribs/jersey-apache-client4/1.19.1/jersey-apache-client4-1.19.1.jar:/home/marley/.m2/repository/commons-configuration/commons-configuration/1.10/commons-configuration-1.10.jar:/home/marley/.m2/repository/commons-lang/commons-lang/2.6/commons-lang-2.6.jar:/home/marley/.m2/repository/com/google/inject/guice/4.1.0/guice-4.1.0.jar:/home/marley/.m2/repository/aopalliance/aopalliance/1.0/aopalliance-1.0.jar:/home/marley/.m2/repository/com/fasterxml/jackson/core/jackson-core/2.12.4/jackson-core-2.12.4.jar:/home/marley/.m2/repository/org/codehaus/jettison/jettison/1.4.0/jettison-1.4.0.jar:/home/marley/.m2/repository/io/kubernetes/client-java/8.0.2/client-java-8.0.2.jar:/home/marley/.m2/repository/io/kubernetes/client-java-api/8.0.2/client-java-api-8.0.2.jar:/home/marley/.m2/repository/io/sundr/builder-annotations/0.21.0/builder-annotations-0.21.0.jar:/home/marley/.m2/repository/io/sundr/sundr-core/0.21.0/sundr-core-0.21.0.jar:/home/marley/.m2/repository/io/sundr/sundr-codegen/0.21.0/sundr-codegen-0.21.0.jar:/home/marley/.m2/repository/io/sundr/resourcecify-annotations/0.21.0/resourcecify-annotations-0.21.0.jar:/home/marley/.m2/repository/javax/annotation/javax.annotation-api/1.3.2/javax.annotation-api-1.3.2.jar:/home/marley/.m2/repository/io/swagger/swagger-annotations/1.5.22/swagger-annotations-1.5.22.jar:/home/marley/.m2/repository/com/squareup/okhttp3/okhttp/3.14.9/okhttp-3.14.9.jar:/home/marley/.m2/repository/com/squareup/okio/okio/1.17.2/okio-1.17.2.jar:/home/marley/.m2/repository/com/squareup/okhttp3/logging-interceptor/3.14.9/logging-interceptor-3.14.9.jar:/home/marley/.m2/repository/com/google/code/gson/gson/2.8.7/gson-2.8.7.jar:/home/marley/.m2/repository/io/gsonfire/gson-fire/1.8.3/gson-fire-1.8.3.jar:/home/marley/.m2/repository/joda-time/joda-time/2.10.5/joda-time-2.10.5.jar:/home/marley/.m2/repository/org/joda/joda-convert/1.2/joda-convert-1.2.jar:/home/marley/.m2/repository/io/kubernetes/client-java-proto/8.0.2/client-java-proto-8.0.2.jar:/home/marley/.m2/repository/org/apache/commons/commons-compress/1.19/commons-compress-1.19.jar:/home/marley/.m2/repository/org/bouncycastle/bcprov-ext-jdk15on/1.64/bcprov-ext-jdk15on-1.64.jar:/home/marley/.m2/repository/org/bouncycastle/bcpkix-jdk15on/1.60/bcpkix-jdk15on-1.60.jar:/home/marley/.m2/repository/org/bouncycastle/bcprov-jdk15on/1.60/bcprov-jdk15on-1.60.jar:/home/marley/.m2/repository/com/google/protobuf/protobuf-java/3.11.4/protobuf-java-3.11.4.jar:/home/marley/.m2/repository/org/bitbucket/b_c/jose4j/0.7.0/jose4j-0.7.0.jar:/home/marley/.m2/repository/org/apache/logging/log4j/log4j-core/2.17.1/log4j-core-2.17.1.jar:/home/marley/.m2/repository/org/apache/httpcomponents/httpclient/4.5.13/httpclient-4.5.13.jar:/home/marley/.m2/repository/org/apache/httpcomponents/httpcore/4.4.14/httpcore-4.4.14.jar:/home/marley/.m2/repository/org/projectlombok/lombok/1.18.20/lombok-1.18.20.jar:/home/marley/.m2/repository/ru/diasoft/digitalq/libs/dqapiexception/1.03.01-21041301/dqapiexception-1.03.01-21041301.jar:/home/marley/.m2/repository/org/springframework/spring-web/5.3.9/spring-web-5.3.9.jar:/home/marley/.m2/repository/com/fasterxml/jackson/core/jackson-databind/2.12.4/jackson-databind-2.12.4.jar:/home/marley/.m2/repository/javax/validation/validation-api/2.0.1.Final/validation-api-2.0.1.Final.jar:/home/marley/.m2/repository/ru/diasoft/micro/mdp/lib/qpermissioncontrol/9.06.01-22041101/qpermissioncontrol-9.06.01-22041101.jar:/home/marley/.m2/repository/org/springframework/boot/spring-boot-starter-web/2.5.4/spring-boot-starter-web-2.5.4.jar:/home/marley/.m2/repository/org/springframework/boot/spring-boot-starter-tomcat/2.5.4/spring-boot-starter-tomcat-2.5.4.jar:/home/marley/.m2/repository/org/apache/tomcat/embed/tomcat-embed-core/9.0.52/tomcat-embed-core-9.0.52.jar:/home/marley/.m2/repository/org/apache/tomcat/embed/tomcat-embed-websocket/9.0.52/tomcat-embed-websocket-9.0.52.jar:/home/marley/.m2/repository/com/fasterxml/jackson/core/jackson-annotations/2.12.4/jackson-annotations-2.12.4.jar:/home/marley/.m2/repository/com/googlecode/json-simple/json-simple/1.1.1/json-simple-1.1.1.jar:/home/marley/.m2/repository/org/json/json/20190722/json-20190722.jar:/home/marley/.m2/repository/org/bouncycastle/bcprov-jdk15/1.44/bcprov-jdk15-1.44.jar:/home/marley/.m2/repository/ru/diasoft/micro/mdp/lib/mdpexception/9.06.01-22031801/mdpexception-9.06.01-22031801.jar:/home/marley/.m2/repository/log4j/log4j/1.2.17-18112601/log4j-1.2.17-18112601.jar:/home/marley/.m2/repository/ru/diasoft/micro/mdp/lib/mdpid/9.07.01-22042201/mdpid-9.07.01-22042201.jar:/home/marley/.m2/repository/org/wso2/balana/org.wso2.balana/1.2.12.1/org.wso2.balana-1.2.12.1.jar:/home/marley/.m2/repository/org/wso2/balana/org.wso2.balana.utils/1.2.12.1/org.wso2.balana.utils-1.2.12.1.jar:/home/marley/.m2/repository/org/ops4j/pax/logging/pax-logging-api/1.10.1/pax-logging-api-1.10.1.jar:/home/marley/.m2/repository/xerces/wso2/xercesImpl/2.8.1.wso2v2/xercesImpl-2.8.1.wso2v2.jar:/home/marley/.m2/repository/ru/diasoft/micro/mdp/lib/mdpauditlib/9.05.01-21122301/mdpauditlib-9.05.01-21122301.jar:/home/marley/.m2/repository/org/springframework/boot/spring-boot-starter-aop/2.5.4/spring-boot-starter-aop-2.5.4.jar:/home/marley/.m2/repository/org/springframework/spring-aop/5.3.9/spring-aop-5.3.9.jar:/home/marley/.m2/repository/commons-codec/commons-codec/1.15/commons-codec-1.15.jar:/home/marley/.m2/repository/com/ctc/wstx/stax/stax2-api/3.0.2/stax2-api-3.0.2.jar:/home/marley/.m2/repository/com/ctc/wstx/stax/woodstox-core-asl/4.0.8/woodstox-core-asl-4.0.8.jar:/home/marley/.m2/repository/ru/diasoft/micro/mdp/lib/mdpversionslib/9.05.01-21122301/mdpversionslib-9.05.01-21122301.jar:/home/marley/.m2/repository/org/springframework/boot/spring-boot-devtools/2.5.4/spring-boot-devtools-2.5.4.jar:/home/marley/.m2/repository/ru/diasoft/micro/micrometer-starter/2.03.02-22042201/micrometer-starter-2.03.02-22042201.jar:/home/marley/.m2/repository/io/micrometer/micrometer-core/1.7.3/micrometer-core-1.7.3.jar:/home/marley/.m2/repository/org/hdrhistogram/HdrHistogram/2.1.11/HdrHistogram-2.1.11.jar:/home/marley/.m2/repository/org/latencyutils/LatencyUtils/2.0.3/LatencyUtils-2.0.3.jar:/home/marley/.m2/repository/io/micrometer/micrometer-registry-prometheus/1.7.3/micrometer-registry-prometheus-1.7.3.jar:/home/marley/.m2/repository/io/prometheus/simpleclient_common/0.10.0/simpleclient_common-0.10.0.jar:/home/marley/.m2/repository/io/prometheus/simpleclient/0.10.0/simpleclient-0.10.0.jar:/home/marley/.m2/repository/org/mapstruct/mapstruct/1.3.1.Final/mapstruct-1.3.1.Final.jar:/home/marley/.m2/repository/org/junit/vintage/junit-vintage-engine/5.7.2/junit-vintage-engine-5.7.2.jar:/home/marley/.m2/repository/org/apiguardian/apiguardian-api/1.1.0/apiguardian-api-1.1.0.jar:/home/marley/.m2/repository/org/junit/platform/junit-platform-engine/1.7.2/junit-platform-engine-1.7.2.jar:/home/marley/.m2/repository/org/opentest4j/opentest4j/1.2.0/opentest4j-1.2.0.jar:/home/marley/.m2/repository/org/junit/platform/junit-platform-commons/1.7.2/junit-platform-commons-1.7.2.jar:/home/marley/.m2/repository/junit/junit/4.13.2/junit-4.13.2.jar:/home/marley/.m2/repository/org/springframework/boot/spring-boot-starter-test/2.5.4/spring-boot-starter-test-2.5.4.jar:/home/marley/.m2/repository/org/springframework/boot/spring-boot-test/2.5.4/spring-boot-test-2.5.4.jar:/home/marley/.m2/repository/org/springframework/boot/spring-boot-test-autoconfigure/2.5.4/spring-boot-test-autoconfigure-2.5.4.jar:/home/marley/.m2/repository/com/jayway/jsonpath/json-path/2.5.0/json-path-2.5.0.jar:/home/marley/.m2/repository/net/minidev/json-smart/2.4.7/json-smart-2.4.7.jar:/home/marley/.m2/repository/net/minidev/accessors-smart/2.4.7/accessors-smart-2.4.7.jar:/home/marley/.m2/repository/org/ow2/asm/asm/7.1/asm-7.1.jar:/home/marley/.m2/repository/jakarta/xml/bind/jakarta.xml.bind-api/2.3.3/jakarta.xml.bind-api-2.3.3.jar:/home/marley/.m2/repository/jakarta/activation/jakarta.activation-api/1.2.2/jakarta.activation-api-1.2.2.jar:/home/marley/.m2/repository/org/assertj/assertj-core/3.19.0/assertj-core-3.19.0.jar:/home/marley/.m2/repository/org/hamcrest/hamcrest/2.2/hamcrest-2.2.jar:/home/marley/.m2/repository/org/junit/jupiter/junit-jupiter/5.7.2/junit-jupiter-5.7.2.jar:/home/marley/.m2/repository/org/junit/jupiter/junit-jupiter-api/5.7.2/junit-jupiter-api-5.7.2.jar:/home/marley/.m2/repository/org/junit/jupiter/junit-jupiter-params/5.7.2/junit-jupiter-params-5.7.2.jar:/home/marley/.m2/repository/org/junit/jupiter/junit-jupiter-engine/5.7.2/junit-jupiter-engine-5.7.2.jar:/home/marley/.m2/repository/org/mockito/mockito-core/3.9.0/mockito-core-3.9.0.jar:/home/marley/.m2/repository/net/bytebuddy/byte-buddy/1.10.22/byte-buddy-1.10.22.jar:/home/marley/.m2/repository/net/bytebuddy/byte-buddy-agent/1.10.22/byte-buddy-agent-1.10.22.jar:/home/marley/.m2/repository/org/objenesis/objenesis/3.2/objenesis-3.2.jar:/home/marley/.m2/repository/org/mockito/mockito-junit-jupiter/3.9.0/mockito-junit-jupiter-3.9.0.jar:/home/marley/.m2/repository/org/skyscreamer/jsonassert/1.5.0/jsonassert-1.5.0.jar:/home/marley/.m2/repository/com/vaadin/external/google/android-json/0.0.20131108.vaadin1/android-json-0.0.20131108.vaadin1.jar:/home/marley/.m2/repository/org/springframework/spring-test/5.3.9/spring-test-5.3.9.jar:/home/marley/.m2/repository/org/xmlunit/xmlunit-core/2.8.2/xmlunit-core-2.8.2.jar:/home/marley/.m2/repository/org/springframework/cloud/spring-cloud-starter-netflix-eureka-server/3.0.3/spring-cloud-starter-netflix-eureka-server-3.0.3.jar:/home/marley/.m2/repository/org/springframework/cloud/spring-cloud-starter/3.0.3/spring-cloud-starter-3.0.3.jar:/home/marley/.m2/repository/org/springframework/security/spring-security-rsa/1.0.10.RELEASE/spring-security-rsa-1.0.10.RELEASE.jar:/home/marley/.m2/repository/org/springframework/cloud/spring-cloud-netflix-eureka-server/3.0.3/spring-cloud-netflix-eureka-server-3.0.3.jar:/home/marley/.m2/repository/org/springframework/boot/spring-boot-starter-freemarker/2.5.4/spring-boot-starter-freemarker-2.5.4.jar:/home/marley/.m2/repository/org/freemarker/freemarker/2.3.31/freemarker-2.3.31.jar:/home/marley/.m2/repository/org/springframework/spring-context-support/5.3.9/spring-context-support-5.3.9.jar:/home/marley/.m2/repository/com/sun/jersey/jersey-servlet/1.19.4/jersey-servlet-1.19.4.jar:/home/marley/.m2/repository/com/sun/jersey/jersey-server/1.19.4/jersey-server-1.19.4.jar:/home/marley/.m2/repository/com/netflix/eureka/eureka-core/1.10.14/eureka-core-1.10.14.jar:/home/marley/.m2/repository/com/fasterxml/woodstox/woodstox-core/6.1.1/woodstox-core-6.1.1.jar:/home/marley/.m2/repository/com/fasterxml/jackson/dataformat/jackson-dataformat-xml/2.12.4/jackson-dataformat-xml-2.12.4.jar:/home/marley/.m2/repository/com/fasterxml/jackson/module/jackson-module-jaxb-annotations/2.12.4/jackson-module-jaxb-annotations-2.12.4.jar:/home/marley/.m2/repository/org/codehaus/woodstox/stax2-api/4.2/stax2-api-4.2.jar:/home/marley/.m2/repository/org/springframework/cloud/spring-cloud-starter-loadbalancer/3.0.3/spring-cloud-starter-loadbalancer-3.0.3.jar:/home/marley/.m2/repository/org/springframework/boot/spring-boot-starter-cache/2.5.4/spring-boot-starter-cache-2.5.4.jar:/home/marley/.m2/repository/com/stoyanr/evictor/1.0.0/evictor-1.0.0.jar:/home/marley/.m2/repository/org/glassfish/jaxb/jaxb-runtime/2.3.5/jaxb-runtime-2.3.5.jar:/home/marley/.m2/repository/org/glassfish/jaxb/txw2/2.3.5/txw2-2.3.5.jar:/home/marley/.m2/repository/com/sun/istack/istack-commons-runtime/3.0.12/istack-commons-runtime-3.0.12.jar:/home/marley/.m2/repository/com/sun/activation/jakarta.activation/1.2.2/jakarta.activation-1.2.2.jar:/home/marley/.m2/repository/org/springframework/security/spring-security-test/5.5.2/spring-security-test-5.5.2.jar:/home/marley/.m2/repository/org/springframework/security/spring-security-core/5.5.2/spring-security-core-5.5.2.jar:/home/marley/.m2/repository/org/springframework/security/spring-security-crypto/5.5.2/spring-security-crypto-5.5.2.jar:/home/marley/.m2/repository/org/springframework/spring-expression/5.3.9/spring-expression-5.3.9.jar:/home/marley/.m2/repository/org/springframework/security/spring-security-web/5.5.2/spring-security-web-5.5.2.jar:/home/marley/.m2/repository/org/liquibase/liquibase-core/4.3.5/liquibase-core-4.3.5.jar:/home/marley/.m2/repository/javax/xml/bind/jaxb-api/2.3.1/jaxb-api-2.3.1.jar:/home/marley/.m2/repository/javax/activation/javax.activation-api/1.2.0/javax.activation-api-1.2.0.jar:/home/marley/.m2/repository/com/h2database/h2/1.4.200/h2-1.4.200.jar:/home/marley/.m2/repository/com/tngtech/archunit/archunit/0.13.1/archunit-0.13.1.jar:/home/marley/.m2/repository/org/slf4j/slf4j-api/1.7.25/slf4j-api-1.7.25.jar:/home/marley/.m2/repository/ru/diasoft/micro/archetype-tests/1.01.07-21072801/archetype-tests-1.01.07-21072801.jar:/home/marley/.m2/repository/ru/diasoft/micro/reactive-starter/1.19.01-21032201/reactive-starter-1.19.01-21032201.jar:/home/marley/.m2/repository/org/springframework/boot/spring-boot-starter-webflux/2.5.4/spring-boot-starter-webflux-2.5.4.jar:/home/marley/.m2/repository/org/springframework/boot/spring-boot-starter-reactor-netty/2.5.4/spring-boot-starter-reactor-netty-2.5.4.jar:/home/marley/.m2/repository/io/projectreactor/netty/reactor-netty-http/1.0.10/reactor-netty-http-1.0.10.jar:/home/marley/.m2/repository/io/netty/netty-codec-http/4.1.67.Final/netty-codec-http-4.1.67.Final.jar:/home/marley/.m2/repository/io/netty/netty-common/4.1.67.Final/netty-common-4.1.67.Final.jar:/home/marley/.m2/repository/io/netty/netty-buffer/4.1.67.Final/netty-buffer-4.1.67.Final.jar:/home/marley/.m2/repository/io/netty/netty-transport/4.1.67.Final/netty-transport-4.1.67.Final.jar:/home/marley/.m2/repository/io/netty/netty-codec/4.1.67.Final/netty-codec-4.1.67.Final.jar:/home/marley/.m2/repository/io/netty/netty-handler/4.1.67.Final/netty-handler-4.1.67.Final.jar:/home/marley/.m2/repository/io/netty/netty-codec-http2/4.1.67.Final/netty-codec-http2-4.1.67.Final.jar:/home/marley/.m2/repository/io/netty/netty-resolver-dns/4.1.67.Final/netty-resolver-dns-4.1.67.Final.jar:/home/marley/.m2/repository/io/netty/netty-resolver/4.1.67.Final/netty-resolver-4.1.67.Final.jar:/home/marley/.m2/repository/io/netty/netty-codec-dns/4.1.67.Final/netty-codec-dns-4.1.67.Final.jar:/home/marley/.m2/repository/io/netty/netty-resolver-dns-native-macos/4.1.67.Final/netty-resolver-dns-native-macos-4.1.67.Final-osx-x86_64.jar:/home/marley/.m2/repository/io/netty/netty-transport-native-unix-common/4.1.67.Final/netty-transport-native-unix-common-4.1.67.Final.jar:/home/marley/.m2/repository/io/netty/netty-transport-native-epoll/4.1.67.Final/netty-transport-native-epoll-4.1.67.Final-linux-x86_64.jar:/home/marley/.m2/repository/io/projectreactor/netty/reactor-netty-core/1.0.10/reactor-netty-core-1.0.10.jar:/home/marley/.m2/repository/io/netty/netty-handler-proxy/4.1.67.Final/netty-handler-proxy-4.1.67.Final.jar:/home/marley/.m2/repository/io/netty/netty-codec-socks/4.1.67.Final/netty-codec-socks-4.1.67.Final.jar:/home/marley/.m2/repository/org/springframework/spring-webflux/5.3.9/spring-webflux-5.3.9.jar:/home/marley/.m2/repository/ru/diasoft/micro/rest-starter/2.03.02-22042201/rest-starter-2.03.02-22042201.jar:/home/marley/.m2/repository/ru/diasoft/flextera/dstrace-spring-boot-starter-rest/4.01.04-22010401/dstrace-spring-boot-starter-rest-4.01.04-22010401.jar:/home/marley/.m2/repository/org/springframework/boot/spring-boot-starter-actuator/2.5.4/spring-boot-starter-actuator-2.5.4.jar:/home/marley/.m2/repository/org/springframework/boot/spring-boot-actuator-autoconfigure/2.5.4/spring-boot-actuator-autoconfigure-2.5.4.jar:/home/marley/.m2/repository/org/springframework/boot/spring-boot-actuator/2.5.4/spring-boot-actuator-2.5.4.jar:/home/marley/.m2/repository/org/springframework/cloud/spring-cloud-starter-oauth2/2.2.2.RELEASE/spring-cloud-starter-oauth2-2.2.2.RELEASE.jar:/home/marley/.m2/repository/org/springframework/cloud/spring-cloud-starter-security/2.2.2.RELEASE/spring-cloud-starter-security-2.2.2.RELEASE.jar:/home/marley/.m2/repository/org/springframework/cloud/spring-cloud-security/2.2.2.RELEASE/spring-cloud-security-2.2.2.RELEASE.jar:/home/marley/.m2/repository/org/springframework/boot/spring-boot-starter-security/2.5.4/spring-boot-starter-security-2.5.4.jar:/home/marley/.m2/repository/org/springframework/security/oauth/boot/spring-security-oauth2-autoconfigure/2.1.2.RELEASE/spring-security-oauth2-autoconfigure-2.1.2.RELEASE.jar:/home/marley/.m2/repository/com/sun/xml/bind/jaxb-core/2.3.0.1/jaxb-core-2.3.0.1.jar:/home/marley/.m2/repository/com/sun/xml/bind/jaxb-impl/2.3.0.1/jaxb-impl-2.3.0.1.jar:/home/marley/.m2/repository/org/springframework/security/spring-security-jwt/1.0.9.RELEASE/spring-security-jwt-1.0.9.RELEASE.jar:/home/marley/.m2/repository/ru/diasoft/micro/swagger-starter/2.03.02-22042201/swagger-starter-2.03.02-22042201.jar:/home/marley/.m2/repository/io/springfox/springfox-boot-starter/3.0.0/springfox-boot-starter-3.0.0.jar:/home/marley/.m2/repository/io/springfox/springfox-oas/3.0.0/springfox-oas-3.0.0.jar:/home/marley/.m2/repository/io/swagger/core/v3/swagger-annotations/2.1.2/swagger-annotations-2.1.2.jar:/home/marley/.m2/repository/io/swagger/core/v3/swagger-models/2.1.2/swagger-models-2.1.2.jar:/home/marley/.m2/repository/io/springfox/springfox-spi/3.0.0/springfox-spi-3.0.0.jar:/home/marley/.m2/repository/io/springfox/springfox-schema/3.0.0/springfox-schema-3.0.0.jar:/home/marley/.m2/repository/io/springfox/springfox-core/3.0.0/springfox-core-3.0.0.jar:/home/marley/.m2/repository/io/springfox/springfox-spring-web/3.0.0/springfox-spring-web-3.0.0.jar:/home/marley/.m2/repository/io/github/classgraph/classgraph/4.8.83/classgraph-4.8.83.jar:/home/marley/.m2/repository/io/springfox/springfox-spring-webmvc/3.0.0/springfox-spring-webmvc-3.0.0.jar:/home/marley/.m2/repository/io/springfox/springfox-spring-webflux/3.0.0/springfox-spring-webflux-3.0.0.jar:/home/marley/.m2/repository/io/springfox/springfox-swagger-common/3.0.0/springfox-swagger-common-3.0.0.jar:/home/marley/.m2/repository/io/springfox/springfox-data-rest/3.0.0/springfox-data-rest-3.0.0.jar:/home/marley/.m2/repository/io/springfox/springfox-bean-validators/3.0.0/springfox-bean-validators-3.0.0.jar:/home/marley/.m2/repository/io/springfox/springfox-swagger2/3.0.0/springfox-swagger2-3.0.0.jar:/home/marley/.m2/repository/io/swagger/swagger-models/1.5.20/swagger-models-1.5.20.jar:/home/marley/.m2/repository/io/springfox/springfox-swagger-ui/3.0.0/springfox-swagger-ui-3.0.0.jar:/home/marley/.m2/repository/com/fasterxml/classmate/1.5.1/classmate-1.5.1.jar:/home/marley/.m2/repository/org/springframework/plugin/spring-plugin-core/2.0.0.RELEASE/spring-plugin-core-2.0.0.RELEASE.jar:/home/marley/.m2/repository/org/springframework/plugin/spring-plugin-metadata/2.0.0.RELEASE/spring-plugin-metadata-2.0.0.RELEASE.jar:/home/marley/.m2/repository/de/codecentric/chaos-monkey-spring-boot/2.2.0/chaos-monkey-spring-boot-2.2.0.jar:/home/marley/.m2/repository/org/springframework/spring-aspects/5.3.9/spring-aspects-5.3.9.jar:/home/marley/.m2/repository/org/springframework/spring-instrument/5.3.9/spring-instrument-5.3.9.jar:/home/marley/.m2/repository/org/aspectj/aspectjweaver/1.9.7/aspectjweaver-1.9.7.jar:/home/marley/.m2/repository/org/springframework/boot/spring-boot-configuration-processor/2.5.4/spring-boot-configuration-processor-2.5.4.jar:',
		'java.vm.specification.name' = 'Java Virtual Machine Specification',
		'java.vm.specification.version' = '1.8',
		'sun.cpu.endian' = 'little',
		'sun.os.patch.level' = 'unknown',
		'java.awt.headless' = 'true',
		'surefire.test.class.path' = '/home/marley/projects/dev/diasoft/diasoft-microservices-spring-basics/apps/app13/demo/service/target/test-classes:/home/marley/projects/dev/diasoft/diasoft-microservices-spring-basics/apps/app13/demo/service/target/classes:/home/marley/.m2/repository/org/springframework/boot/spring-boot-starter/2.5.4/spring-boot-starter-2.5.4.jar:/home/marley/.m2/repository/org/springframework/boot/spring-boot/2.5.4/spring-boot-2.5.4.jar:/home/marley/.m2/repository/org/springframework/spring-context/5.3.9/spring-context-5.3.9.jar:/home/marley/.m2/repository/org/springframework/boot/spring-boot-autoconfigure/2.5.4/spring-boot-autoconfigure-2.5.4.jar:/home/marley/.m2/repository/jakarta/annotation/jakarta.annotation-api/1.3.5/jakarta.annotation-api-1.3.5.jar:/home/marley/.m2/repository/org/springframework/spring-core/5.3.9/spring-core-5.3.9.jar:/home/marley/.m2/repository/org/springframework/spring-jcl/5.3.9/spring-jcl-5.3.9.jar:/home/marley/.m2/repository/org/yaml/snakeyaml/1.28/snakeyaml-1.28.jar:/home/marley/.m2/repository/ru/diasoft/micro/core-starter/2.03.02-22042201/core-starter-2.03.02-22042201.jar:/home/marley/.m2/repository/org/springframework/boot/spring-boot-starter-json/2.5.4/spring-boot-starter-json-2.5.4.jar:/home/marley/.m2/repository/com/fasterxml/jackson/datatype/jackson-datatype-jdk8/2.12.4/jackson-datatype-jdk8-2.12.4.jar:/home/marley/.m2/repository/com/fasterxml/jackson/datatype/jackson-datatype-jsr310/2.12.4/jackson-datatype-jsr310-2.12.4.jar:/home/marley/.m2/repository/com/fasterxml/jackson/module/jackson-module-parameter-names/2.12.4/jackson-module-parameter-names-2.12.4.jar:/home/marley/.m2/repository/ru/diasoft/digitalq/dslogging-spring-boot-starter/1.06.03-22020901/dslogging-spring-boot-starter-1.06.03-22020901.jar:/home/marley/.m2/repository/ru/diasoft/digitalq/dslogging/1.06.03-22020901/dslogging-1.06.03-22020901.jar:/home/marley/.m2/repository/ru/diasoft/digitalq/dslogging-log4j2/1.06.03-22020901/dslogging-log4j2-1.06.03-22020901.jar:/home/marley/.m2/repository/ru/diasoft/flextera/dstrace/4.01.04-22010401/dstrace-4.01.04-22010401.jar:/home/marley/.m2/repository/commons-io/commons-io/2.5/commons-io-2.5.jar:/home/marley/.m2/repository/com/lmax/disruptor/3.4.2/disruptor-3.4.2.jar:/home/marley/.m2/repository/org/apache/kafka/kafka-clients/2.7.1/kafka-clients-2.7.1.jar:/home/marley/.m2/repository/com/github/luben/zstd-jni/1.4.5-6/zstd-jni-1.4.5-6.jar:/home/marley/.m2/repository/org/lz4/lz4-java/1.7.1/lz4-java-1.7.1.jar:/home/marley/.m2/repository/org/xerial/snappy/snappy-java/1.1.7.7/snappy-java-1.1.7.7.jar:/home/marley/.m2/repository/biz/paluch/logging/logstash-gelf/1.14.0/logstash-gelf-1.14.0.jar:/home/marley/.m2/repository/org/apache/logging/log4j/log4j-api/2.17.1/log4j-api-2.17.1.jar:/home/marley/.m2/repository/org/apache/logging/log4j/log4j-slf4j-impl/2.17.1/log4j-slf4j-impl-2.17.1.jar:/home/marley/.m2/repository/org/apache/logging/log4j/log4j-jul/2.17.1/log4j-jul-2.17.1.jar:/home/marley/.m2/repository/org/apache/logging/log4j/log4j-spring-cloud-config-client/2.17.1/log4j-spring-cloud-config-client-2.17.1.jar:/home/marley/.m2/repository/org/apache/logging/log4j/log4j-spring-boot/2.17.1/log4j-spring-boot-2.17.1.jar:/home/marley/.m2/repository/org/springframework/cloud/spring-cloud-starter-bootstrap/3.0.3/spring-cloud-starter-bootstrap-3.0.3.jar:/home/marley/.m2/repository/org/springframework/cloud/spring-cloud-config-client/3.0.4/spring-cloud-config-client-3.0.4.jar:/home/marley/.m2/repository/commons-logging/commons-logging/1.2/commons-logging-1.2.jar:/home/marley/.m2/repository/org/apache/logging/log4j/log4j-docker/2.17.1/log4j-docker-2.17.1.jar:/home/marley/.m2/repository/org/apache/commons/commons-lang3/3.12.0/commons-lang3-3.12.0.jar:/home/marley/.m2/repository/ru/diasoft/micro/jpa-starter/2.03.02-22042201/jpa-starter-2.03.02-22042201.jar:/home/marley/.m2/repository/org/springframework/boot/spring-boot-starter-data-jpa/2.5.4/spring-boot-starter-data-jpa-2.5.4.jar:/home/marley/.m2/repository/org/springframework/boot/spring-boot-starter-jdbc/2.5.4/spring-boot-starter-jdbc-2.5.4.jar:/home/marley/.m2/repository/com/zaxxer/HikariCP/4.0.3/HikariCP-4.0.3.jar:/home/marley/.m2/repository/org/springframework/spring-jdbc/5.3.9/spring-jdbc-5.3.9.jar:/home/marley/.m2/repository/jakarta/transaction/jakarta.transaction-api/1.3.3/jakarta.transaction-api-1.3.3.jar:/home/marley/.m2/repository/jakarta/persistence/jakarta.persistence-api/2.2.3/jakarta.persistence-api-2.2.3.jar:/home/marley/.m2/repository/org/hibernate/hibernate-core/5.4.32.Final/hibernate-core-5.4.32.Final.jar:/home/marley/.m2/repository/org/jboss/logging/jboss-logging/3.4.2.Final/jboss-logging-3.4.2.Final.jar:/home/marley/.m2/repository/org/javassist/javassist/3.23.2-GA/javassist-3.23.2-GA.jar:/home/marley/.m2/repository/antlr/antlr/2.7.7/antlr-2.7.7.jar:/home/marley/.m2/repository/org/jboss/jandex/2.2.3.Final/jandex-2.2.3.Final.jar:/home/marley/.m2/repository/org/dom4j/dom4j/2.1.3/dom4j-2.1.3.jar:/home/marley/.m2/repository/org/hibernate/common/hibernate-commons-annotations/5.1.2.Final/hibernate-commons-annotations-5.1.2.Final.jar:/home/marley/.m2/repository/org/springframework/data/spring-data-jpa/2.5.4/spring-data-jpa-2.5.4.jar:/home/marley/.m2/repository/org/springframework/data/spring-data-commons/2.5.4/spring-data-commons-2.5.4.jar:/home/marley/.m2/repository/org/springframework/spring-orm/5.3.9/spring-orm-5.3.9.jar:/home/marley/.m2/repository/org/springframework/spring-tx/5.3.9/spring-tx-5.3.9.jar:/home/marley/.m2/repository/ru/diasoft/flextera/dstrace-spring-boot-starter-jpa/4.01.04-22010401/dstrace-spring-boot-starter-jpa-4.01.04-22010401.jar:/home/marley/.m2/repository/ru/diasoft/flextera/dstrace-spring-boot-starter/4.01.04-22010401/dstrace-spring-boot-starter-4.01.04-22010401.jar:/home/marley/.m2/repository/ru/diasoft/flextera/dstrace-brave/4.01.04-22010401/dstrace-brave-4.01.04-22010401.jar:/home/marley/.m2/repository/io/zipkin/brave/brave/5.13.2/brave-5.13.2.jar:/home/marley/.m2/repository/io/zipkin/reporter2/zipkin-reporter-brave/2.16.1/zipkin-reporter-brave-2.16.1.jar:/home/marley/.m2/repository/org/springframework/cloud/spring-cloud-starter-zipkin/2.2.3.RELEASE/spring-cloud-starter-zipkin-2.2.3.RELEASE.jar:/home/marley/.m2/repository/org/springframework/cloud/spring-cloud-starter-sleuth/3.0.3/spring-cloud-starter-sleuth-3.0.3.jar:/home/marley/.m2/repository/org/springframework/cloud/spring-cloud-sleuth-autoconfigure/3.0.3/spring-cloud-sleuth-autoconfigure-3.0.3.jar:/home/marley/.m2/repository/org/aspectj/aspectjrt/1.9.7/aspectjrt-1.9.7.jar:/home/marley/.m2/repository/org/springframework/cloud/spring-cloud-sleuth-brave/3.0.3/spring-cloud-sleuth-brave-3.0.3.jar:/home/marley/.m2/repository/io/zipkin/brave/brave-context-slf4j/5.13.2/brave-context-slf4j-5.13.2.jar:/home/marley/.m2/repository/io/zipkin/brave/brave-instrumentation-messaging/5.13.2/brave-instrumentation-messaging-5.13.2.jar:/home/marley/.m2/repository/io/zipkin/brave/brave-instrumentation-rpc/5.13.2/brave-instrumentation-rpc-5.13.2.jar:/home/marley/.m2/repository/io/zipkin/brave/brave-instrumentation-spring-rabbit/5.13.2/brave-instrumentation-spring-rabbit-5.13.2.jar:/home/marley/.m2/repository/io/zipkin/brave/brave-instrumentation-kafka-clients/5.13.2/brave-instrumentation-kafka-clients-5.13.2.jar:/home/marley/.m2/repository/io/zipkin/brave/brave-instrumentation-kafka-streams/5.13.2/brave-instrumentation-kafka-streams-5.13.2.jar:/home/marley/.m2/repository/io/zipkin/brave/brave-instrumentation-httpclient/5.13.2/brave-instrumentation-httpclient-5.13.2.jar:/home/marley/.m2/repository/io/zipkin/brave/brave-instrumentation-http/5.13.2/brave-instrumentation-http-5.13.2.jar:/home/marley/.m2/repository/io/zipkin/brave/brave-instrumentation-httpasyncclient/5.13.2/brave-instrumentation-httpasyncclient-5.13.2.jar:/home/marley/.m2/repository/io/zipkin/brave/brave-instrumentation-jms/5.13.2/brave-instrumentation-jms-5.13.2.jar:/home/marley/.m2/repository/io/zipkin/brave/brave-instrumentation-mongodb/5.13.2/brave-instrumentation-mongodb-5.13.2.jar:/home/marley/.m2/repository/io/zipkin/aws/brave-propagation-aws/0.21.3/brave-propagation-aws-0.21.3.jar:/home/marley/.m2/repository/io/zipkin/reporter2/zipkin-reporter-metrics-micrometer/2.16.1/zipkin-reporter-metrics-micrometer-2.16.1.jar:/home/marley/.m2/repository/org/springframework/cloud/spring-cloud-sleuth-zipkin/3.0.3/spring-cloud-sleuth-zipkin-3.0.3.jar:/home/marley/.m2/repository/org/springframework/cloud/spring-cloud-sleuth-instrumentation/3.0.3/spring-cloud-sleuth-instrumentation-3.0.3.jar:/home/marley/.m2/repository/org/springframework/cloud/spring-cloud-sleuth-api/3.0.3/spring-cloud-sleuth-api-3.0.3.jar:/home/marley/.m2/repository/io/zipkin/zipkin2/zipkin/2.23.0/zipkin-2.23.0.jar:/home/marley/.m2/repository/io/zipkin/reporter2/zipkin-reporter/2.16.1/zipkin-reporter-2.16.1.jar:/home/marley/.m2/repository/io/zipkin/reporter2/zipkin-sender-kafka/2.16.1/zipkin-sender-kafka-2.16.1.jar:/home/marley/.m2/repository/io/zipkin/reporter2/zipkin-sender-activemq-client/2.16.1/zipkin-sender-activemq-client-2.16.1.jar:/home/marley/.m2/repository/io/zipkin/reporter2/zipkin-sender-amqp-client/2.16.1/zipkin-sender-amqp-client-2.16.1.jar:/home/marley/.m2/repository/net/ttddyy/datasource-proxy/1.7/datasource-proxy-1.7.jar:/home/marley/.m2/repository/com/querydsl/querydsl-apt/4.4.0/querydsl-apt-4.4.0.jar:/home/marley/.m2/repository/com/querydsl/querydsl-jpa/4.4.0/querydsl-jpa-4.4.0.jar:/home/marley/.m2/repository/com/querydsl/querydsl-core/4.4.0/querydsl-core-4.4.0.jar:/home/marley/.m2/repository/com/google/code/findbugs/jsr305/1.3.9/jsr305-1.3.9.jar:/home/marley/.m2/repository/com/mysema/commons/mysema-commons-lang/0.2.4/mysema-commons-lang-0.2.4.jar:/home/marley/.m2/repository/com/infradna/tool/bridge-method-annotation/1.13/bridge-method-annotation-1.13.jar:/home/marley/.m2/repository/javax/inject/javax.inject/1/javax.inject-1.jar:/home/marley/.m2/repository/com/querydsl/querydsl-codegen/4.2.2/querydsl-codegen-4.2.2.jar:/home/marley/.m2/repository/com/mysema/codegen/codegen/0.6.8/codegen-0.6.8.jar:/home/marley/.m2/repository/org/eclipse/jdt/core/compiler/ecj/4.3.1/ecj-4.3.1.jar:/home/marley/.m2/repository/org/reflections/reflections/0.9.9/reflections-0.9.9.jar:/home/marley/.m2/repository/com/google/code/findbugs/annotations/2.0.1/annotations-2.0.1.jar:/home/marley/.m2/repository/ru/diasoft/micro/mdp/lib/mdpquerydsl/9.04.06-21060101/mdpquerydsl-9.04.06-21060101.jar:/home/marley/.m2/repository/com/querydsl/querydsl-collections/4.4.0/querydsl-collections-4.4.0.jar:/home/marley/.m2/repository/org/apache/commons/commons-collections4/4.3/commons-collections4-4.3.jar:/home/marley/.m2/repository/com/google/guava/guava/29.0-android/guava-29.0-android.jar:/home/marley/.m2/repository/com/google/guava/failureaccess/1.0.1/failureaccess-1.0.1.jar:/home/marley/.m2/repository/com/google/guava/listenablefuture/9999.0-empty-to-avoid-conflict-with-guava/listenablefuture-9999.0-empty-to-avoid-conflict-with-guava.jar:/home/marley/.m2/repository/org/checkerframework/checker-compat-qual/2.5.5/checker-compat-qual-2.5.5.jar:/home/marley/.m2/repository/com/google/errorprone/error_prone_annotations/2.3.4/error_prone_annotations-2.3.4.jar:/home/marley/.m2/repository/com/google/j2objc/j2objc-annotations/1.3/j2objc-annotations-1.3.jar:/home/marley/.m2/repository/org/postgresql/postgresql/42.3.1/postgresql-42.3.1.jar:/home/marley/.m2/repository/org/checkerframework/checker-qual/3.5.0/checker-qual-3.5.0.jar:/home/marley/.m2/repository/net/sourceforge/jtds/jtds/1.3.1/jtds-1.3.1.jar:/home/marley/.m2/repository/com/oracle/database/jdbc/ojdbc8/21.4.0.0.1/ojdbc8-21.4.0.0.1.jar:/home/marley/.m2/repository/com/oracle/ojdbc/orai18n/19.3.0.0/orai18n-19.3.0.0.jar:/home/marley/.m2/repository/com/oracle/database/nls/orai18n/21.4.0.0.1/orai18n-21.4.0.0.1.jar:/home/marley/.m2/repository/ru/diasoft/micro/stream-kafka-starter/2.03.02-22042201/stream-kafka-starter-2.03.02-22042201.jar:/home/marley/.m2/repository/org/springframework/cloud/spring-cloud-starter-stream-kafka/3.1.3/spring-cloud-starter-stream-kafka-3.1.3.jar:/home/marley/.m2/repository/org/springframework/cloud/spring-cloud-stream-binder-kafka/3.1.3/spring-cloud-stream-binder-kafka-3.1.3.jar:/home/marley/.m2/repository/org/springframework/cloud/spring-cloud-stream-binder-kafka-core/3.1.3/spring-cloud-stream-binder-kafka-core-3.1.3.jar:/home/marley/.m2/repository/org/springframework/integration/spring-integration-kafka/5.5.3/spring-integration-kafka-5.5.3.jar:/home/marley/.m2/repository/org/springframework/cloud/spring-cloud-stream/3.1.3/spring-cloud-stream-3.1.3.jar:/home/marley/.m2/repository/org/springframework/spring-messaging/5.3.9/spring-messaging-5.3.9.jar:/home/marley/.m2/repository/org/springframework/integration/spring-integration-core/5.5.3/spring-integration-core-5.5.3.jar:/home/marley/.m2/repository/org/springframework/integration/spring-integration-jmx/5.5.3/spring-integration-jmx-5.5.3.jar:/home/marley/.m2/repository/org/springframework/retry/spring-retry/1.3.1/spring-retry-1.3.1.jar:/home/marley/.m2/repository/org/springframework/cloud/spring-cloud-function-context/3.1.3/spring-cloud-function-context-3.1.3.jar:/home/marley/.m2/repository/net/jodah/typetools/0.6.2/typetools-0.6.2.jar:/home/marley/.m2/repository/org/springframework/cloud/spring-cloud-function-core/3.1.3/spring-cloud-function-core-3.1.3.jar:/home/marley/.m2/repository/org/springframework/kafka/spring-kafka/2.7.6/spring-kafka-2.7.6.jar:/home/marley/.m2/repository/ru/diasoft/flextera/dstrace-spring-boot-starter-cloud-stream/4.01.04-22010401/dstrace-spring-boot-starter-cloud-stream-4.01.04-22010401.jar:/home/marley/.m2/repository/ru/diasoft/micro/feign-starter/2.03.02-22042201/feign-starter-2.03.02-22042201.jar:/home/marley/.m2/repository/org/springframework/cloud/spring-cloud-starter-openfeign/3.0.3/spring-cloud-starter-openfeign-3.0.3.jar:/home/marley/.m2/repository/org/springframework/cloud/spring-cloud-openfeign-core/3.0.3/spring-cloud-openfeign-core-3.0.3.jar:/home/marley/.m2/repository/io/github/openfeign/form/feign-form-spring/3.8.0/feign-form-spring-3.8.0.jar:/home/marley/.m2/repository/io/github/openfeign/form/feign-form/3.8.0/feign-form-3.8.0.jar:/home/marley/.m2/repository/commons-fileupload/commons-fileupload/1.4/commons-fileupload-1.4.jar:/home/marley/.m2/repository/org/springframework/cloud/spring-cloud-commons/3.0.3/spring-cloud-commons-3.0.3.jar:/home/marley/.m2/repository/io/github/openfeign/feign-core/10.12/feign-core-10.12.jar:/home/marley/.m2/repository/io/github/openfeign/feign-slf4j/10.12/feign-slf4j-10.12.jar:/home/marley/.m2/repository/ru/diasoft/flextera/dstrace-spring-boot-starter-feign/4.01.04-22010401/dstrace-spring-boot-starter-feign-4.01.04-22010401.jar:/home/marley/.m2/repository/org/springframework/security/oauth/spring-security-oauth2/2.5.1.RELEASE/spring-security-oauth2-2.5.1.RELEASE.jar:/home/marley/.m2/repository/org/springframework/spring-beans/5.3.9/spring-beans-5.3.9.jar:/home/marley/.m2/repository/org/springframework/spring-webmvc/5.3.9/spring-webmvc-5.3.9.jar:/home/marley/.m2/repository/org/springframework/security/spring-security-config/5.5.2/spring-security-config-5.5.2.jar:/home/marley/.m2/repository/ru/diasoft/micro/mdp/lib/mdpribbon/9.05.01-22020201-spring-254/mdpribbon-9.05.01-22020201-spring-254.jar:/home/marley/.m2/repository/ru/diasoft/micro/mdp/lib/mdpcache/9.05.01-21122301/mdpcache-9.05.01-21122301.jar:/home/marley/.m2/repository/org/springframework/cloud/spring-cloud-loadbalancer/3.0.3/spring-cloud-loadbalancer-3.0.3.jar:/home/marley/.m2/repository/org/springframework/cloud/spring-cloud-context/3.0.3/spring-cloud-context-3.0.3.jar:/home/marley/.m2/repository/org/springframework/boot/spring-boot-starter-validation/2.5.4/spring-boot-starter-validation-2.5.4.jar:/home/marley/.m2/repository/org/apache/tomcat/embed/tomcat-embed-el/9.0.52/tomcat-embed-el-9.0.52.jar:/home/marley/.m2/repository/org/hibernate/validator/hibernate-validator/6.2.0.Final/hibernate-validator-6.2.0.Final.jar:/home/marley/.m2/repository/jakarta/validation/jakarta.validation-api/2.0.2/jakarta.validation-api-2.0.2.jar:/home/marley/.m2/repository/io/projectreactor/reactor-core/3.4.9/reactor-core-3.4.9.jar:/home/marley/.m2/repository/org/reactivestreams/reactive-streams/1.0.3/reactive-streams-1.0.3.jar:/home/marley/.m2/repository/io/projectreactor/addons/reactor-extra/3.4.4/reactor-extra-3.4.4.jar:/home/marley/.m2/repository/org/springframework/cloud/spring-cloud-netflix-eureka-client/3.0.3/spring-cloud-netflix-eureka-client-3.0.3.jar:/home/marley/.m2/repository/com/netflix/eureka/eureka-client/1.10.14/eureka-client-1.10.14.jar:/home/marley/.m2/repository/com/netflix/netflix-commons/netflix-eventbus/0.3.0/netflix-eventbus-0.3.0.jar:/home/marley/.m2/repository/com/netflix/netflix-commons/netflix-infix/0.3.0/netflix-infix-0.3.0.jar:/home/marley/.m2/repository/commons-jxpath/commons-jxpath/1.3/commons-jxpath-1.3.jar:/home/marley/.m2/repository/org/antlr/antlr-runtime/3.4/antlr-runtime-3.4.jar:/home/marley/.m2/repository/org/antlr/stringtemplate/3.2.1/stringtemplate-3.2.1.jar:/home/marley/.m2/repository/org/apache/commons/commons-math/2.2/commons-math-2.2.jar:/home/marley/.m2/repository/com/thoughtworks/xstream/xstream/1.4.18/xstream-1.4.18.jar:/home/marley/.m2/repository/io/github/x-stream/mxparser/1.2.2/mxparser-1.2.2.jar:/home/marley/.m2/repository/xmlpull/xmlpull/1.1.3.1/xmlpull-1.1.3.1.jar:/home/marley/.m2/repository/javax/ws/rs/jsr311-api/1.1.1/jsr311-api-1.1.1.jar:/home/marley/.m2/repository/com/netflix/servo/servo-core/0.12.21/servo-core-0.12.21.jar:/home/marley/.m2/repository/com/sun/jersey/jersey-core/1.19.4/jersey-core-1.19.4.jar:/home/marley/.m2/repository/com/sun/jersey/jersey-client/1.19.4/jersey-client-1.19.4.jar:/home/marley/.m2/repository/com/sun/jersey/contribs/jersey-apache-client4/1.19.1/jersey-apache-client4-1.19.1.jar:/home/marley/.m2/repository/commons-configuration/commons-configuration/1.10/commons-configuration-1.10.jar:/home/marley/.m2/repository/commons-lang/commons-lang/2.6/commons-lang-2.6.jar:/home/marley/.m2/repository/com/google/inject/guice/4.1.0/guice-4.1.0.jar:/home/marley/.m2/repository/aopalliance/aopalliance/1.0/aopalliance-1.0.jar:/home/marley/.m2/repository/com/fasterxml/jackson/core/jackson-core/2.12.4/jackson-core-2.12.4.jar:/home/marley/.m2/repository/org/codehaus/jettison/jettison/1.4.0/jettison-1.4.0.jar:/home/marley/.m2/repository/io/kubernetes/client-java/8.0.2/client-java-8.0.2.jar:/home/marley/.m2/repository/io/kubernetes/client-java-api/8.0.2/client-java-api-8.0.2.jar:/home/marley/.m2/repository/io/sundr/builder-annotations/0.21.0/builder-annotations-0.21.0.jar:/home/marley/.m2/repository/io/sundr/sundr-core/0.21.0/sundr-core-0.21.0.jar:/home/marley/.m2/repository/io/sundr/sundr-codegen/0.21.0/sundr-codegen-0.21.0.jar:/home/marley/.m2/repository/io/sundr/resourcecify-annotations/0.21.0/resourcecify-annotations-0.21.0.jar:/home/marley/.m2/repository/javax/annotation/javax.annotation-api/1.3.2/javax.annotation-api-1.3.2.jar:/home/marley/.m2/repository/io/swagger/swagger-annotations/1.5.22/swagger-annotations-1.5.22.jar:/home/marley/.m2/repository/com/squareup/okhttp3/okhttp/3.14.9/okhttp-3.14.9.jar:/home/marley/.m2/repository/com/squareup/okio/okio/1.17.2/okio-1.17.2.jar:/home/marley/.m2/repository/com/squareup/okhttp3/logging-interceptor/3.14.9/logging-interceptor-3.14.9.jar:/home/marley/.m2/repository/com/google/code/gson/gson/2.8.7/gson-2.8.7.jar:/home/marley/.m2/repository/io/gsonfire/gson-fire/1.8.3/gson-fire-1.8.3.jar:/home/marley/.m2/repository/joda-time/joda-time/2.10.5/joda-time-2.10.5.jar:/home/marley/.m2/repository/org/joda/joda-convert/1.2/joda-convert-1.2.jar:/home/marley/.m2/repository/io/kubernetes/client-java-proto/8.0.2/client-java-proto-8.0.2.jar:/home/marley/.m2/repository/org/apache/commons/commons-compress/1.19/commons-compress-1.19.jar:/home/marley/.m2/repository/org/bouncycastle/bcprov-ext-jdk15on/1.64/bcprov-ext-jdk15on-1.64.jar:/home/marley/.m2/repository/org/bouncycastle/bcpkix-jdk15on/1.60/bcpkix-jdk15on-1.60.jar:/home/marley/.m2/repository/org/bouncycastle/bcprov-jdk15on/1.60/bcprov-jdk15on-1.60.jar:/home/marley/.m2/repository/com/google/protobuf/protobuf-java/3.11.4/protobuf-java-3.11.4.jar:/home/marley/.m2/repository/org/bitbucket/b_c/jose4j/0.7.0/jose4j-0.7.0.jar:/home/marley/.m2/repository/org/apache/logging/log4j/log4j-core/2.17.1/log4j-core-2.17.1.jar:/home/marley/.m2/repository/org/apache/httpcomponents/httpclient/4.5.13/httpclient-4.5.13.jar:/home/marley/.m2/repository/org/apache/httpcomponents/httpcore/4.4.14/httpcore-4.4.14.jar:/home/marley/.m2/repository/org/projectlombok/lombok/1.18.20/lombok-1.18.20.jar:/home/marley/.m2/repository/ru/diasoft/digitalq/libs/dqapiexception/1.03.01-21041301/dqapiexception-1.03.01-21041301.jar:/home/marley/.m2/repository/org/springframework/spring-web/5.3.9/spring-web-5.3.9.jar:/home/marley/.m2/repository/com/fasterxml/jackson/core/jackson-databind/2.12.4/jackson-databind-2.12.4.jar:/home/marley/.m2/repository/javax/validation/validation-api/2.0.1.Final/validation-api-2.0.1.Final.jar:/home/marley/.m2/repository/ru/diasoft/micro/mdp/lib/qpermissioncontrol/9.06.01-22041101/qpermissioncontrol-9.06.01-22041101.jar:/home/marley/.m2/repository/org/springframework/boot/spring-boot-starter-web/2.5.4/spring-boot-starter-web-2.5.4.jar:/home/marley/.m2/repository/org/springframework/boot/spring-boot-starter-tomcat/2.5.4/spring-boot-starter-tomcat-2.5.4.jar:/home/marley/.m2/repository/org/apache/tomcat/embed/tomcat-embed-core/9.0.52/tomcat-embed-core-9.0.52.jar:/home/marley/.m2/repository/org/apache/tomcat/embed/tomcat-embed-websocket/9.0.52/tomcat-embed-websocket-9.0.52.jar:/home/marley/.m2/repository/com/fasterxml/jackson/core/jackson-annotations/2.12.4/jackson-annotations-2.12.4.jar:/home/marley/.m2/repository/com/googlecode/json-simple/json-simple/1.1.1/json-simple-1.1.1.jar:/home/marley/.m2/repository/org/json/json/20190722/json-20190722.jar:/home/marley/.m2/repository/org/bouncycastle/bcprov-jdk15/1.44/bcprov-jdk15-1.44.jar:/home/marley/.m2/repository/ru/diasoft/micro/mdp/lib/mdpexception/9.06.01-22031801/mdpexception-9.06.01-22031801.jar:/home/marley/.m2/repository/log4j/log4j/1.2.17-18112601/log4j-1.2.17-18112601.jar:/home/marley/.m2/repository/ru/diasoft/micro/mdp/lib/mdpid/9.07.01-22042201/mdpid-9.07.01-22042201.jar:/home/marley/.m2/repository/org/wso2/balana/org.wso2.balana/1.2.12.1/org.wso2.balana-1.2.12.1.jar:/home/marley/.m2/repository/org/wso2/balana/org.wso2.balana.utils/1.2.12.1/org.wso2.balana.utils-1.2.12.1.jar:/home/marley/.m2/repository/org/ops4j/pax/logging/pax-logging-api/1.10.1/pax-logging-api-1.10.1.jar:/home/marley/.m2/repository/xerces/wso2/xercesImpl/2.8.1.wso2v2/xercesImpl-2.8.1.wso2v2.jar:/home/marley/.m2/repository/ru/diasoft/micro/mdp/lib/mdpauditlib/9.05.01-21122301/mdpauditlib-9.05.01-21122301.jar:/home/marley/.m2/repository/org/springframework/boot/spring-boot-starter-aop/2.5.4/spring-boot-starter-aop-2.5.4.jar:/home/marley/.m2/repository/org/springframework/spring-aop/5.3.9/spring-aop-5.3.9.jar:/home/marley/.m2/repository/commons-codec/commons-codec/1.15/commons-codec-1.15.jar:/home/marley/.m2/repository/com/ctc/wstx/stax/stax2-api/3.0.2/stax2-api-3.0.2.jar:/home/marley/.m2/repository/com/ctc/wstx/stax/woodstox-core-asl/4.0.8/woodstox-core-asl-4.0.8.jar:/home/marley/.m2/repository/ru/diasoft/micro/mdp/lib/mdpversionslib/9.05.01-21122301/mdpversionslib-9.05.01-21122301.jar:/home/marley/.m2/repository/org/springframework/boot/spring-boot-devtools/2.5.4/spring-boot-devtools-2.5.4.jar:/home/marley/.m2/repository/ru/diasoft/micro/micrometer-starter/2.03.02-22042201/micrometer-starter-2.03.02-22042201.jar:/home/marley/.m2/repository/io/micrometer/micrometer-core/1.7.3/micrometer-core-1.7.3.jar:/home/marley/.m2/repository/org/hdrhistogram/HdrHistogram/2.1.11/HdrHistogram-2.1.11.jar:/home/marley/.m2/repository/org/latencyutils/LatencyUtils/2.0.3/LatencyUtils-2.0.3.jar:/home/marley/.m2/repository/io/micrometer/micrometer-registry-prometheus/1.7.3/micrometer-registry-prometheus-1.7.3.jar:/home/marley/.m2/repository/io/prometheus/simpleclient_common/0.10.0/simpleclient_common-0.10.0.jar:/home/marley/.m2/repository/io/prometheus/simpleclient/0.10.0/simpleclient-0.10.0.jar:/home/marley/.m2/repository/org/mapstruct/mapstruct/1.3.1.Final/mapstruct-1.3.1.Final.jar:/home/marley/.m2/repository/org/junit/vintage/junit-vintage-engine/5.7.2/junit-vintage-engine-5.7.2.jar:/home/marley/.m2/repository/org/apiguardian/apiguardian-api/1.1.0/apiguardian-api-1.1.0.jar:/home/marley/.m2/repository/org/junit/platform/junit-platform-engine/1.7.2/junit-platform-engine-1.7.2.jar:/home/marley/.m2/repository/org/opentest4j/opentest4j/1.2.0/opentest4j-1.2.0.jar:/home/marley/.m2/repository/org/junit/platform/junit-platform-commons/1.7.2/junit-platform-commons-1.7.2.jar:/home/marley/.m2/repository/junit/junit/4.13.2/junit-4.13.2.jar:/home/marley/.m2/repository/org/springframework/boot/spring-boot-starter-test/2.5.4/spring-boot-starter-test-2.5.4.jar:/home/marley/.m2/repository/org/springframework/boot/spring-boot-test/2.5.4/spring-boot-test-2.5.4.jar:/home/marley/.m2/repository/org/springframework/boot/spring-boot-test-autoconfigure/2.5.4/spring-boot-test-autoconfigure-2.5.4.jar:/home/marley/.m2/repository/com/jayway/jsonpath/json-path/2.5.0/json-path-2.5.0.jar:/home/marley/.m2/repository/net/minidev/json-smart/2.4.7/json-smart-2.4.7.jar:/home/marley/.m2/repository/net/minidev/accessors-smart/2.4.7/accessors-smart-2.4.7.jar:/home/marley/.m2/repository/org/ow2/asm/asm/7.1/asm-7.1.jar:/home/marley/.m2/repository/jakarta/xml/bind/jakarta.xml.bind-api/2.3.3/jakarta.xml.bind-api-2.3.3.jar:/home/marley/.m2/repository/jakarta/activation/jakarta.activation-api/1.2.2/jakarta.activation-api-1.2.2.jar:/home/marley/.m2/repository/org/assertj/assertj-core/3.19.0/assertj-core-3.19.0.jar:/home/marley/.m2/repository/org/hamcrest/hamcrest/2.2/hamcrest-2.2.jar:/home/marley/.m2/repository/org/junit/jupiter/junit-jupiter/5.7.2/junit-jupiter-5.7.2.jar:/home/marley/.m2/repository/org/junit/jupiter/junit-jupiter-api/5.7.2/junit-jupiter-api-5.7.2.jar:/home/marley/.m2/repository/org/junit/jupiter/junit-jupiter-params/5.7.2/junit-jupiter-params-5.7.2.jar:/home/marley/.m2/repository/org/junit/jupiter/junit-jupiter-engine/5.7.2/junit-jupiter-engine-5.7.2.jar:/home/marley/.m2/repository/org/mockito/mockito-core/3.9.0/mockito-core-3.9.0.jar:/home/marley/.m2/repository/net/bytebuddy/byte-buddy/1.10.22/byte-buddy-1.10.22.jar:/home/marley/.m2/repository/net/bytebuddy/byte-buddy-agent/1.10.22/byte-buddy-agent-1.10.22.jar:/home/marley/.m2/repository/org/objenesis/objenesis/3.2/objenesis-3.2.jar:/home/marley/.m2/repository/org/mockito/mockito-junit-jupiter/3.9.0/mockito-junit-jupiter-3.9.0.jar:/home/marley/.m2/repository/org/skyscreamer/jsonassert/1.5.0/jsonassert-1.5.0.jar:/home/marley/.m2/repository/com/vaadin/external/google/android-json/0.0.20131108.vaadin1/android-json-0.0.20131108.vaadin1.jar:/home/marley/.m2/repository/org/springframework/spring-test/5.3.9/spring-test-5.3.9.jar:/home/marley/.m2/repository/org/xmlunit/xmlunit-core/2.8.2/xmlunit-core-2.8.2.jar:/home/marley/.m2/repository/org/springframework/cloud/spring-cloud-starter-netflix-eureka-server/3.0.3/spring-cloud-starter-netflix-eureka-server-3.0.3.jar:/home/marley/.m2/repository/org/springframework/cloud/spring-cloud-starter/3.0.3/spring-cloud-starter-3.0.3.jar:/home/marley/.m2/repository/org/springframework/security/spring-security-rsa/1.0.10.RELEASE/spring-security-rsa-1.0.10.RELEASE.jar:/home/marley/.m2/repository/org/springframework/cloud/spring-cloud-netflix-eureka-server/3.0.3/spring-cloud-netflix-eureka-server-3.0.3.jar:/home/marley/.m2/repository/org/springframework/boot/spring-boot-starter-freemarker/2.5.4/spring-boot-starter-freemarker-2.5.4.jar:/home/marley/.m2/repository/org/freemarker/freemarker/2.3.31/freemarker-2.3.31.jar:/home/marley/.m2/repository/org/springframework/spring-context-support/5.3.9/spring-context-support-5.3.9.jar:/home/marley/.m2/repository/com/sun/jersey/jersey-servlet/1.19.4/jersey-servlet-1.19.4.jar:/home/marley/.m2/repository/com/sun/jersey/jersey-server/1.19.4/jersey-server-1.19.4.jar:/home/marley/.m2/repository/com/netflix/eureka/eureka-core/1.10.14/eureka-core-1.10.14.jar:/home/marley/.m2/repository/com/fasterxml/woodstox/woodstox-core/6.1.1/woodstox-core-6.1.1.jar:/home/marley/.m2/repository/com/fasterxml/jackson/dataformat/jackson-dataformat-xml/2.12.4/jackson-dataformat-xml-2.12.4.jar:/home/marley/.m2/repository/com/fasterxml/jackson/module/jackson-module-jaxb-annotations/2.12.4/jackson-module-jaxb-annotations-2.12.4.jar:/home/marley/.m2/repository/org/codehaus/woodstox/stax2-api/4.2/stax2-api-4.2.jar:/home/marley/.m2/repository/org/springframework/cloud/spring-cloud-starter-loadbalancer/3.0.3/spring-cloud-starter-loadbalancer-3.0.3.jar:/home/marley/.m2/repository/org/springframework/boot/spring-boot-starter-cache/2.5.4/spring-boot-starter-cache-2.5.4.jar:/home/marley/.m2/repository/com/stoyanr/evictor/1.0.0/evictor-1.0.0.jar:/home/marley/.m2/repository/org/glassfish/jaxb/jaxb-runtime/2.3.5/jaxb-runtime-2.3.5.jar:/home/marley/.m2/repository/org/glassfish/jaxb/txw2/2.3.5/txw2-2.3.5.jar:/home/marley/.m2/repository/com/sun/istack/istack-commons-runtime/3.0.12/istack-commons-runtime-3.0.12.jar:/home/marley/.m2/repository/com/sun/activation/jakarta.activation/1.2.2/jakarta.activation-1.2.2.jar:/home/marley/.m2/repository/org/springframework/security/spring-security-test/5.5.2/spring-security-test-5.5.2.jar:/home/marley/.m2/repository/org/springframework/security/spring-security-core/5.5.2/spring-security-core-5.5.2.jar:/home/marley/.m2/repository/org/springframework/security/spring-security-crypto/5.5.2/spring-security-crypto-5.5.2.jar:/home/marley/.m2/repository/org/springframework/spring-expression/5.3.9/spring-expression-5.3.9.jar:/home/marley/.m2/repository/org/springframework/security/spring-security-web/5.5.2/spring-security-web-5.5.2.jar:/home/marley/.m2/repository/org/liquibase/liquibase-core/4.3.5/liquibase-core-4.3.5.jar:/home/marley/.m2/repository/javax/xml/bind/jaxb-api/2.3.1/jaxb-api-2.3.1.jar:/home/marley/.m2/repository/javax/activation/javax.activation-api/1.2.0/javax.activation-api-1.2.0.jar:/home/marley/.m2/repository/com/h2database/h2/1.4.200/h2-1.4.200.jar:/home/marley/.m2/repository/com/tngtech/archunit/archunit/0.13.1/archunit-0.13.1.jar:/home/marley/.m2/repository/org/slf4j/slf4j-api/1.7.25/slf4j-api-1.7.25.jar:/home/marley/.m2/repository/ru/diasoft/micro/archetype-tests/1.01.07-21072801/archetype-tests-1.01.07-21072801.jar:/home/marley/.m2/repository/ru/diasoft/micro/reactive-starter/1.19.01-21032201/reactive-starter-1.19.01-21032201.jar:/home/marley/.m2/repository/org/springframework/boot/spring-boot-starter-webflux/2.5.4/spring-boot-starter-webflux-2.5.4.jar:/home/marley/.m2/repository/org/springframework/boot/spring-boot-starter-reactor-netty/2.5.4/spring-boot-starter-reactor-netty-2.5.4.jar:/home/marley/.m2/repository/io/projectreactor/netty/reactor-netty-http/1.0.10/reactor-netty-http-1.0.10.jar:/home/marley/.m2/repository/io/netty/netty-codec-http/4.1.67.Final/netty-codec-http-4.1.67.Final.jar:/home/marley/.m2/repository/io/netty/netty-common/4.1.67.Final/netty-common-4.1.67.Final.jar:/home/marley/.m2/repository/io/netty/netty-buffer/4.1.67.Final/netty-buffer-4.1.67.Final.jar:/home/marley/.m2/repository/io/netty/netty-transport/4.1.67.Final/netty-transport-4.1.67.Final.jar:/home/marley/.m2/repository/io/netty/netty-codec/4.1.67.Final/netty-codec-4.1.67.Final.jar:/home/marley/.m2/repository/io/netty/netty-handler/4.1.67.Final/netty-handler-4.1.67.Final.jar:/home/marley/.m2/repository/io/netty/netty-codec-http2/4.1.67.Final/netty-codec-http2-4.1.67.Final.jar:/home/marley/.m2/repository/io/netty/netty-resolver-dns/4.1.67.Final/netty-resolver-dns-4.1.67.Final.jar:/home/marley/.m2/repository/io/netty/netty-resolver/4.1.67.Final/netty-resolver-4.1.67.Final.jar:/home/marley/.m2/repository/io/netty/netty-codec-dns/4.1.67.Final/netty-codec-dns-4.1.67.Final.jar:/home/marley/.m2/repository/io/netty/netty-resolver-dns-native-macos/4.1.67.Final/netty-resolver-dns-native-macos-4.1.67.Final-osx-x86_64.jar:/home/marley/.m2/repository/io/netty/netty-transport-native-unix-common/4.1.67.Final/netty-transport-native-unix-common-4.1.67.Final.jar:/home/marley/.m2/repository/io/netty/netty-transport-native-epoll/4.1.67.Final/netty-transport-native-epoll-4.1.67.Final-linux-x86_64.jar:/home/marley/.m2/repository/io/projectreactor/netty/reactor-netty-core/1.0.10/reactor-netty-core-1.0.10.jar:/home/marley/.m2/repository/io/netty/netty-handler-proxy/4.1.67.Final/netty-handler-proxy-4.1.67.Final.jar:/home/marley/.m2/repository/io/netty/netty-codec-socks/4.1.67.Final/netty-codec-socks-4.1.67.Final.jar:/home/marley/.m2/repository/org/springframework/spring-webflux/5.3.9/spring-webflux-5.3.9.jar:/home/marley/.m2/repository/ru/diasoft/micro/rest-starter/2.03.02-22042201/rest-starter-2.03.02-22042201.jar:/home/marley/.m2/repository/ru/diasoft/flextera/dstrace-spring-boot-starter-rest/4.01.04-22010401/dstrace-spring-boot-starter-rest-4.01.04-22010401.jar:/home/marley/.m2/repository/org/springframework/boot/spring-boot-starter-actuator/2.5.4/spring-boot-starter-actuator-2.5.4.jar:/home/marley/.m2/repository/org/springframework/boot/spring-boot-actuator-autoconfigure/2.5.4/spring-boot-actuator-autoconfigure-2.5.4.jar:/home/marley/.m2/repository/org/springframework/boot/spring-boot-actuator/2.5.4/spring-boot-actuator-2.5.4.jar:/home/marley/.m2/repository/org/springframework/cloud/spring-cloud-starter-oauth2/2.2.2.RELEASE/spring-cloud-starter-oauth2-2.2.2.RELEASE.jar:/home/marley/.m2/repository/org/springframework/cloud/spring-cloud-starter-security/2.2.2.RELEASE/spring-cloud-starter-security-2.2.2.RELEASE.jar:/home/marley/.m2/repository/org/springframework/cloud/spring-cloud-security/2.2.2.RELEASE/spring-cloud-security-2.2.2.RELEASE.jar:/home/marley/.m2/repository/org/springframework/boot/spring-boot-starter-security/2.5.4/spring-boot-starter-security-2.5.4.jar:/home/marley/.m2/repository/org/springframework/security/oauth/boot/spring-security-oauth2-autoconfigure/2.1.2.RELEASE/spring-security-oauth2-autoconfigure-2.1.2.RELEASE.jar:/home/marley/.m2/repository/com/sun/xml/bind/jaxb-core/2.3.0.1/jaxb-core-2.3.0.1.jar:/home/marley/.m2/repository/com/sun/xml/bind/jaxb-impl/2.3.0.1/jaxb-impl-2.3.0.1.jar:/home/marley/.m2/repository/org/springframework/security/spring-security-jwt/1.0.9.RELEASE/spring-security-jwt-1.0.9.RELEASE.jar:/home/marley/.m2/repository/ru/diasoft/micro/swagger-starter/2.03.02-22042201/swagger-starter-2.03.02-22042201.jar:/home/marley/.m2/repository/io/springfox/springfox-boot-starter/3.0.0/springfox-boot-starter-3.0.0.jar:/home/marley/.m2/repository/io/springfox/springfox-oas/3.0.0/springfox-oas-3.0.0.jar:/home/marley/.m2/repository/io/swagger/core/v3/swagger-annotations/2.1.2/swagger-annotations-2.1.2.jar:/home/marley/.m2/repository/io/swagger/core/v3/swagger-models/2.1.2/swagger-models-2.1.2.jar:/home/marley/.m2/repository/io/springfox/springfox-spi/3.0.0/springfox-spi-3.0.0.jar:/home/marley/.m2/repository/io/springfox/springfox-schema/3.0.0/springfox-schema-3.0.0.jar:/home/marley/.m2/repository/io/springfox/springfox-core/3.0.0/springfox-core-3.0.0.jar:/home/marley/.m2/repository/io/springfox/springfox-spring-web/3.0.0/springfox-spring-web-3.0.0.jar:/home/marley/.m2/repository/io/github/classgraph/classgraph/4.8.83/classgraph-4.8.83.jar:/home/marley/.m2/repository/io/springfox/springfox-spring-webmvc/3.0.0/springfox-spring-webmvc-3.0.0.jar:/home/marley/.m2/repository/io/springfox/springfox-spring-webflux/3.0.0/springfox-spring-webflux-3.0.0.jar:/home/marley/.m2/repository/io/springfox/springfox-swagger-common/3.0.0/springfox-swagger-common-3.0.0.jar:/home/marley/.m2/repository/io/springfox/springfox-data-rest/3.0.0/springfox-data-rest-3.0.0.jar:/home/marley/.m2/repository/io/springfox/springfox-bean-validators/3.0.0/springfox-bean-validators-3.0.0.jar:/home/marley/.m2/repository/io/springfox/springfox-swagger2/3.0.0/springfox-swagger2-3.0.0.jar:/home/marley/.m2/repository/io/swagger/swagger-models/1.5.20/swagger-models-1.5.20.jar:/home/marley/.m2/repository/io/springfox/springfox-swagger-ui/3.0.0/springfox-swagger-ui-3.0.0.jar:/home/marley/.m2/repository/com/fasterxml/classmate/1.5.1/classmate-1.5.1.jar:/home/marley/.m2/repository/org/springframework/plugin/spring-plugin-core/2.0.0.RELEASE/spring-plugin-core-2.0.0.RELEASE.jar:/home/marley/.m2/repository/org/springframework/plugin/spring-plugin-metadata/2.0.0.RELEASE/spring-plugin-metadata-2.0.0.RELEASE.jar:/home/marley/.m2/repository/de/codecentric/chaos-monkey-spring-boot/2.2.0/chaos-monkey-spring-boot-2.2.0.jar:/home/marley/.m2/repository/org/springframework/spring-aspects/5.3.9/spring-aspects-5.3.9.jar:/home/marley/.m2/repository/org/springframework/spring-instrument/5.3.9/spring-instrument-5.3.9.jar:/home/marley/.m2/repository/org/aspectj/aspectjweaver/1.9.7/aspectjweaver-1.9.7.jar:/home/marley/.m2/repository/org/springframework/boot/spring-boot-configuration-processor/2.5.4/spring-boot-configuration-processor-2.5.4.jar:',
		'java.io.tmpdir' = '/tmp',
		'FILE_LOG_CHARSET' = 'UTF-8',
		'java.vendor.url.bug' = 'http://bugreport.sun.com/bugreport/',
		'os.arch' = 'amd64',
		'java.awt.graphicsenv' = 'sun.awt.X11GraphicsEnvironment',
		'git.commit.id.describe-short' = 'efdceb9',
		'git.commit.id' = 'efdceb91087c5c91a5abc88c02bc6f7bb2faa940',
		'java.ext.dirs' = '/opt/jdk1.8.0_321/jre/lib/ext:/usr/java/packages/lib/ext',
		'user.dir' = '/home/marley/projects/dev/diasoft/diasoft-microservices-spring-basics/apps/app13/demo/service',
		'git.commit.author.time' = '2022-06-27T23:17:38+0300',
		'git.commit.committer.time' = '2022-06-27T23:17:38+0300',
		'line.separator' = '
',
		'java.vm.name' = 'Java HotSpot(TM) 64-Bit Server VM',
		'git.commit.user.name' = 'webmak1',
		'basedir' = '/home/marley/projects/dev/diasoft/diasoft-microservices-spring-basics/apps/app13/demo/service',
		'git.commit.time' = '2022-06-27T23:17:38+0300',
		'file.encoding' = 'UTF-8',
		'git.branch' = 'master',
		'git.build.time' = '2022-06-27T23:18:47+0300',
		'java.specification.version' = '1.8',
		'git.build.user.email' = 'marley.ruby.on.rails@gmail.com',
		'git.commit.id.abbrev' = 'efdceb9'
	},
	conversionService = ConversionService converters =
	@org.springframework.format.annotation.DateTimeFormat java.lang.Long -> java.lang.String: org.springframework.format.datetime.joda.JodaDateTimeFormatAnnotationFormatterFactory@4bc1a53c,@org.springframework.format.annotation.NumberFormat java.lang.Long -> java.lang.String: org.springframework.format.number.NumberFormatAnnotationFormatterFactory@1ace122d
	@org.springframework.format.annotation.DateTimeFormat java.time.LocalDate -> java.lang.String: org.springframework.format.datetime.standard.Jsr310DateTimeFormatAnnotationFormatterFactory@1582adc5,java.time.LocalDate -> java.lang.String : org.springframework.format.datetime.standard.TemporalAccessorPrinter@3601fb92
	@org.springframework.format.annotation.DateTimeFormat java.time.LocalDateTime -> java.lang.String: org.springframework.format.datetime.standard.Jsr310DateTimeFormatAnnotationFormatterFactory@1582adc5,java.time.LocalDateTime -> java.lang.String : org.springframework.format.datetime.standard.TemporalAccessorPrinter@4d6cfa5
	@org.springframework.format.annotation.DateTimeFormat java.time.LocalTime -> java.lang.String: org.springframework.format.datetime.standard.Jsr310DateTimeFormatAnnotationFormatterFactory@1582adc5,java.time.LocalTime -> java.lang.String : org.springframework.format.datetime.standard.TemporalAccessorPrinter@7f4358b8
	@org.springframework.format.annotation.DateTimeFormat java.time.OffsetTime -> java.lang.String: org.springframework.format.datetime.standard.Jsr310DateTimeFormatAnnotationFormatterFactory@1582adc5,java.time.OffsetTime -> java.lang.String : org.springframework.format.datetime.standard.TemporalAccessorPrinter@6f8a8101
	@org.springframework.format.annotation.DateTimeFormat java.time.ZonedDateTime -> java.lang.String: org.springframework.format.datetime.standard.Jsr310DateTimeFormatAnnotationFormatterFactory@1582adc5,java.time.ZonedDateTime -> java.lang.String : org.springframework.format.datetime.standard.TemporalAccessorPrinter@1376ea26
	@org.springframework.format.annotation.DateTimeFormat java.util.Calendar -> java.lang.String: org.springframework.format.datetime.joda.JodaDateTimeFormatAnnotationFormatterFactory@4bc1a53c
	@org.springframework.format.annotation.DateTimeFormat java.util.Date -> java.lang.String: org.springframework.format.datetime.joda.JodaDateTimeFormatAnnotationFormatterFactory@4bc1a53c
	@org.springframework.format.annotation.DateTimeFormat org.joda.time.LocalDate -> java.lang.String: org.springframework.format.datetime.joda.JodaDateTimeFormatAnnotationFormatterFactory@4bc1a53c,org.joda.time.LocalDate -> java.lang.String : org.springframework.format.datetime.joda.ReadablePartialPrinter@78751d07
	@org.springframework.format.annotation.DateTimeFormat org.joda.time.LocalDateTime -> java.lang.String: org.springframework.format.datetime.joda.JodaDateTimeFormatAnnotationFormatterFactory@4bc1a53c,org.joda.time.LocalDateTime -> java.lang.String : org.springframework.format.datetime.joda.ReadablePartialPrinter@5f63e1c9
	@org.springframework.format.annotation.DateTimeFormat org.joda.time.LocalTime -> java.lang.String: org.springframework.format.datetime.joda.JodaDateTimeFormatAnnotationFormatterFactory@4bc1a53c,org.joda.time.LocalTime -> java.lang.String : org.springframework.format.datetime.joda.ReadablePartialPrinter@123b8431
	@org.springframework.format.annotation.DateTimeFormat org.joda.time.ReadableInstant -> java.lang.String: org.springframework.format.datetime.joda.JodaDateTimeFormatAnnotationFormatterFactory@4bc1a53c,org.joda.time.ReadableInstant -> java.lang.String : org.springframework.format.datetime.joda.ReadableInstantPrinter@3b5c7033
	@org.springframework.format.annotation.NumberFormat java.lang.Byte -> java.lang.String: org.springframework.format.number.NumberFormatAnnotationFormatterFactory@1ace122d
	@org.springframework.format.annotation.NumberFormat java.lang.Double -> java.lang.String: org.springframework.format.number.NumberFormatAnnotationFormatterFactory@1ace122d
	@org.springframework.format.annotation.NumberFormat java.lang.Float -> java.lang.String: org.springframework.format.number.NumberFormatAnnotationFormatterFactory@1ace122d
	@org.springframework.format.annotation.NumberFormat java.lang.Integer -> java.lang.String: org.springframework.format.number.NumberFormatAnnotationFormatterFactory@1ace122d
	@org.springframework.format.annotation.NumberFormat java.lang.Short -> java.lang.String: org.springframework.format.number.NumberFormatAnnotationFormatterFactory@1ace122d
	@org.springframework.format.annotation.NumberFormat java.math.BigDecimal -> java.lang.String: org.springframework.format.number.NumberFormatAnnotationFormatterFactory@1ace122d
	@org.springframework.format.annotation.NumberFormat java.math.BigInteger -> java.lang.String: org.springframework.format.number.NumberFormatAnnotationFormatterFactory@1ace122d
	[C -> java.lang.String : org.springframework.boot.convert.CharArrayFormatter@258350de
	java.lang.Boolean -> java.lang.Enum : org.springframework.boot.convert.LenientBooleanToEnumConverterFactory@7b32e17b
	java.lang.Boolean -> java.lang.String : org.springframework.core.convert.support.ObjectToStringConverter@13a46f54
	java.lang.Character -> java.lang.Number : org.springframework.core.convert.support.CharacterToNumberFactory@1f7d3d82
	java.lang.Character -> java.lang.String : org.springframework.core.convert.support.ObjectToStringConverter@421e2baf
	java.lang.Enum -> java.lang.Integer : org.springframework.core.convert.support.EnumToIntegerConverter@483740d5
	java.lang.Enum -> java.lang.String : org.springframework.core.convert.support.EnumToStringConverter@1f6e7714
	java.lang.Integer -> java.lang.Enum : org.springframework.core.convert.support.IntegerToEnumConverterFactory@5eef49f2
	java.lang.Long -> java.time.Instant : org.springframework.format.datetime.standard.DateTimeConverters$LongToInstantConverter@34f4d22c
	java.lang.Long -> java.util.Calendar : org.springframework.format.datetime.DateFormatterRegistrar$LongToCalendarConverter@7c70c33a,java.lang.Long -> java.util.Calendar : org.springframework.format.datetime.DateFormatterRegistrar$LongToCalendarConverter@1c4e516e
	java.lang.Long -> java.util.Date : org.springframework.format.datetime.DateFormatterRegistrar$LongToDateConverter@4ca17241,java.lang.Long -> java.util.Date : org.springframework.format.datetime.DateFormatterRegistrar$LongToDateConverter@2c1e726b
	java.lang.Long -> org.joda.time.ReadableInstant : org.springframework.format.datetime.joda.JodaTimeConverters$LongToReadableInstantConverter@4ad3f5ad
	java.lang.Number -> java.lang.Character : org.springframework.core.convert.support.NumberToCharacterConverter@5c73535b
	java.lang.Number -> java.lang.Number : org.springframework.core.convert.support.NumberToNumberConverterFactory@64434d5c
	java.lang.Number -> java.lang.String : org.springframework.core.convert.support.ObjectToStringConverter@28af6afe
	java.lang.String -> @org.springframework.format.annotation.DateTimeFormat java.lang.Long: org.springframework.format.datetime.joda.JodaDateTimeFormatAnnotationFormatterFactory@4bc1a53c,java.lang.String -> @org.springframework.format.annotation.NumberFormat java.lang.Long: org.springframework.format.number.NumberFormatAnnotationFormatterFactory@1ace122d
	java.lang.String -> @org.springframework.format.annotation.DateTimeFormat java.time.LocalDate: org.springframework.format.datetime.standard.Jsr310DateTimeFormatAnnotationFormatterFactory@1582adc5,java.lang.String -> java.time.LocalDate: org.springframework.format.datetime.standard.TemporalAccessorParser@ec0678
	java.lang.String -> @org.springframework.format.annotation.DateTimeFormat java.time.LocalDateTime: org.springframework.format.datetime.standard.Jsr310DateTimeFormatAnnotationFormatterFactory@1582adc5,java.lang.String -> java.time.LocalDateTime: org.springframework.format.datetime.standard.TemporalAccessorParser@6009e8ab
	java.lang.String -> @org.springframework.format.annotation.DateTimeFormat java.time.LocalTime: org.springframework.format.datetime.standard.Jsr310DateTimeFormatAnnotationFormatterFactory@1582adc5,java.lang.String -> java.time.LocalTime: org.springframework.format.datetime.standard.TemporalAccessorParser@38f42298
	java.lang.String -> @org.springframework.format.annotation.DateTimeFormat java.time.OffsetTime: org.springframework.format.datetime.standard.Jsr310DateTimeFormatAnnotationFormatterFactory@1582adc5,java.lang.String -> java.time.OffsetTime: org.springframework.format.datetime.standard.TemporalAccessorParser@3d5735c2
	java.lang.String -> @org.springframework.format.annotation.DateTimeFormat java.time.ZonedDateTime: org.springframework.format.datetime.standard.Jsr310DateTimeFormatAnnotationFormatterFactory@1582adc5,java.lang.String -> java.time.ZonedDateTime: org.springframework.format.datetime.standard.TemporalAccessorParser@24e25991
	java.lang.String -> @org.springframework.format.annotation.DateTimeFormat java.util.Calendar: org.springframework.format.datetime.joda.JodaDateTimeFormatAnnotationFormatterFactory@4bc1a53c
	java.lang.String -> @org.springframework.format.annotation.DateTimeFormat java.util.Date: org.springframework.format.datetime.joda.JodaDateTimeFormatAnnotationFormatterFactory@4bc1a53c
	java.lang.String -> @org.springframework.format.annotation.DateTimeFormat org.joda.time.LocalDate: org.springframework.format.datetime.joda.JodaDateTimeFormatAnnotationFormatterFactory@4bc1a53c,java.lang.String -> org.joda.time.LocalDate: org.springframework.format.datetime.joda.LocalDateParser@4b2dd504
	java.lang.String -> @org.springframework.format.annotation.DateTimeFormat org.joda.time.LocalDateTime: org.springframework.format.datetime.joda.JodaDateTimeFormatAnnotationFormatterFactory@4bc1a53c,java.lang.String -> org.joda.time.LocalDateTime: org.springframework.format.datetime.joda.LocalDateTimeParser@6ca7e6f9
	java.lang.String -> @org.springframework.format.annotation.DateTimeFormat org.joda.time.LocalTime: org.springframework.format.datetime.joda.JodaDateTimeFormatAnnotationFormatterFactory@4bc1a53c,java.lang.String -> org.joda.time.LocalTime: org.springframework.format.datetime.joda.LocalTimeParser@7377d475
	java.lang.String -> @org.springframework.format.annotation.DateTimeFormat org.joda.time.ReadableInstant: org.springframework.format.datetime.joda.JodaDateTimeFormatAnnotationFormatterFactory@4bc1a53c,java.lang.String -> org.joda.time.ReadableInstant: org.springframework.format.datetime.joda.DateTimeParser@89ebacd
	java.lang.String -> @org.springframework.format.annotation.NumberFormat java.lang.Byte: org.springframework.format.number.NumberFormatAnnotationFormatterFactory@1ace122d
	java.lang.String -> @org.springframework.format.annotation.NumberFormat java.lang.Double: org.springframework.format.number.NumberFormatAnnotationFormatterFactory@1ace122d
	java.lang.String -> @org.springframework.format.annotation.NumberFormat java.lang.Float: org.springframework.format.number.NumberFormatAnnotationFormatterFactory@1ace122d
	java.lang.String -> @org.springframework.format.annotation.NumberFormat java.lang.Integer: org.springframework.format.number.NumberFormatAnnotationFormatterFactory@1ace122d
	java.lang.String -> @org.springframework.format.annotation.NumberFormat java.lang.Short: org.springframework.format.number.NumberFormatAnnotationFormatterFactory@1ace122d
	java.lang.String -> @org.springframework.format.annotation.NumberFormat java.math.BigDecimal: org.springframework.format.number.NumberFormatAnnotationFormatterFactory@1ace122d
	java.lang.String -> @org.springframework.format.annotation.NumberFormat java.math.BigInteger: org.springframework.format.number.NumberFormatAnnotationFormatterFactory@1ace122d
	java.lang.String -> [C: org.springframework.boot.convert.CharArrayFormatter@258350de
	java.lang.String -> java.io.File : org.springframework.boot.convert.StringToFileConverter@6265170a
	java.lang.String -> java.lang.Boolean : org.springframework.core.convert.support.StringToBooleanConverter@511ecb4f
	java.lang.String -> java.lang.Character : org.springframework.core.convert.support.StringToCharacterConverter@212c969a
	java.lang.String -> java.lang.Enum : org.springframework.boot.convert.LenientStringToEnumConverterFactory@78aa11f2,java.lang.String -> java.lang.Enum : org.springframework.core.convert.support.StringToEnumConverterFactory@7c57c200
	java.lang.String -> java.lang.Number : org.springframework.core.convert.support.StringToNumberConverterFactory@5d2d5dbd
	java.lang.String -> java.net.InetAddress: org.springframework.boot.convert.InetAddressFormatter@4d2ad535
	java.lang.String -> java.nio.charset.Charset : org.springframework.core.convert.support.StringToCharsetConverter@7094c7e9
	java.lang.String -> java.time.Instant: org.springframework.format.datetime.standard.InstantFormatter@29c26959
	java.lang.String -> java.time.Month: org.springframework.format.datetime.standard.MonthFormatter@2fec2afa
	java.lang.String -> java.time.MonthDay: org.springframework.format.datetime.standard.MonthDayFormatter@7e3918d6
	java.lang.String -> java.time.OffsetDateTime: org.springframework.boot.convert.IsoOffsetFormatter@5811502e,java.lang.String -> @org.springframework.format.annotation.DateTimeFormat java.time.OffsetDateTime: org.springframework.format.datetime.standard.Jsr310DateTimeFormatAnnotationFormatterFactory@1582adc5,java.lang.String -> java.time.OffsetDateTime: org.springframework.format.datetime.standard.TemporalAccessorParser@6ed80c52
	java.lang.String -> java.time.Year: org.springframework.format.datetime.standard.YearFormatter@47c237fe
	java.lang.String -> java.time.YearMonth: org.springframework.format.datetime.standard.YearMonthFormatter@50060b19
	java.lang.String -> java.util.Currency : org.springframework.core.convert.support.StringToCurrencyConverter@70329364
	java.lang.String -> java.util.Locale : org.springframework.core.convert.support.StringToLocaleConverter@5a8a98c7
	java.lang.String -> java.util.Properties : org.springframework.core.convert.support.StringToPropertiesConverter@5f3f31df
	java.lang.String -> java.util.TimeZone : org.springframework.core.convert.support.StringToTimeZoneConverter@20346ea4
	java.lang.String -> java.util.UUID : org.springframework.core.convert.support.StringToUUIDConverter@25dc4d01
	java.lang.String -> org.joda.time.Duration: org.springframework.format.datetime.joda.DurationFormatter@4a57771a
	java.lang.String -> org.joda.time.MonthDay: org.springframework.format.datetime.joda.MonthDayFormatter@7a39194f
	java.lang.String -> org.joda.time.Period: org.springframework.format.datetime.joda.PeriodFormatter@1a18b66
	java.lang.String -> org.joda.time.YearMonth: org.springframework.format.datetime.joda.YearMonthFormatter@3199d939
	java.net.InetAddress -> java.lang.String : org.springframework.boot.convert.InetAddressFormatter@4d2ad535
	java.nio.charset.Charset -> java.lang.String : org.springframework.core.convert.support.ObjectToStringConverter@15990a52
	java.time.Instant -> java.lang.Long : org.springframework.format.datetime.standard.DateTimeConverters$InstantToLongConverter@5bebff4b
	java.time.Instant -> java.lang.String : org.springframework.format.datetime.standard.InstantFormatter@29c26959
	java.time.LocalDateTime -> java.time.LocalDate : org.springframework.format.datetime.standard.DateTimeConverters$LocalDateTimeToLocalDateConverter@4692047b
	java.time.LocalDateTime -> java.time.LocalTime : org.springframework.format.datetime.standard.DateTimeConverters$LocalDateTimeToLocalTimeConverter@16335685
	java.time.Month -> java.lang.String : org.springframework.format.datetime.standard.MonthFormatter@2fec2afa
	java.time.MonthDay -> java.lang.String : org.springframework.format.datetime.standard.MonthDayFormatter@7e3918d6
	java.time.OffsetDateTime -> java.lang.String : org.springframework.boot.convert.IsoOffsetFormatter@5811502e,@org.springframework.format.annotation.DateTimeFormat java.time.OffsetDateTime -> java.lang.String: org.springframework.format.datetime.standard.Jsr310DateTimeFormatAnnotationFormatterFactory@1582adc5,java.time.OffsetDateTime -> java.lang.String : org.springframework.format.datetime.standard.TemporalAccessorPrinter@c9be844
	java.time.OffsetDateTime -> java.time.Instant : org.springframework.format.datetime.standard.DateTimeConverters$OffsetDateTimeToInstantConverter@6160714c
	java.time.OffsetDateTime -> java.time.LocalDate : org.springframework.format.datetime.standard.DateTimeConverters$OffsetDateTimeToLocalDateConverter@32144b3c
	java.time.OffsetDateTime -> java.time.LocalDateTime : org.springframework.format.datetime.standard.DateTimeConverters$OffsetDateTimeToLocalDateTimeConverter@a471163
	java.time.OffsetDateTime -> java.time.LocalTime : org.springframework.format.datetime.standard.DateTimeConverters$OffsetDateTimeToLocalTimeConverter@35b7156f
	java.time.OffsetDateTime -> java.time.ZonedDateTime : org.springframework.format.datetime.standard.DateTimeConverters$OffsetDateTimeToZonedDateTimeConverter@cab37eb
	java.time.Year -> java.lang.String : org.springframework.format.datetime.standard.YearFormatter@47c237fe
	java.time.YearMonth -> java.lang.String : org.springframework.format.datetime.standard.YearMonthFormatter@50060b19
	java.time.ZoneId -> java.util.TimeZone : org.springframework.core.convert.support.ZoneIdToTimeZoneConverter@50eb7b10
	java.time.ZonedDateTime -> java.time.Instant : org.springframework.format.datetime.standard.DateTimeConverters$ZonedDateTimeToInstantConverter@2fa0e7a8
	java.time.ZonedDateTime -> java.time.LocalDate : org.springframework.format.datetime.standard.DateTimeConverters$ZonedDateTimeToLocalDateConverter@1fdf8aa4
	java.time.ZonedDateTime -> java.time.LocalDateTime : org.springframework.format.datetime.standard.DateTimeConverters$ZonedDateTimeToLocalDateTimeConverter@be906aa
	java.time.ZonedDateTime -> java.time.LocalTime : org.springframework.format.datetime.standard.DateTimeConverters$ZonedDateTimeToLocalTimeConverter@7d76036a
	java.time.ZonedDateTime -> java.time.OffsetDateTime : org.springframework.format.datetime.standard.DateTimeConverters$ZonedDateTimeToOffsetDateTimeConverter@35e55526
	java.time.ZonedDateTime -> java.util.Calendar : org.springframework.core.convert.support.ZonedDateTimeToCalendarConverter@497f104c
	java.util.Calendar -> java.lang.Long : org.springframework.format.datetime.DateFormatterRegistrar$CalendarToLongConverter@73226368,java.util.Calendar -> java.lang.Long : org.springframework.format.datetime.DateFormatterRegistrar$CalendarToLongConverter@501f21fe
	java.util.Calendar -> java.time.Instant : org.springframework.format.datetime.standard.DateTimeConverters$CalendarToInstantConverter@636e356f
	java.util.Calendar -> java.time.LocalDate : org.springframework.format.datetime.standard.DateTimeConverters$CalendarToLocalDateConverter@2d83ed58
	java.util.Calendar -> java.time.LocalDateTime : org.springframework.format.datetime.standard.DateTimeConverters$CalendarToLocalDateTimeConverter@131fa25c
	java.util.Calendar -> java.time.LocalTime : org.springframework.format.datetime.standard.DateTimeConverters$CalendarToLocalTimeConverter@3cbc1752
	java.util.Calendar -> java.time.OffsetDateTime : org.springframework.format.datetime.standard.DateTimeConverters$CalendarToOffsetDateTimeConverter@703b55db
	java.util.Calendar -> java.time.ZonedDateTime : org.springframework.format.datetime.standard.DateTimeConverters$CalendarToZonedDateTimeConverter@371ea5d7
	java.util.Calendar -> java.util.Date : org.springframework.format.datetime.DateFormatterRegistrar$CalendarToDateConverter@69020b9a,java.util.Calendar -> java.util.Date : org.springframework.format.datetime.DateFormatterRegistrar$CalendarToDateConverter@19895e73
	java.util.Calendar -> org.joda.time.ReadableInstant : org.springframework.format.datetime.joda.JodaTimeConverters$CalendarToReadableInstantConverter@28486181
	java.util.Currency -> java.lang.String : org.springframework.core.convert.support.ObjectToStringConverter@1dbaa7aa
	java.util.Date -> java.lang.Long : org.springframework.format.datetime.DateFormatterRegistrar$DateToLongConverter@8880259,java.util.Date -> java.lang.Long : org.springframework.format.datetime.DateFormatterRegistrar$DateToLongConverter@403eab3
	java.util.Date -> java.util.Calendar : org.springframework.format.datetime.DateFormatterRegistrar$DateToCalendarConverter@24b5863a,java.util.Date -> java.util.Calendar : org.springframework.format.datetime.DateFormatterRegistrar$DateToCalendarConverter@3cc6d144
	java.util.Date -> org.joda.time.ReadableInstant : org.springframework.format.datetime.joda.JodaTimeConverters$DateToReadableInstantConverter@1db9adf3
	java.util.Locale -> java.lang.String : org.springframework.core.convert.support.ObjectToStringConverter@1fd80ae3
	java.util.Properties -> java.lang.String : org.springframework.core.convert.support.PropertiesToStringConverter@31add542
	java.util.UUID -> java.lang.String : org.springframework.core.convert.support.ObjectToStringConverter@2659add8
	org.joda.time.DateTime -> java.lang.Long : org.springframework.format.datetime.joda.JodaTimeConverters$DateTimeToLongConverter@39e05056
	org.joda.time.DateTime -> java.util.Calendar : org.springframework.format.datetime.joda.JodaTimeConverters$DateTimeToCalendarConverter@5bfa9a7
	org.joda.time.DateTime -> java.util.Date : org.springframework.format.datetime.joda.JodaTimeConverters$DateTimeToDateConverter@34bdf0da
	org.joda.time.DateTime -> org.joda.time.DateMidnight : org.springframework.format.datetime.joda.JodaTimeConverters$DateTimeToDateMidnightConverter@51293850
	org.joda.time.DateTime -> org.joda.time.Instant : org.springframework.format.datetime.joda.JodaTimeConverters$DateTimeToInstantConverter@724e9296
	org.joda.time.DateTime -> org.joda.time.LocalDate : org.springframework.format.datetime.joda.JodaTimeConverters$DateTimeToLocalDateConverter@798b52a0
	org.joda.time.DateTime -> org.joda.time.LocalDateTime : org.springframework.format.datetime.joda.JodaTimeConverters$DateTimeToLocalDateTimeConverter@21e7206a
	org.joda.time.DateTime -> org.joda.time.LocalTime : org.springframework.format.datetime.joda.JodaTimeConverters$DateTimeToLocalTimeConverter@7e89f305
	org.joda.time.DateTime -> org.joda.time.MutableDateTime : org.springframework.format.datetime.joda.JodaTimeConverters$DateTimeToMutableDateTimeConverter@3f5b2aeb
	org.joda.time.Duration -> java.lang.String : org.springframework.format.datetime.joda.DurationFormatter@4a57771a
	org.joda.time.LocalDateTime -> org.joda.time.LocalDate : org.springframework.format.datetime.joda.JodaTimeConverters$LocalDateTimeToLocalDateConverter@4183a26f
	org.joda.time.LocalDateTime -> org.joda.time.LocalTime : org.springframework.format.datetime.joda.JodaTimeConverters$LocalDateTimeToLocalTimeConverter@454009a0
	org.joda.time.MonthDay -> java.lang.String : org.springframework.format.datetime.joda.MonthDayFormatter@7a39194f
	org.joda.time.Period -> java.lang.String : org.springframework.format.datetime.joda.PeriodFormatter@1a18b66
	org.joda.time.YearMonth -> java.lang.String : org.springframework.format.datetime.joda.YearMonthFormatter@3199d939
	org.springframework.boot.convert.ArrayToDelimitedStringConverter@73e0637a,org.springframework.core.convert.support.ArrayToStringConverter@32471b6d
	org.springframework.boot.convert.CharSequenceToObjectConverter@540823d
	org.springframework.boot.convert.CollectionToDelimitedStringConverter@e93f8b4,org.springframework.core.convert.support.CollectionToStringConverter@6617fa99
	org.springframework.boot.convert.DelimitedStringToArrayConverter@4eb016a7,org.springframework.core.convert.support.StringToArrayConverter@6b907f80
	org.springframework.boot.convert.DelimitedStringToCollectionConverter@2d34798d,org.springframework.core.convert.support.StringToCollectionConverter@53f92771
	org.springframework.boot.convert.DurationToNumberConverter@562c23ca
	org.springframework.boot.convert.DurationToStringConverter@79f40cc5,java.time.Duration -> java.lang.String : org.springframework.format.datetime.standard.DurationFormatter@51c0bdf9
	org.springframework.boot.convert.NumberToDataSizeConverter@4ba148fb
	org.springframework.boot.convert.NumberToDurationConverter@194c98f5
	org.springframework.boot.convert.NumberToPeriodConverter@4d763525
	org.springframework.boot.convert.PeriodToStringConverter@18537545,java.time.Period -> java.lang.String : org.springframework.format.datetime.standard.PeriodFormatter@78e73f67
	org.springframework.boot.convert.StringToDataSizeConverter@4cf4fb3b
	org.springframework.boot.convert.StringToDurationConverter@3dfabb85,java.lang.String -> java.time.Duration: org.springframework.format.datetime.standard.DurationFormatter@51c0bdf9
	org.springframework.boot.convert.StringToPeriodConverter@4effd9f8,java.lang.String -> java.time.Period: org.springframework.format.datetime.standard.PeriodFormatter@78e73f67
	org.springframework.core.convert.support.ArrayToArrayConverter@7e81b882
	org.springframework.core.convert.support.ArrayToCollectionConverter@596830cd
	org.springframework.core.convert.support.ArrayToObjectConverter@6f543c90
	org.springframework.core.convert.support.ByteBufferConverter@478bbf33
	org.springframework.core.convert.support.ByteBufferConverter@478bbf33
	org.springframework.core.convert.support.ByteBufferConverter@478bbf33
	org.springframework.core.convert.support.ByteBufferConverter@478bbf33
	org.springframework.core.convert.support.CollectionToArrayConverter@4f847b48
	org.springframework.core.convert.support.CollectionToCollectionConverter@3d6d5694
	org.springframework.core.convert.support.CollectionToObjectConverter@1c0ed7c1
	org.springframework.core.convert.support.FallbackObjectToStringConverter@40d8cb26
	org.springframework.core.convert.support.IdToEntityConverter@a7e3897,org.springframework.core.convert.support.ObjectToObjectConverter@7788921d
	org.springframework.core.convert.support.MapToMapConverter@525230df
	org.springframework.core.convert.support.ObjectToArrayConverter@2e8fc0c9
	org.springframework.core.convert.support.ObjectToCollectionConverter@62281081
	org.springframework.core.convert.support.ObjectToOptionalConverter@4dbc47b1
	org.springframework.core.convert.support.ObjectToOptionalConverter@4dbc47b1
	org.springframework.core.convert.support.ObjectToOptionalConverter@4dbc47b1
	org.springframework.core.convert.support.StreamConverter@49f6e8a2
	org.springframework.core.convert.support.StreamConverter@49f6e8a2
	org.springframework.core.convert.support.StreamConverter@49f6e8a2
	org.springframework.core.convert.support.StreamConverter@49f6e8a2
	org.springframework.core.io.InputStreamSource -> [B : org.springframework.boot.convert.InputStreamSourceToByteArrayConverter@438e6a90
,
	systemEnvironment = {
		'PATH' = '/home/marley/tmp/123/google-cloud-sdk/bin:/home/marley/.volta/bin:/home/marley/.cargo/bin:/home/marley/.volta/bin:/home/marley/.local/bin:/opt/kafka/bin:/opt/jdk/bin:/opt/jdk/bin:/opt/gradle/bin:/home/linuxbrew/.linuxbrew/bin/:/usr/local/sbin:/usr/local/bin:/usr/sbin:/usr/bin:/sbin:/bin:/usr/games:/usr/local/games:/snap/bin:/opt/maven/bin',
		'LC_MEASUREMENT' = 'en_US.UTF-8',
		'XAUTHORITY' = '/run/user/1000/gdm/Xauthority',
		'INVOCATION_ID' = 'cc50c9172e804127b3842ea88c429880',
		'SDKMAN_VERSION' = '5.15.0',
		'XMODIFIERS' = '@im=ibus',
		'LC_TELEPHONE' = 'en_US.UTF-8',
		'XDG_DATA_DIRS' = '/usr/share/gnome-flashback-metacity:/usr/local/share/:/usr/share/:/var/lib/snapd/desktop',
		'GDMSESSION' = 'gnome-flashback-metacity',
		'MANDATORY_PATH' = '/usr/share/gconf/gnome-flashback-metacity.mandatory.path',
		'LC_TIME' = 'en_US.UTF-8',
		'PAPERSIZE' = 'letter',
		'DBUS_SESSION_BUS_ADDRESS' = 'unix:path=/run/user/1000/bus',
		'DEFAULTS_PATH' = '/usr/share/gconf/gnome-flashback-metacity.default.path',
		'XDG_CURRENT_DESKTOP' = 'GNOME-Flashback:GNOME',
		'JOURNAL_STREAM' = '8:47116',
		'MAVEN_HOME' = '/opt/maven',
		'SSH_AGENT_PID' = '1951',
		'COLORTERM' = 'truecolor',
		'LC_PAPER' = 'en_US.UTF-8',
		'SDKMAN_DIR' = '/home/marley/.sdkman',
		'SESSION_MANAGER' = 'local/workstation:@/tmp/.ICE-unix/2019,unix/workstation:/tmp/.ICE-unix/2019',
		'USERNAME' = 'marley',
		'LOGNAME' = 'marley',
		'PWD' = '/home/marley/projects/dev/diasoft/diasoft-microservices-spring-basics/apps/app13/demo/service',
		'MANAGERPID' = '1756',
		'IM_CONFIG_PHASE' = '1',
		'SHELL' = '/bin/bash',
		'LESSOPEN' = '| /usr/bin/lesspipe %s',
		'LC_ADDRESS' = 'en_US.UTF-8',
		'SDKMAN_CANDIDATES_API' = 'https://api.sdkman.io/2',
		'VOLTA_HOME' = '/home/marley/.volta',
		'OLDPWD' = '/home/marley/projects/dev/diasoft/diasoft-microservices-spring-basics/apps/app13/demo/service',
		'GNOME_DESKTOP_SESSION_ID' = 'this-is-deprecated',
		'GNOME_TERMINAL_SCREEN' = '/org/gnome/Terminal/screen/ce0f7153_dd67_4acb_9e5c_edab532ec87e',
		'GTK_MODULES' = 'gail:atk-bridge',
		'LS_COLORS' = 'rs=0:di=01;34:ln=01;36:mh=00:pi=40;33:so=01;35:do=01;35:bd=40;33;01:cd=40;33;01:or=40;31;01:mi=00:su=37;41:sg=30;43:ca=30;41:tw=30;42:ow=34;42:st=37;44:ex=01;32:*.tar=01;31:*.tgz=01;31:*.arc=01;31:*.arj=01;31:*.taz=01;31:*.lha=01;31:*.lz4=01;31:*.lzh=01;31:*.lzma=01;31:*.tlz=01;31:*.txz=01;31:*.tzo=01;31:*.t7z=01;31:*.zip=01;31:*.z=01;31:*.dz=01;31:*.gz=01;31:*.lrz=01;31:*.lz=01;31:*.lzo=01;31:*.xz=01;31:*.zst=01;31:*.tzst=01;31:*.bz2=01;31:*.bz=01;31:*.tbz=01;31:*.tbz2=01;31:*.tz=01;31:*.deb=01;31:*.rpm=01;31:*.jar=01;31:*.war=01;31:*.ear=01;31:*.sar=01;31:*.rar=01;31:*.alz=01;31:*.ace=01;31:*.zoo=01;31:*.cpio=01;31:*.7z=01;31:*.rz=01;31:*.cab=01;31:*.wim=01;31:*.swm=01;31:*.dwm=01;31:*.esd=01;31:*.jpg=01;35:*.jpeg=01;35:*.mjpg=01;35:*.mjpeg=01;35:*.gif=01;35:*.bmp=01;35:*.pbm=01;35:*.pgm=01;35:*.ppm=01;35:*.tga=01;35:*.xbm=01;35:*.xpm=01;35:*.tif=01;35:*.tiff=01;35:*.png=01;35:*.svg=01;35:*.svgz=01;35:*.mng=01;35:*.pcx=01;35:*.mov=01;35:*.mpg=01;35:*.mpeg=01;35:*.m2v=01;35:*.mkv=01;35:*.webm=01;35:*.ogm=01;35:*.mp4=01;35:*.m4v=01;35:*.mp4v=01;35:*.vob=01;35:*.qt=01;35:*.nuv=01;35:*.wmv=01;35:*.asf=01;35:*.rm=01;35:*.rmvb=01;35:*.flc=01;35:*.avi=01;35:*.fli=01;35:*.flv=01;35:*.gl=01;35:*.dl=01;35:*.xcf=01;35:*.xwd=01;35:*.yuv=01;35:*.cgm=01;35:*.emf=01;35:*.ogv=01;35:*.ogx=01;35:*.aac=00;36:*.au=00;36:*.flac=00;36:*.m4a=00;36:*.mid=00;36:*.midi=00;36:*.mka=00;36:*.mp3=00;36:*.mpc=00;36:*.ogg=00;36:*.ra=00;36:*.wav=00;36:*.oga=00;36:*.opus=00;36:*.spx=00;36:*.xspf=00;36:',
		'XDG_SESSION_DESKTOP' = 'gnome-flashback-metacity',
		'SHLVL' = '1',
		'LC_IDENTIFICATION' = 'en_US.UTF-8',
		'LESSCLOSE' = '/usr/bin/lesspipe %s %s',
		'LC_MONETARY' = 'en_US.UTF-8',
		'COMPIZ_CONFIG_PROFILE' = 'gnome-flashback',
		'QT_IM_MODULE' = 'ibus',
		'JAVA_HOME' = '/opt/jdk',
		'KAFKA_HOME' = '/opt/kafka',
		'TERM' = 'xterm-256color',
		'XDG_CONFIG_DIRS' = '/etc/xdg/xdg-gnome-flashback-metacity:/etc/xdg',
		'GNOME_TERMINAL_SERVICE' = ':1.109',
		'LANG' = 'en_US.UTF-8',
		'XDG_SESSION_TYPE' = 'x11',
		'GRADLE_HOME' = '/opt/gradle',
		'DISPLAY' = ':1',
		'BREW_HOME' = '/home/linuxbrew/.linuxbrew/bin',
		'LC_NAME' = 'en_US.UTF-8',
		'MAVEN_CMD_LINE_ARGS' = ' clean install',
		'SDKMAN_CANDIDATES_DIR' = '/home/marley/.sdkman/candidates',
		'XDG_SESSION_CLASS' = 'user',
		'_' = '/opt/maven/bin/mvn',
		'GPG_AGENT_INFO' = '/run/user/1000/gnupg/S.gpg-agent:0:1',
		'MAVEN_PROJECTBASEDIR' = '/home/marley/projects/dev/diasoft/diasoft-microservices-spring-basics/apps/app13/demo',
		'DESKTOP_SESSION' = 'gnome-flashback-metacity',
		'SDKMAN_PLATFORM' = 'linuxx64',
		'USER' = 'marley',
		'XDG_MENU_PREFIX' = 'gnome-flashback-',
		'VTE_VERSION' = '6003',
		'QT_ACCESSIBILITY' = '1',
		'WINDOWPATH' = '2',
		'LC_NUMERIC' = 'en_US.UTF-8',
		'SSH_AUTH_SOCK' = '/run/user/1000/keyring/ssh',
		'XDG_RUNTIME_DIR' = '/run/user/1000',
		'HOME' = '/home/marley'
	}
), thread: main, logger: r.d.f.d.s.b.DsTraceApplicationListener, host: workstation
2022-06-27T20:19:07.482Z, INFO: Fetching config from server at : http://localhost:8888, thread: main, logger: o.s.c.c.c.ConfigServicePropertySourceLocator, host: workstation
2022-06-27T20:19:07.664Z, INFO: Connect Timeout Exception on Url - http://localhost:8888. Will be trying the next url if available, thread: main, logger: o.s.c.c.c.ConfigServicePropertySourceLocator, host: workstation
2022-06-27T20:19:07.664Z, WARN: Could not locate PropertySource: I/O error on GET request for "http://localhost:8888/application/default": Connection refused (Connection refused); nested exception is java.net.ConnectException: Connection refused (Connection refused), thread: main, logger: o.s.c.c.c.ConfigServicePropertySourceLocator, host: workstation
2022-06-27T20:19:07.668Z, WARN: 

Found multiple occurrences of org.json.JSONObject on the class path:

	jar:file:/home/marley/.m2/repository/org/json/json/20190722/json-20190722.jar!/org/json/JSONObject.class
	jar:file:/home/marley/.m2/repository/com/vaadin/external/google/android-json/0.0.20131108.vaadin1/android-json-0.0.20131108.vaadin1.jar!/org/json/JSONObject.class

You may wish to exclude one of them to ensure predictable runtime behavior
, thread: main, logger: o.s.b.t.j.DuplicateJsonObjectContextCustomizerFactory$DuplicateJsonObjectContextCustomizer, host: workstation
2022-06-27T20:19:07.682Z, INFO: No active profile set, falling back to default profiles: default, thread: main, logger: r.d.d.s.r.SmsVerificationRepositoryTest, host: workstation
2022-06-27T20:19:09.552Z, INFO: Bootstrapping Spring Data JPA repositories in DEFAULT mode., thread: main, logger: o.s.d.r.c.RepositoryConfigurationDelegate, host: workstation
2022-06-27T20:19:09.791Z, INFO: Finished Spring Data repository scanning in 230 ms. Found 1 JPA repository interfaces., thread: main, logger: o.s.d.r.c.RepositoryConfigurationDelegate, host: workstation
2022-06-27T20:19:10.836Z, INFO: BeanFactory id=77b28b73-e1c5-3e04-9eef-42f3bc1cb633, thread: main, logger: o.s.c.c.s.GenericScope, host: workstation
2022-06-27T20:19:10.966Z, INFO: No bean named 'errorChannel' has been explicitly defined. Therefore, a default PublishSubscribeChannel will be created., thread: main, logger: o.s.i.c.DefaultConfiguringBeanFactoryPostProcessor, host: workstation
2022-06-27T20:19:10.983Z, INFO: No bean named 'integrationHeaderChannelRegistry' has been explicitly defined. Therefore, a default DefaultHeaderChannelRegistry will be created., thread: main, logger: o.s.i.c.DefaultConfiguringBeanFactoryPostProcessor, host: workstation
2022-06-27T20:19:11.514Z, INFO: Bean 'org.springframework.security.access.expression.method.DefaultMethodSecurityExpressionHandler@2c87bc5d' of type [org.springframework.security.access.expression.method.DefaultMethodSecurityExpressionHandler] is not eligible for getting processed by all BeanPostProcessors (for example: not eligible for auto-proxying), thread: main, logger: o.s.c.s.PostProcessorRegistrationDelegate$BeanPostProcessorChecker, host: workstation
2022-06-27T20:19:11.523Z, INFO: Bean 'ru.diasoft.micro.lib.config.MethodSecurityConfig' of type [ru.diasoft.micro.lib.config.MethodSecurityConfig$$EnhancerBySpringCGLIB$$9024608a] is not eligible for getting processed by all BeanPostProcessors (for example: not eligible for auto-proxying), thread: main, logger: o.s.c.s.PostProcessorRegistrationDelegate$BeanPostProcessorChecker, host: workstation
2022-06-27T20:19:11.551Z, INFO: Bean 'methodSecurityMetadataSource' of type [org.springframework.security.access.method.DelegatingMethodSecurityMetadataSource] is not eligible for getting processed by all BeanPostProcessors (for example: not eligible for auto-proxying), thread: main, logger: o.s.c.s.PostProcessorRegistrationDelegate$BeanPostProcessorChecker, host: workstation
2022-06-27T20:19:11.690Z, INFO: Bean 'org.springframework.cloud.stream.config.BindersHealthIndicatorAutoConfiguration' of type [org.springframework.cloud.stream.config.BindersHealthIndicatorAutoConfiguration] is not eligible for getting processed by all BeanPostProcessors (for example: not eligible for auto-proxying), thread: main, logger: o.s.c.s.PostProcessorRegistrationDelegate$BeanPostProcessorChecker, host: workstation
2022-06-27T20:19:11.702Z, INFO: Bean 'bindersHealthContributor' of type [org.springframework.cloud.stream.config.BindersHealthIndicatorAutoConfiguration$BindersHealthContributor] is not eligible for getting processed by all BeanPostProcessors (for example: not eligible for auto-proxying), thread: main, logger: o.s.c.s.PostProcessorRegistrationDelegate$BeanPostProcessorChecker, host: workstation
2022-06-27T20:19:11.718Z, INFO: Bean 'bindersHealthIndicatorListener' of type [org.springframework.cloud.stream.config.BindersHealthIndicatorAutoConfiguration$BindersHealthIndicatorListener] is not eligible for getting processed by all BeanPostProcessors (for example: not eligible for auto-proxying), thread: main, logger: o.s.c.s.PostProcessorRegistrationDelegate$BeanPostProcessorChecker, host: workstation
2022-06-27T20:19:11.766Z, INFO: Bean 'org.springframework.integration.config.IntegrationManagementConfiguration' of type [org.springframework.integration.config.IntegrationManagementConfiguration] is not eligible for getting processed by all BeanPostProcessors (for example: not eligible for auto-proxying), thread: main, logger: o.s.c.s.PostProcessorRegistrationDelegate$BeanPostProcessorChecker, host: workstation
2022-06-27T20:19:11.807Z, INFO: Bean 'integrationChannelResolver' of type [org.springframework.integration.support.channel.BeanFactoryChannelResolver] is not eligible for getting processed by all BeanPostProcessors (for example: not eligible for auto-proxying), thread: main, logger: o.s.c.s.PostProcessorRegistrationDelegate$BeanPostProcessorChecker, host: workstation
2022-06-27T20:19:11.813Z, INFO: Bean 'integrationDisposableAutoCreatedBeans' of type [org.springframework.integration.config.annotation.Disposables] is not eligible for getting processed by all BeanPostProcessors (for example: not eligible for auto-proxying), thread: main, logger: o.s.c.s.PostProcessorRegistrationDelegate$BeanPostProcessorChecker, host: workstation
2022-06-27T20:19:11.894Z, INFO: Bean 'org.springframework.cloud.client.loadbalancer.reactive.LoadBalancerBeanPostProcessorAutoConfiguration' of type [org.springframework.cloud.client.loadbalancer.reactive.LoadBalancerBeanPostProcessorAutoConfiguration] is not eligible for getting processed by all BeanPostProcessors (for example: not eligible for auto-proxying), thread: main, logger: o.s.c.s.PostProcessorRegistrationDelegate$BeanPostProcessorChecker, host: workstation
2022-06-27T20:19:11.900Z, INFO: Bean 'org.springframework.cloud.client.loadbalancer.reactive.LoadBalancerBeanPostProcessorAutoConfiguration$ReactorDeferringLoadBalancerFilterConfig' of type [org.springframework.cloud.client.loadbalancer.reactive.LoadBalancerBeanPostProcessorAutoConfiguration$ReactorDeferringLoadBalancerFilterConfig] is not eligible for getting processed by all BeanPostProcessors (for example: not eligible for auto-proxying), thread: main, logger: o.s.c.s.PostProcessorRegistrationDelegate$BeanPostProcessorChecker, host: workstation
2022-06-27T20:19:11.907Z, INFO: Bean 'reactorDeferringLoadBalancerExchangeFilterFunction' of type [org.springframework.cloud.client.loadbalancer.reactive.DeferringLoadBalancerExchangeFilterFunction] is not eligible for getting processed by all BeanPostProcessors (for example: not eligible for auto-proxying), thread: main, logger: o.s.c.s.PostProcessorRegistrationDelegate$BeanPostProcessorChecker, host: workstation
2022-06-27T20:19:11.922Z, INFO: Bean 'ru.diasoft.micro.querydsl.config.QueryDslValueOperatorsConfig' of type [ru.diasoft.micro.querydsl.config.QueryDslValueOperatorsConfig$$EnhancerBySpringCGLIB$$4ee5b966] is not eligible for getting processed by all BeanPostProcessors (for example: not eligible for auto-proxying), thread: main, logger: o.s.c.s.PostProcessorRegistrationDelegate$BeanPostProcessorChecker, host: workstation
2022-06-27T20:19:11.930Z, INFO: Bean 'org.springframework.data.web.config.QuerydslWebConfiguration' of type [org.springframework.data.web.config.QuerydslWebConfiguration] is not eligible for getting processed by all BeanPostProcessors (for example: not eligible for auto-proxying), thread: main, logger: o.s.c.s.PostProcessorRegistrationDelegate$BeanPostProcessorChecker, host: workstation
2022-06-27T20:19:11.976Z, INFO: Bean '(inner bean)#6aeabcb0' of type [org.springframework.beans.factory.config.PropertiesFactoryBean] is not eligible for getting processed by all BeanPostProcessors (for example: not eligible for auto-proxying), thread: main, logger: o.s.c.s.PostProcessorRegistrationDelegate$BeanPostProcessorChecker, host: workstation
2022-06-27T20:19:11.982Z, INFO: Bean '(inner bean)#6aeabcb0' of type [java.util.Properties] is not eligible for getting processed by all BeanPostProcessors (for example: not eligible for auto-proxying), thread: main, logger: o.s.c.s.PostProcessorRegistrationDelegate$BeanPostProcessorChecker, host: workstation
2022-06-27T20:19:11.995Z, INFO: Bean '(inner bean)#2214387f' of type [org.springframework.data.repository.core.support.PropertiesBasedNamedQueries] is not eligible for getting processed by all BeanPostProcessors (for example: not eligible for auto-proxying), thread: main, logger: o.s.c.s.PostProcessorRegistrationDelegate$BeanPostProcessorChecker, host: workstation
2022-06-27T20:19:12.005Z, INFO: Bean '(inner bean)#47910f60' of type [org.springframework.data.repository.core.support.RepositoryFragmentsFactoryBean] is not eligible for getting processed by all BeanPostProcessors (for example: not eligible for auto-proxying), thread: main, logger: o.s.c.s.PostProcessorRegistrationDelegate$BeanPostProcessorChecker, host: workstation
2022-06-27T20:19:12.011Z, INFO: Bean '(inner bean)#47910f60' of type [org.springframework.data.repository.core.support.RepositoryComposition$RepositoryFragments] is not eligible for getting processed by all BeanPostProcessors (for example: not eligible for auto-proxying), thread: main, logger: o.s.c.s.PostProcessorRegistrationDelegate$BeanPostProcessorChecker, host: workstation
2022-06-27T20:19:12.029Z, INFO: Bean 'org.springframework.boot.autoconfigure.cache.SimpleCacheConfiguration' of type [org.springframework.boot.autoconfigure.cache.SimpleCacheConfiguration] is not eligible for getting processed by all BeanPostProcessors (for example: not eligible for auto-proxying), thread: main, logger: o.s.c.s.PostProcessorRegistrationDelegate$BeanPostProcessorChecker, host: workstation
2022-06-27T20:19:12.045Z, INFO: Bean 'org.springframework.cloud.stream.binder.kafka.config.ExtendedBindingHandlerMappingsProviderConfiguration' of type [org.springframework.cloud.stream.binder.kafka.config.ExtendedBindingHandlerMappingsProviderConfiguration$$EnhancerBySpringCGLIB$$15ab95d5] is not eligible for getting processed by all BeanPostProcessors (for example: not eligible for auto-proxying), thread: main, logger: o.s.c.s.PostProcessorRegistrationDelegate$BeanPostProcessorChecker, host: workstation
2022-06-27T20:19:12.054Z, INFO: Bean 'kafkaExtendedPropertiesDefaultMappingsProvider' of type [org.springframework.cloud.stream.binder.kafka.config.ExtendedBindingHandlerMappingsProviderConfiguration$$Lambda$872/1887375484] is not eligible for getting processed by all BeanPostProcessors (for example: not eligible for auto-proxying), thread: main, logger: o.s.c.s.PostProcessorRegistrationDelegate$BeanPostProcessorChecker, host: workstation
2022-06-27T20:19:12.061Z, INFO: Bean 'BindingHandlerAdvise' of type [org.springframework.cloud.stream.config.BindingHandlerAdvise] is not eligible for getting processed by all BeanPostProcessors (for example: not eligible for auto-proxying), thread: main, logger: o.s.c.s.PostProcessorRegistrationDelegate$BeanPostProcessorChecker, host: workstation
2022-06-27T20:19:12.076Z, INFO: Bean 'spelConverter' of type [org.springframework.cloud.stream.config.SpelExpressionConverterConfiguration$SpelConverter] is not eligible for getting processed by all BeanPostProcessors (for example: not eligible for auto-proxying), thread: main, logger: o.s.c.s.PostProcessorRegistrationDelegate$BeanPostProcessorChecker, host: workstation
2022-06-27T20:19:12.085Z, INFO: Bean 'spring.cache-org.springframework.boot.autoconfigure.cache.CacheProperties' of type [org.springframework.boot.autoconfigure.cache.CacheProperties] is not eligible for getting processed by all BeanPostProcessors (for example: not eligible for auto-proxying), thread: main, logger: o.s.c.s.PostProcessorRegistrationDelegate$BeanPostProcessorChecker, host: workstation
2022-06-27T20:19:12.091Z, INFO: Bean 'org.springframework.boot.autoconfigure.cache.CacheAutoConfiguration' of type [org.springframework.boot.autoconfigure.cache.CacheAutoConfiguration] is not eligible for getting processed by all BeanPostProcessors (for example: not eligible for auto-proxying), thread: main, logger: o.s.c.s.PostProcessorRegistrationDelegate$BeanPostProcessorChecker, host: workstation
2022-06-27T20:19:12.096Z, INFO: Bean 'cacheManagerCustomizers' of type [org.springframework.boot.autoconfigure.cache.CacheManagerCustomizers] is not eligible for getting processed by all BeanPostProcessors (for example: not eligible for auto-proxying), thread: main, logger: o.s.c.s.PostProcessorRegistrationDelegate$BeanPostProcessorChecker, host: workstation
2022-06-27T20:19:12.107Z, INFO: Bean 'cacheManager' of type [org.springframework.cache.concurrent.ConcurrentMapCacheManager] is not eligible for getting processed by all BeanPostProcessors (for example: not eligible for auto-proxying), thread: main, logger: o.s.c.s.PostProcessorRegistrationDelegate$BeanPostProcessorChecker, host: workstation
2022-06-27T20:19:12.121Z, INFO: Bean 'spring.liquibase-org.springframework.boot.autoconfigure.liquibase.LiquibaseProperties' of type [org.springframework.boot.autoconfigure.liquibase.LiquibaseProperties] is not eligible for getting processed by all BeanPostProcessors (for example: not eligible for auto-proxying), thread: main, logger: o.s.c.s.PostProcessorRegistrationDelegate$BeanPostProcessorChecker, host: workstation
2022-06-27T20:19:12.127Z, INFO: Bean 'org.springframework.boot.autoconfigure.liquibase.LiquibaseAutoConfiguration$LiquibaseConfiguration' of type [org.springframework.boot.autoconfigure.liquibase.LiquibaseAutoConfiguration$LiquibaseConfiguration] is not eligible for getting processed by all BeanPostProcessors (for example: not eligible for auto-proxying), thread: main, logger: o.s.c.s.PostProcessorRegistrationDelegate$BeanPostProcessorChecker, host: workstation
2022-06-27T20:19:12.137Z, INFO: Bean 'org.springframework.boot.autoconfigure.jdbc.DataSourceConfiguration$Hikari' of type [org.springframework.boot.autoconfigure.jdbc.DataSourceConfiguration$Hikari] is not eligible for getting processed by all BeanPostProcessors (for example: not eligible for auto-proxying), thread: main, logger: o.s.c.s.PostProcessorRegistrationDelegate$BeanPostProcessorChecker, host: workstation
2022-06-27T20:19:12.156Z, INFO: Bean 'spring.datasource-org.springframework.boot.autoconfigure.jdbc.DataSourceProperties' of type [org.springframework.boot.autoconfigure.jdbc.DataSourceProperties] is not eligible for getting processed by all BeanPostProcessors (for example: not eligible for auto-proxying), thread: main, logger: o.s.c.s.PostProcessorRegistrationDelegate$BeanPostProcessorChecker, host: workstation
2022-06-27T20:19:12.260Z, INFO: Bean 'dataSource' of type [com.zaxxer.hikari.HikariDataSource] is not eligible for getting processed by all BeanPostProcessors (for example: not eligible for auto-proxying), thread: main, logger: o.s.c.s.PostProcessorRegistrationDelegate$BeanPostProcessorChecker, host: workstation
2022-06-27T20:19:12.330Z, INFO: 'HikariPool-1' - Starting..., thread: main, logger: c.z.h.HikariDataSource, host: workstation
2022-06-27T20:19:12.730Z, INFO: 'HikariPool-1' - Start completed., thread: main, logger: c.z.h.HikariDataSource, host: workstation
Skipping auto-registration
2022-06-27T20:20:42.557Z, INFO: Bean 'liquibase' of type [liquibase.integration.spring.SpringLiquibase] is not eligible for getting processed by all BeanPostProcessors (for example: not eligible for auto-proxying), thread: main, logger: o.s.c.s.PostProcessorRegistrationDelegate$BeanPostProcessorChecker, host: workstation
2022-06-27T20:20:42.568Z, INFO: Bean 'org.springframework.boot.autoconfigure.sql.init.DataSourceInitializationConfiguration' of type [org.springframework.boot.autoconfigure.sql.init.DataSourceInitializationConfiguration] is not eligible for getting processed by all BeanPostProcessors (for example: not eligible for auto-proxying), thread: main, logger: o.s.c.s.PostProcessorRegistrationDelegate$BeanPostProcessorChecker, host: workstation
2022-06-27T20:20:42.580Z, INFO: Bean 'spring.sql.init-org.springframework.boot.autoconfigure.sql.init.SqlInitializationProperties' of type [org.springframework.boot.autoconfigure.sql.init.SqlInitializationProperties] is not eligible for getting processed by all BeanPostProcessors (for example: not eligible for auto-proxying), thread: main, logger: o.s.c.s.PostProcessorRegistrationDelegate$BeanPostProcessorChecker, host: workstation
2022-06-27T20:20:42.590Z, INFO: Bean 'dataSourceScriptDatabaseInitializer' of type [org.springframework.boot.jdbc.init.DataSourceScriptDatabaseInitializer] is not eligible for getting processed by all BeanPostProcessors (for example: not eligible for auto-proxying), thread: main, logger: o.s.c.s.PostProcessorRegistrationDelegate$BeanPostProcessorChecker, host: workstation
2022-06-27T20:20:42.604Z, INFO: Bean 'spring.jpa-org.springframework.boot.autoconfigure.orm.jpa.JpaProperties' of type [org.springframework.boot.autoconfigure.orm.jpa.JpaProperties] is not eligible for getting processed by all BeanPostProcessors (for example: not eligible for auto-proxying), thread: main, logger: o.s.c.s.PostProcessorRegistrationDelegate$BeanPostProcessorChecker, host: workstation
2022-06-27T20:20:42.617Z, INFO: Bean 'spring.jpa.hibernate-org.springframework.boot.autoconfigure.orm.jpa.HibernateProperties' of type [org.springframework.boot.autoconfigure.orm.jpa.HibernateProperties] is not eligible for getting processed by all BeanPostProcessors (for example: not eligible for auto-proxying), thread: main, logger: o.s.c.s.PostProcessorRegistrationDelegate$BeanPostProcessorChecker, host: workstation
2022-06-27T20:20:42.626Z, INFO: Bean 'org.springframework.boot.autoconfigure.jdbc.metadata.DataSourcePoolMetadataProvidersConfiguration$HikariPoolDataSourceMetadataProviderConfiguration' of type [org.springframework.boot.autoconfigure.jdbc.metadata.DataSourcePoolMetadataProvidersConfiguration$HikariPoolDataSourceMetadataProviderConfiguration] is not eligible for getting processed by all BeanPostProcessors (for example: not eligible for auto-proxying), thread: main, logger: o.s.c.s.PostProcessorRegistrationDelegate$BeanPostProcessorChecker, host: workstation
2022-06-27T20:20:42.631Z, INFO: Bean 'hikariPoolDataSourceMetadataProvider' of type [org.springframework.boot.autoconfigure.jdbc.metadata.DataSourcePoolMetadataProvidersConfiguration$HikariPoolDataSourceMetadataProviderConfiguration$$Lambda$908/2029836138] is not eligible for getting processed by all BeanPostProcessors (for example: not eligible for auto-proxying), thread: main, logger: o.s.c.s.PostProcessorRegistrationDelegate$BeanPostProcessorChecker, host: workstation
2022-06-27T20:20:42.646Z, INFO: Bean 'org.springframework.boot.autoconfigure.orm.jpa.HibernateJpaConfiguration' of type [org.springframework.boot.autoconfigure.orm.jpa.HibernateJpaConfiguration] is not eligible for getting processed by all BeanPostProcessors (for example: not eligible for auto-proxying), thread: main, logger: o.s.c.s.PostProcessorRegistrationDelegate$BeanPostProcessorChecker, host: workstation
2022-06-27T20:20:42.668Z, INFO: Bean 'jpaVendorAdapter' of type [org.springframework.orm.jpa.vendor.HibernateJpaVendorAdapter] is not eligible for getting processed by all BeanPostProcessors (for example: not eligible for auto-proxying), thread: main, logger: o.s.c.s.PostProcessorRegistrationDelegate$BeanPostProcessorChecker, host: workstation
2022-06-27T20:20:42.681Z, INFO: Bean 'entityManagerFactoryBuilder' of type [org.springframework.boot.orm.jpa.EntityManagerFactoryBuilder] is not eligible for getting processed by all BeanPostProcessors (for example: not eligible for auto-proxying), thread: main, logger: o.s.c.s.PostProcessorRegistrationDelegate$BeanPostProcessorChecker, host: workstation
2022-06-27T20:20:42.703Z, INFO: Bean 'org.springframework.boot.autoconfigure.liquibase.LiquibaseAutoConfiguration' of type [org.springframework.boot.autoconfigure.liquibase.LiquibaseAutoConfiguration] is not eligible for getting processed by all BeanPostProcessors (for example: not eligible for auto-proxying), thread: main, logger: o.s.c.s.PostProcessorRegistrationDelegate$BeanPostProcessorChecker, host: workstation
2022-06-27T20:20:42.706Z, INFO: Bean 'liquibaseDefaultDdlModeProvider' of type [org.springframework.boot.autoconfigure.liquibase.LiquibaseSchemaManagementProvider] is not eligible for getting processed by all BeanPostProcessors (for example: not eligible for auto-proxying), thread: main, logger: o.s.c.s.PostProcessorRegistrationDelegate$BeanPostProcessorChecker, host: workstation
2022-06-27T20:20:42.765Z, INFO: HHH000204: Processing PersistenceUnitInfo [name: default], thread: main, logger: o.h.j.i.u.LogHelper, host: workstation
2022-06-27T20:20:42.882Z, INFO: HHH000412: Hibernate ORM core version 5.4.32.Final, thread: main, logger: o.h.Version, host: workstation
2022-06-27T20:20:43.089Z, INFO: HCANN000001: Hibernate Commons Annotations {5.1.2.Final}, thread: main, logger: o.h.a.c.Version, host: workstation
2022-06-27T20:20:43.248Z, INFO: HHH000400: Using dialect: org.hibernate.dialect.H2Dialect, thread: main, logger: o.h.d.Dialect, host: workstation
2022-06-27T20:20:44.078Z, INFO: HHH000490: Using JtaPlatform implementation: [org.hibernate.engine.transaction.jta.platform.internal.NoJtaPlatform], thread: main, logger: o.h.e.t.j.p.i.JtaPlatformInitiator, host: workstation
2022-06-27T20:20:44.285Z, INFO: Initialized JPA EntityManagerFactory for persistence unit 'default', thread: main, logger: o.s.o.j.LocalContainerEntityManagerFactoryBean, host: workstation
2022-06-27T20:20:44.288Z, INFO: Bean 'entityManagerFactory' of type [org.springframework.orm.jpa.LocalContainerEntityManagerFactoryBean] is not eligible for getting processed by all BeanPostProcessors (for example: not eligible for auto-proxying), thread: main, logger: o.s.c.s.PostProcessorRegistrationDelegate$BeanPostProcessorChecker, host: workstation
2022-06-27T20:20:44.300Z, INFO: Bean 'entityManagerFactory' of type [com.sun.proxy.$Proxy199] is not eligible for getting processed by all BeanPostProcessors (for example: not eligible for auto-proxying), thread: main, logger: o.s.c.s.PostProcessorRegistrationDelegate$BeanPostProcessorChecker, host: workstation
2022-06-27T20:20:44.347Z, INFO: Bean '(inner bean)#3d53a735' of type [com.sun.proxy.$Proxy202] is not eligible for getting processed by all BeanPostProcessors (for example: not eligible for auto-proxying), thread: main, logger: o.s.c.s.PostProcessorRegistrationDelegate$BeanPostProcessorChecker, host: workstation
2022-06-27T20:20:44.407Z, INFO: Bean 'jpaMappingContext' of type [org.springframework.data.jpa.repository.config.JpaMetamodelMappingContextFactoryBean] is not eligible for getting processed by all BeanPostProcessors (for example: not eligible for auto-proxying), thread: main, logger: o.s.c.s.PostProcessorRegistrationDelegate$BeanPostProcessorChecker, host: workstation
2022-06-27T20:20:44.413Z, INFO: Bean 'jpaMappingContext' of type [org.springframework.data.jpa.mapping.JpaMetamodelMappingContext] is not eligible for getting processed by all BeanPostProcessors (for example: not eligible for auto-proxying), thread: main, logger: o.s.c.s.PostProcessorRegistrationDelegate$BeanPostProcessorChecker, host: workstation
2022-06-27T20:20:44.750Z, INFO: Bean 'smsVerificationRepository' of type [org.springframework.data.jpa.repository.support.JpaRepositoryFactoryBean] is not eligible for getting processed by all BeanPostProcessors (for example: not eligible for auto-proxying), thread: main, logger: o.s.c.s.PostProcessorRegistrationDelegate$BeanPostProcessorChecker, host: workstation
2022-06-27T20:20:44.765Z, INFO: Bean 'querydslBindingsFactory' of type [org.springframework.data.querydsl.binding.QuerydslBindingsFactory] is not eligible for getting processed by all BeanPostProcessors (for example: not eligible for auto-proxying), thread: main, logger: o.s.c.s.PostProcessorRegistrationDelegate$BeanPostProcessorChecker, host: workstation
2022-06-27T20:20:44.774Z, INFO: Bean 'ru.diasoft.micro.lib.config.DefaultFormattingConfig' of type [ru.diasoft.micro.lib.config.DefaultFormattingConfig$$EnhancerBySpringCGLIB$$553a4963] is not eligible for getting processed by all BeanPostProcessors (for example: not eligible for auto-proxying), thread: main, logger: o.s.c.s.PostProcessorRegistrationDelegate$BeanPostProcessorChecker, host: workstation
2022-06-27T20:20:44.787Z, INFO: Bean 'defaultFormattingConversionService' of type [org.springframework.format.support.DefaultFormattingConversionService] is not eligible for getting processed by all BeanPostProcessors (for example: not eligible for auto-proxying), thread: main, logger: o.s.c.s.PostProcessorRegistrationDelegate$BeanPostProcessorChecker, host: workstation
2022-06-27T20:20:44.974Z, WARN: Exception encountered during context initialization - cancelling refresh attempt: org.springframework.beans.factory.UnsatisfiedDependencyException: Error creating bean with name 'extIdLoader': Unsatisfied dependency expressed through field 'objectIdRepository'; nested exception is org.springframework.beans.factory.NoSuchBeanDefinitionException: No qualifying bean of type 'ru.diasoft.micro.identifier.ObjectIdRepository' available: expected at least 1 bean which qualifies as autowire candidate. Dependency annotations: {@org.springframework.beans.factory.annotation.Autowired(required=true)}, thread: main, logger: o.s.w.c.s.GenericWebApplicationContext, host: workstation
2022-06-27T20:20:44.975Z, INFO: Closing JPA EntityManagerFactory for persistence unit 'default', thread: main, logger: o.s.o.j.LocalContainerEntityManagerFactoryBean, host: workstation
2022-06-27T20:20:44.977Z, INFO: 'HikariPool-1' - Shutdown initiated..., thread: main, logger: c.z.h.HikariDataSource, host: workstation
2022-06-27T20:20:44.988Z, INFO: 'HikariPool-1' - Shutdown completed., thread: main, logger: c.z.h.HikariDataSource, host: workstation
2022-06-27T20:20:45.010Z, INFO: 

Error starting ApplicationContext. To display the conditions report re-run your application with 'debug' enabled., thread: main, logger: o.s.b.a.l.ConditionEvaluationReportLoggingListener, host: workstation
2022-06-27T20:20:45.045Z, ERROR: 

***************************
APPLICATION FAILED TO START
***************************

Description:

Field objectIdRepository in ru.diasoft.micro.identifier.ExtIdLoader required a bean of type 'ru.diasoft.micro.identifier.ObjectIdRepository' that could not be found.

The injection point has the following annotations:
	- @org.springframework.beans.factory.annotation.Autowired(required=true)


Action:

Consider defining a bean of type 'ru.diasoft.micro.identifier.ObjectIdRepository' in your configuration.
, thread: main, logger: o.s.b.d.LoggingFailureAnalysisReporter, host: workstation
2022-06-27T20:20:45.046Z, ERROR: Caught exception while allowing TestExecutionListener [org.springframework.test.context.web.ServletTestExecutionListener@e944541] to prepare test instance [ru.diasoft.digitalq.service.repository.SmsVerificationRepositoryTest@563e0623], thread: main, logger: o.s.t.c.TestContextManager, host: workstation
	error: Failed to load ApplicationContext
	stack: org.springframework.test.context.cache.DefaultCacheAwareContextLoaderDelegate.loadContext(DefaultCacheAwareContextLoaderDelegate.java:132)
		at org.springframework.test.context.support.DefaultTestContext.getApplicationContext(DefaultTestContext.java:124)
		at org.springframework.test.context.web.ServletTestExecutionListener.setUpRequestContextIfNecessary(ServletTestExecutionListener.java:190)
		at org.springframework.test.context.web.ServletTestExecutionListener.prepareTestInstance(ServletTestExecutionListener.java:132)
		at org.springframework.test.context.TestContextManager.prepareTestInstance(TestContextManager.java:244)
		at org.springframework.test.context.junit4.SpringJUnit4ClassRunner.createTest(SpringJUnit4ClassRunner.java:227)
		at org.springframework.test.context.junit4.SpringJUnit4ClassRunner$1.runReflectiveCall(SpringJUnit4ClassRunner.java:289)
		at org.junit.internal.runners.model.ReflectiveCallable.run(ReflectiveCallable.java:12)
		at org.springframework.test.context.junit4.SpringJUnit4ClassRunner.methodBlock(SpringJUnit4ClassRunner.java:291)
		at org.springframework.test.context.junit4.SpringJUnit4ClassRunner.runChild(SpringJUnit4ClassRunner.java:246)
		at org.springframework.test.context.junit4.SpringJUnit4ClassRunner.runChild(SpringJUnit4ClassRunner.java:97)
		at org.junit.runners.ParentRunner$4.run(ParentRunner.java:331)
		at org.junit.runners.ParentRunner$1.schedule(ParentRunner.java:79)
		at org.junit.runners.ParentRunner.runChildren(ParentRunner.java:329)
		at org.junit.runners.ParentRunner.access$100(ParentRunner.java:66)
		at org.junit.runners.ParentRunner$2.evaluate(ParentRunner.java:293)
		at org.springframework.test.context.junit4.statements.RunBeforeTestClassCallbacks.evaluate(RunBeforeTestClassCallbacks.java:61)
		at org.springframework.test.context.junit4.statements.RunAfterTestClassCallbacks.evaluate(RunAfterTestClassCallbacks.java:70)
		at org.junit.runners.ParentRunner$3.evaluate(ParentRunner.java:306)
		at org.junit.runners.ParentRunner.run(ParentRunner.java:413)
		at org.springframework.test.context.junit4.SpringJUnit4ClassRunner.run(SpringJUnit4ClassRunner.java:190)
		at org.junit.runner.JUnitCore.run(JUnitCore.java:137)
		at org.junit.runner.JUnitCore.run(JUnitCore.java:115)
		at org.junit.vintage.engine.execution.RunnerExecutor.execute(RunnerExecutor.java:43)
		at java.util.stream.ForEachOps$ForEachOp$OfRef.accept(ForEachOps.java:184)
		at java.util.stream.ReferencePipeline$3$1.accept(ReferencePipeline.java:193)
		at java.util.Iterator.forEachRemaining(Iterator.java:116)
		at java.util.Spliterators$IteratorSpliterator.forEachRemaining(Spliterators.java:1801)
		at java.util.stream.AbstractPipeline.copyInto(AbstractPipeline.java:482)
		at java.util.stream.AbstractPipeline.wrapAndCopyInto(AbstractPipeline.java:472)
		at java.util.stream.ForEachOps$ForEachOp.evaluateSequential(ForEachOps.java:151)
		at java.util.stream.ForEachOps$ForEachOp$OfRef.evaluateSequential(ForEachOps.java:174)
		at java.util.stream.AbstractPipeline.evaluate(AbstractPipeline.java:234)
		at java.util.stream.ReferencePipeline.forEach(ReferencePipeline.java:418)
		at org.junit.vintage.engine.VintageTestEngine.executeAllChildren(VintageTestEngine.java:82)
		at org.junit.vintage.engine.VintageTestEngine.execute(VintageTestEngine.java:73)
		at org.junit.platform.launcher.core.EngineExecutionOrchestrator.execute(EngineExecutionOrchestrator.java:108)
		at org.junit.platform.launcher.core.EngineExecutionOrchestrator.execute(EngineExecutionOrchestrator.java:88)
		at org.junit.platform.launcher.core.EngineExecutionOrchestrator.lambda$execute$0(EngineExecutionOrchestrator.java:54)
		at org.junit.platform.launcher.core.EngineExecutionOrchestrator.withInterceptedStreams(EngineExecutionOrchestrator.java:67)
		at org.junit.platform.launcher.core.EngineExecutionOrchestrator.execute(EngineExecutionOrchestrator.java:52)
		at org.junit.platform.launcher.core.DefaultLauncher.execute(DefaultLauncher.java:96)
		at org.junit.platform.launcher.core.DefaultLauncher.execute(DefaultLauncher.java:75)
		at org.apache.maven.surefire.junitplatform.JUnitPlatformProvider.execute(JUnitPlatformProvider.java:188)
		at org.apache.maven.surefire.junitplatform.JUnitPlatformProvider.invokeAllTests(JUnitPlatformProvider.java:154)
		at org.apache.maven.surefire.junitplatform.JUnitPlatformProvider.invoke(JUnitPlatformProvider.java:128)
		at org.apache.maven.surefire.booter.ForkedBooter.runSuitesInProcess(ForkedBooter.java:428)
		at org.apache.maven.surefire.booter.ForkedBooter.execute(ForkedBooter.java:162)
		at org.apache.maven.surefire.booter.ForkedBooter.run(ForkedBooter.java:562)
		at org.apache.maven.surefire.booter.ForkedBooter.main(ForkedBooter.java:548)
	cause[1]: Error creating bean with name 'extIdLoader': Unsatisfied dependency expressed through field 'objectIdRepository'; nested exception is org.springframework.beans.factory.NoSuchBeanDefinitionException: No qualifying bean of type 'ru.diasoft.micro.identifier.ObjectIdRepository' available: expected at least 1 bean which qualifies as autowire candidate. Dependency annotations: {@org.springframework.beans.factory.annotation.Autowired(required=true)}
	stack: org.springframework.beans.factory.annotation.AutowiredAnnotationBeanPostProcessor$AutowiredFieldElement.resolveFieldValue(AutowiredAnnotationBeanPostProcessor.java:660)
		at org.springframework.beans.factory.annotation.AutowiredAnnotationBeanPostProcessor$AutowiredFieldElement.inject(AutowiredAnnotationBeanPostProcessor.java:640)
		at org.springframework.beans.factory.annotation.InjectionMetadata.inject(InjectionMetadata.java:119)
		at org.springframework.beans.factory.annotation.AutowiredAnnotationBeanPostProcessor.postProcessProperties(AutowiredAnnotationBeanPostProcessor.java:399)
		at org.springframework.beans.factory.support.AbstractAutowireCapableBeanFactory.populateBean(AbstractAutowireCapableBeanFactory.java:1413)
		at org.springframework.beans.factory.support.AbstractAutowireCapableBeanFactory.doCreateBean(AbstractAutowireCapableBeanFactory.java:601)
		at org.springframework.beans.factory.support.AbstractAutowireCapableBeanFactory.createBean(AbstractAutowireCapableBeanFactory.java:524)
		at org.springframework.beans.factory.support.AbstractBeanFactory.lambda$doGetBean$0(AbstractBeanFactory.java:335)
		at org.springframework.beans.factory.support.DefaultSingletonBeanRegistry.getSingleton(DefaultSingletonBeanRegistry.java:234)
		at org.springframework.beans.factory.support.AbstractBeanFactory.doGetBean(AbstractBeanFactory.java:333)
		at org.springframework.beans.factory.support.AbstractBeanFactory.getBean(AbstractBeanFactory.java:208)
		at org.springframework.beans.factory.support.DefaultListableBeanFactory.preInstantiateSingletons(DefaultListableBeanFactory.java:944)
		at org.springframework.context.support.AbstractApplicationContext.finishBeanFactoryInitialization(AbstractApplicationContext.java:918)
		at org.springframework.context.support.AbstractApplicationContext.refresh(AbstractApplicationContext.java:583)
		at org.springframework.boot.SpringApplication.refresh(SpringApplication.java:754)
		at org.springframework.boot.SpringApplication.refreshContext(SpringApplication.java:434)
		at org.springframework.boot.SpringApplication.run(SpringApplication.java:338)
		at org.springframework.boot.test.context.SpringBootContextLoader.loadContext(SpringBootContextLoader.java:123)
		at org.springframework.test.context.cache.DefaultCacheAwareContextLoaderDelegate.loadContextInternal(DefaultCacheAwareContextLoaderDelegate.java:99)
		at org.springframework.test.context.cache.DefaultCacheAwareContextLoaderDelegate.loadContext(DefaultCacheAwareContextLoaderDelegate.java:124)
		at org.springframework.test.context.support.DefaultTestContext.getApplicationContext(DefaultTestContext.java:124)
		at org.springframework.test.context.web.ServletTestExecutionListener.setUpRequestContextIfNecessary(ServletTestExecutionListener.java:190)
		at org.springframework.test.context.web.ServletTestExecutionListener.prepareTestInstance(ServletTestExecutionListener.java:132)
		at org.springframework.test.context.TestContextManager.prepareTestInstance(TestContextManager.java:244)
		at org.springframework.test.context.junit4.SpringJUnit4ClassRunner.createTest(SpringJUnit4ClassRunner.java:227)
		at org.springframework.test.context.junit4.SpringJUnit4ClassRunner$1.runReflectiveCall(SpringJUnit4ClassRunner.java:289)
		at org.junit.internal.runners.model.ReflectiveCallable.run(ReflectiveCallable.java:12)
		at org.springframework.test.context.junit4.SpringJUnit4ClassRunner.methodBlock(SpringJUnit4ClassRunner.java:291)
		at org.springframework.test.context.junit4.SpringJUnit4ClassRunner.runChild(SpringJUnit4ClassRunner.java:246)
		at org.springframework.test.context.junit4.SpringJUnit4ClassRunner.runChild(SpringJUnit4ClassRunner.java:97)
		at org.junit.runners.ParentRunner$4.run(ParentRunner.java:331)
		at org.junit.runners.ParentRunner$1.schedule(ParentRunner.java:79)
		at org.junit.runners.ParentRunner.runChildren(ParentRunner.java:329)
		at org.junit.runners.ParentRunner.access$100(ParentRunner.java:66)
		at org.junit.runners.ParentRunner$2.evaluate(ParentRunner.java:293)
		at org.springframework.test.context.junit4.statements.RunBeforeTestClassCallbacks.evaluate(RunBeforeTestClassCallbacks.java:61)
		at org.springframework.test.context.junit4.statements.RunAfterTestClassCallbacks.evaluate(RunAfterTestClassCallbacks.java:70)
		at org.junit.runners.ParentRunner$3.evaluate(ParentRunner.java:306)
		at org.junit.runners.ParentRunner.run(ParentRunner.java:413)
		at org.springframework.test.context.junit4.SpringJUnit4ClassRunner.run(SpringJUnit4ClassRunner.java:190)
		at org.junit.runner.JUnitCore.run(JUnitCore.java:137)
		at org.junit.runner.JUnitCore.run(JUnitCore.java:115)
		at org.junit.vintage.engine.execution.RunnerExecutor.execute(RunnerExecutor.java:43)
		at java.util.stream.ForEachOps$ForEachOp$OfRef.accept(ForEachOps.java:184)
		at java.util.stream.ReferencePipeline$3$1.accept(ReferencePipeline.java:193)
		at java.util.Iterator.forEachRemaining(Iterator.java:116)
		at java.util.Spliterators$IteratorSpliterator.forEachRemaining(Spliterators.java:1801)
		at java.util.stream.AbstractPipeline.copyInto(AbstractPipeline.java:482)
		at java.util.stream.AbstractPipeline.wrapAndCopyInto(AbstractPipeline.java:472)
		at java.util.stream.ForEachOps$ForEachOp.evaluateSequential(ForEachOps.java:151)
		at java.util.stream.ForEachOps$ForEachOp$OfRef.evaluateSequential(ForEachOps.java:174)
		at java.util.stream.AbstractPipeline.evaluate(AbstractPipeline.java:234)
		at java.util.stream.ReferencePipeline.forEach(ReferencePipeline.java:418)
		at org.junit.vintage.engine.VintageTestEngine.executeAllChildren(VintageTestEngine.java:82)
		at org.junit.vintage.engine.VintageTestEngine.execute(VintageTestEngine.java:73)
		at org.junit.platform.launcher.core.EngineExecutionOrchestrator.execute(EngineExecutionOrchestrator.java:108)
		at org.junit.platform.launcher.core.EngineExecutionOrchestrator.execute(EngineExecutionOrchestrator.java:88)
		at org.junit.platform.launcher.core.EngineExecutionOrchestrator.lambda$execute$0(EngineExecutionOrchestrator.java:54)
		at org.junit.platform.launcher.core.EngineExecutionOrchestrator.withInterceptedStreams(EngineExecutionOrchestrator.java:67)
		at org.junit.platform.launcher.core.EngineExecutionOrchestrator.execute(EngineExecutionOrchestrator.java:52)
		at org.junit.platform.launcher.core.DefaultLauncher.execute(DefaultLauncher.java:96)
		at org.junit.platform.launcher.core.DefaultLauncher.execute(DefaultLauncher.java:75)
		at org.apache.maven.surefire.junitplatform.JUnitPlatformProvider.execute(JUnitPlatformProvider.java:188)
		at org.apache.maven.surefire.junitplatform.JUnitPlatformProvider.invokeAllTests(JUnitPlatformProvider.java:154)
		at org.apache.maven.surefire.junitplatform.JUnitPlatformProvider.invoke(JUnitPlatformProvider.java:128)
		at org.apache.maven.surefire.booter.ForkedBooter.runSuitesInProcess(ForkedBooter.java:428)
		at org.apache.maven.surefire.booter.ForkedBooter.execute(ForkedBooter.java:162)
		at org.apache.maven.surefire.booter.ForkedBooter.run(ForkedBooter.java:562)
		at org.apache.maven.surefire.booter.ForkedBooter.main(ForkedBooter.java:548)
	cause[2]: No qualifying bean of type 'ru.diasoft.micro.identifier.ObjectIdRepository' available: expected at least 1 bean which qualifies as autowire candidate. Dependency annotations: {@org.springframework.beans.factory.annotation.Autowired(required=true)}
	stack: org.springframework.beans.factory.support.DefaultListableBeanFactory.raiseNoMatchingBeanFound(DefaultListableBeanFactory.java:1790)
		at org.springframework.beans.factory.support.DefaultListableBeanFactory.doResolveDependency(DefaultListableBeanFactory.java:1346)
		at org.springframework.beans.factory.support.DefaultListableBeanFactory.resolveDependency(DefaultListableBeanFactory.java:1300)
		at org.springframework.beans.factory.annotation.AutowiredAnnotationBeanPostProcessor$AutowiredFieldElement.resolveFieldValue(AutowiredAnnotationBeanPostProcessor.java:657)
		at org.springframework.beans.factory.annotation.AutowiredAnnotationBeanPostProcessor$AutowiredFieldElement.inject(AutowiredAnnotationBeanPostProcessor.java:640)
		at org.springframework.beans.factory.annotation.InjectionMetadata.inject(InjectionMetadata.java:119)
		at org.springframework.beans.factory.annotation.AutowiredAnnotationBeanPostProcessor.postProcessProperties(AutowiredAnnotationBeanPostProcessor.java:399)
		at org.springframework.beans.factory.support.AbstractAutowireCapableBeanFactory.populateBean(AbstractAutowireCapableBeanFactory.java:1413)
		at org.springframework.beans.factory.support.AbstractAutowireCapableBeanFactory.doCreateBean(AbstractAutowireCapableBeanFactory.java:601)
		at org.springframework.beans.factory.support.AbstractAutowireCapableBeanFactory.createBean(AbstractAutowireCapableBeanFactory.java:524)
		at org.springframework.beans.factory.support.AbstractBeanFactory.lambda$doGetBean$0(AbstractBeanFactory.java:335)
		at org.springframework.beans.factory.support.DefaultSingletonBeanRegistry.getSingleton(DefaultSingletonBeanRegistry.java:234)
		at org.springframework.beans.factory.support.AbstractBeanFactory.doGetBean(AbstractBeanFactory.java:333)
		at org.springframework.beans.factory.support.AbstractBeanFactory.getBean(AbstractBeanFactory.java:208)
		at org.springframework.beans.factory.support.DefaultListableBeanFactory.preInstantiateSingletons(DefaultListableBeanFactory.java:944)
		at org.springframework.context.support.AbstractApplicationContext.finishBeanFactoryInitialization(AbstractApplicationContext.java:918)
		at org.springframework.context.support.AbstractApplicationContext.refresh(AbstractApplicationContext.java:583)
		at org.springframework.boot.SpringApplication.refresh(SpringApplication.java:754)
		at org.springframework.boot.SpringApplication.refreshContext(SpringApplication.java:434)
		at org.springframework.boot.SpringApplication.run(SpringApplication.java:338)
		at org.springframework.boot.test.context.SpringBootContextLoader.loadContext(SpringBootContextLoader.java:123)
		at org.springframework.test.context.cache.DefaultCacheAwareContextLoaderDelegate.loadContextInternal(DefaultCacheAwareContextLoaderDelegate.java:99)
		at org.springframework.test.context.cache.DefaultCacheAwareContextLoaderDelegate.loadContext(DefaultCacheAwareContextLoaderDelegate.java:124)
		at org.springframework.test.context.support.DefaultTestContext.getApplicationContext(DefaultTestContext.java:124)
		at org.springframework.test.context.web.ServletTestExecutionListener.setUpRequestContextIfNecessary(ServletTestExecutionListener.java:190)
		at org.springframework.test.context.web.ServletTestExecutionListener.prepareTestInstance(ServletTestExecutionListener.java:132)
		at org.springframework.test.context.TestContextManager.prepareTestInstance(TestContextManager.java:244)
		at org.springframework.test.context.junit4.SpringJUnit4ClassRunner.createTest(SpringJUnit4ClassRunner.java:227)
		at org.springframework.test.context.junit4.SpringJUnit4ClassRunner$1.runReflectiveCall(SpringJUnit4ClassRunner.java:289)
		at org.junit.internal.runners.model.ReflectiveCallable.run(ReflectiveCallable.java:12)
		at org.springframework.test.context.junit4.SpringJUnit4ClassRunner.methodBlock(SpringJUnit4ClassRunner.java:291)
		at org.springframework.test.context.junit4.SpringJUnit4ClassRunner.runChild(SpringJUnit4ClassRunner.java:246)
		at org.springframework.test.context.junit4.SpringJUnit4ClassRunner.runChild(SpringJUnit4ClassRunner.java:97)
		at org.junit.runners.ParentRunner$4.run(ParentRunner.java:331)
		at org.junit.runners.ParentRunner$1.schedule(ParentRunner.java:79)
		at org.junit.runners.ParentRunner.runChildren(ParentRunner.java:329)
		at org.junit.runners.ParentRunner.access$100(ParentRunner.java:66)
		at org.junit.runners.ParentRunner$2.evaluate(ParentRunner.java:293)
		at org.springframework.test.context.junit4.statements.RunBeforeTestClassCallbacks.evaluate(RunBeforeTestClassCallbacks.java:61)
		at org.springframework.test.context.junit4.statements.RunAfterTestClassCallbacks.evaluate(RunAfterTestClassCallbacks.java:70)
		at org.junit.runners.ParentRunner$3.evaluate(ParentRunner.java:306)
		at org.junit.runners.ParentRunner.run(ParentRunner.java:413)
		at org.springframework.test.context.junit4.SpringJUnit4ClassRunner.run(SpringJUnit4ClassRunner.java:190)
		at org.junit.runner.JUnitCore.run(JUnitCore.java:137)
		at org.junit.runner.JUnitCore.run(JUnitCore.java:115)
		at org.junit.vintage.engine.execution.RunnerExecutor.execute(RunnerExecutor.java:43)
		at java.util.stream.ForEachOps$ForEachOp$OfRef.accept(ForEachOps.java:184)
		at java.util.stream.ReferencePipeline$3$1.accept(ReferencePipeline.java:193)
		at java.util.Iterator.forEachRemaining(Iterator.java:116)
		at java.util.Spliterators$IteratorSpliterator.forEachRemaining(Spliterators.java:1801)
		at java.util.stream.AbstractPipeline.copyInto(AbstractPipeline.java:482)
		at java.util.stream.AbstractPipeline.wrapAndCopyInto(AbstractPipeline.java:472)
		at java.util.stream.ForEachOps$ForEachOp.evaluateSequential(ForEachOps.java:151)
		at java.util.stream.ForEachOps$ForEachOp$OfRef.evaluateSequential(ForEachOps.java:174)
		at java.util.stream.AbstractPipeline.evaluate(AbstractPipeline.java:234)
		at java.util.stream.ReferencePipeline.forEach(ReferencePipeline.java:418)
		at org.junit.vintage.engine.VintageTestEngine.executeAllChildren(VintageTestEngine.java:82)
		at org.junit.vintage.engine.VintageTestEngine.execute(VintageTestEngine.java:73)
		at org.junit.platform.launcher.core.EngineExecutionOrchestrator.execute(EngineExecutionOrchestrator.java:108)
		at org.junit.platform.launcher.core.EngineExecutionOrchestrator.execute(EngineExecutionOrchestrator.java:88)
		at org.junit.platform.launcher.core.EngineExecutionOrchestrator.lambda$execute$0(EngineExecutionOrchestrator.java:54)
		at org.junit.platform.launcher.core.EngineExecutionOrchestrator.withInterceptedStreams(EngineExecutionOrchestrator.java:67)
		at org.junit.platform.launcher.core.EngineExecutionOrchestrator.execute(EngineExecutionOrchestrator.java:52)
		at org.junit.platform.launcher.core.DefaultLauncher.execute(DefaultLauncher.java:96)
		at org.junit.platform.launcher.core.DefaultLauncher.execute(DefaultLauncher.java:75)
		at org.apache.maven.surefire.junitplatform.JUnitPlatformProvider.execute(JUnitPlatformProvider.java:188)
		at org.apache.maven.surefire.junitplatform.JUnitPlatformProvider.invokeAllTests(JUnitPlatformProvider.java:154)
		at org.apache.maven.surefire.junitplatform.JUnitPlatformProvider.invoke(JUnitPlatformProvider.java:128)
		at org.apache.maven.surefire.booter.ForkedBooter.runSuitesInProcess(ForkedBooter.java:428)
		at org.apache.maven.surefire.booter.ForkedBooter.execute(ForkedBooter.java:162)
		at org.apache.maven.surefire.booter.ForkedBooter.run(ForkedBooter.java:562)
		at org.apache.maven.surefire.booter.ForkedBooter.main(ForkedBooter.java:548)
]]></system-out>
    <system-err><![CDATA[SLF4J: Class path contains multiple SLF4J bindings.
SLF4J: Found binding in [jar:file:/home/marley/.m2/repository/org/apache/logging/log4j/log4j-slf4j-impl/2.17.1/log4j-slf4j-impl-2.17.1.jar!/org/slf4j/impl/StaticLoggerBinder.class]
SLF4J: Found binding in [jar:file:/home/marley/.m2/repository/org/ops4j/pax/logging/pax-logging-api/1.10.1/pax-logging-api-1.10.1.jar!/org/slf4j/impl/StaticLoggerBinder.class]
SLF4J: See http://www.slf4j.org/codes.html#multiple_bindings for an explanation.
SLF4J: Actual binding is of type [org.apache.logging.slf4j.Log4jLoggerFactory]
Jun 27, 2022 11:20:41 PM liquibase.lockservice
INFO: Successfully acquired change log lock
Jun 27, 2022 11:20:42 PM liquibase.changelog
INFO: Creating database history table with name: PUBLIC.DATABASECHANGELOG
Jun 27, 2022 11:20:42 PM liquibase.changelog
INFO: Reading from PUBLIC.DATABASECHANGELOG
Jun 27, 2022 11:20:42 PM liquibase.lockservice
INFO: Successfully released change log lock
Jun 27, 2022 11:20:42 PM liquibase.lockservice
INFO: Successfully acquired change log lock
Jun 27, 2022 11:20:42 PM liquibase.hub
WARNING: Skipping auto-registration
Jun 27, 2022 11:20:42 PM liquibase.changelog
INFO: Table RIGHTS_POLICYSET created
Jun 27, 2022 11:20:42 PM liquibase.changelog
INFO: Index K01_RIGHTS_POLICYSET created
Jun 27, 2022 11:20:42 PM liquibase.changelog
INFO: ChangeSet permission/permission.1.xml::permission.1.1::svdovin ran successfully in 37ms
Jun 27, 2022 11:20:42 PM liquibase.changelog
INFO: Table AUTO_PK_SUPPORT created
Jun 27, 2022 11:20:42 PM liquibase.changelog
INFO: ChangeSet mdpid/0.0.0.xml::mdpid.01::svdovin ran successfully in 10ms
Jun 27, 2022 11:20:42 PM liquibase.changelog
INFO: Sequence sms_verification_verificationid_seq created
Jun 27, 2022 11:20:42 PM liquibase.changelog
INFO: Table sms_verification created
Jun 27, 2022 11:20:42 PM liquibase.changelog
INFO: Index k01_sms_verification created
Jun 27, 2022 11:20:42 PM liquibase.changelog
INFO: Index k02_sms_verification created
Jun 27, 2022 11:20:42 PM liquibase.changelog
INFO: ChangeSet 1.00.01/1.00.01.xml::1.0.1-createVerificationTable::Marley ran successfully in 17ms
Jun 27, 2022 11:20:42 PM liquibase.lockservice
INFO: Successfully released change log lock
]]></system-err>
  </testcase>
</testsuite>